Log file open, 03/09/23 16:05:02
LogWindows: Failed to load 'aqProf.dll' (GetLastError=126)
LogWindows: File 'aqProf.dll' does not exist
LogWindows: Failed to load 'VtuneApi.dll' (GetLastError=126)
LogWindows: File 'VtuneApi.dll' does not exist
LogWindows: Failed to load 'VtuneApi32e.dll' (GetLastError=126)
LogWindows: File 'VtuneApi32e.dll' does not exist
LogConsoleResponse: Display: Failed to find resolution value strings in scalability ini. Falling back to default.
LogConsoleResponse: Display: Failed to find resolution value strings in scalability ini. Falling back to default.
LogInit: Display: Running engine for game: PlatformerPt2
LogPlatformFile: Not using cached read wrapper
LogTaskGraph: Started task graph with 5 named threads and 47 total threads with 3 sets of task threads.
LogStats: Stats thread started at 0.268634
LogICUInternationalization: ICU TimeZone Detection - Raw Offset: +1:00, Platform Override: ''
LogInit: Display: Loading text-based GConfig....
LogPluginManager: Mounting plugin MeshPainting
LogPluginManager: Mounting plugin XGEController
LogPluginManager: Mounting plugin Paper2D
LogPluginManager: Mounting plugin AISupport
LogPluginManager: Mounting plugin LiveLink
LogPluginManager: Mounting plugin EnvironmentQueryEditor
LogPluginManager: Mounting plugin LightPropagationVolume
LogPluginManager: Mounting plugin OodleData
LogPluginManager: Mounting plugin CameraShakePreviewer
LogPluginManager: Mounting plugin AssetManagerEditor
LogPluginManager: Mounting plugin GameplayCameras
LogPluginManager: Mounting plugin CryptoKeys
LogPluginManager: Mounting plugin OodleNetwork
LogPluginManager: Mounting plugin FacialAnimation
LogPluginManager: Mounting plugin CurveEditorTools
LogPluginManager: Mounting plugin GeometryMode
LogPluginManager: Mounting plugin MacGraphicsSwitching
LogPluginManager: Mounting plugin MobileLauncherProfileWizard
LogPluginManager: Mounting plugin DataValidation
LogPluginManager: Mounting plugin MaterialAnalyzer
LogPluginManager: Mounting plugin SpeedTreeImporter
LogPluginManager: Mounting plugin PluginBrowser
LogPluginManager: Mounting plugin AnimationSharing
LogPluginManager: Mounting plugin DatasmithContent
LogPluginManager: Mounting plugin GameplayTagsEditor
LogPluginManager: Mounting plugin VariantManagerContent
LogPluginManager: Mounting plugin Niagara
LogPluginManager: Mounting plugin MagicLeap
LogPluginManager: Mounting plugin LuminPlatformFeatures
LogPluginManager: Mounting plugin MagicLeapPassableWorld
LogPluginManager: Mounting plugin MLSDK
LogPluginManager: Mounting plugin MagicLeapMedia
LogPluginManager: Mounting plugin MagicLeapLightEstimation
LogPluginManager: Mounting plugin AutomationUtils
LogPluginManager: Mounting plugin BackChannel
LogPluginManager: Mounting plugin ChaosCloth
LogPluginManager: Mounting plugin CharacterAI
LogPluginManager: Mounting plugin ChaosClothEditor
LogPluginManager: Mounting plugin ChaosEditor
LogPluginManager: Mounting plugin ChaosNiagara
LogPluginManager: Mounting plugin ChaosSolverPlugin
LogPluginManager: Mounting plugin AlembicImporter
LogPluginManager: Mounting plugin UdpMessaging
LogPluginManager: Mounting plugin GeometryCache
LogPluginManager: Mounting plugin TcpMessaging
LogPluginManager: Mounting plugin GeometryProcessing
LogPluginManager: Mounting plugin GeometryCollectionPlugin
LogPluginManager: Mounting plugin OpenImageDenoise
LogPluginManager: Mounting plugin MotoSynth
LogPluginManager: Mounting plugin PlanarCut
LogPluginManager: Mounting plugin PlatformCrypto
LogPluginManager: Mounting plugin ProxyLODPlugin
LogPluginManager: Mounting plugin PythonScriptPlugin
LogPluginManager: Mounting plugin SkeletalReduction
LogPluginManager: Mounting plugin AndroidMedia
LogPluginManager: Mounting plugin AvfMedia
LogPluginManager: Mounting plugin ImgMedia
LogPluginManager: Mounting plugin MediaCompositing
LogPluginManager: Mounting plugin MediaPlayerEditor
LogPluginManager: Mounting plugin ActorSequence
LogPluginManager: Mounting plugin LevelSequenceEditor
LogPluginManager: Mounting plugin WmfMedia
LogPluginManager: Mounting plugin MatineeToLevelSequence
LogPluginManager: Mounting plugin WebMMedia
LogPluginManager: Mounting plugin LauncherChunkInstaller
LogPluginManager: Mounting plugin TemplateSequence
LogPluginManager: Mounting plugin OnlineSubsystem
LogPluginManager: Mounting plugin OnlineSubsystemNull
LogPluginManager: Mounting plugin OnlineSubsystemUtils
LogPluginManager: Mounting plugin AndroidDeviceProfileSelector
LogPluginManager: Mounting plugin AndroidMoviePlayer
LogPluginManager: Mounting plugin AndroidPermission
LogPluginManager: Mounting plugin ActorLayerUtilities
LogPluginManager: Mounting plugin AppleImageUtils
LogPluginManager: Mounting plugin AppleMoviePlayer
LogPluginManager: Mounting plugin ArchVisCharacter
LogPluginManager: Mounting plugin AssetTags
LogPluginManager: Mounting plugin AudioCapture
LogPluginManager: Mounting plugin AudioSynesthesia
LogPluginManager: Mounting plugin ChunkDownloader
LogPluginManager: Mounting plugin CustomMeshComponent
LogPluginManager: Mounting plugin EditableMesh
LogPluginManager: Mounting plugin CableComponent
LogPluginManager: Mounting plugin GoogleCloudMessaging
LogPluginManager: Mounting plugin GooglePAD
LogPluginManager: Mounting plugin IOSDeviceProfileSelector
LogPluginManager: Mounting plugin LinuxDeviceProfileSelector
LogPluginManager: Mounting plugin LocationServicesBPLibrary
LogPluginManager: Mounting plugin MobilePatchingUtils
LogPluginManager: Mounting plugin OpenXR
LogPluginManager: Mounting plugin OpenXREyeTracker
LogPluginManager: Mounting plugin ExampleDeviceProfileSelector
LogPluginManager: Mounting plugin ScreenshotTools
LogPluginManager: Mounting plugin OpenXRHandTracking
LogPluginManager: Mounting plugin PhysXVehicles
LogPluginManager: Mounting plugin PropertyAccessEditor
LogPluginManager: Mounting plugin ProceduralMeshComponent
LogPluginManager: Mounting plugin SoundFields
LogPluginManager: Mounting plugin RuntimePhysXCooking
LogPluginManager: Mounting plugin PostSplashScreen
LogPluginManager: Mounting plugin Synthesis
LogPluginManager: Mounting plugin WebMMoviePlayer
LogPluginManager: Mounting plugin SignificanceManager
LogPluginManager: Mounting plugin WindowsMoviePlayer
LogPluginManager: Mounting plugin CLionSourceCodeAccess
LogPluginManager: Mounting plugin CodeLiteSourceCodeAccess
LogPluginManager: Mounting plugin GitSourceControl
LogPluginManager: Mounting plugin Takes
LogPluginManager: Mounting plugin KDevelopSourceCodeAccess
LogPluginManager: Mounting plugin PerforceSourceControl
LogPluginManager: Mounting plugin PixWinPlugin
LogPluginManager: Mounting plugin NullSourceCodeAccess
LogPluginManager: Mounting plugin PlasticSourceControl
LogPluginManager: Mounting plugin TextureFormatOodle
LogPluginManager: Mounting plugin SubversionSourceControl
LogPluginManager: Mounting plugin RiderSourceCodeAccess
LogPluginManager: Mounting plugin UObjectPlugin
LogPluginManager: Mounting plugin VisualStudioCodeSourceCodeAccess
LogPluginManager: Mounting plugin VisualStudioSourceCodeAccess
LogPluginManager: Mounting plugin XCodeSourceCodeAccess
LogPluginManager: Mounting plugin PropertyAccessNode
LogPluginManager: Mounting plugin PluginUtils
LogPluginManager: Mounting plugin ContentBrowserAssetDataSource
LogPluginManager: Mounting plugin ContentBrowserClassDataSource
LogPluginManager: Mounting plugin ContentBrowserFileDataSource
LogPluginManager: Mounting plugin OnlineSubsystemGooglePlay
LogPluginManager: Mounting plugin OnlineSubsystemIOS
LogPluginManager: Mounting plugin OculusVR
LogPluginManager: Mounting plugin SteamVR
LogInit: Using libcurl 7.55.1-DEV
LogInit:  - built for x86_64-pc-win32
LogInit:  - supports SSL with OpenSSL/1.1.1
LogInit:  - supports HTTP deflate (compression) using libz 1.2.8
LogInit:  - other features:
LogInit:      CURL_VERSION_SSL
LogInit:      CURL_VERSION_LIBZ
LogInit:      CURL_VERSION_IPV6
LogInit:      CURL_VERSION_ASYNCHDNS
LogInit:      CURL_VERSION_LARGEFILE
LogInit:      CURL_VERSION_IDN
LogInit:  CurlRequestOptions (configurable via config and command line):
LogInit:  - bVerifyPeer = true  - Libcurl will verify peer certificate
LogInit:  - bUseHttpProxy = false  - Libcurl will NOT use HTTP proxy
LogInit:  - bDontReuseConnections = false  - Libcurl will reuse connections
LogInit:  - MaxHostConnections = 16  - Libcurl will limit the number of connections to a host
LogInit:  - LocalHostAddr = Default
LogInit:  - BufferSize = 65536
LogOnline: OSS: Creating online subsystem instance for: NULL
LogInit: WinSock: version 1.1 (2.2), MaxSocks=32767, MaxUdp=65467
LogOnline: OSS: TryLoadSubsystemAndSetDefault: Loaded subsystem for module [NULL]
PixWinPlugin: PIX capture plugin failed to initialize! Check that the process is launched from PIX.
LogOculusPluginWrapper: OculusPlugin initialized successfully
LogHMD: Failed initializing OVRPlugin 1.59.0
LogInit: Build: ++UE4+Release-4.27-CL-18319896
LogInit: Engine Version: 4.27.2-18319896+++UE4+Release-4.27
LogInit: Compatible Engine Version: 4.27.0-17155196+++UE4+Release-4.27
LogInit: Net CL: 17155196
LogInit: OS: Windows 10 (Release 2009) (), CPU: Intel(R) Core(TM) i7-10870H CPU @ 2.20GHz, GPU: Intel(R) UHD Graphics
LogInit: Compiled (64-bit): Nov 30 2021 07:12:08
LogInit: Compiled with Visual C++: 19.24.28315.00
LogInit: Build Configuration: Development
LogInit: Branch Name: ++UE4+Release-4.27
LogInit: Command Line: 
LogInit: Base Directory: C:/Program Files/Epic Games/UE_4.27/Engine/Binaries/Win64/
LogInit: Allocator: TBB
LogInit: Installed Engine Build: 1
LogDevObjectVersion: Number of dev versions registered: 29
LogDevObjectVersion:   Dev-Blueprints (B0D832E4-1F89-4F0D-ACCF-7EB736FD4AA2): 10
LogDevObjectVersion:   Dev-Build (E1C64328-A22C-4D53-A36C-8E866417BD8C): 0
LogDevObjectVersion:   Dev-Core (375EC13C-06E4-48FB-B500-84F0262A717E): 4
LogDevObjectVersion:   Dev-Editor (E4B068ED-F494-42E9-A231-DA0B2E46BB41): 40
LogDevObjectVersion:   Dev-Framework (CFFC743F-43B0-4480-9391-14DF171D2073): 37
LogDevObjectVersion:   Dev-Mobile (B02B49B5-BB20-44E9-A304-32B752E40360): 3
LogDevObjectVersion:   Dev-Networking (A4E4105C-59A1-49B5-A7C5-40C4547EDFEE): 0
LogDevObjectVersion:   Dev-Online (39C831C9-5AE6-47DC-9A44-9C173E1C8E7C): 0
LogDevObjectVersion:   Dev-Physics (78F01B33-EBEA-4F98-B9B4-84EACCB95AA2): 14
LogDevObjectVersion:   Dev-Platform (6631380F-2D4D-43E0-8009-CF276956A95A): 0
LogDevObjectVersion:   Dev-Rendering (12F88B9F-8875-4AFC-A67C-D90C383ABD29): 45
LogDevObjectVersion:   Dev-Sequencer (7B5AE74C-D270-4C10-A958-57980B212A5A): 13
LogDevObjectVersion:   Dev-VR (D7296918-1DD6-4BDD-9DE2-64A83CC13884): 3
LogDevObjectVersion:   Dev-LoadTimes (C2A15278-BFE7-4AFE-6C17-90FF531DF755): 1
LogDevObjectVersion:   Private-Geometry (6EACA3D4-40EC-4CC1-B786-8BED09428FC5): 3
LogDevObjectVersion:   Dev-AnimPhys (29E575DD-E0A3-4627-9D10-D276232CDCEA): 17
LogDevObjectVersion:   Dev-Anim (AF43A65D-7FD3-4947-9873-3E8ED9C1BB05): 15
LogDevObjectVersion:   Dev-ReflectionCapture (6B266CEC-1EC7-4B8F-A30B-E4D90942FC07): 1
LogDevObjectVersion:   Dev-Automation (0DF73D61-A23F-47EA-B727-89E90C41499A): 1
LogDevObjectVersion:   FortniteMain (601D1886-AC64-4F84-AA16-D3DE0DEAC7D6): 47
LogDevObjectVersion:   FortniteRelease (E7086368-6B23-4C58-8439-1B7016265E91): 1
LogDevObjectVersion:   Dev-Enterprise (9DFFBCD6-494F-0158-E221-12823C92A888): 10
LogDevObjectVersion:   Dev-Niagara (F2AED0AC-9AFE-416F-8664-AA7FFA26D6FC): 1
LogDevObjectVersion:   Dev-Destruction (174F1F0B-B4C6-45A5-B13F-2EE8D0FB917D): 10
LogDevObjectVersion:   Dev-Physics-Ext (35F94A83-E258-406C-A318-09F59610247C): 41
LogDevObjectVersion:   Dev-PhysicsMaterial-Chaos (B68FC16E-8B1B-42E2-B453-215C058844FE): 1
LogDevObjectVersion:   Dev-CineCamera (B2E18506-4273-CFC2-A54E-F4BB758BBA07): 1
LogDevObjectVersion:   Dev-VirtualProduction (64F58936-FD1B-42BA-BA96-7289D5D0FA4E): 1
LogDevObjectVersion:   Dev-MediaFramework (6F0ED827-A609-4895-9C91-998D90180EA4): 2
LogInit: Presizing for max 25165824 objects, including 0 objects not considered by GC, pre-allocating 0 bytes for permanent pool.
LogConfig: Applying CVar settings from Section [/Script/Engine.StreamingSettings] File [C:/Users/louis/Documents/GitHub/2022-2023-project-4-game-design-Team-7/Saved/Config/Windows/Engine.ini]
LogConfig: Setting CVar [[s.MinBulkDataSizeForAsyncLoading:131072]]
LogConfig: Setting CVar [[s.AsyncLoadingThreadEnabled:0]]
LogConfig: Setting CVar [[s.EventDrivenLoaderEnabled:1]]
LogConfig: Setting CVar [[s.WarnIfTimeLimitExceeded:0]]
LogConfig: Setting CVar [[s.TimeLimitExceededMultiplier:1.5]]
LogConfig: Setting CVar [[s.TimeLimitExceededMinTime:0.005]]
LogConfig: Setting CVar [[s.UseBackgroundLevelStreaming:1]]
LogConfig: Setting CVar [[s.PriorityAsyncLoadingExtraTime:15.0]]
LogConfig: Setting CVar [[s.LevelStreamingActorsUpdateTimeLimit:5.0]]
LogConfig: Setting CVar [[s.PriorityLevelStreamingActorsUpdateExtraTime:5.0]]
LogConfig: Setting CVar [[s.LevelStreamingComponentsRegistrationGranularity:10]]
LogConfig: Setting CVar [[s.UnregisterComponentsTimeLimit:1.0]]
LogConfig: Setting CVar [[s.LevelStreamingComponentsUnregistrationGranularity:5]]
LogConfig: Setting CVar [[s.FlushStreamingOnExit:1]]
LogInit: Object subsystem initialized
LogConfig: Setting CVar [[con.DebugEarlyDefault:1]]
LogConfig: Setting CVar [[r.setres:1280x720]]
[2023.03.09-15.05.03:041][  0]LogConfig: Setting CVar [[r.VSync:0]]
[2023.03.09-15.05.03:041][  0]LogConfig: Setting CVar [[r.RHICmdBypass:0]]
[2023.03.09-15.05.03:041][  0]LogConfig: Applying CVar settings from Section [/Script/Engine.RendererSettings] File [C:/Users/louis/Documents/GitHub/2022-2023-project-4-game-design-Team-7/Saved/Config/Windows/Engine.ini]
[2023.03.09-15.05.03:041][  0]LogConfig: Setting CVar [[r.GPUCrashDebugging:0]]
[2023.03.09-15.05.03:041][  0]LogConfig: Setting CVar [[r.DefaultFeature.AutoExposure:0]]
[2023.03.09-15.05.03:041][  0]LogConfig: Applying CVar settings from Section [/Script/Engine.RendererOverrideSettings] File [C:/Users/louis/Documents/GitHub/2022-2023-project-4-game-design-Team-7/Saved/Config/Windows/Engine.ini]
[2023.03.09-15.05.03:041][  0]LogConfig: Applying CVar settings from Section [/Script/Engine.StreamingSettings] File [C:/Users/louis/Documents/GitHub/2022-2023-project-4-game-design-Team-7/Saved/Config/Windows/Engine.ini]
[2023.03.09-15.05.03:041][  0]LogConfig: Setting CVar [[s.MinBulkDataSizeForAsyncLoading:131072]]
[2023.03.09-15.05.03:041][  0]LogConfig: Setting CVar [[s.AsyncLoadingThreadEnabled:0]]
[2023.03.09-15.05.03:041][  0]LogConfig: Setting CVar [[s.EventDrivenLoaderEnabled:1]]
[2023.03.09-15.05.03:041][  0]LogConfig: Setting CVar [[s.WarnIfTimeLimitExceeded:0]]
[2023.03.09-15.05.03:041][  0]LogConfig: Setting CVar [[s.TimeLimitExceededMultiplier:1.5]]
[2023.03.09-15.05.03:041][  0]LogConfig: Setting CVar [[s.TimeLimitExceededMinTime:0.005]]
[2023.03.09-15.05.03:041][  0]LogConfig: Setting CVar [[s.UseBackgroundLevelStreaming:1]]
[2023.03.09-15.05.03:041][  0]LogConfig: Setting CVar [[s.PriorityAsyncLoadingExtraTime:15.0]]
[2023.03.09-15.05.03:041][  0]LogConfig: Setting CVar [[s.LevelStreamingActorsUpdateTimeLimit:5.0]]
[2023.03.09-15.05.03:041][  0]LogConfig: Setting CVar [[s.PriorityLevelStreamingActorsUpdateExtraTime:5.0]]
[2023.03.09-15.05.03:041][  0]LogConfig: Setting CVar [[s.LevelStreamingComponentsRegistrationGranularity:10]]
[2023.03.09-15.05.03:041][  0]LogConfig: Setting CVar [[s.UnregisterComponentsTimeLimit:1.0]]
[2023.03.09-15.05.03:041][  0]LogConfig: Setting CVar [[s.LevelStreamingComponentsUnregistrationGranularity:5]]
[2023.03.09-15.05.03:041][  0]LogConfig: Setting CVar [[s.FlushStreamingOnExit:1]]
[2023.03.09-15.05.03:041][  0]LogConfig: Applying CVar settings from Section [/Script/Engine.GarbageCollectionSettings] File [C:/Users/louis/Documents/GitHub/2022-2023-project-4-game-design-Team-7/Saved/Config/Windows/Engine.ini]
[2023.03.09-15.05.03:041][  0]LogConfig: Setting CVar [[gc.MaxObjectsNotConsideredByGC:1]]
[2023.03.09-15.05.03:041][  0]LogConfig: Setting CVar [[gc.SizeOfPermanentObjectPool:0]]
[2023.03.09-15.05.03:041][  0]LogConfig: Setting CVar [[gc.FlushStreamingOnGC:0]]
[2023.03.09-15.05.03:041][  0]LogConfig: Setting CVar [[gc.NumRetriesBeforeForcingGC:10]]
[2023.03.09-15.05.03:041][  0]LogConfig: Setting CVar [[gc.AllowParallelGC:1]]
[2023.03.09-15.05.03:041][  0]LogConfig: Setting CVar [[gc.TimeBetweenPurgingPendingKillObjects:61.1]]
[2023.03.09-15.05.03:041][  0]LogConfig: Setting CVar [[gc.MaxObjectsInEditor:25165824]]
[2023.03.09-15.05.03:041][  0]LogConfig: Setting CVar [[gc.IncrementalBeginDestroyEnabled:1]]
[2023.03.09-15.05.03:041][  0]LogConfig: Setting CVar [[gc.CreateGCClusters:1]]
[2023.03.09-15.05.03:041][  0]LogConfig: Setting CVar [[gc.MinGCClusterSize:5]]
[2023.03.09-15.05.03:041][  0]LogConfig: Setting CVar [[gc.ActorClusteringEnabled:0]]
[2023.03.09-15.05.03:041][  0]LogConfig: Setting CVar [[gc.BlueprintClusteringEnabled:0]]
[2023.03.09-15.05.03:041][  0]LogConfig: Setting CVar [[gc.UseDisregardForGCOnDedicatedServers:0]]
[2023.03.09-15.05.03:041][  0]LogConfig: Setting CVar [[gc.MultithreadedDestructionEnabled:1]]
[2023.03.09-15.05.03:041][  0]LogConfig: Applying CVar settings from Section [/Script/Engine.NetworkSettings] File [C:/Users/louis/Documents/GitHub/2022-2023-project-4-game-design-Team-7/Saved/Config/Windows/Engine.ini]
[2023.03.09-15.05.03:041][  0]LogConfig: Applying CVar settings from Section [/Script/UnrealEd.CookerSettings] File [C:/Users/louis/Documents/GitHub/2022-2023-project-4-game-design-Team-7/Saved/Config/Windows/Engine.ini]
[2023.03.09-15.05.03:095][  0]LogConfig: Applying CVar settings from Section [ViewDistanceQuality@3] File [C:/Users/louis/Documents/GitHub/2022-2023-project-4-game-design-Team-7/Saved/Config/Windows/Scalability.ini]
[2023.03.09-15.05.03:095][  0]LogConfig: Setting CVar [[r.SkeletalMeshLODBias:0]]
[2023.03.09-15.05.03:095][  0]LogConfig: Setting CVar [[r.ViewDistanceScale:1.0]]
[2023.03.09-15.05.03:095][  0]LogConfig: Applying CVar settings from Section [AntiAliasingQuality@3] File [C:/Users/louis/Documents/GitHub/2022-2023-project-4-game-design-Team-7/Saved/Config/Windows/Scalability.ini]
[2023.03.09-15.05.03:095][  0]LogConfig: Setting CVar [[r.PostProcessAAQuality:4]]
[2023.03.09-15.05.03:095][  0]LogConfig: Applying CVar settings from Section [ShadowQuality@3] File [C:/Users/louis/Documents/GitHub/2022-2023-project-4-game-design-Team-7/Saved/Config/Windows/Scalability.ini]
[2023.03.09-15.05.03:095][  0]LogConfig: Setting CVar [[r.LightFunctionQuality:1]]
[2023.03.09-15.05.03:095][  0]LogConfig: Setting CVar [[r.ShadowQuality:5]]
[2023.03.09-15.05.03:095][  0]LogConfig: Setting CVar [[r.Shadow.CSM.MaxCascades:10]]
[2023.03.09-15.05.03:095][  0]LogConfig: Setting CVar [[r.Shadow.MaxResolution:2048]]
[2023.03.09-15.05.03:095][  0]LogConfig: Setting CVar [[r.Shadow.MaxCSMResolution:2048]]
[2023.03.09-15.05.03:095][  0]LogConfig: Setting CVar [[r.Shadow.RadiusThreshold:0.01]]
[2023.03.09-15.05.03:095][  0]LogConfig: Setting CVar [[r.Shadow.DistanceScale:1.0]]
[2023.03.09-15.05.03:095][  0]LogConfig: Setting CVar [[r.Shadow.CSM.TransitionScale:1.0]]
[2023.03.09-15.05.03:095][  0]LogConfig: Setting CVar [[r.Shadow.PreShadowResolutionFactor:1.0]]
[2023.03.09-15.05.03:095][  0]LogConfig: Setting CVar [[r.DistanceFieldShadowing:1]]
[2023.03.09-15.05.03:095][  0]LogConfig: Setting CVar [[r.DistanceFieldAO:1]]
[2023.03.09-15.05.03:095][  0]LogConfig: Setting CVar [[r.AOQuality:2]]
[2023.03.09-15.05.03:095][  0]LogConfig: Setting CVar [[r.VolumetricFog:1]]
[2023.03.09-15.05.03:095][  0]LogConfig: Setting CVar [[r.VolumetricFog.GridPixelSize:8]]
[2023.03.09-15.05.03:095][  0]LogConfig: Setting CVar [[r.VolumetricFog.GridSizeZ:128]]
[2023.03.09-15.05.03:095][  0]LogConfig: Setting CVar [[r.VolumetricFog.HistoryMissSupersampleCount:4]]
[2023.03.09-15.05.03:095][  0]LogConfig: Setting CVar [[r.LightMaxDrawDistanceScale:1]]
[2023.03.09-15.05.03:095][  0]LogConfig: Setting CVar [[r.CapsuleShadows:1]]
[2023.03.09-15.05.03:095][  0]LogConfig: Applying CVar settings from Section [PostProcessQuality@3] File [C:/Users/louis/Documents/GitHub/2022-2023-project-4-game-design-Team-7/Saved/Config/Windows/Scalability.ini]
[2023.03.09-15.05.03:095][  0]LogConfig: Setting CVar [[r.MotionBlurQuality:4]]
[2023.03.09-15.05.03:095][  0]LogConfig: Setting CVar [[r.AmbientOcclusionMipLevelFactor:0.4]]
[2023.03.09-15.05.03:095][  0]LogConfig: Setting CVar [[r.AmbientOcclusionMaxQuality:100]]
[2023.03.09-15.05.03:095][  0]LogConfig: Setting CVar [[r.AmbientOcclusionLevels:-1]]
[2023.03.09-15.05.03:095][  0]LogConfig: Setting CVar [[r.AmbientOcclusionRadiusScale:1.0]]
[2023.03.09-15.05.03:095][  0]LogConfig: Setting CVar [[r.DepthOfFieldQuality:2]]
[2023.03.09-15.05.03:095][  0]LogConfig: Setting CVar [[r.RenderTargetPoolMin:400]]
[2023.03.09-15.05.03:095][  0]LogConfig: Setting CVar [[r.LensFlareQuality:2]]
[2023.03.09-15.05.03:095][  0]LogConfig: Setting CVar [[r.SceneColorFringeQuality:1]]
[2023.03.09-15.05.03:095][  0]LogConfig: Setting CVar [[r.EyeAdaptationQuality:2]]
[2023.03.09-15.05.03:095][  0]LogConfig: Setting CVar [[r.BloomQuality:5]]
[2023.03.09-15.05.03:095][  0]LogConfig: Setting CVar [[r.FastBlurThreshold:100]]
[2023.03.09-15.05.03:095][  0]LogConfig: Setting CVar [[r.Upscale.Quality:3]]
[2023.03.09-15.05.03:095][  0]LogConfig: Setting CVar [[r.Tonemapper.GrainQuantization:1]]
[2023.03.09-15.05.03:095][  0]LogConfig: Setting CVar [[r.LightShaftQuality:1]]
[2023.03.09-15.05.03:095][  0]LogConfig: Setting CVar [[r.Filter.SizeScale:1]]
[2023.03.09-15.05.03:095][  0]LogConfig: Setting CVar [[r.Tonemapper.Quality:5]]
[2023.03.09-15.05.03:095][  0]LogConfig: Setting CVar [[r.DOF.Gather.AccumulatorQuality:1        ; higher gathering accumulator quality]]
[2023.03.09-15.05.03:095][  0]LogConfig: Setting CVar [[r.DOF.Gather.PostfilterMethod:1          ; Median3x3 postfilering method]]
[2023.03.09-15.05.03:095][  0]LogConfig: Setting CVar [[r.DOF.Gather.EnableBokehSettings:0       ; no bokeh simulation when gathering]]
[2023.03.09-15.05.03:095][  0]LogConfig: Setting CVar [[r.DOF.Gather.RingCount:4                 ; medium number of samples when gathering]]
[2023.03.09-15.05.03:095][  0]LogConfig: Setting CVar [[r.DOF.Scatter.ForegroundCompositing:1    ; additive foreground scattering]]
[2023.03.09-15.05.03:095][  0]LogConfig: Setting CVar [[r.DOF.Scatter.BackgroundCompositing:2    ; additive background scattering]]
[2023.03.09-15.05.03:095][  0]LogConfig: Setting CVar [[r.DOF.Scatter.EnableBokehSettings:1      ; bokeh simulation when scattering]]
[2023.03.09-15.05.03:095][  0]LogConfig: Setting CVar [[r.DOF.Scatter.MaxSpriteRatio:0.1         ; only a maximum of 10% of scattered bokeh]]
[2023.03.09-15.05.03:096][  0]LogConfig: Setting CVar [[r.DOF.Recombine.Quality:1                ; cheap slight out of focus]]
[2023.03.09-15.05.03:096][  0]LogConfig: Setting CVar [[r.DOF.Recombine.EnableBokehSettings:0    ; no bokeh simulation on slight out of focus]]
[2023.03.09-15.05.03:096][  0]LogConfig: Setting CVar [[r.DOF.TemporalAAQuality:1                ; more stable temporal accumulation]]
[2023.03.09-15.05.03:096][  0]LogConfig: Setting CVar [[r.DOF.Kernel.MaxForegroundRadius:0.025]]
[2023.03.09-15.05.03:096][  0]LogConfig: Setting CVar [[r.DOF.Kernel.MaxBackgroundRadius:0.025]]
[2023.03.09-15.05.03:096][  0]LogConfig: Applying CVar settings from Section [TextureQuality@3] File [C:/Users/louis/Documents/GitHub/2022-2023-project-4-game-design-Team-7/Saved/Config/Windows/Scalability.ini]
[2023.03.09-15.05.03:096][  0]LogConfig: Setting CVar [[r.Streaming.MipBias:0]]
[2023.03.09-15.05.03:096][  0]LogConfig: Setting CVar [[r.Streaming.AmortizeCPUToGPUCopy:0]]
[2023.03.09-15.05.03:096][  0]LogConfig: Setting CVar [[r.Streaming.MaxNumTexturesToStreamPerFrame:0]]
[2023.03.09-15.05.03:096][  0]LogConfig: Setting CVar [[r.Streaming.Boost:1]]
[2023.03.09-15.05.03:096][  0]LogConfig: Setting CVar [[r.MaxAnisotropy:8]]
[2023.03.09-15.05.03:096][  0]LogConfig: Setting CVar [[r.VT.MaxAnisotropy:8]]
[2023.03.09-15.05.03:096][  0]LogConfig: Setting CVar [[r.Streaming.LimitPoolSizeToVRAM:0]]
[2023.03.09-15.05.03:096][  0]LogConfig: Setting CVar [[r.Streaming.PoolSize:1000]]
[2023.03.09-15.05.03:096][  0]LogConfig: Setting CVar [[r.Streaming.MaxEffectiveScreenSize:0]]
[2023.03.09-15.05.03:096][  0]LogConfig: Applying CVar settings from Section [EffectsQuality@3] File [C:/Users/louis/Documents/GitHub/2022-2023-project-4-game-design-Team-7/Saved/Config/Windows/Scalability.ini]
[2023.03.09-15.05.03:096][  0]LogConfig: Setting CVar [[r.TranslucencyLightingVolumeDim:64]]
[2023.03.09-15.05.03:096][  0]LogConfig: Setting CVar [[r.RefractionQuality:2]]
[2023.03.09-15.05.03:096][  0]LogConfig: Setting CVar [[r.SSR.Quality:3]]
[2023.03.09-15.05.03:096][  0]LogConfig: Setting CVar [[r.SSR.HalfResSceneColor:0]]
[2023.03.09-15.05.03:096][  0]LogConfig: Setting CVar [[r.SceneColorFormat:4]]
[2023.03.09-15.05.03:096][  0]LogConfig: Setting CVar [[r.DetailMode:2]]
[2023.03.09-15.05.03:096][  0]LogConfig: Setting CVar [[r.TranslucencyVolumeBlur:1]]
[2023.03.09-15.05.03:096][  0]LogConfig: Setting CVar [[r.MaterialQualityLevel:1 ; High quality]]
[2023.03.09-15.05.03:096][  0]LogConfig: Setting CVar [[r.AnisotropicMaterials:1]]
[2023.03.09-15.05.03:096][  0]LogConfig: Setting CVar [[r.SSS.Scale:1]]
[2023.03.09-15.05.03:096][  0]LogConfig: Setting CVar [[r.SSS.SampleSet:2]]
[2023.03.09-15.05.03:096][  0]LogConfig: Setting CVar [[r.SSS.Quality:1]]
[2023.03.09-15.05.03:096][  0]LogConfig: Setting CVar [[r.SSS.HalfRes:0]]
[2023.03.09-15.05.03:096][  0]LogConfig: Setting CVar [[r.SSGI.Quality:3]]
[2023.03.09-15.05.03:096][  0]LogConfig: Setting CVar [[r.EmitterSpawnRateScale:1.0]]
[2023.03.09-15.05.03:096][  0]LogConfig: Setting CVar [[r.ParticleLightQuality:2]]
[2023.03.09-15.05.03:096][  0]LogConfig: Setting CVar [[r.SkyAtmosphere.AerialPerspectiveLUT.FastApplyOnOpaque:1 ; Always have FastSkyLUT 1 in this case to avoid wrong sky]]
[2023.03.09-15.05.03:096][  0]LogConfig: Setting CVar [[r.SkyAtmosphere.AerialPerspectiveLUT.SampleCountMaxPerSlice:4]]
[2023.03.09-15.05.03:096][  0]LogConfig: Setting CVar [[r.SkyAtmosphere.AerialPerspectiveLUT.DepthResolution:16.0]]
[2023.03.09-15.05.03:096][  0]LogConfig: Setting CVar [[r.SkyAtmosphere.FastSkyLUT:1]]
[2023.03.09-15.05.03:096][  0]LogConfig: Setting CVar [[r.SkyAtmosphere.FastSkyLUT.SampleCountMin:4.0]]
[2023.03.09-15.05.03:096][  0]LogConfig: Setting CVar [[r.SkyAtmosphere.FastSkyLUT.SampleCountMax:128.0]]
[2023.03.09-15.05.03:096][  0]LogConfig: Setting CVar [[r.SkyAtmosphere.SampleCountMin:4.0]]
[2023.03.09-15.05.03:096][  0]LogConfig: Setting CVar [[r.SkyAtmosphere.SampleCountMax:128.0]]
[2023.03.09-15.05.03:096][  0]LogConfig: Setting CVar [[r.SkyAtmosphere.TransmittanceLUT.UseSmallFormat:0]]
[2023.03.09-15.05.03:096][  0]LogConfig: Setting CVar [[r.SkyAtmosphere.TransmittanceLUT.SampleCount:10.0]]
[2023.03.09-15.05.03:096][  0]LogConfig: Setting CVar [[r.SkyAtmosphere.MultiScatteringLUT.SampleCount:15.0]]
[2023.03.09-15.05.03:096][  0]LogConfig: Setting CVar [[r.SkyLight.RealTimeReflectionCapture:1]]
[2023.03.09-15.05.03:096][  0]LogConfig: Applying CVar settings from Section [FoliageQuality@3] File [C:/Users/louis/Documents/GitHub/2022-2023-project-4-game-design-Team-7/Saved/Config/Windows/Scalability.ini]
[2023.03.09-15.05.03:096][  0]LogConfig: Setting CVar [[foliage.DensityScale:1.0]]
[2023.03.09-15.05.03:096][  0]LogConfig: Setting CVar [[grass.DensityScale:1.0]]
[2023.03.09-15.05.03:096][  0]LogConfig: Applying CVar settings from Section [ShadingQuality@3] File [C:/Users/louis/Documents/GitHub/2022-2023-project-4-game-design-Team-7/Saved/Config/Windows/Scalability.ini]
[2023.03.09-15.05.03:096][  0]LogConfig: Setting CVar [[r.HairStrands.SkyLighting.IntegrationType:2]]
[2023.03.09-15.05.03:096][  0]LogConfig: Setting CVar [[r.HairStrands.SkyAO.SampleCount:4]]
[2023.03.09-15.05.03:096][  0]LogConfig: Setting CVar [[r.HairStrands.Visibility.MSAA.SamplePerPixel:4]]
[2023.03.09-15.05.03:096][  0]LogInit: Selected Device Profile: [Windows]
[2023.03.09-15.05.03:096][  0]LogInit: Applying CVar settings loaded from the selected device profile: [Windows]
[2023.03.09-15.05.03:096][  0]LogHAL: Display: Platform has ~ 16 GB [16943685632 / 17179869184 / 16], which maps to Larger [LargestMinGB=32, LargerMinGB=12, DefaultMinGB=8, SmallerMinGB=6, SmallestMinGB=0)
[2023.03.09-15.05.03:096][  0]LogInit: Going up to parent DeviceProfile []
[2023.03.09-15.05.03:096][  0]LogConfig: Applying CVar settings from Section [ViewDistanceQuality@3] File [C:/Users/louis/Documents/GitHub/2022-2023-project-4-game-design-Team-7/Saved/Config/Windows/Scalability.ini]
[2023.03.09-15.05.03:096][  0]LogConfig: Setting CVar [[r.SkeletalMeshLODBias:0]]
[2023.03.09-15.05.03:096][  0]LogConfig: Setting CVar [[r.ViewDistanceScale:1.0]]
[2023.03.09-15.05.03:096][  0]LogConfig: Applying CVar settings from Section [AntiAliasingQuality@3] File [C:/Users/louis/Documents/GitHub/2022-2023-project-4-game-design-Team-7/Saved/Config/Windows/Scalability.ini]
[2023.03.09-15.05.03:096][  0]LogConfig: Setting CVar [[r.PostProcessAAQuality:4]]
[2023.03.09-15.05.03:096][  0]LogConfig: Applying CVar settings from Section [ShadowQuality@3] File [C:/Users/louis/Documents/GitHub/2022-2023-project-4-game-design-Team-7/Saved/Config/Windows/Scalability.ini]
[2023.03.09-15.05.03:096][  0]LogConfig: Setting CVar [[r.LightFunctionQuality:1]]
[2023.03.09-15.05.03:096][  0]LogConfig: Setting CVar [[r.ShadowQuality:5]]
[2023.03.09-15.05.03:096][  0]LogConfig: Setting CVar [[r.Shadow.CSM.MaxCascades:10]]
[2023.03.09-15.05.03:096][  0]LogConfig: Setting CVar [[r.Shadow.MaxResolution:2048]]
[2023.03.09-15.05.03:096][  0]LogConfig: Setting CVar [[r.Shadow.MaxCSMResolution:2048]]
[2023.03.09-15.05.03:096][  0]LogConfig: Setting CVar [[r.Shadow.RadiusThreshold:0.01]]
[2023.03.09-15.05.03:096][  0]LogConfig: Setting CVar [[r.Shadow.DistanceScale:1.0]]
[2023.03.09-15.05.03:096][  0]LogConfig: Setting CVar [[r.Shadow.CSM.TransitionScale:1.0]]
[2023.03.09-15.05.03:096][  0]LogConfig: Setting CVar [[r.Shadow.PreShadowResolutionFactor:1.0]]
[2023.03.09-15.05.03:097][  0]LogConfig: Setting CVar [[r.DistanceFieldShadowing:1]]
[2023.03.09-15.05.03:097][  0]LogConfig: Setting CVar [[r.DistanceFieldAO:1]]
[2023.03.09-15.05.03:097][  0]LogConfig: Setting CVar [[r.AOQuality:2]]
[2023.03.09-15.05.03:097][  0]LogConfig: Setting CVar [[r.VolumetricFog:1]]
[2023.03.09-15.05.03:097][  0]LogConfig: Setting CVar [[r.VolumetricFog.GridPixelSize:8]]
[2023.03.09-15.05.03:097][  0]LogConfig: Setting CVar [[r.VolumetricFog.GridSizeZ:128]]
[2023.03.09-15.05.03:097][  0]LogConfig: Setting CVar [[r.VolumetricFog.HistoryMissSupersampleCount:4]]
[2023.03.09-15.05.03:097][  0]LogConfig: Setting CVar [[r.LightMaxDrawDistanceScale:1]]
[2023.03.09-15.05.03:097][  0]LogConfig: Setting CVar [[r.CapsuleShadows:1]]
[2023.03.09-15.05.03:097][  0]LogConfig: Applying CVar settings from Section [PostProcessQuality@3] File [C:/Users/louis/Documents/GitHub/2022-2023-project-4-game-design-Team-7/Saved/Config/Windows/Scalability.ini]
[2023.03.09-15.05.03:097][  0]LogConfig: Setting CVar [[r.MotionBlurQuality:4]]
[2023.03.09-15.05.03:097][  0]LogConfig: Setting CVar [[r.AmbientOcclusionMipLevelFactor:0.4]]
[2023.03.09-15.05.03:097][  0]LogConfig: Setting CVar [[r.AmbientOcclusionMaxQuality:100]]
[2023.03.09-15.05.03:097][  0]LogConfig: Setting CVar [[r.AmbientOcclusionLevels:-1]]
[2023.03.09-15.05.03:097][  0]LogConfig: Setting CVar [[r.AmbientOcclusionRadiusScale:1.0]]
[2023.03.09-15.05.03:097][  0]LogConfig: Setting CVar [[r.DepthOfFieldQuality:2]]
[2023.03.09-15.05.03:097][  0]LogConfig: Setting CVar [[r.RenderTargetPoolMin:400]]
[2023.03.09-15.05.03:097][  0]LogConfig: Setting CVar [[r.LensFlareQuality:2]]
[2023.03.09-15.05.03:097][  0]LogConfig: Setting CVar [[r.SceneColorFringeQuality:1]]
[2023.03.09-15.05.03:097][  0]LogConfig: Setting CVar [[r.EyeAdaptationQuality:2]]
[2023.03.09-15.05.03:097][  0]LogConfig: Setting CVar [[r.BloomQuality:5]]
[2023.03.09-15.05.03:097][  0]LogConfig: Setting CVar [[r.FastBlurThreshold:100]]
[2023.03.09-15.05.03:097][  0]LogConfig: Setting CVar [[r.Upscale.Quality:3]]
[2023.03.09-15.05.03:097][  0]LogConfig: Setting CVar [[r.Tonemapper.GrainQuantization:1]]
[2023.03.09-15.05.03:097][  0]LogConfig: Setting CVar [[r.LightShaftQuality:1]]
[2023.03.09-15.05.03:097][  0]LogConfig: Setting CVar [[r.Filter.SizeScale:1]]
[2023.03.09-15.05.03:097][  0]LogConfig: Setting CVar [[r.Tonemapper.Quality:5]]
[2023.03.09-15.05.03:097][  0]LogConfig: Setting CVar [[r.DOF.Gather.AccumulatorQuality:1        ; higher gathering accumulator quality]]
[2023.03.09-15.05.03:097][  0]LogConfig: Setting CVar [[r.DOF.Gather.PostfilterMethod:1          ; Median3x3 postfilering method]]
[2023.03.09-15.05.03:097][  0]LogConfig: Setting CVar [[r.DOF.Gather.EnableBokehSettings:0       ; no bokeh simulation when gathering]]
[2023.03.09-15.05.03:097][  0]LogConfig: Setting CVar [[r.DOF.Gather.RingCount:4                 ; medium number of samples when gathering]]
[2023.03.09-15.05.03:097][  0]LogConfig: Setting CVar [[r.DOF.Scatter.ForegroundCompositing:1    ; additive foreground scattering]]
[2023.03.09-15.05.03:097][  0]LogConfig: Setting CVar [[r.DOF.Scatter.BackgroundCompositing:2    ; additive background scattering]]
[2023.03.09-15.05.03:097][  0]LogConfig: Setting CVar [[r.DOF.Scatter.EnableBokehSettings:1      ; bokeh simulation when scattering]]
[2023.03.09-15.05.03:097][  0]LogConfig: Setting CVar [[r.DOF.Scatter.MaxSpriteRatio:0.1         ; only a maximum of 10% of scattered bokeh]]
[2023.03.09-15.05.03:097][  0]LogConfig: Setting CVar [[r.DOF.Recombine.Quality:1                ; cheap slight out of focus]]
[2023.03.09-15.05.03:097][  0]LogConfig: Setting CVar [[r.DOF.Recombine.EnableBokehSettings:0    ; no bokeh simulation on slight out of focus]]
[2023.03.09-15.05.03:097][  0]LogConfig: Setting CVar [[r.DOF.TemporalAAQuality:1                ; more stable temporal accumulation]]
[2023.03.09-15.05.03:097][  0]LogConfig: Setting CVar [[r.DOF.Kernel.MaxForegroundRadius:0.025]]
[2023.03.09-15.05.03:097][  0]LogConfig: Setting CVar [[r.DOF.Kernel.MaxBackgroundRadius:0.025]]
[2023.03.09-15.05.03:097][  0]LogConfig: Applying CVar settings from Section [TextureQuality@3] File [C:/Users/louis/Documents/GitHub/2022-2023-project-4-game-design-Team-7/Saved/Config/Windows/Scalability.ini]
[2023.03.09-15.05.03:097][  0]LogConfig: Setting CVar [[r.Streaming.MipBias:0]]
[2023.03.09-15.05.03:097][  0]LogConfig: Setting CVar [[r.Streaming.AmortizeCPUToGPUCopy:0]]
[2023.03.09-15.05.03:097][  0]LogConfig: Setting CVar [[r.Streaming.MaxNumTexturesToStreamPerFrame:0]]
[2023.03.09-15.05.03:097][  0]LogConfig: Setting CVar [[r.Streaming.Boost:1]]
[2023.03.09-15.05.03:097][  0]LogConfig: Setting CVar [[r.MaxAnisotropy:8]]
[2023.03.09-15.05.03:097][  0]LogConfig: Setting CVar [[r.VT.MaxAnisotropy:8]]
[2023.03.09-15.05.03:097][  0]LogConfig: Setting CVar [[r.Streaming.LimitPoolSizeToVRAM:0]]
[2023.03.09-15.05.03:097][  0]LogConfig: Setting CVar [[r.Streaming.PoolSize:1000]]
[2023.03.09-15.05.03:097][  0]LogConfig: Setting CVar [[r.Streaming.MaxEffectiveScreenSize:0]]
[2023.03.09-15.05.03:097][  0]LogConfig: Applying CVar settings from Section [EffectsQuality@3] File [C:/Users/louis/Documents/GitHub/2022-2023-project-4-game-design-Team-7/Saved/Config/Windows/Scalability.ini]
[2023.03.09-15.05.03:097][  0]LogConfig: Setting CVar [[r.TranslucencyLightingVolumeDim:64]]
[2023.03.09-15.05.03:097][  0]LogConfig: Setting CVar [[r.RefractionQuality:2]]
[2023.03.09-15.05.03:097][  0]LogConfig: Setting CVar [[r.SSR.Quality:3]]
[2023.03.09-15.05.03:097][  0]LogConfig: Setting CVar [[r.SSR.HalfResSceneColor:0]]
[2023.03.09-15.05.03:097][  0]LogConfig: Setting CVar [[r.SceneColorFormat:4]]
[2023.03.09-15.05.03:097][  0]LogConfig: Setting CVar [[r.DetailMode:2]]
[2023.03.09-15.05.03:097][  0]LogConfig: Setting CVar [[r.TranslucencyVolumeBlur:1]]
[2023.03.09-15.05.03:097][  0]LogConfig: Setting CVar [[r.MaterialQualityLevel:1 ; High quality]]
[2023.03.09-15.05.03:097][  0]LogConfig: Setting CVar [[r.AnisotropicMaterials:1]]
[2023.03.09-15.05.03:097][  0]LogConfig: Setting CVar [[r.SSS.Scale:1]]
[2023.03.09-15.05.03:097][  0]LogConfig: Setting CVar [[r.SSS.SampleSet:2]]
[2023.03.09-15.05.03:097][  0]LogConfig: Setting CVar [[r.SSS.Quality:1]]
[2023.03.09-15.05.03:097][  0]LogConfig: Setting CVar [[r.SSS.HalfRes:0]]
[2023.03.09-15.05.03:098][  0]LogConfig: Setting CVar [[r.SSGI.Quality:3]]
[2023.03.09-15.05.03:098][  0]LogConfig: Setting CVar [[r.EmitterSpawnRateScale:1.0]]
[2023.03.09-15.05.03:098][  0]LogConfig: Setting CVar [[r.ParticleLightQuality:2]]
[2023.03.09-15.05.03:098][  0]LogConfig: Setting CVar [[r.SkyAtmosphere.AerialPerspectiveLUT.FastApplyOnOpaque:1 ; Always have FastSkyLUT 1 in this case to avoid wrong sky]]
[2023.03.09-15.05.03:098][  0]LogConfig: Setting CVar [[r.SkyAtmosphere.AerialPerspectiveLUT.SampleCountMaxPerSlice:4]]
[2023.03.09-15.05.03:098][  0]LogConfig: Setting CVar [[r.SkyAtmosphere.AerialPerspectiveLUT.DepthResolution:16.0]]
[2023.03.09-15.05.03:098][  0]LogConfig: Setting CVar [[r.SkyAtmosphere.FastSkyLUT:1]]
[2023.03.09-15.05.03:098][  0]LogConfig: Setting CVar [[r.SkyAtmosphere.FastSkyLUT.SampleCountMin:4.0]]
[2023.03.09-15.05.03:098][  0]LogConfig: Setting CVar [[r.SkyAtmosphere.FastSkyLUT.SampleCountMax:128.0]]
[2023.03.09-15.05.03:098][  0]LogConfig: Setting CVar [[r.SkyAtmosphere.SampleCountMin:4.0]]
[2023.03.09-15.05.03:098][  0]LogConfig: Setting CVar [[r.SkyAtmosphere.SampleCountMax:128.0]]
[2023.03.09-15.05.03:098][  0]LogConfig: Setting CVar [[r.SkyAtmosphere.TransmittanceLUT.UseSmallFormat:0]]
[2023.03.09-15.05.03:098][  0]LogConfig: Setting CVar [[r.SkyAtmosphere.TransmittanceLUT.SampleCount:10.0]]
[2023.03.09-15.05.03:098][  0]LogConfig: Setting CVar [[r.SkyAtmosphere.MultiScatteringLUT.SampleCount:15.0]]
[2023.03.09-15.05.03:098][  0]LogConfig: Setting CVar [[r.SkyLight.RealTimeReflectionCapture:1]]
[2023.03.09-15.05.03:098][  0]LogConfig: Applying CVar settings from Section [FoliageQuality@3] File [C:/Users/louis/Documents/GitHub/2022-2023-project-4-game-design-Team-7/Saved/Config/Windows/Scalability.ini]
[2023.03.09-15.05.03:098][  0]LogConfig: Setting CVar [[foliage.DensityScale:1.0]]
[2023.03.09-15.05.03:098][  0]LogConfig: Setting CVar [[grass.DensityScale:1.0]]
[2023.03.09-15.05.03:098][  0]LogConfig: Applying CVar settings from Section [ShadingQuality@3] File [C:/Users/louis/Documents/GitHub/2022-2023-project-4-game-design-Team-7/Saved/Config/Windows/Scalability.ini]
[2023.03.09-15.05.03:098][  0]LogConfig: Setting CVar [[r.HairStrands.SkyLighting.IntegrationType:2]]
[2023.03.09-15.05.03:098][  0]LogConfig: Setting CVar [[r.HairStrands.SkyAO.SampleCount:4]]
[2023.03.09-15.05.03:098][  0]LogConfig: Setting CVar [[r.HairStrands.Visibility.MSAA.SamplePerPixel:4]]
[2023.03.09-15.05.03:098][  0]LogConfig: Applying CVar settings from Section [Startup] File [../../../Engine/Config/ConsoleVariables.ini]
[2023.03.09-15.05.03:099][  0]LogConfig: Setting CVar [[net.UseAdaptiveNetUpdateFrequency:0]]
[2023.03.09-15.05.03:099][  0]LogConfig: Setting CVar [[p.chaos.AllowCreatePhysxBodies:1]]
[2023.03.09-15.05.03:099][  0]LogConfig: Setting CVar [[fx.SkipVectorVMBackendOptimizations:1]]
[2023.03.09-15.05.03:099][  0]LogConfig: Applying CVar settings from Section [ConsoleVariables] File [C:/Users/louis/Documents/GitHub/2022-2023-project-4-game-design-Team-7/Saved/Config/Windows/Engine.ini]
[2023.03.09-15.05.03:099][  0]LogConfig: Applying CVar settings from Section [ConsoleVariables] File [C:/Users/louis/Documents/GitHub/2022-2023-project-4-game-design-Team-7/Saved/Config/Windows/Editor.ini]
[2023.03.09-15.05.03:099][  0]LogInit: Computer: NORTHAR-PC
[2023.03.09-15.05.03:099][  0]LogInit: User: louis
[2023.03.09-15.05.03:099][  0]LogInit: CPU Page size=4096, Cores=8
[2023.03.09-15.05.03:099][  0]LogInit: High frequency timer resolution =10.000000 MHz
[2023.03.09-15.05.03:099][  0]LogMemory: Memory total: Physical=15.8GB (16GB approx)
[2023.03.09-15.05.03:099][  0]LogMemory: Platform Memory Stats for Windows
[2023.03.09-15.05.03:099][  0]LogMemory: Process Physical Memory: 147.27 MB used, 147.27 MB peak
[2023.03.09-15.05.03:099][  0]LogMemory: Process Virtual Memory: 145.55 MB used, 145.55 MB peak
[2023.03.09-15.05.03:099][  0]LogMemory: Physical Memory: 10297.40 MB used,  5861.36 MB free, 16158.76 MB total
[2023.03.09-15.05.03:099][  0]LogMemory: Virtual Memory: 134196832.00 MB used,  20892.34 MB free, 134217728.00 MB total
[2023.03.09-15.05.03:453][  0]LogWindows: WindowsPlatformFeatures enabled
[2023.03.09-15.05.03:504][  0]LogInit: Physics initialised using underlying interface: PhysX
[2023.03.09-15.05.03:505][  0]LogInit: Using OS detected language (fr-FR).
[2023.03.09-15.05.03:505][  0]LogInit: Using OS detected locale (fr-FR).
[2023.03.09-15.05.03:511][  0]LogTextLocalizationManager: No specific localization for 'fr-FR' exists, so the 'fr' localization will be used.
[2023.03.09-15.05.03:511][  0]LogTextLocalizationResource: LocRes '../../../Engine/Content/Localization/Editor/fr/Editor.locres' could not be opened for reading!
[2023.03.09-15.05.03:511][  0]LogTextLocalizationResource: LocRes '../../../Engine/Content/Localization/EditorTutorials/fr/EditorTutorials.locres' could not be opened for reading!
[2023.03.09-15.05.03:511][  0]LogTextLocalizationResource: LocRes '../../../Engine/Content/Localization/Keywords/fr/Keywords.locres' could not be opened for reading!
[2023.03.09-15.05.03:511][  0]LogTextLocalizationResource: LocRes '../../../Engine/Content/Localization/Category/fr/Category.locres' could not be opened for reading!
[2023.03.09-15.05.03:511][  0]LogTextLocalizationResource: LocRes '../../../Engine/Content/Localization/ToolTips/fr/ToolTips.locres' could not be opened for reading!
[2023.03.09-15.05.03:511][  0]LogTextLocalizationResource: LocRes '../../../Engine/Content/Localization/PropertyNames/fr/PropertyNames.locres' could not be opened for reading!
[2023.03.09-15.05.03:511][  0]LogTextLocalizationResource: LocRes '../../../Engine/Content/Localization/Engine/fr/Engine.locres' could not be opened for reading!
[2023.03.09-15.05.03:512][  0]LogInit: Setting process to per monitor DPI aware
[2023.03.09-15.05.03:538][  0]LogWindowsTextInputMethodSystem: Display: IME system deactivated.
[2023.03.09-15.05.03:552][  0]LogSlate: New Slate User Created.  User Index 0, Is Virtual User: 0
[2023.03.09-15.05.03:552][  0]LogSlate: Slate User Registered.  User Index 0, Is Virtual User: 0
[2023.03.09-15.05.03:682][  0]LogD3D11RHI: Loaded GFSDK_Aftermath_Lib.x64.dll
[2023.03.09-15.05.03:756][  0]LogHMD: Failed to initialize OpenVR with code 110
[2023.03.09-15.05.03:756][  0]LogD3D11RHI: D3D11 min allowed feature level: 11_0
[2023.03.09-15.05.03:756][  0]LogD3D11RHI: D3D11 max allowed feature level: 11_0
[2023.03.09-15.05.03:756][  0]LogD3D11RHI: D3D11 adapters:
[2023.03.09-15.05.03:866][  0]LogD3D11RHI:    0. 'NVIDIA GeForce RTX 3060 Laptop GPU' (Feature Level 11_0)
[2023.03.09-15.05.03:866][  0]LogD3D11RHI:       6023/0/8079 MB DedicatedVideo/DedicatedSystem/SharedSystem, Outputs:1, VendorId:0x10de
[2023.03.09-15.05.03:916][  0]LogD3D11RHI:    1. 'Intel(R) UHD Graphics' (Feature Level 11_0)
[2023.03.09-15.05.03:916][  0]LogD3D11RHI:       128/0/8079 MB DedicatedVideo/DedicatedSystem/SharedSystem, Outputs:0, VendorId:0x8086
[2023.03.09-15.05.03:919][  0]LogD3D11RHI:    2. 'Microsoft Basic Render Driver' (Feature Level 11_0)
[2023.03.09-15.05.03:919][  0]LogD3D11RHI:       0/0/8079 MB DedicatedVideo/DedicatedSystem/SharedSystem, Outputs:0, VendorId:0x1414
[2023.03.09-15.05.03:919][  0]LogD3D11RHI: Chosen D3D11 Adapter:
[2023.03.09-15.05.03:919][  0]LogD3D11RHI:     Description : NVIDIA GeForce RTX 3060 Laptop GPU
[2023.03.09-15.05.03:919][  0]LogD3D11RHI:     VendorId    : 10de
[2023.03.09-15.05.03:919][  0]LogD3D11RHI:     DeviceId    : 2520
[2023.03.09-15.05.03:919][  0]LogD3D11RHI:     SubSysId    : a641028
[2023.03.09-15.05.03:919][  0]LogD3D11RHI:     Revision    : 00a1
[2023.03.09-15.05.03:919][  0]LogD3D11RHI:     DedicatedVideoMemory : 6315573248 bytes
[2023.03.09-15.05.03:919][  0]LogD3D11RHI:     DedicatedSystemMemory : 0 bytes
[2023.03.09-15.05.03:919][  0]LogD3D11RHI:     SharedSystemMemory : 8471842816 bytes
[2023.03.09-15.05.03:919][  0]LogD3D11RHI:     AdapterLuid : 0 103429
[2023.03.09-15.05.03:929][  0]LogD3D11RHI: Creating new Direct3DDevice
[2023.03.09-15.05.03:929][  0]LogD3D11RHI:     GPU DeviceId: 0x2520 (for the marketing name, search the web for "GPU Device Id")
[2023.03.09-15.05.03:929][  0]LogWindows: EnumDisplayDevices:
[2023.03.09-15.05.03:929][  0]LogWindows:    0. 'Intel(R) UHD Graphics' (P:1 D:1)
[2023.03.09-15.05.03:930][  0]LogWindows:    1. 'Intel(R) UHD Graphics' (P:0 D:0)
[2023.03.09-15.05.03:930][  0]LogWindows:    2. 'Intel(R) UHD Graphics' (P:0 D:0)
[2023.03.09-15.05.03:930][  0]LogWindows:    3. 'NVIDIA GeForce RTX 3060 Laptop GPU' (P:0 D:0)
[2023.03.09-15.05.03:931][  0]LogWindows:    4. 'NVIDIA GeForce RTX 3060 Laptop GPU' (P:0 D:0)
[2023.03.09-15.05.03:931][  0]LogWindows:    5. 'NVIDIA GeForce RTX 3060 Laptop GPU' (P:0 D:0)
[2023.03.09-15.05.03:931][  0]LogWindows:    6. 'NVIDIA GeForce RTX 3060 Laptop GPU' (P:0 D:0)
[2023.03.09-15.05.03:931][  0]LogWindows: DebugString: PrimaryIsNotTheChoosenAdapter PrimaryIsNotTheChoosenAdapter PrimaryIsNotTheChoosenAdapter FoundDriverCount:4 
[2023.03.09-15.05.03:932][  0]LogD3D11RHI:     Adapter Name: NVIDIA GeForce RTX 3060 Laptop GPU
[2023.03.09-15.05.03:932][  0]LogD3D11RHI:   Driver Version: 512.72 (internal:30.0.15.1272, unified:512.72)
[2023.03.09-15.05.03:932][  0]LogD3D11RHI:      Driver Date: 5-2-2022
[2023.03.09-15.05.03:932][  0]LogRHI: Texture pool is 4216 MB (70% of 6023 MB)
[2023.03.09-15.05.03:932][  0]LogD3D11RHI: Creating D3DDevice using adapter:
[2023.03.09-15.05.03:932][  0]LogD3D11RHI:     Description : NVIDIA GeForce RTX 3060 Laptop GPU
[2023.03.09-15.05.03:932][  0]LogD3D11RHI:     VendorId    : 10de
[2023.03.09-15.05.03:932][  0]LogD3D11RHI:     DeviceId    : 2520
[2023.03.09-15.05.03:932][  0]LogD3D11RHI:     SubSysId    : a641028
[2023.03.09-15.05.03:932][  0]LogD3D11RHI:     Revision    : 00a1
[2023.03.09-15.05.03:932][  0]LogD3D11RHI:     DedicatedVideoMemory : 6315573248 bytes
[2023.03.09-15.05.03:932][  0]LogD3D11RHI:     DedicatedSystemMemory : 0 bytes
[2023.03.09-15.05.03:932][  0]LogD3D11RHI:     SharedSystemMemory : 8471842816 bytes
[2023.03.09-15.05.03:932][  0]LogD3D11RHI:     AdapterLuid : 0 103429
[2023.03.09-15.05.03:984][  0]LogD3D11RHI: RHI has support for 64 bit atomics
[2023.03.09-15.05.03:984][  0]LogD3D11RHI: Async texture creation enabled
[2023.03.09-15.05.03:984][  0]LogD3D11RHI: Array index from any shader is supported
[2023.03.09-15.05.04:001][  0]LogD3D11RHI: GPU Timing Frequency: 1000.000000 (Debug: 2 1)
[2023.03.09-15.05.04:047][  0]LogRHI: GeForceNow SDK initialized: 1
[2023.03.09-15.05.04:390][  0]LogTargetPlatformManager: Display: Loaded TargetPlatform 'AllDesktop'
[2023.03.09-15.05.04:416][  0]LogTargetPlatformManager: Display: Loaded TargetPlatform 'Android'
[2023.03.09-15.05.04:416][  0]LogTargetPlatformManager: Display: Loaded TargetPlatform 'Android_ASTC'
[2023.03.09-15.05.04:416][  0]LogTargetPlatformManager: Display: Loaded TargetPlatform 'Android_DXT'
[2023.03.09-15.05.04:416][  0]LogTargetPlatformManager: Display: Loaded TargetPlatform 'Android_ETC2'
[2023.03.09-15.05.04:416][  0]LogTargetPlatformManager: Display: Loaded TargetPlatform 'AndroidClient'
[2023.03.09-15.05.04:416][  0]LogTargetPlatformManager: Display: Loaded TargetPlatform 'Android_ASTCClient'
[2023.03.09-15.05.04:416][  0]LogTargetPlatformManager: Display: Loaded TargetPlatform 'Android_DXTClient'
[2023.03.09-15.05.04:416][  0]LogTargetPlatformManager: Display: Loaded TargetPlatform 'Android_ETC2Client'
[2023.03.09-15.05.04:416][  0]LogTargetPlatformManager: Display: Loaded TargetPlatform 'Android_Multi'
[2023.03.09-15.05.04:416][  0]LogTargetPlatformManager: Display: Loaded TargetPlatform 'Android_MultiClient'
[2023.03.09-15.05.04:438][  0]LogTargetPlatformManager: Display: Loaded TargetPlatform 'IOSClient'
[2023.03.09-15.05.04:439][  0]LogTargetPlatformManager: Display: Loaded TargetPlatform 'IOS'
[2023.03.09-15.05.04:451][  0]LogTargetPlatformManager: Display: Loaded TargetPlatform 'Linux'
[2023.03.09-15.05.04:457][  0]LogTargetPlatformManager: Display: Loaded TargetPlatform 'LinuxNoEditor'
[2023.03.09-15.05.04:462][  0]LogTargetPlatformManager: Display: Loaded TargetPlatform 'LinuxClient'
[2023.03.09-15.05.04:468][  0]LogTargetPlatformManager: Display: Loaded TargetPlatform 'LinuxServer'
[2023.03.09-15.05.04:479][  0]LogTargetPlatformManager: Display: Loaded TargetPlatform 'LinuxAArch64NoEditor'
[2023.03.09-15.05.04:485][  0]LogTargetPlatformManager: Display: Loaded TargetPlatform 'LinuxAArch64Client'
[2023.03.09-15.05.04:490][  0]LogTargetPlatformManager: Display: Loaded TargetPlatform 'LinuxAArch64Server'
[2023.03.09-15.05.04:523][  0]LogTargetPlatformManager: Display: Loaded TargetPlatform 'Lumin'
[2023.03.09-15.05.04:523][  0]LogTargetPlatformManager: Display: Loaded TargetPlatform 'LuminClient'
[2023.03.09-15.05.04:534][  0]LogTargetPlatformManager: Display: Loaded TargetPlatform 'MacNoEditor'
[2023.03.09-15.05.04:540][  0]LogTargetPlatformManager: Display: Loaded TargetPlatform 'Mac'
[2023.03.09-15.05.04:545][  0]LogTargetPlatformManager: Display: Loaded TargetPlatform 'MacClient'
[2023.03.09-15.05.04:551][  0]LogTargetPlatformManager: Display: Loaded TargetPlatform 'MacServer'
[2023.03.09-15.05.04:564][  0]LogTargetPlatformManager: Display: Loaded TargetPlatform 'TVOSClient'
[2023.03.09-15.05.04:564][  0]LogTargetPlatformManager: Display: Loaded TargetPlatform 'TVOS'
[2023.03.09-15.05.04:577][  0]LogTargetPlatformManager: Display: Loaded TargetPlatform 'WindowsNoEditor'
[2023.03.09-15.05.04:587][  0]LogTargetPlatformManager: Display: Loaded TargetPlatform 'Windows'
[2023.03.09-15.05.04:595][  0]LogTargetPlatformManager: Display: Loaded TargetPlatform 'WindowsClient'
[2023.03.09-15.05.04:603][  0]LogTargetPlatformManager: Display: Loaded TargetPlatform 'WindowsServer'
[2023.03.09-15.05.04:603][  0]LogTargetPlatformManager: Display: Building Assets For Windows
[2023.03.09-15.05.04:615][  0]LogAudioDebug: Display: Lib vorbis DLL was dynamically loaded.
[2023.03.09-15.05.04:656][  0]LogTextureFormatOodle: Display: Oodle Texture 2.9.0 init RDO Off
[2023.03.09-15.05.04:697][  0]LogRendererCore: Ray tracing is disabled. Reason: r.RayTracing=0.
[2023.03.09-15.05.04:697][  0]LogShaderCompilers: Guid format shader working directory is -40 characters bigger than the processId version (../../../../../../Users/louis/Documents/GitHub/2022-2023-project-4-game-design-Team-7/Intermediate/Shaders/WorkingDirectory/27868/).
[2023.03.09-15.05.04:697][  0]LogShaderCompilers: Cleaned the shader compiler working directory 'C:/Users/louis/AppData/Local/Temp/UnrealShaderWorkingDir/0373077E44A6CE53E4648B9003750A88/'.
[2023.03.09-15.05.04:697][  0]LogXGEController: Cannot use XGE Controller as Incredibuild is not installed on this machine.
[2023.03.09-15.05.04:697][  0]LogShaderCompilers: Cannot use XGE Shader Compiler as Incredibuild is not installed on this machine.
[2023.03.09-15.05.04:697][  0]LogShaderCompilers: Display: Using Local Shader Compiler.
[2023.03.09-15.05.05:418][  0]LogDerivedDataCache: Display: Max Cache Size: 512 MB
[2023.03.09-15.05.05:478][  0]LogDerivedDataCache: Loaded boot cache 0.06s 94MB C:/Users/louis/AppData/Local/UnrealEngine/4.27/DerivedDataCache/Boot.ddc.
[2023.03.09-15.05.05:478][  0]LogDerivedDataCache: Display: Loaded Boot cache: C:/Users/louis/AppData/Local/UnrealEngine/4.27/DerivedDataCache/Boot.ddc
[2023.03.09-15.05.05:478][  0]LogDerivedDataCache: FDerivedDataBackendGraph:  Pak pak cache file ../../../../../../Users/louis/Documents/GitHub/2022-2023-project-4-game-design-Team-7/DerivedDataCache/DDC.ddp not found, will not use a pak cache.
[2023.03.09-15.05.05:479][  0]LogDerivedDataCache: Unable to find inner node Pak for hierarchical cache Hierarchy.
[2023.03.09-15.05.05:479][  0]LogDerivedDataCache: FDerivedDataBackendGraph:  CompressedPak pak cache file ../../../../../../Users/louis/Documents/GitHub/2022-2023-project-4-game-design-Team-7/DerivedDataCache/Compressed.ddp not found, will not use a pak cache.
[2023.03.09-15.05.05:479][  0]LogDerivedDataCache: Unable to find inner node CompressedPak for hierarchical cache Hierarchy.
[2023.03.09-15.05.05:495][  0]LogDerivedDataCache: Display: Pak cache opened for reading ../../../Engine/DerivedDataCache/Compressed.ddp.
[2023.03.09-15.05.05:495][  0]LogDerivedDataCache: FDerivedDataBackendGraph:  EnterprisePak pak cache file ../../../Enterprise/DerivedDataCache/Compressed.ddp not found, will not use a pak cache.
[2023.03.09-15.05.05:495][  0]LogDerivedDataCache: Unable to find inner node EnterprisePak for hierarchical cache Hierarchy.
[2023.03.09-15.05.05:512][  0]LogDerivedDataCache: Speed tests for C:/Users/louis/AppData/Local/UnrealEngine/Common/DerivedDataCache took 0.02 seconds
[2023.03.09-15.05.05:512][  0]LogDerivedDataCache: Display: Performance to C:/Users/louis/AppData/Local/UnrealEngine/Common/DerivedDataCache: Latency=0.03ms. RandomReadSpeed=207.51MBs, RandomWriteSpeed=80.42MBs. Assigned SpeedClass 'Local'
[2023.03.09-15.05.05:512][  0]LogDerivedDataCache: Using Local data cache path C:/Users/louis/AppData/Local/UnrealEngine/Common/DerivedDataCache: Writable
[2023.03.09-15.05.05:512][  0]LogDerivedDataCache: Shared data cache path not found in *engine.ini, will not use an Shared cache.
[2023.03.09-15.05.05:512][  0]LogDerivedDataCache: Unable to find inner node Shared for hierarchical cache Hierarchy.
[2023.03.09-15.05.05:558][  0]LogSlate: Using FreeType 2.10.0
[2023.03.09-15.05.05:558][  0]LogSlate: SlateFontServices - WITH_FREETYPE: 1, WITH_HARFBUZZ: 1
[2023.03.09-15.05.05:584][  0]LogAssetRegistry: FAssetRegistry took 0.0031 seconds to start up
[2023.03.09-15.05.05:805][  0]LogInit: Selected Device Profile: [Windows]
[2023.03.09-15.05.05:805][  0]LogInit: Active device profile: [0000017A97C20F00][0000017A988F0780 49] Windows
[2023.03.09-15.05.05:805][  0]LogInit: Profiles: [0000017A97C20F00][0000017A988F0780 49] Windows, [0000017A97BE6400][0000017A98936900 49] WindowsNoEditor, [0000017A97C21F00][0000017A988F4A40 49] WindowsServer, [0000017A97BE5600][0000017A8FF2AB80 49] WindowsClient, [0000017A97C21000][0000017A94CD2CC0 49] IOS, [0000017A97BE7A00][0000017A94CDAE40 49] iPadAir, [0000017A97C23300][0000017A94CDEFC0 49] iPadAir2, [0000017A97B8D300][0000017A901E1280 49] IPadPro, [0000017A97B8D400][0000017A94CED2C0 49] iPadAir3, [0000017A97BE4B00][0000017A901E5440 49] iPadAir4, [0000017A97B8E100][0000017A9893B5C0 49] iPadMini2, [0000017A97BE7400][0000017A988F9740 49] iPadMini3, [0000017A97B8EC00][0000017A984CF8C0 49] iPadMini4, [0000017A97BE6700][0000017A94CFFA40 49] iPadMini5, [0000017A97B94D00][0000017A904F8180 49] iPhone6, [0000017A97B94E00][0000017A94CF21C0 49] iPodTouch6, [0000017A97C22900][0000017A984D2480 49] iPhone7, [0000017A97C22A00][0000017A988EC4C0 49] iPodTouch7, [0000017A97B8D800][0000017A984D6640 49] iPhone5S, [0000017A97C21300][0000017A984DA7C0 49] iPhone6Plus, [0000017A97C23900][0000017A984DE940 49] iPhone6S, [0000017A97B95200][0000017A984E2AC0 49] iPhone6SPlus, [0000017A97C20B00][0000017A94CD6C00 49] iPhone7Plus, [0000017A97B95500][0000017A984E6D40 49] iPhoneSE, [0000017A97C20A00][0000017A984EAE80 49] iPhone8, [0000017A97B95100][0000017A984EEFC0 49] iPhone8Plus, [0000017A97B8EB00][0000017A8FF2F140 49] iPhoneX, [0000017A97B94C00][0000017A8FF332C0 49] iPhoneXS, [0000017A97B8FA00][0000017A8FF37440 49] iPhoneXSMax, [0000017A97B97700][0000017A8FF3B5C0 49] iPhoneXR, [0000017A97B8CD00][0000017A8FF3F740 49] iPhone11, [0000017A97B96500][0000017A8FF438C0 49] iPhone11Pro, [0000017A97B8E900][0000017A8FF47A40 49] iPhone11ProMax, [0000017A97B94200][0000017A8FF4BBC0 49] iPhoneSE2, [0000017A97B8CB00][0000017A8FF4E1C0 49] iPhone12Mini, [0000017A97B96900][0000017A8FF52340 49] iPhone12, [0000017A97B8EE00][0000017A8FF564C0 49] iPhone12Pro, [0000017A97B94A00][0000017A8FF5A640 49] iPhone12ProMax, [0000017A97B8F200][0000017A8FF5E7C0 49] iPadPro105, [0000017A97B97500][0000017A8FF62940 49] iPadPro129, [0000017A97B8E000][0000017A8FF66AC0 49] iPadPro97, [0000017A97B95F00][0000017A8FF6AC40 49] iPadPro2_129, [0000017A97B8E400][0000017A984F2D80 49] iPad5, [0000017A97B95300][0000017A8FF6EEC0 49] iPad6, [0000017A97B8CC00][0000017A8FF73000 49] iPad7, [0000017A97B95600][0000017A8FF77140 49] iPad8, [0000017A97B8FC00][0000017A9832D2C0 49] iPadPro11, [0000017A97B95700][0000017A98331440 49] iPadPro2_11, [0000017A97B8C600][0000017A983355C0 49] iPadPro3_129, [0000017A97B97F00][0000017A98339740 49] iPadPro4_129, [0000017A97B8F100][0000017A9833D8C0 49] AppleTV, [0000017A97B94800][0000017A98341A40 49] AppleTV4K, [0000017A97B8C500][0000017A98345BC0 49] TVOS, [0000017A97B94500][0000017A983481C0 49] Mac, [0000017A97B8C700][0000017A9834C340 49] MacClient, [0000017A97B95400][0000017A983504C0 49] MacNoEditor, [0000017A97B8D500][0000017A98354640 49] MacServer, [0000017A97B96D00][0000017A983587C0 49] Linux, [0000017A97B8C400][0000017A9835C940 49] LinuxAArch64, [0000017A97B95D00][0000017A98360AC0 49] LinuxNoEditor, [0000017A97B8DC00][0000017A98364C40 49] LinuxAArch64NoEditor, [0000017A97B96800][0000017A98368DC0 49] LinuxClient, [0000017A97B8ED00][0000017A9836CF40 49] LinuxAArch64Client, [0000017A97B94100][0000017A98329080 49] LinuxServer, [0000017A97B8DE00][0000017A983711C0 49] LinuxAArch64Server, [0000017A97B94B00][0000017A98375300 49] Android, [0000017A97B8DA00][0000017A9837D480 49] Android_Low, [0000017A97B96E00][0000017A98381600 49] Android_Mid, [0000017A97B8D000][0000017A98385780 49] Android_High, [0000017A97B96F00][0000017A98389900 49] Android_Default, [0000017A97B8D700][0000017A9838DA80 49] Android_Adreno4xx, [0000017A97B95800][0000017A98391C00 49] Android_Adreno5xx_Low, [0000017A97B8CA00][0000017A98394200 49] Android_Adreno5xx, [0000017A97B97300][0000017A98398380 49] Android_Adreno6xx, [0000017A97B8CE00][0000017A9839C500 49] Android_Adreno6xx_Vulkan, [0000017A97B97000][0000017A983A0680 49] Android_Mali_T6xx, [0000017A97C20100][0000017A983A4800 49] Android_Mali_T7xx, [0000017A97BE4800][0000017A983A8980 49] Android_Mali_T8xx, [0000017A97C21200][0000017A983ACB00 49] Android_Mali_G71, [0000017A97BE4E00][0000017A983B0C80 49] Android_Mali_G72, [0000017A97C21100][0000017A983B4E00 49] Android_Mali_G72_Vulkan, [0000017A97BE6500][0000017A983B8F80 49] Android_Mali_G76, [0000017A97C21500][0000017A983BD100 49] Android_Mali_G76_Vulkan, [0000017A97BE6000][0000017A98379240 49] Android_Mali_G77, [0000017A97C23F00][0000017A983C1380 49] Android_Mali_G77_Vulkan, [0000017A97BE5D00][0000017A983C54C0 49] Android_Mali_G78, [0000017A97C20300][0000017A981ED640 49] Android_Mali_G78_Vulkan, [0000017A97BE4400][0000017A981F17C0 49] Android_Mali_G710, [0000017A97C22800][0000017A981F5940 49] Android_Mali_G710_Vulkan, [0000017A97BE7100][0000017A981F9AC0 49] Android_Vulkan_SM5, [0000017A97C23100][0000017A981FC0C0 49] Android_PowerVR_G6xxx, [0000017A97BE4A00][0000017A98200240 49] Android_PowerVR_GT7xxx, [0000017A97C20D00][0000017A982043C0 49] Android_PowerVR_GE8xxx, [0000017A97BE7C00][0000017A98208540 49] Android_PowerVR_GM9xxx, [0000017A97C23A00][0000017A9820C6C0 49] Android_PowerVR_GM9xxx_Vulkan, [0000017A97BE5200][0000017A98210840 49] Android_TegraK1, [0000017A97C23000][0000017A982149C0 49] Android_Unknown_Vulkan, [0000017A97BE7000][0000017A98218B40 49] Lumin, [0000017A97C22100][0000017A9821CCC0 49] Lumin_Desktop, [0000017A97BE6E00][0000017A98220E40 49] HoloLens, 
[2023.03.09-15.05.05:935][  0]LogMeshReduction: Using QuadricMeshReduction for automatic static mesh reduction
[2023.03.09-15.05.05:935][  0]LogMeshReduction: Using SimplygonMeshReduction for automatic skeletal mesh reduction
[2023.03.09-15.05.05:935][  0]LogMeshReduction: Using ProxyLODMeshReduction for automatic mesh merging
[2023.03.09-15.05.05:935][  0]LogMeshReduction: No distributed automatic mesh merging module available
[2023.03.09-15.05.05:935][  0]LogMeshMerging: No distributed automatic mesh merging module available
[2023.03.09-15.05.05:952][  0]LogNetVersion: PlatformerPt2 1.0.0, NetCL: 17155196, EngineNetVer: 17, GameNetVer: 0 (Checksum: 2060859677)
[2023.03.09-15.05.06:323][  0]LogTexture: Default maximum texture size for cubemaps generated from long-lat sources has been changed from 512 to unlimited. In order to preserve old behaiour for '/Engine/MapTemplates/Sky/DaylightAmbientCubemap.DaylightAmbientCubemap', its maximum texture size has been explicitly set to 512.
[2023.03.09-15.05.06:386][  0]LogHMD: PokeAHoleMaterial loaded successfully
[2023.03.09-15.05.06:392][  0]LogUObjectArray: 17178 objects as part of root set at end of initial load.
[2023.03.09-15.05.06:393][  0]LogUObjectAllocator: 4302048 out of 0 bytes used by permanent object pool.
[2023.03.09-15.05.06:393][  0]LogUObjectArray: CloseDisregardForGC: 0/0 objects in disregard for GC pool
[2023.03.09-15.05.06:700][  0]LogNiagaraDebuggerClient: Niagara Debugger Client Initialized | Session: 28AA6A8342B4E119F98A328EBC21AD8F | Instance: 3CE52DC84FAAD223DEDBD1953AA24D65 (NORTHAR-PC-27868).
[2023.03.09-15.05.06:849][  0]LogUdpMessaging: Initializing bridge on interface 0.0.0.0:0 to multicast group 230.0.0.1:6666.
[2023.03.09-15.05.06:856][  0]LogTcpMessaging: Initializing TcpMessaging bridge
[2023.03.09-15.05.06:868][  0]LogPython: Using Python 3.7.7
[2023.03.09-15.05.07:787][  0]LogOpenImageDenoise: OIDN starting up
[2023.03.09-15.05.07:825][  0]LogAndroidPermission: UAndroidPermissionCallbackProxy::GetInstance
[2023.03.09-15.05.07:869][  0]LogAudioCaptureCore: Display: No Audio Capture implementations found. Audio input will be silent.
[2023.03.09-15.05.07:869][  0]LogAudioCaptureCore: Display: No Audio Capture implementations found. Audio input will be silent.
[2023.03.09-15.05.08:007][  0]SourceControl: Source control is disabled
[2023.03.09-15.05.08:007][  0]SourceControl: Source control is disabled
[2023.03.09-15.05.08:016][  0]SourceControl: Source control is disabled
[2023.03.09-15.05.08:019][  0]SourceControl: Source control is disabled
[2023.03.09-15.05.08:024][  0]SourceControl: Source control is disabled
[2023.03.09-15.05.08:038][  0]LogUProjectInfo: Found projects:
[2023.03.09-15.05.08:071][  0]LogCollectionManager: Loaded 0 collections in 0.001617 seconds
[2023.03.09-15.05.08:115][  0]LogFileCache: Scanning file cache for directory 'C:/Users/louis/Documents/GitHub/2022-2023-project-4-game-design-Team-7/Saved/Collections/' took 0.00s
[2023.03.09-15.05.08:115][  0]LogFileCache: Scanning file cache for directory 'C:/Users/louis/Documents/GitHub/2022-2023-project-4-game-design-Team-7/Content/Developers/louis/Collections/' took 0.00s
[2023.03.09-15.05.08:115][  0]LogFileCache: Scanning file cache for directory 'C:/Users/louis/Documents/GitHub/2022-2023-project-4-game-design-Team-7/Content/Collections/' took 0.00s
[2023.03.09-15.05.08:115][  0]LogOcInput: OculusInput pre-init called
[2023.03.09-15.05.08:375][  0]LogEngine: Initializing Engine...
[2023.03.09-15.05.08:377][  0]LogHMD: Failed to enumerate extensions. Please check that you have a valid OpenXR runtime installed.
[2023.03.09-15.05.08:377][  0]LogHMD: Failed to initialize OpenVR with code 110
[2023.03.09-15.05.08:377][  0]LogMagicLeap: Warning: VR disabled because ZI is not enabled.  To enable, in the editor, Edit -> Project Settings -> Plugins -> Magic Leap Plugin -> Enable Zero Iteration
[2023.03.09-15.05.08:378][  0]LogStats: UGameplayTagsManager::InitializeManager -  0.000 s
[2023.03.09-15.05.08:490][  0]LogInit: Initializing FReadOnlyCVARCache
[2023.03.09-15.05.08:499][  0]LogAIModule: Creating AISystem for world Untitled
[2023.03.09-15.05.08:509][  0]LogAudio: Display: Initializing Audio Device Manager...
[2023.03.09-15.05.08:513][  0]LogAudio: Display: Loading Default Audio Settings Objects...
[2023.03.09-15.05.08:514][  0]LogAudio: Display: No default SoundConcurrencyObject specified (or failed to load).
[2023.03.09-15.05.08:515][  0]LogAudio: Display: Audio Device Manager Initialized
[2023.03.09-15.05.08:515][  0]LogAudio: Display: Creating Audio Device:                 Id: 1, Scope: Shared, Realtime: True
[2023.03.09-15.05.08:515][  0]LogAudioMixer: Display: Audio Mixer Platform Settings:
[2023.03.09-15.05.08:515][  0]LogAudioMixer: Display: 	Sample Rate:						  48000
[2023.03.09-15.05.08:515][  0]LogAudioMixer: Display: 	Callback Buffer Frame Size Requested: 1024
[2023.03.09-15.05.08:515][  0]LogAudioMixer: Display: 	Callback Buffer Frame Size To Use:	  1024
[2023.03.09-15.05.08:515][  0]LogAudioMixer: Display: 	Number of buffers to queue:			  2
[2023.03.09-15.05.08:515][  0]LogAudioMixer: Display: 	Max Channels (voices):				  32
[2023.03.09-15.05.08:515][  0]LogAudioMixer: Display: 	Number of Async Source Workers:		  0
[2023.03.09-15.05.08:515][  0]LogAudio: Display: AudioDevice MaxSources: 32
[2023.03.09-15.05.08:515][  0]LogAudio: Display: Audio Spatialization Plugin: None (built-in).
[2023.03.09-15.05.08:515][  0]LogAudio: Display: Audio Reverb Plugin: None (built-in).
[2023.03.09-15.05.08:515][  0]LogAudio: Display: Audio Occlusion Plugin: None (built-in).
[2023.03.09-15.05.08:515][  0]LogAudioMixer: Display: Initializing audio mixer.
[2023.03.09-15.05.08:638][  0]LogAudioMixer: Display: 0: FrontLeft
[2023.03.09-15.05.08:638][  0]LogAudioMixer: Display: 1: FrontRight
[2023.03.09-15.05.08:728][  0]LogAudioMixer: Display: Using Audio Device LG TV SSCR2 (NVIDIA High Definition Audio)
[2023.03.09-15.05.08:731][  0]LogAudioMixer: Display: Initializing Sound Submixes...
[2023.03.09-15.05.08:734][  0]LogAudioMixer: Display: Creating Master Submix 'MasterSubmixDefault'
[2023.03.09-15.05.08:734][  0]LogAudioMixer: Display: Creating Master Submix 'MasterReverbSubmixDefault'
[2023.03.09-15.05.08:735][  0]LogAudioMixer: Display: Creating Master Submix 'MasterEQSubmixDefault'
[2023.03.09-15.05.08:736][  0]LogAudioMixer: FMixerPlatformXAudio2::StartAudioStream() called
[2023.03.09-15.05.08:736][  0]LogAudioMixer: Display: Output buffers initialized: Frames=1024, Channels=2, Samples=2048
[2023.03.09-15.05.08:737][  0]LogAudioMixer: Display: Starting AudioMixerPlatformInterface::RunInternal()
[2023.03.09-15.05.08:737][  0]LogAudioMixer: Display: FMixerPlatformXAudio2::SubmitBuffer() called for the first time
[2023.03.09-15.05.08:737][  0]LogInit: FAudioDevice initialized.
[2023.03.09-15.05.08:737][  0]LogAudio: Display: Audio Device (ID: 1) registered with world 'Untitled'.
[2023.03.09-15.05.08:737][  0]LogNetVersion: Set ProjectVersion to 1.0.0.0. Version Checksum will be recalculated on next use.
[2023.03.09-15.05.08:805][  0]LogDerivedDataCache: Saved boot cache 0.07s 94MB C:/Users/louis/AppData/Local/UnrealEngine/4.27/DerivedDataCache/Boot.ddc.
[2023.03.09-15.05.08:805][  0]LogInit: Texture streaming: Enabled
[2023.03.09-15.05.08:825][  0]LogAnalytics: Display: [UEEditor.Rocket.Release] APIServer = https://datarouter.ol.epicgames.com/. AppVersion = 4.27.2-18319896+++UE4+Release-4.27
[2023.03.09-15.05.08:828][  0]LogEngineSessionManager: EngineSessionManager initialized
[2023.03.09-15.05.08:828][  0]LogEditorSessionSummary: Verbose: Initializing EditorSessionSummaryWriter for editor session tracking
[2023.03.09-15.05.08:830][  0]LogEditorSessionSummary: EditorSessionSummaryWriter initialized
[2023.03.09-15.05.08:863][  0]LogInit: Transaction tracking system initialized
[2023.03.09-15.05.08:891][  0]BlueprintLog: New page: Editor Load
[2023.03.09-15.05.08:967][  0]LocalizationService: Localization service is disabled
[2023.03.09-15.05.08:995][  0]TimingProfiler: Initialize
[2023.03.09-15.05.08:996][  0]TimingProfiler: OnSessionChanged
[2023.03.09-15.05.08:996][  0]LoadingProfiler: Initialize
[2023.03.09-15.05.08:996][  0]LoadingProfiler: OnSessionChanged
[2023.03.09-15.05.08:996][  0]NetworkingProfiler: Initialize
[2023.03.09-15.05.08:996][  0]NetworkingProfiler: OnSessionChanged
[2023.03.09-15.05.08:996][  0]MemoryProfiler: Initialize
[2023.03.09-15.05.08:996][  0]MemoryProfiler: OnSessionChanged
[2023.03.09-15.05.09:167][  0]LogCook: Display: CookSettings for Memory: MemoryMaxUsedVirtual 0MiB, MemoryMaxUsedPhysical 16384MiB, MemoryMinFreeVirtual 0MiB, MemoryMinFreePhysical 1024MiB
[2023.03.09-15.05.09:167][  0]LogCook: Display: Mobile HDR setting 1
[2023.03.09-15.05.09:412][  0]LogFileCache: Scanning file cache for directory 'C:/Users/louis/Documents/GitHub/2022-2023-project-4-game-design-Team-7/Content/' took 0.00s
[2023.03.09-15.05.09:595][  0]LogInit: Display: Engine is initialized. Leaving FEngineLoop::Init()
[2023.03.09-15.05.09:598][  0]SourceControl: Source control is disabled
[2023.03.09-15.05.09:598][  0]LogUnrealEdMisc: Loading editor; pre map load, took 7.873
[2023.03.09-15.05.09:598][  0]Cmd: MAP LOAD FILE="../../../Engine/Content/Maps/Templates/Template_Default.umap" TEMPLATE=1 SHOWPROGRESS=1 FEATURELEVEL=3
[2023.03.09-15.05.09:598][  0]LightingResults: New page: Lighting Build
[2023.03.09-15.05.09:599][  0]LogWorld: UWorld::CleanupWorld for Untitled, bSessionEnded=true, bCleanupResources=true
[2023.03.09-15.05.09:599][  0]LogSlate: InvalidateAllWidgets triggered.  All widgets were invalidated
[2023.03.09-15.05.09:600][  0]MapCheck: New page: Map Check
[2023.03.09-15.05.09:600][  0]LightingResults: New page: Lighting Build
[2023.03.09-15.05.09:604][  0]LogAudio: Display: Audio Device unregistered from world 'None'.
[2023.03.09-15.05.09:608][  0]LogUObjectHash: Compacting FUObjectHashTables data took   0.71ms
[2023.03.09-15.05.09:657][  0]LogTexture: Display: Building textures: DeprecatedTextureEB9CBE3C423008B5E8E130901E171C89 (BGRA8, 128X128)
[2023.03.09-15.05.09:668][  0]LogAudio: Display: Audio Device (ID: 1) registered with world 'Untitled_1'.
[2023.03.09-15.05.09:669][  0]LogAIModule: Creating AISystem for world Untitled_1
[2023.03.09-15.05.09:673][  0]LogEditorServer: Finished looking for orphan Actors (0.000 secs)
[2023.03.09-15.05.09:680][  0]LogUObjectHash: Compacting FUObjectHashTables data took   1.50ms
[2023.03.09-15.05.09:680][  0]Cmd: MAP CHECKDEP NOCLEARLOG
[2023.03.09-15.05.09:680][  0]MapCheck: Map check complete: 0 Error(s), 0 Warning(s), took 0,151ms to complete.
[2023.03.09-15.05.09:680][  0]LogFileHelpers: Loading map 'Template_Default' took 0.083
[2023.03.09-15.05.09:683][  0]LogUnrealEdMisc: Total Editor Startup Time, took 7.958
[2023.03.09-15.05.09:822][  0]LogSlate: Updating window title bar state: overlay mode, drag disabled, window buttons hidden, title bar hidden
[2023.03.09-15.05.09:832][  0]LogSlate: Updating window title bar state: overlay mode, drag disabled, window buttons hidden, title bar hidden
[2023.03.09-15.05.09:841][  0]LogSlate: Updating window title bar state: overlay mode, drag disabled, window buttons hidden, title bar hidden
[2023.03.09-15.05.09:851][  0]LogSlate: Updating window title bar state: overlay mode, drag disabled, window buttons hidden, title bar hidden
[2023.03.09-15.05.09:870][  0]LogNativeClassHierarchy: Verbose: Native class hierarchy populated in 0.0133 seconds. Added 3822 classes and 928 folders.
[2023.03.09-15.05.09:873][  0]LogNativeClassHierarchy: Verbose: Native class hierarchy updated for 'WidgetCarousel' in 0.0003 seconds. Added 0 classes and 0 folders.
[2023.03.09-15.05.09:874][  0]LogPakFile: PakFile PrimaryIndexSize=187
[2023.03.09-15.05.09:874][  0]LogPakFile: PakFile PathHashIndexSize=101
[2023.03.09-15.05.09:874][  0]LogPakFile: PakFile FullDirectoryIndexSize=148
[2023.03.09-15.05.09:874][  0]LogShaderLibrary: Display: ShaderCodeLibraryPakFileMountedCallback: PakFile 'C:/Program Files/Epic Games/UE_4.27/FeaturePacks/FP_FirstPerson.upack' (chunk index -1, root 'root:/') mounted
[2023.03.09-15.05.09:874][  0]LogShaderLibrary: Display: ShaderCodeLibraryPakFileMountedCallback: pending pak file info (ChunkID:-1 Root:root:/ File:C:/Program Files/Epic Games/UE_4.27/FeaturePacks/FP_FirstPerson.upack)
[2023.03.09-15.05.09:874][  0]LogPakFile: OnPakFileMounted2Time == 0.000051
[2023.03.09-15.05.09:875][  0]LogPakFile: PakFile PrimaryIndexSize=189
[2023.03.09-15.05.09:875][  0]LogPakFile: PakFile PathHashIndexSize=101
[2023.03.09-15.05.09:875][  0]LogPakFile: PakFile FullDirectoryIndexSize=152
[2023.03.09-15.05.09:875][  0]LogShaderLibrary: Display: ShaderCodeLibraryPakFileMountedCallback: PakFile 'C:/Program Files/Epic Games/UE_4.27/FeaturePacks/FP_FirstPersonBP.upack' (chunk index -1, root 'root:/') mounted
[2023.03.09-15.05.09:875][  0]LogShaderLibrary: Display: ShaderCodeLibraryPakFileMountedCallback: pending pak file info (ChunkID:-1 Root:root:/ File:C:/Program Files/Epic Games/UE_4.27/FeaturePacks/FP_FirstPersonBP.upack)
[2023.03.09-15.05.09:875][  0]LogPakFile: OnPakFileMounted2Time == 0.000093
[2023.03.09-15.05.09:876][  0]LogPakFile: PakFile PrimaryIndexSize=191
[2023.03.09-15.05.09:876][  0]LogPakFile: PakFile PathHashIndexSize=101
[2023.03.09-15.05.09:876][  0]LogPakFile: PakFile FullDirectoryIndexSize=160
[2023.03.09-15.05.09:876][  0]LogShaderLibrary: Display: ShaderCodeLibraryPakFileMountedCallback: PakFile 'C:/Program Files/Epic Games/UE_4.27/FeaturePacks/MobileStarterContent.upack' (chunk index -1, root 'root:/') mounted
[2023.03.09-15.05.09:876][  0]LogShaderLibrary: Display: ShaderCodeLibraryPakFileMountedCallback: pending pak file info (ChunkID:-1 Root:root:/ File:C:/Program Files/Epic Games/UE_4.27/FeaturePacks/MobileStarterContent.upack)
[2023.03.09-15.05.09:876][  0]LogPakFile: OnPakFileMounted2Time == 0.000031
[2023.03.09-15.05.09:876][  0]LogPakFile: PakFile PrimaryIndexSize=185
[2023.03.09-15.05.09:876][  0]LogPakFile: PakFile PathHashIndexSize=101
[2023.03.09-15.05.09:876][  0]LogPakFile: PakFile FullDirectoryIndexSize=148
[2023.03.09-15.05.09:876][  0]LogShaderLibrary: Display: ShaderCodeLibraryPakFileMountedCallback: PakFile 'C:/Program Files/Epic Games/UE_4.27/FeaturePacks/StarterContent.upack' (chunk index -1, root 'root:/') mounted
[2023.03.09-15.05.09:876][  0]LogShaderLibrary: Display: ShaderCodeLibraryPakFileMountedCallback: pending pak file info (ChunkID:-1 Root:root:/ File:C:/Program Files/Epic Games/UE_4.27/FeaturePacks/StarterContent.upack)
[2023.03.09-15.05.09:876][  0]LogPakFile: OnPakFileMounted2Time == 0.000091
[2023.03.09-15.05.09:877][  0]LogPakFile: PakFile PrimaryIndexSize=190
[2023.03.09-15.05.09:877][  0]LogPakFile: PakFile PathHashIndexSize=101
[2023.03.09-15.05.09:877][  0]LogPakFile: PakFile FullDirectoryIndexSize=154
[2023.03.09-15.05.09:877][  0]LogShaderLibrary: Display: ShaderCodeLibraryPakFileMountedCallback: PakFile 'C:/Program Files/Epic Games/UE_4.27/FeaturePacks/TP_2DSideScroller.upack' (chunk index -1, root 'root:/') mounted
[2023.03.09-15.05.09:877][  0]LogShaderLibrary: Display: ShaderCodeLibraryPakFileMountedCallback: pending pak file info (ChunkID:-1 Root:root:/ File:C:/Program Files/Epic Games/UE_4.27/FeaturePacks/TP_2DSideScroller.upack)
[2023.03.09-15.05.09:877][  0]LogPakFile: OnPakFileMounted2Time == 0.000031
[2023.03.09-15.05.09:877][  0]LogPakFile: PakFile PrimaryIndexSize=192
[2023.03.09-15.05.09:877][  0]LogPakFile: PakFile PathHashIndexSize=101
[2023.03.09-15.05.09:877][  0]LogPakFile: PakFile FullDirectoryIndexSize=158
[2023.03.09-15.05.09:877][  0]LogShaderLibrary: Display: ShaderCodeLibraryPakFileMountedCallback: PakFile 'C:/Program Files/Epic Games/UE_4.27/FeaturePacks/TP_2DSideScrollerBP.upack' (chunk index -1, root 'root:/') mounted
[2023.03.09-15.05.09:877][  0]LogShaderLibrary: Display: ShaderCodeLibraryPakFileMountedCallback: pending pak file info (ChunkID:-1 Root:root:/ File:C:/Program Files/Epic Games/UE_4.27/FeaturePacks/TP_2DSideScrollerBP.upack)
[2023.03.09-15.05.09:878][  0]LogPakFile: OnPakFileMounted2Time == 0.000040
[2023.03.09-15.05.09:878][  0]LogPakFile: PakFile PrimaryIndexSize=182
[2023.03.09-15.05.09:878][  0]LogPakFile: PakFile PathHashIndexSize=101
[2023.03.09-15.05.09:878][  0]LogPakFile: PakFile FullDirectoryIndexSize=138
[2023.03.09-15.05.09:878][  0]LogShaderLibrary: Display: ShaderCodeLibraryPakFileMountedCallback: PakFile 'C:/Program Files/Epic Games/UE_4.27/FeaturePacks/TP_Flying.upack' (chunk index -1, root 'root:/') mounted
[2023.03.09-15.05.09:878][  0]LogShaderLibrary: Display: ShaderCodeLibraryPakFileMountedCallback: pending pak file info (ChunkID:-1 Root:root:/ File:C:/Program Files/Epic Games/UE_4.27/FeaturePacks/TP_Flying.upack)
[2023.03.09-15.05.09:878][  0]LogPakFile: OnPakFileMounted2Time == 0.000033
[2023.03.09-15.05.09:879][  0]LogPakFile: PakFile PrimaryIndexSize=184
[2023.03.09-15.05.09:879][  0]LogPakFile: PakFile PathHashIndexSize=101
[2023.03.09-15.05.09:879][  0]LogPakFile: PakFile FullDirectoryIndexSize=142
[2023.03.09-15.05.09:879][  0]LogShaderLibrary: Display: ShaderCodeLibraryPakFileMountedCallback: PakFile 'C:/Program Files/Epic Games/UE_4.27/FeaturePacks/TP_FlyingBP.upack' (chunk index -1, root 'root:/') mounted
[2023.03.09-15.05.09:879][  0]LogShaderLibrary: Display: ShaderCodeLibraryPakFileMountedCallback: pending pak file info (ChunkID:-1 Root:root:/ File:C:/Program Files/Epic Games/UE_4.27/FeaturePacks/TP_FlyingBP.upack)
[2023.03.09-15.05.09:879][  0]LogPakFile: OnPakFileMounted2Time == 0.000031
[2023.03.09-15.05.09:879][  0]LogPakFile: PakFile PrimaryIndexSize=188
[2023.03.09-15.05.09:879][  0]LogPakFile: PakFile PathHashIndexSize=101
[2023.03.09-15.05.09:879][  0]LogPakFile: PakFile FullDirectoryIndexSize=150
[2023.03.09-15.05.09:879][  0]LogShaderLibrary: Display: ShaderCodeLibraryPakFileMountedCallback: PakFile 'C:/Program Files/Epic Games/UE_4.27/FeaturePacks/TP_HandheldARBP.upack' (chunk index -1, root 'root:/') mounted
[2023.03.09-15.05.09:879][  0]LogShaderLibrary: Display: ShaderCodeLibraryPakFileMountedCallback: pending pak file info (ChunkID:-1 Root:root:/ File:C:/Program Files/Epic Games/UE_4.27/FeaturePacks/TP_HandheldARBP.upack)
[2023.03.09-15.05.09:879][  0]LogPakFile: OnPakFileMounted2Time == 0.000031
[2023.03.09-15.05.09:880][  0]LogPakFile: PakFile PrimaryIndexSize=182
[2023.03.09-15.05.09:880][  0]LogPakFile: PakFile PathHashIndexSize=101
[2023.03.09-15.05.09:880][  0]LogPakFile: PakFile FullDirectoryIndexSize=138
[2023.03.09-15.05.09:880][  0]LogShaderLibrary: Display: ShaderCodeLibraryPakFileMountedCallback: PakFile 'C:/Program Files/Epic Games/UE_4.27/FeaturePacks/TP_Puzzle.upack' (chunk index -1, root 'root:/') mounted
[2023.03.09-15.05.09:880][  0]LogShaderLibrary: Display: ShaderCodeLibraryPakFileMountedCallback: pending pak file info (ChunkID:-1 Root:root:/ File:C:/Program Files/Epic Games/UE_4.27/FeaturePacks/TP_Puzzle.upack)
[2023.03.09-15.05.09:880][  0]LogPakFile: OnPakFileMounted2Time == 0.000031
[2023.03.09-15.05.09:880][  0]LogPakFile: PakFile PrimaryIndexSize=184
[2023.03.09-15.05.09:880][  0]LogPakFile: PakFile PathHashIndexSize=101
[2023.03.09-15.05.09:880][  0]LogPakFile: PakFile FullDirectoryIndexSize=142
[2023.03.09-15.05.09:880][  0]LogShaderLibrary: Display: ShaderCodeLibraryPakFileMountedCallback: PakFile 'C:/Program Files/Epic Games/UE_4.27/FeaturePacks/TP_PuzzleBP.upack' (chunk index -1, root 'root:/') mounted
[2023.03.09-15.05.09:880][  0]LogShaderLibrary: Display: ShaderCodeLibraryPakFileMountedCallback: pending pak file info (ChunkID:-1 Root:root:/ File:C:/Program Files/Epic Games/UE_4.27/FeaturePacks/TP_PuzzleBP.upack)
[2023.03.09-15.05.09:880][  0]LogPakFile: OnPakFileMounted2Time == 0.000031
[2023.03.09-15.05.09:881][  0]LogPakFile: PakFile PrimaryIndexSize=183
[2023.03.09-15.05.09:881][  0]LogPakFile: PakFile PathHashIndexSize=101
[2023.03.09-15.05.09:881][  0]LogPakFile: PakFile FullDirectoryIndexSize=140
[2023.03.09-15.05.09:881][  0]LogShaderLibrary: Display: ShaderCodeLibraryPakFileMountedCallback: PakFile 'C:/Program Files/Epic Games/UE_4.27/FeaturePacks/TP_Rolling.upack' (chunk index -1, root 'root:/') mounted
[2023.03.09-15.05.09:881][  0]LogShaderLibrary: Display: ShaderCodeLibraryPakFileMountedCallback: pending pak file info (ChunkID:-1 Root:root:/ File:C:/Program Files/Epic Games/UE_4.27/FeaturePacks/TP_Rolling.upack)
[2023.03.09-15.05.09:881][  0]LogPakFile: OnPakFileMounted2Time == 0.000031
[2023.03.09-15.05.09:882][  0]LogPakFile: PakFile PrimaryIndexSize=185
[2023.03.09-15.05.09:882][  0]LogPakFile: PakFile PathHashIndexSize=101
[2023.03.09-15.05.09:882][  0]LogPakFile: PakFile FullDirectoryIndexSize=144
[2023.03.09-15.05.09:882][  0]LogShaderLibrary: Display: ShaderCodeLibraryPakFileMountedCallback: PakFile 'C:/Program Files/Epic Games/UE_4.27/FeaturePacks/TP_RollingBP.upack' (chunk index -1, root 'root:/') mounted
[2023.03.09-15.05.09:882][  0]LogShaderLibrary: Display: ShaderCodeLibraryPakFileMountedCallback: pending pak file info (ChunkID:-1 Root:root:/ File:C:/Program Files/Epic Games/UE_4.27/FeaturePacks/TP_RollingBP.upack)
[2023.03.09-15.05.09:882][  0]LogPakFile: OnPakFileMounted2Time == 0.000058
[2023.03.09-15.05.09:882][  0]LogPakFile: PakFile PrimaryIndexSize=188
[2023.03.09-15.05.09:882][  0]LogPakFile: PakFile PathHashIndexSize=101
[2023.03.09-15.05.09:882][  0]LogPakFile: PakFile FullDirectoryIndexSize=150
[2023.03.09-15.05.09:882][  0]LogShaderLibrary: Display: ShaderCodeLibraryPakFileMountedCallback: PakFile 'C:/Program Files/Epic Games/UE_4.27/FeaturePacks/TP_SideScroller.upack' (chunk index -1, root 'root:/') mounted
[2023.03.09-15.05.09:882][  0]LogShaderLibrary: Display: ShaderCodeLibraryPakFileMountedCallback: pending pak file info (ChunkID:-1 Root:root:/ File:C:/Program Files/Epic Games/UE_4.27/FeaturePacks/TP_SideScroller.upack)
[2023.03.09-15.05.09:882][  0]LogPakFile: OnPakFileMounted2Time == 0.000031
[2023.03.09-15.05.09:883][  0]LogPakFile: PakFile PrimaryIndexSize=190
[2023.03.09-15.05.09:883][  0]LogPakFile: PakFile PathHashIndexSize=101
[2023.03.09-15.05.09:883][  0]LogPakFile: PakFile FullDirectoryIndexSize=154
[2023.03.09-15.05.09:883][  0]LogShaderLibrary: Display: ShaderCodeLibraryPakFileMountedCallback: PakFile 'C:/Program Files/Epic Games/UE_4.27/FeaturePacks/TP_SideScrollerBP.upack' (chunk index -1, root 'root:/') mounted
[2023.03.09-15.05.09:883][  0]LogShaderLibrary: Display: ShaderCodeLibraryPakFileMountedCallback: pending pak file info (ChunkID:-1 Root:root:/ File:C:/Program Files/Epic Games/UE_4.27/FeaturePacks/TP_SideScrollerBP.upack)
[2023.03.09-15.05.09:883][  0]LogPakFile: OnPakFileMounted2Time == 0.000064
[2023.03.09-15.05.09:883][  0]LogPakFile: PakFile PrimaryIndexSize=187
[2023.03.09-15.05.09:883][  0]LogPakFile: PakFile PathHashIndexSize=101
[2023.03.09-15.05.09:883][  0]LogPakFile: PakFile FullDirectoryIndexSize=148
[2023.03.09-15.05.09:883][  0]LogShaderLibrary: Display: ShaderCodeLibraryPakFileMountedCallback: PakFile 'C:/Program Files/Epic Games/UE_4.27/FeaturePacks/TP_ThirdPerson.upack' (chunk index -1, root 'root:/') mounted
[2023.03.09-15.05.09:883][  0]LogShaderLibrary: Display: ShaderCodeLibraryPakFileMountedCallback: pending pak file info (ChunkID:-1 Root:root:/ File:C:/Program Files/Epic Games/UE_4.27/FeaturePacks/TP_ThirdPerson.upack)
[2023.03.09-15.05.09:883][  0]LogPakFile: OnPakFileMounted2Time == 0.000032
[2023.03.09-15.05.09:884][  0]LogPakFile: PakFile PrimaryIndexSize=189
[2023.03.09-15.05.09:884][  0]LogPakFile: PakFile PathHashIndexSize=101
[2023.03.09-15.05.09:884][  0]LogPakFile: PakFile FullDirectoryIndexSize=152
[2023.03.09-15.05.09:884][  0]LogShaderLibrary: Display: ShaderCodeLibraryPakFileMountedCallback: PakFile 'C:/Program Files/Epic Games/UE_4.27/FeaturePacks/TP_ThirdPersonBP.upack' (chunk index -1, root 'root:/') mounted
[2023.03.09-15.05.09:884][  0]LogShaderLibrary: Display: ShaderCodeLibraryPakFileMountedCallback: pending pak file info (ChunkID:-1 Root:root:/ File:C:/Program Files/Epic Games/UE_4.27/FeaturePacks/TP_ThirdPersonBP.upack)
[2023.03.09-15.05.09:884][  0]LogPakFile: OnPakFileMounted2Time == 0.000041
[2023.03.09-15.05.09:884][  0]LogPakFile: PakFile PrimaryIndexSize=183
[2023.03.09-15.05.09:884][  0]LogPakFile: PakFile PathHashIndexSize=101
[2023.03.09-15.05.09:884][  0]LogPakFile: PakFile FullDirectoryIndexSize=140
[2023.03.09-15.05.09:884][  0]LogShaderLibrary: Display: ShaderCodeLibraryPakFileMountedCallback: PakFile 'C:/Program Files/Epic Games/UE_4.27/FeaturePacks/TP_TopDown.upack' (chunk index -1, root 'root:/') mounted
[2023.03.09-15.05.09:884][  0]LogShaderLibrary: Display: ShaderCodeLibraryPakFileMountedCallback: pending pak file info (ChunkID:-1 Root:root:/ File:C:/Program Files/Epic Games/UE_4.27/FeaturePacks/TP_TopDown.upack)
[2023.03.09-15.05.09:884][  0]LogPakFile: OnPakFileMounted2Time == 0.000037
[2023.03.09-15.05.09:886][  0]LogPakFile: PakFile PrimaryIndexSize=185
[2023.03.09-15.05.09:886][  0]LogPakFile: PakFile PathHashIndexSize=101
[2023.03.09-15.05.09:886][  0]LogPakFile: PakFile FullDirectoryIndexSize=144
[2023.03.09-15.05.09:886][  0]LogShaderLibrary: Display: ShaderCodeLibraryPakFileMountedCallback: PakFile 'C:/Program Files/Epic Games/UE_4.27/FeaturePacks/TP_TopDownBP.upack' (chunk index -1, root 'root:/') mounted
[2023.03.09-15.05.09:886][  0]LogShaderLibrary: Display: ShaderCodeLibraryPakFileMountedCallback: pending pak file info (ChunkID:-1 Root:root:/ File:C:/Program Files/Epic Games/UE_4.27/FeaturePacks/TP_TopDownBP.upack)
[2023.03.09-15.05.09:886][  0]LogPakFile: OnPakFileMounted2Time == 0.000036
[2023.03.09-15.05.09:886][  0]LogPakFile: PakFile PrimaryIndexSize=185
[2023.03.09-15.05.09:886][  0]LogPakFile: PakFile PathHashIndexSize=101
[2023.03.09-15.05.09:886][  0]LogPakFile: PakFile FullDirectoryIndexSize=144
[2023.03.09-15.05.09:886][  0]LogShaderLibrary: Display: ShaderCodeLibraryPakFileMountedCallback: PakFile 'C:/Program Files/Epic Games/UE_4.27/FeaturePacks/TP_TwinStick.upack' (chunk index -1, root 'root:/') mounted
[2023.03.09-15.05.09:886][  0]LogShaderLibrary: Display: ShaderCodeLibraryPakFileMountedCallback: pending pak file info (ChunkID:-1 Root:root:/ File:C:/Program Files/Epic Games/UE_4.27/FeaturePacks/TP_TwinStick.upack)
[2023.03.09-15.05.09:886][  0]LogPakFile: OnPakFileMounted2Time == 0.000031
[2023.03.09-15.05.09:887][  0]LogPakFile: PakFile PrimaryIndexSize=187
[2023.03.09-15.05.09:887][  0]LogPakFile: PakFile PathHashIndexSize=101
[2023.03.09-15.05.09:887][  0]LogPakFile: PakFile FullDirectoryIndexSize=148
[2023.03.09-15.05.09:887][  0]LogShaderLibrary: Display: ShaderCodeLibraryPakFileMountedCallback: PakFile 'C:/Program Files/Epic Games/UE_4.27/FeaturePacks/TP_TwinStickBP.upack' (chunk index -1, root 'root:/') mounted
[2023.03.09-15.05.09:887][  0]LogShaderLibrary: Display: ShaderCodeLibraryPakFileMountedCallback: pending pak file info (ChunkID:-1 Root:root:/ File:C:/Program Files/Epic Games/UE_4.27/FeaturePacks/TP_TwinStickBP.upack)
[2023.03.09-15.05.09:887][  0]LogPakFile: OnPakFileMounted2Time == 0.000096
[2023.03.09-15.05.09:887][  0]LogPakFile: PakFile PrimaryIndexSize=183
[2023.03.09-15.05.09:887][  0]LogPakFile: PakFile PathHashIndexSize=101
[2023.03.09-15.05.09:887][  0]LogPakFile: PakFile FullDirectoryIndexSize=140
[2023.03.09-15.05.09:887][  0]LogShaderLibrary: Display: ShaderCodeLibraryPakFileMountedCallback: PakFile 'C:/Program Files/Epic Games/UE_4.27/FeaturePacks/TP_Vehicle.upack' (chunk index -1, root 'root:/') mounted
[2023.03.09-15.05.09:887][  0]LogShaderLibrary: Display: ShaderCodeLibraryPakFileMountedCallback: pending pak file info (ChunkID:-1 Root:root:/ File:C:/Program Files/Epic Games/UE_4.27/FeaturePacks/TP_Vehicle.upack)
[2023.03.09-15.05.09:887][  0]LogPakFile: OnPakFileMounted2Time == 0.000032
[2023.03.09-15.05.09:888][  0]LogPakFile: PakFile PrimaryIndexSize=186
[2023.03.09-15.05.09:888][  0]LogPakFile: PakFile PathHashIndexSize=101
[2023.03.09-15.05.09:888][  0]LogPakFile: PakFile FullDirectoryIndexSize=146
[2023.03.09-15.05.09:888][  0]LogShaderLibrary: Display: ShaderCodeLibraryPakFileMountedCallback: PakFile 'C:/Program Files/Epic Games/UE_4.27/FeaturePacks/TP_VehicleAdv.upack' (chunk index -1, root 'root:/') mounted
[2023.03.09-15.05.09:888][  0]LogShaderLibrary: Display: ShaderCodeLibraryPakFileMountedCallback: pending pak file info (ChunkID:-1 Root:root:/ File:C:/Program Files/Epic Games/UE_4.27/FeaturePacks/TP_VehicleAdv.upack)
[2023.03.09-15.05.09:888][  0]LogPakFile: OnPakFileMounted2Time == 0.000033
[2023.03.09-15.05.09:889][  0]LogPakFile: PakFile PrimaryIndexSize=188
[2023.03.09-15.05.09:889][  0]LogPakFile: PakFile PathHashIndexSize=101
[2023.03.09-15.05.09:889][  0]LogPakFile: PakFile FullDirectoryIndexSize=150
[2023.03.09-15.05.09:889][  0]LogShaderLibrary: Display: ShaderCodeLibraryPakFileMountedCallback: PakFile 'C:/Program Files/Epic Games/UE_4.27/FeaturePacks/TP_VehicleAdvBP.upack' (chunk index -1, root 'root:/') mounted
[2023.03.09-15.05.09:889][  0]LogShaderLibrary: Display: ShaderCodeLibraryPakFileMountedCallback: pending pak file info (ChunkID:-1 Root:root:/ File:C:/Program Files/Epic Games/UE_4.27/FeaturePacks/TP_VehicleAdvBP.upack)
[2023.03.09-15.05.09:889][  0]LogPakFile: OnPakFileMounted2Time == 0.000031
[2023.03.09-15.05.09:889][  0]LogPakFile: PakFile PrimaryIndexSize=185
[2023.03.09-15.05.09:889][  0]LogPakFile: PakFile PathHashIndexSize=101
[2023.03.09-15.05.09:889][  0]LogPakFile: PakFile FullDirectoryIndexSize=144
[2023.03.09-15.05.09:889][  0]LogShaderLibrary: Display: ShaderCodeLibraryPakFileMountedCallback: PakFile 'C:/Program Files/Epic Games/UE_4.27/FeaturePacks/TP_VehicleBP.upack' (chunk index -1, root 'root:/') mounted
[2023.03.09-15.05.09:889][  0]LogShaderLibrary: Display: ShaderCodeLibraryPakFileMountedCallback: pending pak file info (ChunkID:-1 Root:root:/ File:C:/Program Files/Epic Games/UE_4.27/FeaturePacks/TP_VehicleBP.upack)
[2023.03.09-15.05.09:889][  0]LogPakFile: OnPakFileMounted2Time == 0.000032
[2023.03.09-15.05.09:890][  0]LogPakFile: PakFile PrimaryIndexSize=192
[2023.03.09-15.05.09:890][  0]LogPakFile: PakFile PathHashIndexSize=101
[2023.03.09-15.05.09:890][  0]LogPakFile: PakFile FullDirectoryIndexSize=158
[2023.03.09-15.05.09:890][  0]LogShaderLibrary: Display: ShaderCodeLibraryPakFileMountedCallback: PakFile 'C:/Program Files/Epic Games/UE_4.27/FeaturePacks/TP_VirtualRealityBP.upack' (chunk index -1, root 'root:/') mounted
[2023.03.09-15.05.09:890][  0]LogShaderLibrary: Display: ShaderCodeLibraryPakFileMountedCallback: pending pak file info (ChunkID:-1 Root:root:/ File:C:/Program Files/Epic Games/UE_4.27/FeaturePacks/TP_VirtualRealityBP.upack)
[2023.03.09-15.05.09:890][  0]LogPakFile: OnPakFileMounted2Time == 0.000076
[2023.03.09-15.05.09:948][  0]LogNativeClassHierarchy: Verbose: Native class hierarchy updated for 'AddContentDialog' in 0.0003 seconds. Added 0 classes and 0 folders.
[2023.03.09-15.05.09:950][  0]LogNativeClassHierarchy: Verbose: Native class hierarchy updated for 'SceneOutliner' in 0.0002 seconds. Added 2 classes and 0 folders.
[2023.03.09-15.05.10:468][  0]LogSlate: Only BGRA pngs, bmps or icos are supported in by External Image Picker
[2023.03.09-15.05.10:597][  0]LogSlate: Took 0.000387 seconds to synchronously load lazily loaded font '../../../Engine/Content/Slate/Fonts/Roboto-Regular.ttf' (155K)
[2023.03.09-15.05.10:598][  0]LogSlate: Took 0.000220 seconds to synchronously load lazily loaded font '../../../Engine/Content/Editor/Slate/Fonts/FontAwesome.ttf' (139K)
[2023.03.09-15.05.10:599][  0]LogSlate: Took 0.000181 seconds to synchronously load lazily loaded font '../../../Engine/Content/Slate/Fonts/Roboto-Bold.ttf' (160K)
[2023.03.09-15.05.10:705][  0]LogRenderer: Reallocating scene render targets to support 824x428 Format 10 NumSamples 1 (Frame:1).
[2023.03.09-15.05.10:801][  0]LogNativeClassHierarchy: Verbose: Native class hierarchy updated for 'HierarchicalLODOutliner' in 0.0002 seconds. Added 0 classes and 0 folders.
[2023.03.09-15.05.10:801][  0]LogLoad: (Engine Initialization) Total time: 9.08 seconds
[2023.03.09-15.05.10:801][  0]LogLoad: (Engine Initialization) Total Blueprint compile time: 0.00 seconds
[2023.03.09-15.05.10:932][  0]LogAssetRegistry: Asset discovery search completed in 5.3490 seconds
[2023.03.09-15.05.10:937][  0]LogCollectionManager: Fixed up redirectors for 0 collections in 0.000004 seconds (updated 0 objects)
[2023.03.09-15.05.10:938][  0]LogContentStreaming: Texture pool size now 1000 MB
[2023.03.09-15.05.10:980][  2]LogSlate: Took 0.000204 seconds to synchronously load lazily loaded font '../../../Engine/Content/Slate/Fonts/Roboto-Light.ttf' (167K)
[2023.03.09-15.05.11:096][  8]LogSlate: Took 0.002660 seconds to synchronously load lazily loaded font '../../../Engine/Content/Slate/Fonts/DroidSansFallback.ttf' (3848K)
