Log file open, 03/09/23 13:47:10
LogWindows: Failed to load 'aqProf.dll' (GetLastError=126)
LogWindows: File 'aqProf.dll' does not exist
LogWindows: Failed to load 'VtuneApi.dll' (GetLastError=126)
LogWindows: File 'VtuneApi.dll' does not exist
LogWindows: Failed to load 'VtuneApi32e.dll' (GetLastError=126)
LogWindows: File 'VtuneApi32e.dll' does not exist
LogConsoleResponse: Display: Failed to find resolution value strings in scalability ini. Falling back to default.
LogConsoleResponse: Display: Failed to find resolution value strings in scalability ini. Falling back to default.
LogInit: Display: Running engine for game: PlatformerPt2
LogPlatformFile: Not using cached read wrapper
LogTaskGraph: Started task graph with 5 named threads and 47 total threads with 3 sets of task threads.
LogStats: Stats thread started at 0.322330
LogICUInternationalization: ICU TimeZone Detection - Raw Offset: +1:00, Platform Override: ''
LogInit: Display: Loading text-based GConfig....
LogPluginManager: Mounting plugin MeshPainting
LogPluginManager: Mounting plugin XGEController
LogPluginManager: Mounting plugin Paper2D
LogPluginManager: Mounting plugin AISupport
LogPluginManager: Mounting plugin EnvironmentQueryEditor
LogPluginManager: Mounting plugin LiveLink
LogPluginManager: Mounting plugin OodleNetwork
LogPluginManager: Mounting plugin AnimationSharing
LogPluginManager: Mounting plugin LightPropagationVolume
LogPluginManager: Mounting plugin OodleData
LogPluginManager: Mounting plugin ChaosCloth
LogPluginManager: Mounting plugin CLionSourceCodeAccess
LogPluginManager: Mounting plugin BackChannel
LogPluginManager: Mounting plugin AlembicImporter
LogPluginManager: Mounting plugin CodeLiteSourceCodeAccess
LogPluginManager: Mounting plugin AutomationUtils
LogPluginManager: Mounting plugin KDevelopSourceCodeAccess
LogPluginManager: Mounting plugin GitSourceControl
LogPluginManager: Mounting plugin ChaosClothEditor
LogPluginManager: Mounting plugin ChaosNiagara
LogPluginManager: Mounting plugin NullSourceCodeAccess
LogPluginManager: Mounting plugin ChaosEditor
LogPluginManager: Mounting plugin PerforceSourceControl
LogPluginManager: Mounting plugin PixWinPlugin
LogPluginManager: Mounting plugin PlasticSourceControl
LogPluginManager: Mounting plugin CharacterAI
LogPluginManager: Mounting plugin ChaosSolverPlugin
LogPluginManager: Mounting plugin PluginUtils
LogPluginManager: Mounting plugin RiderSourceCodeAccess
LogPluginManager: Mounting plugin PropertyAccessNode
LogPluginManager: Mounting plugin SubversionSourceControl
LogPluginManager: Mounting plugin TextureFormatOodle
LogPluginManager: Mounting plugin UObjectPlugin
LogPluginManager: Mounting plugin AssetManagerEditor
LogPluginManager: Mounting plugin CryptoKeys
LogPluginManager: Mounting plugin CurveEditorTools
LogPluginManager: Mounting plugin DataValidation
LogPluginManager: Mounting plugin FacialAnimation
LogPluginManager: Mounting plugin GameplayTagsEditor
LogPluginManager: Mounting plugin GeometryMode
LogPluginManager: Mounting plugin MacGraphicsSwitching
LogPluginManager: Mounting plugin MaterialAnalyzer
LogPluginManager: Mounting plugin PluginBrowser
LogPluginManager: Mounting plugin MobileLauncherProfileWizard
LogPluginManager: Mounting plugin VisualStudioSourceCodeAccess
LogPluginManager: Mounting plugin VisualStudioCodeSourceCodeAccess
LogPluginManager: Mounting plugin Niagara
LogPluginManager: Mounting plugin SpeedTreeImporter
LogPluginManager: Mounting plugin XCodeSourceCodeAccess
LogPluginManager: Mounting plugin DatasmithContent
LogPluginManager: Mounting plugin GeometryCache
LogPluginManager: Mounting plugin GeometryCollectionPlugin
LogPluginManager: Mounting plugin VariantManagerContent
LogPluginManager: Mounting plugin GeometryProcessing
LogPluginManager: Mounting plugin OpenImageDenoise
LogPluginManager: Mounting plugin MotoSynth
LogPluginManager: Mounting plugin PlanarCut
LogPluginManager: Mounting plugin PlatformCrypto
LogPluginManager: Mounting plugin ProxyLODPlugin
LogPluginManager: Mounting plugin PythonScriptPlugin
LogPluginManager: Mounting plugin LuminPlatformFeatures
LogPluginManager: Mounting plugin MagicLeap
LogPluginManager: Mounting plugin MagicLeapLightEstimation
LogPluginManager: Mounting plugin MagicLeapMedia
LogPluginManager: Mounting plugin MagicLeapPassableWorld
LogPluginManager: Mounting plugin MLSDK
LogPluginManager: Mounting plugin AndroidMedia
LogPluginManager: Mounting plugin AvfMedia
LogPluginManager: Mounting plugin TcpMessaging
LogPluginManager: Mounting plugin UdpMessaging
LogPluginManager: Mounting plugin ImgMedia
LogPluginManager: Mounting plugin MediaCompositing
LogPluginManager: Mounting plugin ActorSequence
LogPluginManager: Mounting plugin LevelSequenceEditor
LogPluginManager: Mounting plugin MatineeToLevelSequence
LogPluginManager: Mounting plugin TemplateSequence
LogPluginManager: Mounting plugin WebMMedia
LogPluginManager: Mounting plugin WmfMedia
LogPluginManager: Mounting plugin MediaPlayerEditor
LogPluginManager: Mounting plugin ScreenshotTools
LogPluginManager: Mounting plugin ActorLayerUtilities
LogPluginManager: Mounting plugin AndroidDeviceProfileSelector
LogPluginManager: Mounting plugin SkeletalReduction
LogPluginManager: Mounting plugin AndroidPermission
LogPluginManager: Mounting plugin AppleImageUtils
LogPluginManager: Mounting plugin ArchVisCharacter
LogPluginManager: Mounting plugin AppleMoviePlayer
LogPluginManager: Mounting plugin AudioCapture
LogPluginManager: Mounting plugin AssetTags
LogPluginManager: Mounting plugin AudioSynesthesia
LogPluginManager: Mounting plugin AndroidMoviePlayer
LogPluginManager: Mounting plugin CableComponent
LogPluginManager: Mounting plugin CustomMeshComponent
LogPluginManager: Mounting plugin EditableMesh
LogPluginManager: Mounting plugin ExampleDeviceProfileSelector
LogPluginManager: Mounting plugin GoogleCloudMessaging
LogPluginManager: Mounting plugin LinuxDeviceProfileSelector
LogPluginManager: Mounting plugin GooglePAD
LogPluginManager: Mounting plugin IOSDeviceProfileSelector
LogPluginManager: Mounting plugin ChunkDownloader
LogPluginManager: Mounting plugin LocationServicesBPLibrary
LogPluginManager: Mounting plugin MobilePatchingUtils
LogPluginManager: Mounting plugin OpenXREyeTracker
LogPluginManager: Mounting plugin OpenXR
LogPluginManager: Mounting plugin OpenXRHandTracking
LogPluginManager: Mounting plugin PhysXVehicles
LogPluginManager: Mounting plugin ProceduralMeshComponent
LogPluginManager: Mounting plugin PropertyAccessEditor
LogPluginManager: Mounting plugin RuntimePhysXCooking
LogPluginManager: Mounting plugin SignificanceManager
LogPluginManager: Mounting plugin SoundFields
LogPluginManager: Mounting plugin PostSplashScreen
LogPluginManager: Mounting plugin Synthesis
LogPluginManager: Mounting plugin LauncherChunkInstaller
LogPluginManager: Mounting plugin Takes
LogPluginManager: Mounting plugin WebMMoviePlayer
LogPluginManager: Mounting plugin WindowsMoviePlayer
LogPluginManager: Mounting plugin OnlineSubsystem
LogPluginManager: Mounting plugin OnlineSubsystemNull
LogPluginManager: Mounting plugin OnlineSubsystemUtils
LogPluginManager: Mounting plugin GameplayCameras
LogPluginManager: Mounting plugin CameraShakePreviewer
LogPluginManager: Mounting plugin ContentBrowserAssetDataSource
LogPluginManager: Mounting plugin ContentBrowserFileDataSource
LogPluginManager: Mounting plugin ContentBrowserClassDataSource
LogPluginManager: Mounting plugin OculusVR
LogPluginManager: Mounting plugin SteamVR
LogPluginManager: Mounting plugin OnlineSubsystemGooglePlay
LogPluginManager: Mounting plugin OnlineSubsystemIOS
PixWinPlugin: PIX capture plugin failed to initialize! Check that the process is launched from PIX.
LogInit: Using libcurl 7.55.1-DEV
LogInit:  - built for x86_64-pc-win32
LogInit:  - supports SSL with OpenSSL/1.1.1
LogInit:  - supports HTTP deflate (compression) using libz 1.2.8
LogInit:  - other features:
LogInit:      CURL_VERSION_SSL
LogInit:      CURL_VERSION_LIBZ
LogInit:      CURL_VERSION_IPV6
LogInit:      CURL_VERSION_ASYNCHDNS
LogInit:      CURL_VERSION_LARGEFILE
LogInit:      CURL_VERSION_IDN
LogInit:  CurlRequestOptions (configurable via config and command line):
LogInit:  - bVerifyPeer = true  - Libcurl will verify peer certificate
LogInit:  - bUseHttpProxy = false  - Libcurl will NOT use HTTP proxy
LogInit:  - bDontReuseConnections = false  - Libcurl will reuse connections
LogInit:  - MaxHostConnections = 16  - Libcurl will limit the number of connections to a host
LogInit:  - LocalHostAddr = Default
LogInit:  - BufferSize = 65536
LogOnline: OSS: Creating online subsystem instance for: NULL
LogInit: WinSock: version 1.1 (2.2), MaxSocks=32767, MaxUdp=65467
LogOnline: OSS: TryLoadSubsystemAndSetDefault: Loaded subsystem for module [NULL]
LogOculusPluginWrapper: OculusPlugin initialized successfully
LogHMD: Failed initializing OVRPlugin 1.59.0
LogInit: Build: ++UE4+Release-4.27-CL-18319896
LogInit: Engine Version: 4.27.2-18319896+++UE4+Release-4.27
LogInit: Compatible Engine Version: 4.27.0-17155196+++UE4+Release-4.27
LogInit: Net CL: 17155196
LogInit: OS: Windows 10 (Release 2009) (), CPU: Intel(R) Core(TM) i7-10870H CPU @ 2.20GHz, GPU: Intel(R) UHD Graphics
LogInit: Compiled (64-bit): Nov 30 2021 07:12:08
LogInit: Compiled with Visual C++: 19.24.28315.00
LogInit: Build Configuration: Development
LogInit: Branch Name: ++UE4+Release-4.27
LogInit: Command Line:  /Game/Maps/Maptest -game -PIEVIACONSOLE -Multiprocess GameUserSettingsINI=C:/Users/louis/Documents/GitHub/SpaceFormsPt2/Saved/Config/Windows/PIEGameUserSettings0.ini -MultiprocessSaveConfig -forcepassthrough -messaging -SessionName="Play in Standalone Game" -windowed -WinX=1 -WinY=31 SAVEWINPOS=1 -ResX=1910 -ResY=986
LogInit: Base Directory: C:/Program Files/Epic Games/UE_4.27/Engine/Binaries/Win64/
LogInit: Allocator: TBB
LogInit: Installed Engine Build: 1
LogDevObjectVersion: Number of dev versions registered: 29
LogDevObjectVersion:   Dev-Blueprints (B0D832E4-1F89-4F0D-ACCF-7EB736FD4AA2): 10
LogDevObjectVersion:   Dev-Build (E1C64328-A22C-4D53-A36C-8E866417BD8C): 0
LogDevObjectVersion:   Dev-Core (375EC13C-06E4-48FB-B500-84F0262A717E): 4
LogDevObjectVersion:   Dev-Editor (E4B068ED-F494-42E9-A231-DA0B2E46BB41): 40
LogDevObjectVersion:   Dev-Framework (CFFC743F-43B0-4480-9391-14DF171D2073): 37
LogDevObjectVersion:   Dev-Mobile (B02B49B5-BB20-44E9-A304-32B752E40360): 3
LogDevObjectVersion:   Dev-Networking (A4E4105C-59A1-49B5-A7C5-40C4547EDFEE): 0
LogDevObjectVersion:   Dev-Online (39C831C9-5AE6-47DC-9A44-9C173E1C8E7C): 0
LogDevObjectVersion:   Dev-Physics (78F01B33-EBEA-4F98-B9B4-84EACCB95AA2): 14
LogDevObjectVersion:   Dev-Platform (6631380F-2D4D-43E0-8009-CF276956A95A): 0
LogDevObjectVersion:   Dev-Rendering (12F88B9F-8875-4AFC-A67C-D90C383ABD29): 45
LogDevObjectVersion:   Dev-Sequencer (7B5AE74C-D270-4C10-A958-57980B212A5A): 13
LogDevObjectVersion:   Dev-VR (D7296918-1DD6-4BDD-9DE2-64A83CC13884): 3
LogDevObjectVersion:   Dev-LoadTimes (C2A15278-BFE7-4AFE-6C17-90FF531DF755): 1
LogDevObjectVersion:   Private-Geometry (6EACA3D4-40EC-4CC1-B786-8BED09428FC5): 3
LogDevObjectVersion:   Dev-AnimPhys (29E575DD-E0A3-4627-9D10-D276232CDCEA): 17
LogDevObjectVersion:   Dev-Anim (AF43A65D-7FD3-4947-9873-3E8ED9C1BB05): 15
LogDevObjectVersion:   Dev-ReflectionCapture (6B266CEC-1EC7-4B8F-A30B-E4D90942FC07): 1
LogDevObjectVersion:   Dev-Automation (0DF73D61-A23F-47EA-B727-89E90C41499A): 1
LogDevObjectVersion:   FortniteMain (601D1886-AC64-4F84-AA16-D3DE0DEAC7D6): 47
LogDevObjectVersion:   FortniteRelease (E7086368-6B23-4C58-8439-1B7016265E91): 1
LogDevObjectVersion:   Dev-Enterprise (9DFFBCD6-494F-0158-E221-12823C92A888): 10
LogDevObjectVersion:   Dev-Niagara (F2AED0AC-9AFE-416F-8664-AA7FFA26D6FC): 1
LogDevObjectVersion:   Dev-Destruction (174F1F0B-B4C6-45A5-B13F-2EE8D0FB917D): 10
LogDevObjectVersion:   Dev-Physics-Ext (35F94A83-E258-406C-A318-09F59610247C): 41
LogDevObjectVersion:   Dev-PhysicsMaterial-Chaos (B68FC16E-8B1B-42E2-B453-215C058844FE): 1
LogDevObjectVersion:   Dev-CineCamera (B2E18506-4273-CFC2-A54E-F4BB758BBA07): 1
LogDevObjectVersion:   Dev-VirtualProduction (64F58936-FD1B-42BA-BA96-7289D5D0FA4E): 1
LogDevObjectVersion:   Dev-MediaFramework (6F0ED827-A609-4895-9C91-998D90180EA4): 2
LogInit: Presizing for max 25165824 objects, including 0 objects not considered by GC, pre-allocating 0 bytes for permanent pool.
LogConfig: Applying CVar settings from Section [/Script/Engine.StreamingSettings] File [C:/Users/louis/Documents/GitHub/SpaceFormsPt2/Saved/Config/Windows/Engine.ini]
LogConfig: Setting CVar [[s.MinBulkDataSizeForAsyncLoading:131072]]
LogConfig: Setting CVar [[s.AsyncLoadingThreadEnabled:0]]
LogConfig: Setting CVar [[s.EventDrivenLoaderEnabled:1]]
LogConfig: Setting CVar [[s.WarnIfTimeLimitExceeded:0]]
LogConfig: Setting CVar [[s.TimeLimitExceededMultiplier:1.5]]
LogConfig: Setting CVar [[s.TimeLimitExceededMinTime:0.005]]
LogConfig: Setting CVar [[s.UseBackgroundLevelStreaming:1]]
LogConfig: Setting CVar [[s.PriorityAsyncLoadingExtraTime:15.0]]
LogConfig: Setting CVar [[s.LevelStreamingActorsUpdateTimeLimit:5.0]]
LogConfig: Setting CVar [[s.PriorityLevelStreamingActorsUpdateExtraTime:5.0]]
LogConfig: Setting CVar [[s.LevelStreamingComponentsRegistrationGranularity:10]]
LogConfig: Setting CVar [[s.UnregisterComponentsTimeLimit:1.0]]
LogConfig: Setting CVar [[s.LevelStreamingComponentsUnregistrationGranularity:5]]
LogConfig: Setting CVar [[s.FlushStreamingOnExit:1]]
LogInit: Object subsystem initialized
LogConfig: Setting CVar [[con.DebugEarlyDefault:1]]
LogConfig: Setting CVar [[r.setres:1280x720]]
[2023.03.09-12.47.10:955][  0]LogConfig: Setting CVar [[con.DebugEarlyDefault:1]]
[2023.03.09-12.47.10:955][  0]LogConfig: Setting CVar [[r.setres:1280x720]]
[2023.03.09-12.47.10:955][  0]LogConfig: Applying CVar settings from Section [/Script/Engine.RendererSettings] File [C:/Users/louis/Documents/GitHub/SpaceFormsPt2/Saved/Config/Windows/Engine.ini]
[2023.03.09-12.47.10:955][  0]LogConfig: Setting CVar [[r.GPUCrashDebugging:0]]
[2023.03.09-12.47.10:955][  0]LogConfig: Setting CVar [[r.DefaultFeature.AutoExposure:0]]
[2023.03.09-12.47.10:955][  0]LogConfig: Applying CVar settings from Section [/Script/Engine.RendererOverrideSettings] File [C:/Users/louis/Documents/GitHub/SpaceFormsPt2/Saved/Config/Windows/Engine.ini]
[2023.03.09-12.47.10:955][  0]LogConfig: Applying CVar settings from Section [/Script/Engine.StreamingSettings] File [C:/Users/louis/Documents/GitHub/SpaceFormsPt2/Saved/Config/Windows/Engine.ini]
[2023.03.09-12.47.10:955][  0]LogConfig: Setting CVar [[s.MinBulkDataSizeForAsyncLoading:131072]]
[2023.03.09-12.47.10:955][  0]LogConfig: Setting CVar [[s.AsyncLoadingThreadEnabled:0]]
[2023.03.09-12.47.10:955][  0]LogConfig: Setting CVar [[s.EventDrivenLoaderEnabled:1]]
[2023.03.09-12.47.10:955][  0]LogConfig: Setting CVar [[s.WarnIfTimeLimitExceeded:0]]
[2023.03.09-12.47.10:955][  0]LogConfig: Setting CVar [[s.TimeLimitExceededMultiplier:1.5]]
[2023.03.09-12.47.10:955][  0]LogConfig: Setting CVar [[s.TimeLimitExceededMinTime:0.005]]
[2023.03.09-12.47.10:955][  0]LogConfig: Setting CVar [[s.UseBackgroundLevelStreaming:1]]
[2023.03.09-12.47.10:955][  0]LogConfig: Setting CVar [[s.PriorityAsyncLoadingExtraTime:15.0]]
[2023.03.09-12.47.10:955][  0]LogConfig: Setting CVar [[s.LevelStreamingActorsUpdateTimeLimit:5.0]]
[2023.03.09-12.47.10:955][  0]LogConfig: Setting CVar [[s.PriorityLevelStreamingActorsUpdateExtraTime:5.0]]
[2023.03.09-12.47.10:955][  0]LogConfig: Setting CVar [[s.LevelStreamingComponentsRegistrationGranularity:10]]
[2023.03.09-12.47.10:955][  0]LogConfig: Setting CVar [[s.UnregisterComponentsTimeLimit:1.0]]
[2023.03.09-12.47.10:955][  0]LogConfig: Setting CVar [[s.LevelStreamingComponentsUnregistrationGranularity:5]]
[2023.03.09-12.47.10:955][  0]LogConfig: Setting CVar [[s.FlushStreamingOnExit:1]]
[2023.03.09-12.47.10:955][  0]LogConfig: Applying CVar settings from Section [/Script/Engine.GarbageCollectionSettings] File [C:/Users/louis/Documents/GitHub/SpaceFormsPt2/Saved/Config/Windows/Engine.ini]
[2023.03.09-12.47.10:955][  0]LogConfig: Setting CVar [[gc.MaxObjectsNotConsideredByGC:1]]
[2023.03.09-12.47.10:955][  0]LogConfig: Setting CVar [[gc.SizeOfPermanentObjectPool:0]]
[2023.03.09-12.47.10:955][  0]LogConfig: Setting CVar [[gc.FlushStreamingOnGC:0]]
[2023.03.09-12.47.10:955][  0]LogConfig: Setting CVar [[gc.NumRetriesBeforeForcingGC:10]]
[2023.03.09-12.47.10:955][  0]LogConfig: Setting CVar [[gc.AllowParallelGC:1]]
[2023.03.09-12.47.10:955][  0]LogConfig: Setting CVar [[gc.TimeBetweenPurgingPendingKillObjects:61.1]]
[2023.03.09-12.47.10:955][  0]LogConfig: Setting CVar [[gc.MaxObjectsInEditor:25165824]]
[2023.03.09-12.47.10:955][  0]LogConfig: Setting CVar [[gc.IncrementalBeginDestroyEnabled:1]]
[2023.03.09-12.47.10:955][  0]LogConfig: Setting CVar [[gc.CreateGCClusters:1]]
[2023.03.09-12.47.10:955][  0]LogConfig: Setting CVar [[gc.MinGCClusterSize:5]]
[2023.03.09-12.47.10:955][  0]LogConfig: Setting CVar [[gc.ActorClusteringEnabled:0]]
[2023.03.09-12.47.10:955][  0]LogConfig: Setting CVar [[gc.BlueprintClusteringEnabled:0]]
[2023.03.09-12.47.10:955][  0]LogConfig: Setting CVar [[gc.UseDisregardForGCOnDedicatedServers:0]]
[2023.03.09-12.47.10:955][  0]LogConfig: Setting CVar [[gc.MultithreadedDestructionEnabled:1]]
[2023.03.09-12.47.10:955][  0]LogConfig: Applying CVar settings from Section [/Script/Engine.NetworkSettings] File [C:/Users/louis/Documents/GitHub/SpaceFormsPt2/Saved/Config/Windows/Engine.ini]
[2023.03.09-12.47.10:955][  0]LogConfig: Applying CVar settings from Section [/Script/UnrealEd.CookerSettings] File [C:/Users/louis/Documents/GitHub/SpaceFormsPt2/Saved/Config/Windows/Engine.ini]
[2023.03.09-12.47.10:968][  0]LogConfig: Applying CVar settings from Section [ViewDistanceQuality@3] File [C:/Users/louis/Documents/GitHub/SpaceFormsPt2/Saved/Config/Windows/Scalability.ini]
[2023.03.09-12.47.10:968][  0]LogConfig: Setting CVar [[r.SkeletalMeshLODBias:0]]
[2023.03.09-12.47.10:968][  0]LogConfig: Setting CVar [[r.ViewDistanceScale:1.0]]
[2023.03.09-12.47.10:968][  0]LogConfig: Applying CVar settings from Section [AntiAliasingQuality@3] File [C:/Users/louis/Documents/GitHub/SpaceFormsPt2/Saved/Config/Windows/Scalability.ini]
[2023.03.09-12.47.10:968][  0]LogConfig: Setting CVar [[r.PostProcessAAQuality:4]]
[2023.03.09-12.47.10:968][  0]LogConfig: Applying CVar settings from Section [ShadowQuality@3] File [C:/Users/louis/Documents/GitHub/SpaceFormsPt2/Saved/Config/Windows/Scalability.ini]
[2023.03.09-12.47.10:968][  0]LogConfig: Setting CVar [[r.LightFunctionQuality:1]]
[2023.03.09-12.47.10:968][  0]LogConfig: Setting CVar [[r.ShadowQuality:5]]
[2023.03.09-12.47.10:968][  0]LogConfig: Setting CVar [[r.Shadow.CSM.MaxCascades:10]]
[2023.03.09-12.47.10:968][  0]LogConfig: Setting CVar [[r.Shadow.MaxResolution:2048]]
[2023.03.09-12.47.10:968][  0]LogConfig: Setting CVar [[r.Shadow.MaxCSMResolution:2048]]
[2023.03.09-12.47.10:968][  0]LogConfig: Setting CVar [[r.Shadow.RadiusThreshold:0.01]]
[2023.03.09-12.47.10:969][  0]LogConfig: Setting CVar [[r.Shadow.DistanceScale:1.0]]
[2023.03.09-12.47.10:969][  0]LogConfig: Setting CVar [[r.Shadow.CSM.TransitionScale:1.0]]
[2023.03.09-12.47.10:969][  0]LogConfig: Setting CVar [[r.Shadow.PreShadowResolutionFactor:1.0]]
[2023.03.09-12.47.10:969][  0]LogConfig: Setting CVar [[r.DistanceFieldShadowing:1]]
[2023.03.09-12.47.10:969][  0]LogConfig: Setting CVar [[r.DistanceFieldAO:1]]
[2023.03.09-12.47.10:969][  0]LogConfig: Setting CVar [[r.AOQuality:2]]
[2023.03.09-12.47.10:969][  0]LogConfig: Setting CVar [[r.VolumetricFog:1]]
[2023.03.09-12.47.10:969][  0]LogConfig: Setting CVar [[r.VolumetricFog.GridPixelSize:8]]
[2023.03.09-12.47.10:969][  0]LogConfig: Setting CVar [[r.VolumetricFog.GridSizeZ:128]]
[2023.03.09-12.47.10:969][  0]LogConfig: Setting CVar [[r.VolumetricFog.HistoryMissSupersampleCount:4]]
[2023.03.09-12.47.10:969][  0]LogConfig: Setting CVar [[r.LightMaxDrawDistanceScale:1]]
[2023.03.09-12.47.10:969][  0]LogConfig: Setting CVar [[r.CapsuleShadows:1]]
[2023.03.09-12.47.10:969][  0]LogConfig: Applying CVar settings from Section [PostProcessQuality@3] File [C:/Users/louis/Documents/GitHub/SpaceFormsPt2/Saved/Config/Windows/Scalability.ini]
[2023.03.09-12.47.10:969][  0]LogConfig: Setting CVar [[r.MotionBlurQuality:4]]
[2023.03.09-12.47.10:969][  0]LogConfig: Setting CVar [[r.AmbientOcclusionMipLevelFactor:0.4]]
[2023.03.09-12.47.10:969][  0]LogConfig: Setting CVar [[r.AmbientOcclusionMaxQuality:100]]
[2023.03.09-12.47.10:969][  0]LogConfig: Setting CVar [[r.AmbientOcclusionLevels:-1]]
[2023.03.09-12.47.10:969][  0]LogConfig: Setting CVar [[r.AmbientOcclusionRadiusScale:1.0]]
[2023.03.09-12.47.10:969][  0]LogConfig: Setting CVar [[r.DepthOfFieldQuality:2]]
[2023.03.09-12.47.10:969][  0]LogConfig: Setting CVar [[r.RenderTargetPoolMin:400]]
[2023.03.09-12.47.10:969][  0]LogConfig: Setting CVar [[r.LensFlareQuality:2]]
[2023.03.09-12.47.10:969][  0]LogConfig: Setting CVar [[r.SceneColorFringeQuality:1]]
[2023.03.09-12.47.10:969][  0]LogConfig: Setting CVar [[r.EyeAdaptationQuality:2]]
[2023.03.09-12.47.10:969][  0]LogConfig: Setting CVar [[r.BloomQuality:5]]
[2023.03.09-12.47.10:969][  0]LogConfig: Setting CVar [[r.FastBlurThreshold:100]]
[2023.03.09-12.47.10:969][  0]LogConfig: Setting CVar [[r.Upscale.Quality:3]]
[2023.03.09-12.47.10:969][  0]LogConfig: Setting CVar [[r.Tonemapper.GrainQuantization:1]]
[2023.03.09-12.47.10:969][  0]LogConfig: Setting CVar [[r.LightShaftQuality:1]]
[2023.03.09-12.47.10:969][  0]LogConfig: Setting CVar [[r.Filter.SizeScale:1]]
[2023.03.09-12.47.10:969][  0]LogConfig: Setting CVar [[r.Tonemapper.Quality:5]]
[2023.03.09-12.47.10:969][  0]LogConfig: Setting CVar [[r.DOF.Gather.AccumulatorQuality:1        ; higher gathering accumulator quality]]
[2023.03.09-12.47.10:969][  0]LogConfig: Setting CVar [[r.DOF.Gather.PostfilterMethod:1          ; Median3x3 postfilering method]]
[2023.03.09-12.47.10:969][  0]LogConfig: Setting CVar [[r.DOF.Gather.EnableBokehSettings:0       ; no bokeh simulation when gathering]]
[2023.03.09-12.47.10:969][  0]LogConfig: Setting CVar [[r.DOF.Gather.RingCount:4                 ; medium number of samples when gathering]]
[2023.03.09-12.47.10:969][  0]LogConfig: Setting CVar [[r.DOF.Scatter.ForegroundCompositing:1    ; additive foreground scattering]]
[2023.03.09-12.47.10:969][  0]LogConfig: Setting CVar [[r.DOF.Scatter.BackgroundCompositing:2    ; additive background scattering]]
[2023.03.09-12.47.10:969][  0]LogConfig: Setting CVar [[r.DOF.Scatter.EnableBokehSettings:1      ; bokeh simulation when scattering]]
[2023.03.09-12.47.10:969][  0]LogConfig: Setting CVar [[r.DOF.Scatter.MaxSpriteRatio:0.1         ; only a maximum of 10% of scattered bokeh]]
[2023.03.09-12.47.10:969][  0]LogConfig: Setting CVar [[r.DOF.Recombine.Quality:1                ; cheap slight out of focus]]
[2023.03.09-12.47.10:969][  0]LogConfig: Setting CVar [[r.DOF.Recombine.EnableBokehSettings:0    ; no bokeh simulation on slight out of focus]]
[2023.03.09-12.47.10:969][  0]LogConfig: Setting CVar [[r.DOF.TemporalAAQuality:1                ; more stable temporal accumulation]]
[2023.03.09-12.47.10:969][  0]LogConfig: Setting CVar [[r.DOF.Kernel.MaxForegroundRadius:0.025]]
[2023.03.09-12.47.10:969][  0]LogConfig: Setting CVar [[r.DOF.Kernel.MaxBackgroundRadius:0.025]]
[2023.03.09-12.47.10:969][  0]LogConfig: Applying CVar settings from Section [TextureQuality@3] File [C:/Users/louis/Documents/GitHub/SpaceFormsPt2/Saved/Config/Windows/Scalability.ini]
[2023.03.09-12.47.10:969][  0]LogConfig: Setting CVar [[r.Streaming.MipBias:0]]
[2023.03.09-12.47.10:969][  0]LogConfig: Setting CVar [[r.Streaming.AmortizeCPUToGPUCopy:0]]
[2023.03.09-12.47.10:969][  0]LogConfig: Setting CVar [[r.Streaming.MaxNumTexturesToStreamPerFrame:0]]
[2023.03.09-12.47.10:969][  0]LogConfig: Setting CVar [[r.Streaming.Boost:1]]
[2023.03.09-12.47.10:969][  0]LogConfig: Setting CVar [[r.MaxAnisotropy:8]]
[2023.03.09-12.47.10:969][  0]LogConfig: Setting CVar [[r.VT.MaxAnisotropy:8]]
[2023.03.09-12.47.10:969][  0]LogConfig: Setting CVar [[r.Streaming.LimitPoolSizeToVRAM:0]]
[2023.03.09-12.47.10:969][  0]LogConfig: Setting CVar [[r.Streaming.PoolSize:1000]]
[2023.03.09-12.47.10:969][  0]LogConfig: Setting CVar [[r.Streaming.MaxEffectiveScreenSize:0]]
[2023.03.09-12.47.10:969][  0]LogConfig: Applying CVar settings from Section [EffectsQuality@3] File [C:/Users/louis/Documents/GitHub/SpaceFormsPt2/Saved/Config/Windows/Scalability.ini]
[2023.03.09-12.47.10:969][  0]LogConfig: Setting CVar [[r.TranslucencyLightingVolumeDim:64]]
[2023.03.09-12.47.10:969][  0]LogConfig: Setting CVar [[r.RefractionQuality:2]]
[2023.03.09-12.47.10:969][  0]LogConfig: Setting CVar [[r.SSR.Quality:3]]
[2023.03.09-12.47.10:969][  0]LogConfig: Setting CVar [[r.SSR.HalfResSceneColor:0]]
[2023.03.09-12.47.10:969][  0]LogConfig: Setting CVar [[r.SceneColorFormat:4]]
[2023.03.09-12.47.10:969][  0]LogConfig: Setting CVar [[r.DetailMode:2]]
[2023.03.09-12.47.10:969][  0]LogConfig: Setting CVar [[r.TranslucencyVolumeBlur:1]]
[2023.03.09-12.47.10:969][  0]LogConfig: Setting CVar [[r.MaterialQualityLevel:1 ; High quality]]
[2023.03.09-12.47.10:969][  0]LogConfig: Setting CVar [[r.AnisotropicMaterials:1]]
[2023.03.09-12.47.10:969][  0]LogConfig: Setting CVar [[r.SSS.Scale:1]]
[2023.03.09-12.47.10:969][  0]LogConfig: Setting CVar [[r.SSS.SampleSet:2]]
[2023.03.09-12.47.10:969][  0]LogConfig: Setting CVar [[r.SSS.Quality:1]]
[2023.03.09-12.47.10:969][  0]LogConfig: Setting CVar [[r.SSS.HalfRes:0]]
[2023.03.09-12.47.10:969][  0]LogConfig: Setting CVar [[r.SSGI.Quality:3]]
[2023.03.09-12.47.10:969][  0]LogConfig: Setting CVar [[r.EmitterSpawnRateScale:1.0]]
[2023.03.09-12.47.10:969][  0]LogConfig: Setting CVar [[r.ParticleLightQuality:2]]
[2023.03.09-12.47.10:969][  0]LogConfig: Setting CVar [[r.SkyAtmosphere.AerialPerspectiveLUT.FastApplyOnOpaque:1 ; Always have FastSkyLUT 1 in this case to avoid wrong sky]]
[2023.03.09-12.47.10:969][  0]LogConfig: Setting CVar [[r.SkyAtmosphere.AerialPerspectiveLUT.SampleCountMaxPerSlice:4]]
[2023.03.09-12.47.10:969][  0]LogConfig: Setting CVar [[r.SkyAtmosphere.AerialPerspectiveLUT.DepthResolution:16.0]]
[2023.03.09-12.47.10:969][  0]LogConfig: Setting CVar [[r.SkyAtmosphere.FastSkyLUT:1]]
[2023.03.09-12.47.10:969][  0]LogConfig: Setting CVar [[r.SkyAtmosphere.FastSkyLUT.SampleCountMin:4.0]]
[2023.03.09-12.47.10:969][  0]LogConfig: Setting CVar [[r.SkyAtmosphere.FastSkyLUT.SampleCountMax:128.0]]
[2023.03.09-12.47.10:969][  0]LogConfig: Setting CVar [[r.SkyAtmosphere.SampleCountMin:4.0]]
[2023.03.09-12.47.10:969][  0]LogConfig: Setting CVar [[r.SkyAtmosphere.SampleCountMax:128.0]]
[2023.03.09-12.47.10:969][  0]LogConfig: Setting CVar [[r.SkyAtmosphere.TransmittanceLUT.UseSmallFormat:0]]
[2023.03.09-12.47.10:969][  0]LogConfig: Setting CVar [[r.SkyAtmosphere.TransmittanceLUT.SampleCount:10.0]]
[2023.03.09-12.47.10:969][  0]LogConfig: Setting CVar [[r.SkyAtmosphere.MultiScatteringLUT.SampleCount:15.0]]
[2023.03.09-12.47.10:969][  0]LogConfig: Setting CVar [[r.SkyLight.RealTimeReflectionCapture:1]]
[2023.03.09-12.47.10:969][  0]LogConfig: Applying CVar settings from Section [FoliageQuality@3] File [C:/Users/louis/Documents/GitHub/SpaceFormsPt2/Saved/Config/Windows/Scalability.ini]
[2023.03.09-12.47.10:969][  0]LogConfig: Setting CVar [[foliage.DensityScale:1.0]]
[2023.03.09-12.47.10:969][  0]LogConfig: Setting CVar [[grass.DensityScale:1.0]]
[2023.03.09-12.47.10:969][  0]LogConfig: Applying CVar settings from Section [ShadingQuality@3] File [C:/Users/louis/Documents/GitHub/SpaceFormsPt2/Saved/Config/Windows/Scalability.ini]
[2023.03.09-12.47.10:969][  0]LogConfig: Setting CVar [[r.HairStrands.SkyLighting.IntegrationType:2]]
[2023.03.09-12.47.10:969][  0]LogConfig: Setting CVar [[r.HairStrands.SkyAO.SampleCount:4]]
[2023.03.09-12.47.10:969][  0]LogConfig: Setting CVar [[r.HairStrands.Visibility.MSAA.SamplePerPixel:4]]
[2023.03.09-12.47.10:969][  0]LogInit: Selected Device Profile: [Windows]
[2023.03.09-12.47.10:970][  0]LogInit: Applying CVar settings loaded from the selected device profile: [Windows]
[2023.03.09-12.47.10:970][  0]LogHAL: Display: Platform has ~ 16 GB [16943685632 / 17179869184 / 16], which maps to Larger [LargestMinGB=32, LargerMinGB=12, DefaultMinGB=8, SmallerMinGB=6, SmallestMinGB=0)
[2023.03.09-12.47.10:970][  0]LogInit: Going up to parent DeviceProfile []
[2023.03.09-12.47.10:970][  0]LogConfig: Applying CVar settings from Section [ViewDistanceQuality@3] File [C:/Users/louis/Documents/GitHub/SpaceFormsPt2/Saved/Config/Windows/Scalability.ini]
[2023.03.09-12.47.10:970][  0]LogConfig: Setting CVar [[r.SkeletalMeshLODBias:0]]
[2023.03.09-12.47.10:970][  0]LogConfig: Setting CVar [[r.ViewDistanceScale:1.0]]
[2023.03.09-12.47.10:970][  0]LogConfig: Applying CVar settings from Section [AntiAliasingQuality@3] File [C:/Users/louis/Documents/GitHub/SpaceFormsPt2/Saved/Config/Windows/Scalability.ini]
[2023.03.09-12.47.10:970][  0]LogConfig: Setting CVar [[r.PostProcessAAQuality:4]]
[2023.03.09-12.47.10:970][  0]LogConfig: Applying CVar settings from Section [ShadowQuality@3] File [C:/Users/louis/Documents/GitHub/SpaceFormsPt2/Saved/Config/Windows/Scalability.ini]
[2023.03.09-12.47.10:970][  0]LogConfig: Setting CVar [[r.LightFunctionQuality:1]]
[2023.03.09-12.47.10:970][  0]LogConfig: Setting CVar [[r.ShadowQuality:5]]
[2023.03.09-12.47.10:970][  0]LogConfig: Setting CVar [[r.Shadow.CSM.MaxCascades:10]]
[2023.03.09-12.47.10:970][  0]LogConfig: Setting CVar [[r.Shadow.MaxResolution:2048]]
[2023.03.09-12.47.10:970][  0]LogConfig: Setting CVar [[r.Shadow.MaxCSMResolution:2048]]
[2023.03.09-12.47.10:970][  0]LogConfig: Setting CVar [[r.Shadow.RadiusThreshold:0.01]]
[2023.03.09-12.47.10:970][  0]LogConfig: Setting CVar [[r.Shadow.DistanceScale:1.0]]
[2023.03.09-12.47.10:970][  0]LogConfig: Setting CVar [[r.Shadow.CSM.TransitionScale:1.0]]
[2023.03.09-12.47.10:970][  0]LogConfig: Setting CVar [[r.Shadow.PreShadowResolutionFactor:1.0]]
[2023.03.09-12.47.10:970][  0]LogConfig: Setting CVar [[r.DistanceFieldShadowing:1]]
[2023.03.09-12.47.10:970][  0]LogConfig: Setting CVar [[r.DistanceFieldAO:1]]
[2023.03.09-12.47.10:970][  0]LogConfig: Setting CVar [[r.AOQuality:2]]
[2023.03.09-12.47.10:970][  0]LogConfig: Setting CVar [[r.VolumetricFog:1]]
[2023.03.09-12.47.10:970][  0]LogConfig: Setting CVar [[r.VolumetricFog.GridPixelSize:8]]
[2023.03.09-12.47.10:970][  0]LogConfig: Setting CVar [[r.VolumetricFog.GridSizeZ:128]]
[2023.03.09-12.47.10:970][  0]LogConfig: Setting CVar [[r.VolumetricFog.HistoryMissSupersampleCount:4]]
[2023.03.09-12.47.10:970][  0]LogConfig: Setting CVar [[r.LightMaxDrawDistanceScale:1]]
[2023.03.09-12.47.10:970][  0]LogConfig: Setting CVar [[r.CapsuleShadows:1]]
[2023.03.09-12.47.10:970][  0]LogConfig: Applying CVar settings from Section [PostProcessQuality@3] File [C:/Users/louis/Documents/GitHub/SpaceFormsPt2/Saved/Config/Windows/Scalability.ini]
[2023.03.09-12.47.10:970][  0]LogConfig: Setting CVar [[r.MotionBlurQuality:4]]
[2023.03.09-12.47.10:970][  0]LogConfig: Setting CVar [[r.AmbientOcclusionMipLevelFactor:0.4]]
[2023.03.09-12.47.10:970][  0]LogConfig: Setting CVar [[r.AmbientOcclusionMaxQuality:100]]
[2023.03.09-12.47.10:970][  0]LogConfig: Setting CVar [[r.AmbientOcclusionLevels:-1]]
[2023.03.09-12.47.10:970][  0]LogConfig: Setting CVar [[r.AmbientOcclusionRadiusScale:1.0]]
[2023.03.09-12.47.10:970][  0]LogConfig: Setting CVar [[r.DepthOfFieldQuality:2]]
[2023.03.09-12.47.10:970][  0]LogConfig: Setting CVar [[r.RenderTargetPoolMin:400]]
[2023.03.09-12.47.10:970][  0]LogConfig: Setting CVar [[r.LensFlareQuality:2]]
[2023.03.09-12.47.10:970][  0]LogConfig: Setting CVar [[r.SceneColorFringeQuality:1]]
[2023.03.09-12.47.10:970][  0]LogConfig: Setting CVar [[r.EyeAdaptationQuality:2]]
[2023.03.09-12.47.10:970][  0]LogConfig: Setting CVar [[r.BloomQuality:5]]
[2023.03.09-12.47.10:970][  0]LogConfig: Setting CVar [[r.FastBlurThreshold:100]]
[2023.03.09-12.47.10:970][  0]LogConfig: Setting CVar [[r.Upscale.Quality:3]]
[2023.03.09-12.47.10:970][  0]LogConfig: Setting CVar [[r.Tonemapper.GrainQuantization:1]]
[2023.03.09-12.47.10:970][  0]LogConfig: Setting CVar [[r.LightShaftQuality:1]]
[2023.03.09-12.47.10:970][  0]LogConfig: Setting CVar [[r.Filter.SizeScale:1]]
[2023.03.09-12.47.10:970][  0]LogConfig: Setting CVar [[r.Tonemapper.Quality:5]]
[2023.03.09-12.47.10:970][  0]LogConfig: Setting CVar [[r.DOF.Gather.AccumulatorQuality:1        ; higher gathering accumulator quality]]
[2023.03.09-12.47.10:970][  0]LogConfig: Setting CVar [[r.DOF.Gather.PostfilterMethod:1          ; Median3x3 postfilering method]]
[2023.03.09-12.47.10:970][  0]LogConfig: Setting CVar [[r.DOF.Gather.EnableBokehSettings:0       ; no bokeh simulation when gathering]]
[2023.03.09-12.47.10:970][  0]LogConfig: Setting CVar [[r.DOF.Gather.RingCount:4                 ; medium number of samples when gathering]]
[2023.03.09-12.47.10:970][  0]LogConfig: Setting CVar [[r.DOF.Scatter.ForegroundCompositing:1    ; additive foreground scattering]]
[2023.03.09-12.47.10:970][  0]LogConfig: Setting CVar [[r.DOF.Scatter.BackgroundCompositing:2    ; additive background scattering]]
[2023.03.09-12.47.10:970][  0]LogConfig: Setting CVar [[r.DOF.Scatter.EnableBokehSettings:1      ; bokeh simulation when scattering]]
[2023.03.09-12.47.10:970][  0]LogConfig: Setting CVar [[r.DOF.Scatter.MaxSpriteRatio:0.1         ; only a maximum of 10% of scattered bokeh]]
[2023.03.09-12.47.10:970][  0]LogConfig: Setting CVar [[r.DOF.Recombine.Quality:1                ; cheap slight out of focus]]
[2023.03.09-12.47.10:970][  0]LogConfig: Setting CVar [[r.DOF.Recombine.EnableBokehSettings:0    ; no bokeh simulation on slight out of focus]]
[2023.03.09-12.47.10:970][  0]LogConfig: Setting CVar [[r.DOF.TemporalAAQuality:1                ; more stable temporal accumulation]]
[2023.03.09-12.47.10:970][  0]LogConfig: Setting CVar [[r.DOF.Kernel.MaxForegroundRadius:0.025]]
[2023.03.09-12.47.10:970][  0]LogConfig: Setting CVar [[r.DOF.Kernel.MaxBackgroundRadius:0.025]]
[2023.03.09-12.47.10:970][  0]LogConfig: Applying CVar settings from Section [TextureQuality@3] File [C:/Users/louis/Documents/GitHub/SpaceFormsPt2/Saved/Config/Windows/Scalability.ini]
[2023.03.09-12.47.10:970][  0]LogConfig: Setting CVar [[r.Streaming.MipBias:0]]
[2023.03.09-12.47.10:970][  0]LogConfig: Setting CVar [[r.Streaming.AmortizeCPUToGPUCopy:0]]
[2023.03.09-12.47.10:970][  0]LogConfig: Setting CVar [[r.Streaming.MaxNumTexturesToStreamPerFrame:0]]
[2023.03.09-12.47.10:970][  0]LogConfig: Setting CVar [[r.Streaming.Boost:1]]
[2023.03.09-12.47.10:970][  0]LogConfig: Setting CVar [[r.MaxAnisotropy:8]]
[2023.03.09-12.47.10:970][  0]LogConfig: Setting CVar [[r.VT.MaxAnisotropy:8]]
[2023.03.09-12.47.10:970][  0]LogConfig: Setting CVar [[r.Streaming.LimitPoolSizeToVRAM:0]]
[2023.03.09-12.47.10:970][  0]LogConfig: Setting CVar [[r.Streaming.PoolSize:1000]]
[2023.03.09-12.47.10:970][  0]LogConfig: Setting CVar [[r.Streaming.MaxEffectiveScreenSize:0]]
[2023.03.09-12.47.10:970][  0]LogConfig: Applying CVar settings from Section [EffectsQuality@3] File [C:/Users/louis/Documents/GitHub/SpaceFormsPt2/Saved/Config/Windows/Scalability.ini]
[2023.03.09-12.47.10:970][  0]LogConfig: Setting CVar [[r.TranslucencyLightingVolumeDim:64]]
[2023.03.09-12.47.10:970][  0]LogConfig: Setting CVar [[r.RefractionQuality:2]]
[2023.03.09-12.47.10:970][  0]LogConfig: Setting CVar [[r.SSR.Quality:3]]
[2023.03.09-12.47.10:970][  0]LogConfig: Setting CVar [[r.SSR.HalfResSceneColor:0]]
[2023.03.09-12.47.10:970][  0]LogConfig: Setting CVar [[r.SceneColorFormat:4]]
[2023.03.09-12.47.10:970][  0]LogConfig: Setting CVar [[r.DetailMode:2]]
[2023.03.09-12.47.10:970][  0]LogConfig: Setting CVar [[r.TranslucencyVolumeBlur:1]]
[2023.03.09-12.47.10:970][  0]LogConfig: Setting CVar [[r.MaterialQualityLevel:1 ; High quality]]
[2023.03.09-12.47.10:970][  0]LogConfig: Setting CVar [[r.AnisotropicMaterials:1]]
[2023.03.09-12.47.10:970][  0]LogConfig: Setting CVar [[r.SSS.Scale:1]]
[2023.03.09-12.47.10:970][  0]LogConfig: Setting CVar [[r.SSS.SampleSet:2]]
[2023.03.09-12.47.10:970][  0]LogConfig: Setting CVar [[r.SSS.Quality:1]]
[2023.03.09-12.47.10:970][  0]LogConfig: Setting CVar [[r.SSS.HalfRes:0]]
[2023.03.09-12.47.10:970][  0]LogConfig: Setting CVar [[r.SSGI.Quality:3]]
[2023.03.09-12.47.10:970][  0]LogConfig: Setting CVar [[r.EmitterSpawnRateScale:1.0]]
[2023.03.09-12.47.10:970][  0]LogConfig: Setting CVar [[r.ParticleLightQuality:2]]
[2023.03.09-12.47.10:970][  0]LogConfig: Setting CVar [[r.SkyAtmosphere.AerialPerspectiveLUT.FastApplyOnOpaque:1 ; Always have FastSkyLUT 1 in this case to avoid wrong sky]]
[2023.03.09-12.47.10:970][  0]LogConfig: Setting CVar [[r.SkyAtmosphere.AerialPerspectiveLUT.SampleCountMaxPerSlice:4]]
[2023.03.09-12.47.10:970][  0]LogConfig: Setting CVar [[r.SkyAtmosphere.AerialPerspectiveLUT.DepthResolution:16.0]]
[2023.03.09-12.47.10:970][  0]LogConfig: Setting CVar [[r.SkyAtmosphere.FastSkyLUT:1]]
[2023.03.09-12.47.10:970][  0]LogConfig: Setting CVar [[r.SkyAtmosphere.FastSkyLUT.SampleCountMin:4.0]]
[2023.03.09-12.47.10:970][  0]LogConfig: Setting CVar [[r.SkyAtmosphere.FastSkyLUT.SampleCountMax:128.0]]
[2023.03.09-12.47.10:970][  0]LogConfig: Setting CVar [[r.SkyAtmosphere.SampleCountMin:4.0]]
[2023.03.09-12.47.10:970][  0]LogConfig: Setting CVar [[r.SkyAtmosphere.SampleCountMax:128.0]]
[2023.03.09-12.47.10:970][  0]LogConfig: Setting CVar [[r.SkyAtmosphere.TransmittanceLUT.UseSmallFormat:0]]
[2023.03.09-12.47.10:970][  0]LogConfig: Setting CVar [[r.SkyAtmosphere.TransmittanceLUT.SampleCount:10.0]]
[2023.03.09-12.47.10:970][  0]LogConfig: Setting CVar [[r.SkyAtmosphere.MultiScatteringLUT.SampleCount:15.0]]
[2023.03.09-12.47.10:970][  0]LogConfig: Setting CVar [[r.SkyLight.RealTimeReflectionCapture:1]]
[2023.03.09-12.47.10:970][  0]LogConfig: Applying CVar settings from Section [FoliageQuality@3] File [C:/Users/louis/Documents/GitHub/SpaceFormsPt2/Saved/Config/Windows/Scalability.ini]
[2023.03.09-12.47.10:970][  0]LogConfig: Setting CVar [[foliage.DensityScale:1.0]]
[2023.03.09-12.47.10:970][  0]LogConfig: Setting CVar [[grass.DensityScale:1.0]]
[2023.03.09-12.47.10:970][  0]LogConfig: Applying CVar settings from Section [ShadingQuality@3] File [C:/Users/louis/Documents/GitHub/SpaceFormsPt2/Saved/Config/Windows/Scalability.ini]
[2023.03.09-12.47.10:970][  0]LogConfig: Setting CVar [[r.HairStrands.SkyLighting.IntegrationType:2]]
[2023.03.09-12.47.10:970][  0]LogConfig: Setting CVar [[r.HairStrands.SkyAO.SampleCount:4]]
[2023.03.09-12.47.10:970][  0]LogConfig: Setting CVar [[r.HairStrands.Visibility.MSAA.SamplePerPixel:4]]
[2023.03.09-12.47.10:970][  0]LogConfig: Applying CVar settings from Section [Startup] File [../../../Engine/Config/ConsoleVariables.ini]
[2023.03.09-12.47.10:972][  0]LogConfig: Setting CVar [[net.UseAdaptiveNetUpdateFrequency:0]]
[2023.03.09-12.47.10:972][  0]LogConfig: Setting CVar [[p.chaos.AllowCreatePhysxBodies:1]]
[2023.03.09-12.47.10:972][  0]LogConfig: Setting CVar [[fx.SkipVectorVMBackendOptimizations:1]]
[2023.03.09-12.47.10:972][  0]LogConfig: Applying CVar settings from Section [ConsoleVariables] File [C:/Users/louis/Documents/GitHub/SpaceFormsPt2/Saved/Config/Windows/Engine.ini]
[2023.03.09-12.47.10:972][  0]LogConfig: Applying CVar settings from Section [ConsoleVariables] File [C:/Users/louis/Documents/GitHub/SpaceFormsPt2/Saved/Config/Windows/Editor.ini]
[2023.03.09-12.47.10:972][  0]LogInit: Computer: NORTHAR-PC
[2023.03.09-12.47.10:972][  0]LogInit: User: louis
[2023.03.09-12.47.10:972][  0]LogInit: CPU Page size=4096, Cores=8
[2023.03.09-12.47.10:972][  0]LogInit: High frequency timer resolution =10.000000 MHz
[2023.03.09-12.47.10:972][  0]LogMemory: Memory total: Physical=15.8GB (16GB approx)
[2023.03.09-12.47.10:972][  0]LogMemory: Platform Memory Stats for Windows
[2023.03.09-12.47.10:972][  0]LogMemory: Process Physical Memory: 149.33 MB used, 149.33 MB peak
[2023.03.09-12.47.10:972][  0]LogMemory: Process Virtual Memory: 131.56 MB used, 131.56 MB peak
[2023.03.09-12.47.10:972][  0]LogMemory: Physical Memory: 10586.25 MB used,  5572.51 MB free, 16158.76 MB total
[2023.03.09-12.47.10:972][  0]LogMemory: Virtual Memory: 134197272.00 MB used,  20452.99 MB free, 134217728.00 MB total
[2023.03.09-12.47.11:325][  0]LogWindows: WindowsPlatformFeatures enabled
[2023.03.09-12.47.11:386][  0]LogInit: Physics initialised using underlying interface: PhysX
[2023.03.09-12.47.11:387][  0]LogInit: Using OS detected language (fr-FR).
[2023.03.09-12.47.11:387][  0]LogInit: Using OS detected locale (fr-FR).
[2023.03.09-12.47.11:393][  0]LogTextLocalizationManager: No specific localization for 'fr-FR' exists, so the 'fr' localization will be used.
[2023.03.09-12.47.11:396][  0]LogTextLocalizationResource: LocRes '../../../Engine/Content/Localization/Editor/fr/Editor.locres' could not be opened for reading!
[2023.03.09-12.47.11:396][  0]LogTextLocalizationResource: LocRes '../../../Engine/Content/Localization/EditorTutorials/fr/EditorTutorials.locres' could not be opened for reading!
[2023.03.09-12.47.11:397][  0]LogTextLocalizationResource: LocRes '../../../Engine/Content/Localization/Keywords/fr/Keywords.locres' could not be opened for reading!
[2023.03.09-12.47.11:397][  0]LogTextLocalizationResource: LocRes '../../../Engine/Content/Localization/Category/fr/Category.locres' could not be opened for reading!
[2023.03.09-12.47.11:397][  0]LogTextLocalizationResource: LocRes '../../../Engine/Content/Localization/ToolTips/fr/ToolTips.locres' could not be opened for reading!
[2023.03.09-12.47.11:397][  0]LogTextLocalizationResource: LocRes '../../../Engine/Content/Localization/PropertyNames/fr/PropertyNames.locres' could not be opened for reading!
[2023.03.09-12.47.11:397][  0]LogTextLocalizationResource: LocRes '../../../Engine/Content/Localization/Engine/fr/Engine.locres' could not be opened for reading!
[2023.03.09-12.47.11:419][  0]LogWindowsTextInputMethodSystem: Display: IME system deactivated.
[2023.03.09-12.47.11:452][  0]LogSlate: New Slate User Created.  User Index 0, Is Virtual User: 0
[2023.03.09-12.47.11:452][  0]LogSlate: Slate User Registered.  User Index 0, Is Virtual User: 0
[2023.03.09-12.47.11:473][  0]LogD3D11RHI: Loaded GFSDK_Aftermath_Lib.x64.dll
[2023.03.09-12.47.11:545][  0]LogHMD: Failed to initialize OpenVR with code 110
[2023.03.09-12.47.11:545][  0]LogD3D11RHI: D3D11 min allowed feature level: 11_0
[2023.03.09-12.47.11:545][  0]LogD3D11RHI: D3D11 max allowed feature level: 11_0
[2023.03.09-12.47.11:545][  0]LogD3D11RHI: D3D11 adapters:
[2023.03.09-12.47.11:653][  0]LogD3D11RHI:    0. 'NVIDIA GeForce RTX 3060 Laptop GPU' (Feature Level 11_0)
[2023.03.09-12.47.11:653][  0]LogD3D11RHI:       6023/0/8079 MB DedicatedVideo/DedicatedSystem/SharedSystem, Outputs:1, VendorId:0x10de
[2023.03.09-12.47.11:702][  0]LogD3D11RHI:    1. 'Intel(R) UHD Graphics' (Feature Level 11_0)
[2023.03.09-12.47.11:702][  0]LogD3D11RHI:       128/0/8079 MB DedicatedVideo/DedicatedSystem/SharedSystem, Outputs:0, VendorId:0x8086
[2023.03.09-12.47.11:704][  0]LogD3D11RHI:    2. 'Microsoft Basic Render Driver' (Feature Level 11_0)
[2023.03.09-12.47.11:704][  0]LogD3D11RHI:       0/0/8079 MB DedicatedVideo/DedicatedSystem/SharedSystem, Outputs:0, VendorId:0x1414
[2023.03.09-12.47.11:704][  0]LogD3D11RHI: Chosen D3D11 Adapter:
[2023.03.09-12.47.11:704][  0]LogD3D11RHI:     Description : NVIDIA GeForce RTX 3060 Laptop GPU
[2023.03.09-12.47.11:704][  0]LogD3D11RHI:     VendorId    : 10de
[2023.03.09-12.47.11:704][  0]LogD3D11RHI:     DeviceId    : 2520
[2023.03.09-12.47.11:704][  0]LogD3D11RHI:     SubSysId    : a641028
[2023.03.09-12.47.11:704][  0]LogD3D11RHI:     Revision    : 00a1
[2023.03.09-12.47.11:704][  0]LogD3D11RHI:     DedicatedVideoMemory : 6315573248 bytes
[2023.03.09-12.47.11:705][  0]LogD3D11RHI:     DedicatedSystemMemory : 0 bytes
[2023.03.09-12.47.11:705][  0]LogD3D11RHI:     SharedSystemMemory : 8471842816 bytes
[2023.03.09-12.47.11:705][  0]LogD3D11RHI:     AdapterLuid : 0 103429
[2023.03.09-12.47.11:713][  0]LogD3D11RHI: Creating new Direct3DDevice
[2023.03.09-12.47.11:713][  0]LogD3D11RHI:     GPU DeviceId: 0x2520 (for the marketing name, search the web for "GPU Device Id")
[2023.03.09-12.47.11:713][  0]LogWindows: EnumDisplayDevices:
[2023.03.09-12.47.11:713][  0]LogWindows:    0. 'Intel(R) UHD Graphics' (P:1 D:1)
[2023.03.09-12.47.11:714][  0]LogWindows:    1. 'Intel(R) UHD Graphics' (P:0 D:0)
[2023.03.09-12.47.11:714][  0]LogWindows:    2. 'Intel(R) UHD Graphics' (P:0 D:0)
[2023.03.09-12.47.11:714][  0]LogWindows:    3. 'NVIDIA GeForce RTX 3060 Laptop GPU' (P:0 D:0)
[2023.03.09-12.47.11:714][  0]LogWindows:    4. 'NVIDIA GeForce RTX 3060 Laptop GPU' (P:0 D:0)
[2023.03.09-12.47.11:714][  0]LogWindows:    5. 'NVIDIA GeForce RTX 3060 Laptop GPU' (P:0 D:0)
[2023.03.09-12.47.11:715][  0]LogWindows:    6. 'NVIDIA GeForce RTX 3060 Laptop GPU' (P:0 D:0)
[2023.03.09-12.47.11:715][  0]LogWindows: DebugString: PrimaryIsNotTheChoosenAdapter PrimaryIsNotTheChoosenAdapter PrimaryIsNotTheChoosenAdapter FoundDriverCount:4 
[2023.03.09-12.47.11:715][  0]LogD3D11RHI:     Adapter Name: NVIDIA GeForce RTX 3060 Laptop GPU
[2023.03.09-12.47.11:715][  0]LogD3D11RHI:   Driver Version: 512.72 (internal:30.0.15.1272, unified:512.72)
[2023.03.09-12.47.11:715][  0]LogD3D11RHI:      Driver Date: 5-2-2022
[2023.03.09-12.47.11:715][  0]LogRHI: Texture pool is 4216 MB (70% of 6023 MB)
[2023.03.09-12.47.11:715][  0]LogD3D11RHI: Creating D3DDevice using adapter:
[2023.03.09-12.47.11:715][  0]LogD3D11RHI:     Description : NVIDIA GeForce RTX 3060 Laptop GPU
[2023.03.09-12.47.11:715][  0]LogD3D11RHI:     VendorId    : 10de
[2023.03.09-12.47.11:715][  0]LogD3D11RHI:     DeviceId    : 2520
[2023.03.09-12.47.11:715][  0]LogD3D11RHI:     SubSysId    : a641028
[2023.03.09-12.47.11:715][  0]LogD3D11RHI:     Revision    : 00a1
[2023.03.09-12.47.11:715][  0]LogD3D11RHI:     DedicatedVideoMemory : 6315573248 bytes
[2023.03.09-12.47.11:715][  0]LogD3D11RHI:     DedicatedSystemMemory : 0 bytes
[2023.03.09-12.47.11:715][  0]LogD3D11RHI:     SharedSystemMemory : 8471842816 bytes
[2023.03.09-12.47.11:715][  0]LogD3D11RHI:     AdapterLuid : 0 103429
[2023.03.09-12.47.11:768][  0]LogD3D11RHI: RHI has support for 64 bit atomics
[2023.03.09-12.47.11:769][  0]LogD3D11RHI: Async texture creation enabled
[2023.03.09-12.47.11:769][  0]LogD3D11RHI: Array index from any shader is supported
[2023.03.09-12.47.11:787][  0]LogD3D11RHI: GPU Timing Frequency: 1000.000000 (Debug: 2 1)
[2023.03.09-12.47.11:832][  0]LogRHI: GeForceNow SDK initialized: 1
[2023.03.09-12.47.12:195][  0]LogTargetPlatformManager: Display: Loaded TargetPlatform 'WindowsNoEditor'
[2023.03.09-12.47.12:202][  0]LogTargetPlatformManager: Display: Loaded TargetPlatform 'Windows'
[2023.03.09-12.47.12:208][  0]LogTargetPlatformManager: Display: Loaded TargetPlatform 'WindowsClient'
[2023.03.09-12.47.12:215][  0]LogTargetPlatformManager: Display: Loaded TargetPlatform 'WindowsServer'
[2023.03.09-12.47.12:215][  0]LogTargetPlatformManager: Display: Building Assets For Windows
[2023.03.09-12.47.12:225][  0]LogAudioDebug: Display: Lib vorbis DLL was dynamically loaded.
[2023.03.09-12.47.12:265][  0]LogTextureFormatOodle: Display: Oodle Texture 2.9.0 init RDO Off
[2023.03.09-12.47.12:312][  0]LogRendererCore: Ray tracing is disabled. Reason: r.RayTracing=0.
[2023.03.09-12.47.12:312][  0]LogShaderCompilers: Guid format shader working directory is -15 characters bigger than the processId version (../../../../../../Users/louis/Documents/GitHub/SpaceFormsPt2/Intermediate/Shaders/WorkingDirectory/28196/).
[2023.03.09-12.47.12:313][  0]LogShaderCompilers: Cleaned the shader compiler working directory 'C:/Users/louis/AppData/Local/Temp/UnrealShaderWorkingDir/2AF05D81471FFD45D8FBDFA6EBF9BF09/'.
[2023.03.09-12.47.12:313][  0]LogXGEController: Cannot use XGE Controller as Incredibuild is not installed on this machine.
[2023.03.09-12.47.12:313][  0]LogShaderCompilers: Cannot use XGE Shader Compiler as Incredibuild is not installed on this machine.
[2023.03.09-12.47.12:313][  0]LogShaderCompilers: Display: Using Local Shader Compiler.
[2023.03.09-12.47.13:067][  0]LogDerivedDataCache: Display: Max Cache Size: 512 MB
[2023.03.09-12.47.13:147][  0]LogDerivedDataCache: Loaded boot cache 0.08s 94MB C:/Users/louis/AppData/Local/UnrealEngine/4.27/DerivedDataCache/Boot.ddc.
[2023.03.09-12.47.13:147][  0]LogDerivedDataCache: Display: Loaded Boot cache: C:/Users/louis/AppData/Local/UnrealEngine/4.27/DerivedDataCache/Boot.ddc
[2023.03.09-12.47.13:148][  0]LogDerivedDataCache: FDerivedDataBackendGraph:  Pak pak cache file ../../../../../../Users/louis/Documents/GitHub/SpaceFormsPt2/DerivedDataCache/DDC.ddp not found, will not use a pak cache.
[2023.03.09-12.47.13:148][  0]LogDerivedDataCache: Unable to find inner node Pak for hierarchical cache Hierarchy.
[2023.03.09-12.47.13:148][  0]LogDerivedDataCache: FDerivedDataBackendGraph:  CompressedPak pak cache file ../../../../../../Users/louis/Documents/GitHub/SpaceFormsPt2/DerivedDataCache/Compressed.ddp not found, will not use a pak cache.
[2023.03.09-12.47.13:148][  0]LogDerivedDataCache: Unable to find inner node CompressedPak for hierarchical cache Hierarchy.
[2023.03.09-12.47.13:168][  0]LogDerivedDataCache: Display: Pak cache opened for reading ../../../Engine/DerivedDataCache/Compressed.ddp.
[2023.03.09-12.47.13:168][  0]LogDerivedDataCache: FDerivedDataBackendGraph:  EnterprisePak pak cache file ../../../Enterprise/DerivedDataCache/Compressed.ddp not found, will not use a pak cache.
[2023.03.09-12.47.13:168][  0]LogDerivedDataCache: Unable to find inner node EnterprisePak for hierarchical cache Hierarchy.
[2023.03.09-12.47.13:179][  0]LogDerivedDataCache: Speed tests for C:/Users/louis/AppData/Local/UnrealEngine/Common/DerivedDataCache took 0.01 seconds
[2023.03.09-12.47.13:179][  0]LogDerivedDataCache: Display: Performance to C:/Users/louis/AppData/Local/UnrealEngine/Common/DerivedDataCache: Latency=0.03ms. RandomReadSpeed=212.62MBs, RandomWriteSpeed=154.03MBs. Assigned SpeedClass 'Local'
[2023.03.09-12.47.13:179][  0]LogDerivedDataCache: Using Local data cache path C:/Users/louis/AppData/Local/UnrealEngine/Common/DerivedDataCache: Writable
[2023.03.09-12.47.13:179][  0]LogDerivedDataCache: Shared data cache path not found in *engine.ini, will not use an Shared cache.
[2023.03.09-12.47.13:179][  0]LogDerivedDataCache: Unable to find inner node Shared for hierarchical cache Hierarchy.
[2023.03.09-12.47.13:225][  0]LogSlate: Using FreeType 2.10.0
[2023.03.09-12.47.13:226][  0]LogSlate: SlateFontServices - WITH_FREETYPE: 1, WITH_HARFBUZZ: 1
[2023.03.09-12.47.13:360][  0]LogInit: Using OS detected language (fr-FR).
[2023.03.09-12.47.13:360][  0]LogInit: Using OS detected locale (fr-FR).
[2023.03.09-12.47.13:360][  0]LogTextLocalizationManager: No localization for 'fr-FR' exists, so 'en' will be used for the language.
[2023.03.09-12.47.13:360][  0]LogTextLocalizationManager: No localization for 'fr-FR' exists, so 'en' will be used for the locale.
[2023.03.09-12.47.13:360][  0]LogSlate: FontCache flush requested. Reason: Culture for localization was changed
[2023.03.09-12.47.13:360][  0]LogSlate: FontCache flush requested. Reason: Culture for localization was changed
[2023.03.09-12.47.13:366][  0]LogAssetRegistry: FAssetRegistry took 0.0050 seconds to start up
[2023.03.09-12.47.13:597][  0]LogTextLocalizationManager: Compacting localization data took   0.01ms
[2023.03.09-12.47.13:597][  0]LogPackageLocalizationCache: Processed 27 localized package path(s) for 1 prioritized culture(s) in 0.001056 seconds
[2023.03.09-12.47.13:661][  0]LogInit: Selected Device Profile: [Windows]
[2023.03.09-12.47.13:661][  0]LogInit: Active device profile: [000001BC12C97900][000001BC04BBCD80 49] Windows
[2023.03.09-12.47.13:661][  0]LogInit: Profiles: [000001BC12C97900][000001BC04BBCD80 49] Windows, [000001BC12C50900][000001BC04BC4F00 49] WindowsNoEditor, [000001BC12C94900][000001BC04BC9080 49] WindowsServer, [000001BC12C52F00][000001BC04BCD200 49] WindowsClient, [000001BC12C96E00][000001BC04BD1380 49] IOS, [000001BC12C51400][000001BC04BC14C0 49] iPadAir, [000001BC12C95200][000001BC04BD5600 49] iPadAir2, [000001BC12BF7C00][000001BC04BDD840 49] IPadPro, [000001BC12BF7D00][000001BC04BD9880 49] iPadAir3, [000001BC12C96700][000001BC04BE5A00 49] iPadAir4, [000001BC12BF4E00][000001BC06EA3B80 49] iPadMini2, [000001BC12C97600][000001BC06EA6180 49] iPadMini3, [000001BC12BF6900][000001BC06EAA300 49] iPadMini4, [000001BC12C94D00][000001BC06EAE480 49] iPadMini5, [000001BC12C43500][000001BC06EB6740 49] iPhone6, [000001BC12C43600][000001BC06EB2780 49] iPodTouch6, [000001BC12BF4F00][000001BC06EBEA40 49] iPhone7, [000001BC12BF5000][000001BC06EBAA80 49] iPodTouch7, [000001BC12C40D00][000001BC06EC2C00 49] iPhone5S, [000001BC12BF6C00][000001BC06EC6D80 49] iPhone6Plus, [000001BC12C42A00][000001BC06ECAF00 49] iPhone6S, [000001BC12BF7900][000001BC06ECF080 49] iPhone6SPlus, [000001BC12C43C00][000001BC06ED3200 49] iPhone7Plus, [000001BC12BF4900][000001BC06ED7380 49] iPhoneSE, [000001BC12C40500][000001BC06555500 49] iPhone8, [000001BC12BF6400][000001BC06559680 49] iPhone8Plus, [000001BC12C41900][000001BC04BE17C0 49] iPhoneX, [000001BC12BF7700][000001BC0655D900 49] iPhoneXS, [000001BC12C42000][000001BC06561A40 49] iPhoneXSMax, [000001BC12BF6100][000001BC06569BC0 49] iPhoneXR, [000001BC12C40400][000001BC0656C1C0 49] iPhone11, [000001BC12BF4200][000001BC06570340 49] iPhone11Pro, [000001BC12C40900][000001BC065744C0 49] iPhone11ProMax, [000001BC12BF5D00][000001BC06578640 49] iPhoneSE2, [000001BC12C42F00][000001BC0657C7C0 49] iPhone12Mini, [000001BC12BF6700][000001BC06580940 49] iPhone12, [000001BC12C41E00][000001BC06584AC0 49] iPhone12Pro, [000001BC12BF6D00][000001BC06588C40 49] iPhone12ProMax, [000001BC12C41300][000001BC0658CDC0 49] iPadPro105, [000001BC12BF6500][000001BC06590F40 49] iPadPro129, [000001BC12C41600][000001BC065950C0 49] iPadPro97, [000001BC12BF7800][000001BC06599240 49] iPadPro2_129, [000001BC12C41A00][000001BC0659D3C0 49] iPad5, [000001BC12BF7600][000001BC065A1540 49] iPad6, [000001BC12C41700][000001BC065A56C0 49] iPad7, [000001BC12BF4A00][000001BC065A9840 49] iPad8, [000001BC12C42C00][000001BC06565980 49] iPadPro11, [000001BC12BF5200][000001BC065ADAC0 49] iPadPro2_11, [000001BC12C40600][000001BC065B1C00 49] iPadPro3_129, [000001BC12BF4800][000001BC117C41C0 49] iPadPro4_129, [000001BC12C41000][000001BC117CC340 49] AppleTV, [000001BC12BF4400][000001BC117D04C0 49] AppleTV4K, [000001BC12C42300][000001BC117D4640 49] TVOS, [000001BC12BF7A00][000001BC117D87C0 49] Mac, [000001BC12C42B00][000001BC117DC940 49] MacClient, [000001BC12BF6600][000001BC117E0AC0 49] MacNoEditor, [000001BC12C40E00][000001BC117E4C40 49] MacServer, [000001BC12BF7200][000001BC117E8DC0 49] Linux, [000001BC12C42100][000001BC117ECF40 49] LinuxAArch64, [000001BC12BF4B00][000001BC117F10C0 49] LinuxNoEditor, [000001BC12C52700][000001BC117F5240 49] LinuxAArch64NoEditor, [000001BC12CD9900][000001BC117F93C0 49] LinuxClient, [000001BC12C52500][000001BC117FD540 49] LinuxAArch64Client, [000001BC12CD9500][000001BC118016C0 49] LinuxServer, [000001BC12C52B00][000001BC11805840 49] LinuxAArch64Server, [000001BC12CD8C00][000001BC118099C0 49] Android, [000001BC12C52E00][000001BC117C9B00 49] Android_Low, [000001BC12CD9E00][000001BC1180C0C0 49] Android_Mid, [000001BC12C50A00][000001BC11810200 49] Android_High, [000001BC12CD9800][000001BC11814340 49] Android_Default, [000001BC12C51F00][000001BC1181C4C0 49] Android_Adreno4xx, [000001BC12CD8D00][000001BC11820640 49] Android_Adreno5xx_Low, [000001BC12C51600][000001BC118247C0 49] Android_Adreno5xx, [000001BC12CD9C00][000001BC11828940 49] Android_Adreno6xx, [000001BC12C53900][000001BC1182CAC0 49] Android_Adreno6xx_Vulkan, [000001BC12CDA800][000001BC11830C40 49] Android_Mali_T6xx, [000001BC12C51500][000001BC11834DC0 49] Android_Mali_T7xx, [000001BC12CD8B00][000001BC11838F40 49] Android_Mali_T8xx, [000001BC12C51000][000001BC1183D0C0 49] Android_Mali_G71, [000001BC12CD9300][000001BC11841240 49] Android_Mali_G72, [000001BC12C52100][000001BC118453C0 49] Android_Mali_G72_Vulkan, [000001BC12CD9F00][000001BC11849540 49] Android_Mali_G76, [000001BC12C53700][000001BC1184D6C0 49] Android_Mali_G76_Vulkan, [000001BC12CDA600][000001BC11851840 49] Android_Mali_G77, [000001BC12BF6A00][000001BC118559C0 49] Android_Mali_G77_Vulkan, [000001BC12CDA000][000001BC11859B40 49] Android_Mali_G78, [000001BC12BF7300][000001BC1185C140 49] Android_Mali_G78_Vulkan, [000001BC12CDAA00][000001BC11818280 49] Android_Mali_G710, [000001BC12BF5F00][000001BC118603C0 49] Android_Mali_G710_Vulkan, [000001BC12CD9000][000001BC11864500 49] Android_Vulkan_SM5, [000001BC12BF5C00][000001BC1186C680 49] Android_PowerVR_G6xxx, [000001BC12CD8F00][000001BC11870800 49] Android_PowerVR_GT7xxx, [000001BC12BF5100][000001BC11874980 49] Android_PowerVR_GE8xxx, [000001BC12CD8200][000001BC11878B00 49] Android_PowerVR_GM9xxx, [000001BC12BF6000][000001BC1187CC80 49] Android_PowerVR_GM9xxx_Vulkan, [000001BC12CD8800][000001BC11880E00 49] Android_TegraK1, [000001BC12BF7500][000001BC11884F80 49] Android_Unknown_Vulkan, [000001BC12CDA200][000001BC11889100 49] Lumin, [000001BC12BF6300][000001BC1188D280 49] Lumin_Desktop, [000001BC12CD8500][000001BC11891400 49] HoloLens, 
[2023.03.09-12.47.13:718][  0]LogMeshReduction: Using QuadricMeshReduction for automatic static mesh reduction
[2023.03.09-12.47.13:718][  0]LogMeshReduction: Using SimplygonMeshReduction for automatic skeletal mesh reduction
[2023.03.09-12.47.13:718][  0]LogMeshReduction: Using ProxyLODMeshReduction for automatic mesh merging
[2023.03.09-12.47.13:718][  0]LogMeshReduction: No distributed automatic mesh merging module available
[2023.03.09-12.47.13:718][  0]LogMeshMerging: No distributed automatic mesh merging module available
[2023.03.09-12.47.13:830][  0]LogNetVersion: PlatformerPt2 1.0.0, NetCL: 17155196, EngineNetVer: 17, GameNetVer: 0 (Checksum: 2060859677)
[2023.03.09-12.47.14:079][  0]LogTexture: Default maximum texture size for cubemaps generated from long-lat sources has been changed from 512 to unlimited. In order to preserve old behaiour for '/Engine/MapTemplates/Sky/DaylightAmbientCubemap.DaylightAmbientCubemap', its maximum texture size has been explicitly set to 512.
[2023.03.09-12.47.14:134][  0]LogHMD: PokeAHoleMaterial loaded successfully
[2023.03.09-12.47.14:260][  0]LogMoviePlayer: Initializing movie player
[2023.03.09-12.47.14:374][  0]LogNiagaraDebuggerClient: Niagara Debugger Client Initialized | Session: FC2FE4044ED744DBC5E815A31B82E1B7 | Instance: 0FF3E0F64115FF6AF91F7EB21C2BE79A (NORTHAR-PC-28196).
[2023.03.09-12.47.14:397][  0]LogCollectionManager: Loaded 0 collections in 0.001377 seconds
[2023.03.09-12.47.14:399][  0]LogFileCache: Scanning file cache for directory 'C:/Users/louis/Documents/GitHub/SpaceFormsPt2/Saved/Collections/' took 0.00s
[2023.03.09-12.47.14:399][  0]LogCollectionManager: Fixed up redirectors for 0 collections in 0.000002 seconds (updated 0 objects)
[2023.03.09-12.47.14:423][  0]LogFileCache: Scanning file cache for directory 'C:/Users/louis/Documents/GitHub/SpaceFormsPt2/Content/Developers/louis/Collections/' took 0.00s
[2023.03.09-12.47.14:423][  0]LogFileCache: Scanning file cache for directory 'C:/Users/louis/Documents/GitHub/SpaceFormsPt2/Content/Collections/' took 0.00s
[2023.03.09-12.47.14:423][  0]LogPython: Using Python 3.7.7
[2023.03.09-12.47.14:936][  0]LogTcpMessaging: Initializing TcpMessaging bridge
[2023.03.09-12.47.14:941][  0]LogUdpMessaging: Initializing bridge on interface 0.0.0.0:0 to multicast group 230.0.0.1:6666.
[2023.03.09-12.47.15:091][  0]SourceControl: Source control is disabled
[2023.03.09-12.47.15:091][  0]SourceControl: Source control is disabled
[2023.03.09-12.47.15:095][  0]SourceControl: Source control is disabled
[2023.03.09-12.47.15:107][  0]LogUProjectInfo: Found projects:
[2023.03.09-12.47.15:165][  0]LogOpenImageDenoise: OIDN starting up
[2023.03.09-12.47.15:217][  0]LogAndroidPermission: UAndroidPermissionCallbackProxy::GetInstance
[2023.03.09-12.47.15:241][  0]LogAudioCaptureCore: Display: No Audio Capture implementations found. Audio input will be silent.
[2023.03.09-12.47.15:241][  0]LogAudioCaptureCore: Display: No Audio Capture implementations found. Audio input will be silent.
[2023.03.09-12.47.15:323][  0]LogOcInput: OculusInput pre-init called
[2023.03.09-12.47.15:332][  0]LogUObjectArray: 22121 objects as part of root set at end of initial load.
[2023.03.09-12.47.15:332][  0]LogUObjectAllocator: 5975632 out of 0 bytes used by permanent object pool.
[2023.03.09-12.47.15:332][  0]LogUObjectArray: CloseDisregardForGC: 0/0 objects in disregard for GC pool
[2023.03.09-12.47.15:380][  0]LogEngine: Initializing Engine...
[2023.03.09-12.47.15:381][  0]LogHMD: Failed to enumerate extensions. Please check that you have a valid OpenXR runtime installed.
[2023.03.09-12.47.15:383][  0]LogHMD: Failed to initialize OpenVR with code 110
[2023.03.09-12.47.15:383][  0]LogMagicLeap: Warning: VR disabled because ZI is not enabled.  To enable, in the editor, Edit -> Project Settings -> Plugins -> Magic Leap Plugin -> Enable Zero Iteration
[2023.03.09-12.47.15:384][  0]LogStats: UGameplayTagsManager::InitializeManager -  0.000 s
[2023.03.09-12.47.15:472][  0]LogInit: Initializing FReadOnlyCVARCache
[2023.03.09-12.47.15:472][  0]LogAudio: Display: Initializing Audio Device Manager...
[2023.03.09-12.47.15:476][  0]LogAudio: Display: Loading Default Audio Settings Objects...
[2023.03.09-12.47.15:476][  0]LogAudio: Display: No default SoundConcurrencyObject specified (or failed to load).
[2023.03.09-12.47.15:477][  0]LogAudio: Display: Audio Device Manager Initialized
[2023.03.09-12.47.15:477][  0]LogAudio: Display: Creating Audio Device:                 Id: 1, Scope: Shared, Realtime: True
[2023.03.09-12.47.15:477][  0]LogAudioMixer: Display: Audio Mixer Platform Settings:
[2023.03.09-12.47.15:477][  0]LogAudioMixer: Display: 	Sample Rate:						  48000
[2023.03.09-12.47.15:477][  0]LogAudioMixer: Display: 	Callback Buffer Frame Size Requested: 1024
[2023.03.09-12.47.15:477][  0]LogAudioMixer: Display: 	Callback Buffer Frame Size To Use:	  1024
[2023.03.09-12.47.15:477][  0]LogAudioMixer: Display: 	Number of buffers to queue:			  2
[2023.03.09-12.47.15:477][  0]LogAudioMixer: Display: 	Max Channels (voices):				  32
[2023.03.09-12.47.15:477][  0]LogAudioMixer: Display: 	Number of Async Source Workers:		  0
[2023.03.09-12.47.15:477][  0]LogAudio: Display: AudioDevice MaxSources: 32
[2023.03.09-12.47.15:477][  0]LogAudio: Display: Audio Spatialization Plugin: None (built-in).
[2023.03.09-12.47.15:477][  0]LogAudio: Display: Audio Reverb Plugin: None (built-in).
[2023.03.09-12.47.15:477][  0]LogAudio: Display: Audio Occlusion Plugin: None (built-in).
[2023.03.09-12.47.15:477][  0]LogAudioMixer: Display: Initializing audio mixer.
[2023.03.09-12.47.15:594][  0]LogAudioMixer: Display: 0: FrontLeft
[2023.03.09-12.47.15:594][  0]LogAudioMixer: Display: 1: FrontRight
[2023.03.09-12.47.15:594][  0]LogAudioMixer: Display: 2: FrontCenter
[2023.03.09-12.47.15:594][  0]LogAudioMixer: Display: 3: LowFrequency
[2023.03.09-12.47.15:594][  0]LogAudioMixer: Display: 4: BackLeft
[2023.03.09-12.47.15:594][  0]LogAudioMixer: Display: 5: BackRight
[2023.03.09-12.47.15:594][  0]LogAudioMixer: Display: 6: SideLeft
[2023.03.09-12.47.15:594][  0]LogAudioMixer: Display: 7: SideRight
[2023.03.09-12.47.15:852][  0]LogAudioMixer: Display: Using Audio Device Enceintes (Realtek(R) Audio)
[2023.03.09-12.47.15:856][  0]LogAudioMixer: Display: Initializing Sound Submixes...
[2023.03.09-12.47.15:858][  0]LogAudioMixer: Display: Creating Master Submix 'MasterSubmixDefault'
[2023.03.09-12.47.15:858][  0]LogAudioMixer: Display: Creating Master Submix 'MasterReverbSubmixDefault'
[2023.03.09-12.47.15:859][  0]LogAudioMixer: Display: Creating Master Submix 'MasterEQSubmixDefault'
[2023.03.09-12.47.15:859][  0]LogAudioMixer: FMixerPlatformXAudio2::StartAudioStream() called
[2023.03.09-12.47.15:859][  0]LogAudioMixer: Display: Output buffers initialized: Frames=1024, Channels=8, Samples=8192
[2023.03.09-12.47.15:860][  0]LogAudioMixer: Display: Starting AudioMixerPlatformInterface::RunInternal()
[2023.03.09-12.47.15:860][  0]LogAudioMixer: Display: FMixerPlatformXAudio2::SubmitBuffer() called for the first time
[2023.03.09-12.47.15:860][  0]LogInit: FAudioDevice initialized.
[2023.03.09-12.47.15:862][  0]LogNetVersion: Set ProjectVersion to 1.0.0.0. Version Checksum will be recalculated on next use.
[2023.03.09-12.47.15:863][  0]LogInit: Texture streaming: Enabled
[2023.03.09-12.47.15:928][  0]LogAudio: Display: Audio Device (ID: 1) registered with world 'Untitled'.
[2023.03.09-12.47.15:929][  0]LogSlate: Updating window title bar state: overlay mode, drag disabled, window buttons hidden, title bar hidden
[2023.03.09-12.47.15:930][  0]LogInit: Display: Game Engine Initialized.
[2023.03.09-12.47.15:930][  0]LogNiagaraEditor: GEditor isn't valid! Particle reset commands will not work for Niagara components!
[2023.03.09-12.47.16:059][  0]LogInit: Display: Starting Game.
[2023.03.09-12.47.16:059][  0]LogNet: Browse: /Game/Maps/Maptest?Name=Player
[2023.03.09-12.47.16:060][  0]LogLoad: LoadMap: /Game/Maps/Maptest?Name=Player
[2023.03.09-12.47.16:060][  0]LogWorld: BeginTearingDown for /Temp/Untitled_0
[2023.03.09-12.47.16:061][  0]LogWorld: UWorld::CleanupWorld for Untitled, bSessionEnded=true, bCleanupResources=true
[2023.03.09-12.47.16:062][  0]LogSlate: InvalidateAllWidgets triggered.  All widgets were invalidated
[2023.03.09-12.47.16:066][  0]LogAudio: Display: Audio Device unregistered from world 'None'.
[2023.03.09-12.47.16:068][  0]LogUObjectHash: Compacting FUObjectHashTables data took   0.70ms
[2023.03.09-12.47.16:186][  0]LogAudio: Display: Audio Device (ID: 1) registered with world 'Maptest'.
[2023.03.09-12.47.16:194][  0]LogAIModule: Creating AISystem for world Maptest
[2023.03.09-12.47.16:198][  0]LogLoad: Game class is 'BP_GameModelBase_C'
[2023.03.09-12.47.16:205][  0]LogWorld: Bringing World /Game/Maps/Maptest.Maptest up for play (max tick rate 0) at 2023.03.09-13.47.16
[2023.03.09-12.47.16:206][  0]LogWorld: Bringing up level for play took: 0.006985
[2023.03.09-12.47.16:208][  0]LogLoad: Took 0.148032 seconds to LoadMap(/Game/Maps/Maptest)
[2023.03.09-12.47.16:263][  0]LogSlate: Took 0.000248 seconds to synchronously load lazily loaded font '../../../Engine/Content/Slate/Fonts/Roboto-Regular.ttf' (155K)
[2023.03.09-12.47.16:298][  0]LogRenderer: Reallocating scene render targets to support 1280x720 Format 10 NumSamples 1 (Frame:1).
[2023.03.09-12.47.16:298][  0]LogInit: Display: Engine is initialized. Leaving FEngineLoop::Init()
[2023.03.09-12.47.16:298][  0]LogLoad: (Engine Initialization) Total time: 6.97 seconds
[2023.03.09-12.47.16:298][  0]LogLoad: (Engine Initialization) Total Blueprint compile time: 0.00 seconds
[2023.03.09-12.47.16:301][  0]LogContentStreaming: Texture pool size now 1000 MB
[2023.03.09-12.47.16:302][  0]LogSlate: InvalidateAllWidgets triggered.  All widgets were invalidated
[2023.03.09-12.47.16:467][  1]LogSlate: Took 0.000217 seconds to synchronously load lazily loaded font '../../../Engine/Content/Slate/Fonts/Roboto-Regular.ttf' (155K)
[2023.03.09-12.49.18:763][689]LogSlate: Window 'PlatformerPt2 (64-bit Development PCD3D_SM5) ' being destroyed
[2023.03.09-12.49.18:764][689]LogWindowsTextInputMethodSystem: Display: IME system deactivated.
[2023.03.09-12.49.18:772][689]LogWindowsTextInputMethodSystem: Display: IME system deactivated.
[2023.03.09-12.49.18:774][689]LogSlate: Updating window title bar state: overlay mode, drag disabled, window buttons hidden, title bar hidden
[2023.03.09-12.49.18:774][689]LogEngine: All Windows Closed
[2023.03.09-12.49.18:774][689]LogWindows: FPlatformMisc::RequestExit(0)
[2023.03.09-12.49.18:774][689]LogWindows: FPlatformMisc::RequestExitWithStatus(0, 0)
[2023.03.09-12.49.18:774][689]LogCore: Engine exit requested (reason: Win RequestExit)
[2023.03.09-12.49.18:774][690]LogCore: Engine exit requested (reason: EngineExit() was called; note: exit was already requested)
[2023.03.09-12.49.18:774][690]LogInit: Display: PreExit Game.
[2023.03.09-12.49.18:775][690]LogWorld: BeginTearingDown for /Game/Maps/Maptest
[2023.03.09-12.49.18:775][690]LogWorld: UWorld::CleanupWorld for Maptest, bSessionEnded=true, bCleanupResources=true
[2023.03.09-12.49.18:775][690]LogSlate: InvalidateAllWidgets triggered.  All widgets were invalidated
[2023.03.09-12.49.19:452][690]LogAudio: Display: Beginning Audio Device Manager Shutdown (Module: AudioMixerXAudio2)...
[2023.03.09-12.49.19:452][690]LogAudio: Display: Destroying 1 Remaining Audio Device(s)...
[2023.03.09-12.49.19:452][690]LogAudio: Display: Audio Device unregistered from world 'Maptest'.
[2023.03.09-12.49.19:482][690]LogAudioMixer: FMixerPlatformXAudio2::StopAudioStream() called
[2023.03.09-12.49.19:483][690]LogAudioMixer: FMixerPlatformXAudio2::StopAudioStream() called
[2023.03.09-12.49.19:491][690]LogAudio: Display: Audio Device Manager Shutdown
[2023.03.09-12.49.19:496][690]LogExit: Preparing to exit.
[2023.03.09-12.49.20:018][690]LogSlate: Updating window title bar state: overlay mode, drag disabled, window buttons hidden, title bar hidden
[2023.03.09-12.49.20:019][690]LogUObjectHash: Compacting FUObjectHashTables data took   0.94ms
[2023.03.09-12.49.20:063][690]LogMoviePlayer: Shutting down movie player
[2023.03.09-12.49.20:266][690]LogDemo: Cleaned up 0 splitscreen connections with owner deletion
[2023.03.09-12.49.20:272][690]LogExit: Game engine shut down
[2023.03.09-12.49.20:318][690]LogExit: Object subsystem successfully closed.
[2023.03.09-12.49.20:335][690]LogShaderCompilers: Display: === FShaderJobCache stats ===
[2023.03.09-12.49.20:335][690]LogShaderCompilers: Display: Total job queries 0, among them cache hits 0 (0.00%)
[2023.03.09-12.49.20:335][690]LogShaderCompilers: Display: Tracking 0 distinct input hashes that result in 0 distinct outputs (0.00%)
[2023.03.09-12.49.20:335][690]LogShaderCompilers: Display: RAM used: 0.00 MB (0.00 GB) of 819.20 MB (0.80 GB) budget. Usage: 0.00%
[2023.03.09-12.49.20:335][690]LogShaderCompilers: Display: ================================================
[2023.03.09-12.49.20:345][690]LogShaderCompilers: Display: Shaders left to compile 0
[2023.03.09-12.49.20:366][690]LogModuleManager: Shutting down and abandoning module SequenceRecorderSections (558)
[2023.03.09-12.49.20:366][690]LogModuleManager: Shutting down and abandoning module SequenceRecorder (556)
[2023.03.09-12.49.20:366][690]LogModuleManager: Shutting down and abandoning module AutomationController (554)
[2023.03.09-12.49.20:366][690]LogModuleManager: Shutting down and abandoning module AutomationWorker (552)
[2023.03.09-12.49.20:366][690]LogModuleManager: Shutting down and abandoning module Voice (550)
[2023.03.09-12.49.20:366][690]LogModuleManager: Shutting down and abandoning module AIModule (548)
[2023.03.09-12.49.20:366][690]LogModuleManager: Shutting down and abandoning module GameplayDebugger (547)
[2023.03.09-12.49.20:366][690]LogModuleManager: Shutting down and abandoning module AITestSuite (545)
[2023.03.09-12.49.20:366][690]LogModuleManager: Shutting down and abandoning module NavigationSystem (543)
[2023.03.09-12.49.20:366][690]LogModuleManager: Shutting down and abandoning module SteamVREditor (540)
[2023.03.09-12.49.20:366][690]LogModuleManager: Shutting down and abandoning module ToolMenus (539)
[2023.03.09-12.49.20:366][690]LogModuleManager: Shutting down and abandoning module OculusMR (536)
[2023.03.09-12.49.20:366][690]LogModuleManager: Shutting down and abandoning module TakeRecorderSources (534)
[2023.03.09-12.49.20:366][690]LogModuleManager: Shutting down and abandoning module TakeRecorder (533)
[2023.03.09-12.49.20:366][690]LogModuleManager: Shutting down and abandoning module TakeTrackRecorders (530)
[2023.03.09-12.49.20:366][690]LogModuleManager: Shutting down and abandoning module TakesCore (528)
[2023.03.09-12.49.20:366][690]LogModuleManager: Shutting down and abandoning module OpenXRInput (526)
[2023.03.09-12.49.20:366][690]LogModuleManager: Shutting down and abandoning module WmfMediaFactory (524)
[2023.03.09-12.49.20:366][690]LogModuleManager: Shutting down and abandoning module WebMMediaFactory (522)
[2023.03.09-12.49.20:366][690]LogModuleManager: Shutting down and abandoning module WebMMedia (520)
[2023.03.09-12.49.20:366][690]LogModuleManager: Shutting down and abandoning module OpenExrWrapper (518)
[2023.03.09-12.49.20:366][690]LogModuleManager: Shutting down and abandoning module ImgMediaFactory (516)
[2023.03.09-12.49.20:366][690]LogModuleManager: Shutting down and abandoning module AvfMediaFactory (514)
[2023.03.09-12.49.20:366][690]LogModuleManager: Shutting down and abandoning module MagicLeapMediaCodecFactory (512)
[2023.03.09-12.49.20:366][690]LogModuleManager: Shutting down and abandoning module MagicLeapMediaFactory (510)
[2023.03.09-12.49.20:366][690]LogModuleManager: Shutting down and abandoning module PlanarCut (508)
[2023.03.09-12.49.20:366][690]LogModuleManager: Shutting down and abandoning module CharacterAI (506)
[2023.03.09-12.49.20:366][690]LogModuleManager: Shutting down and abandoning module SessionServices (504)
[2023.03.09-12.49.20:366][690]LogModuleManager: Shutting down and abandoning module MovieSceneCapture (502)
[2023.03.09-12.49.20:366][690]LogModuleManager: Shutting down and abandoning module LiveCoding (500)
[2023.03.09-12.49.20:367][690]LogModuleManager: Shutting down and abandoning module LevelSequence (498)
[2023.03.09-12.49.20:367][690]LogModuleManager: Shutting down and abandoning module MovieSceneTracks (496)
[2023.03.09-12.49.20:367][690]LogModuleManager: Shutting down and abandoning module MovieScene (494)
[2023.03.09-12.49.20:367][690]LogModuleManager: Shutting down and abandoning module StreamingPauseRendering (492)
[2023.03.09-12.49.20:367][690]LogModuleManager: Shutting down and abandoning module PortalServices (490)
[2023.03.09-12.49.20:367][690]LogModuleManager: Shutting down and abandoning module PortalRpc (488)
[2023.03.09-12.49.20:367][690]LogModuleManager: Shutting down and abandoning module MessagingRpc (486)
[2023.03.09-12.49.20:367][690]LogModuleManager: Shutting down and abandoning module AudioMixerXAudio2 (484)
[2023.03.09-12.49.20:367][690]LogModuleManager: Shutting down and abandoning module AudioMixerCore (483)
[2023.03.09-12.49.20:367][690]LogModuleManager: Shutting down and abandoning module ImageWriteQueue (480)
[2023.03.09-12.49.20:372][690]LogModuleManager: Shutting down and abandoning module ProfilerService (478)
[2023.03.09-12.49.20:620][690]LogModuleManager: Shutting down and abandoning module TaskGraph (476)
[2023.03.09-12.49.20:620][690]LogModuleManager: Shutting down and abandoning module OculusInput (474)
[2023.03.09-12.49.20:620][690]LogModuleManager: Shutting down and abandoning module TakeMovieScene (472)
[2023.03.09-12.49.20:620][690]LogModuleManager: Shutting down and abandoning module Synthesis (470)
[2023.03.09-12.49.20:620][690]LogModuleManager: Shutting down and abandoning module ProceduralMeshComponent (468)
[2023.03.09-12.49.20:620][690]LogModuleManager: Shutting down and abandoning module MobilePatchingUtils (466)
[2023.03.09-12.49.20:620][690]LogModuleManager: Shutting down and abandoning module GooglePAD (464)
[2023.03.09-12.49.20:620][690]LogModuleManager: Shutting down and abandoning module EditableMesh (462)
[2023.03.09-12.49.20:620][690]LogModuleManager: Shutting down and abandoning module CustomMeshComponent (460)
[2023.03.09-12.49.20:620][690]LogModuleManager: Shutting down and abandoning module CableComponent (458)
[2023.03.09-12.49.20:620][690]LogModuleManager: Shutting down and abandoning module AssetTags (456)
[2023.03.09-12.49.20:620][690]LogModuleManager: Shutting down and abandoning module AudioCapture (454)
[2023.03.09-12.49.20:620][690]LogModuleManager: Shutting down and abandoning module AudioCaptureRtAudio (453)
[2023.03.09-12.49.20:620][690]LogModuleManager: Shutting down and abandoning module ArchVisCharacter (450)
[2023.03.09-12.49.20:620][690]LogModuleManager: Shutting down and abandoning module AppleImageUtilsBlueprintSupport (448)
[2023.03.09-12.49.20:620][690]LogModuleManager: Shutting down and abandoning module AppleImageUtils (446)
[2023.03.09-12.49.20:620][690]LogModuleManager: Shutting down and abandoning module AndroidPermission (444)
[2023.03.09-12.49.20:620][690]LogModuleManager: Shutting down and abandoning module ActorLayerUtilities (442)
[2023.03.09-12.49.20:620][690]LogModuleManager: Shutting down and abandoning module TemplateSequence (440)
[2023.03.09-12.49.20:620][690]LogModuleManager: Shutting down and abandoning module MediaCompositing (438)
[2023.03.09-12.49.20:620][690]LogModuleManager: Shutting down and abandoning module ImgMedia (436)
[2023.03.09-12.49.20:620][690]LogModuleManager: Shutting down and abandoning module MagicLeapSharedWorld (434)
[2023.03.09-12.49.20:620][690]LogModuleManager: Shutting down and abandoning module MagicLeapLightEstimation (432)
[2023.03.09-12.49.20:620][690]LogModuleManager: Shutting down and abandoning module MagicLeapHelperVulkan (430)
[2023.03.09-12.49.20:620][690]LogModuleManager: Shutting down and abandoning module MagicLeapHelperOpenGL (428)
[2023.03.09-12.49.20:620][690]LogModuleManager: Shutting down and abandoning module MagicLeapAudio (426)
[2023.03.09-12.49.20:620][690]LogModuleManager: Shutting down and abandoning module MotoSynth (424)
[2023.03.09-12.49.20:620][690]LogModuleManager: Shutting down and abandoning module OpenImageDenoise (422)
[2023.03.09-12.49.20:620][690]LogOpenImageDenoise: OIDN shutting down
[2023.03.09-12.49.20:620][690]LogModuleManager: Shutting down and abandoning module MeshConversion (420)
[2023.03.09-12.49.20:620][690]LogModuleManager: Shutting down and abandoning module DynamicMesh (418)
[2023.03.09-12.49.20:620][690]LogModuleManager: Shutting down and abandoning module GeometryAlgorithms (416)
[2023.03.09-12.49.20:620][690]LogModuleManager: Shutting down and abandoning module GeometricObjects (414)
[2023.03.09-12.49.20:620][690]LogModuleManager: Shutting down and abandoning module GeometryCollectionTracks (412)
[2023.03.09-12.49.20:620][690]LogModuleManager: Shutting down and abandoning module GeometryCollectionSequencer (411)
[2023.03.09-12.49.20:621][690]LogModuleManager: Shutting down and abandoning module GeometryCacheTracks (408)
[2023.03.09-12.49.20:621][690]LogModuleManager: Shutting down and abandoning module GeometryCacheSequencer (407)
[2023.03.09-12.49.20:621][690]LogModuleManager: Shutting down and abandoning module GeometryCache (404)
[2023.03.09-12.49.20:621][690]LogModuleManager: Shutting down and abandoning module GeometryCacheEd (403)
[2023.03.09-12.49.20:621][690]LogModuleManager: Shutting down and abandoning module VisualStudioCodeSourceCodeAccess (400)
[2023.03.09-12.49.20:621][690]LogModuleManager: Shutting down and abandoning module VisualStudioSourceCodeAccess (398)
[2023.03.09-12.49.20:621][690]LogModuleManager: Shutting down and abandoning module HotReload (397)
[2023.03.09-12.49.20:621][690]LogModuleManager: Shutting down and abandoning module UObjectPlugin (394)
[2023.03.09-12.49.20:621][690]LogModuleManager: Shutting down and abandoning module SubversionSourceControl (392)
[2023.03.09-12.49.20:621][690]LogModuleManager: Shutting down and abandoning module PerforceSourceControl (390)
[2023.03.09-12.49.20:621][690]LogModuleManager: Shutting down and abandoning module SourceControl (389)
[2023.03.09-12.49.20:621][690]LogModuleManager: Shutting down and abandoning module ChaosNiagara (386)
[2023.03.09-12.49.20:621][690]LogModuleManager: Shutting down and abandoning module FieldSystemEngine (385)
[2023.03.09-12.49.20:621][690]LogModuleManager: Shutting down and abandoning module AutomationUtils (382)
[2023.03.09-12.49.20:621][690]LogModuleManager: Shutting down and abandoning module BackChannel (380)
[2023.03.09-12.49.20:621][690]LogModuleManager: Shutting down and abandoning module CLionSourceCodeAccess (378)
[2023.03.09-12.49.20:621][690]LogModuleManager: Shutting down and abandoning module OodleNetworkHandlerComponent (376)
[2023.03.09-12.49.20:621][690]LogModuleManager: Shutting down and abandoning module LiveLinkSequencer (374)
[2023.03.09-12.49.20:621][690]LogModuleManager: Shutting down and abandoning module LiveLinkMovieScene (372)
[2023.03.09-12.49.20:621][690]LogModuleManager: Shutting down and abandoning module LiveLinkGraphNode (370)
[2023.03.09-12.49.20:621][690]LogModuleManager: Shutting down and abandoning module LiveLinkComponents (368)
[2023.03.09-12.49.20:621][690]LogModuleManager: Shutting down and abandoning module LiveLink (366)
