Log file open, 03/09/23 10:07:58
LogWindows: Failed to load 'aqProf.dll' (GetLastError=126)
LogWindows: File 'aqProf.dll' does not exist
LogWindows: Failed to load 'VtuneApi.dll' (GetLastError=126)
LogWindows: File 'VtuneApi.dll' does not exist
LogWindows: Failed to load 'VtuneApi32e.dll' (GetLastError=126)
LogWindows: File 'VtuneApi32e.dll' does not exist
LogConsoleResponse: Display: Failed to find resolution value strings in scalability ini. Falling back to default.
LogConsoleResponse: Display: Failed to find resolution value strings in scalability ini. Falling back to default.
LogInit: Display: Running engine for game: PlatformerPt2
LogPlatformFile: Not using cached read wrapper
LogTaskGraph: Started task graph with 5 named threads and 47 total threads with 3 sets of task threads.
LogStats: Stats thread started at 0.444891
LogICUInternationalization: ICU TimeZone Detection - Raw Offset: +1:00, Platform Override: ''
LogInit: Display: Loading text-based GConfig....
LogPluginManager: Mounting plugin MeshPainting
LogPluginManager: Mounting plugin XGEController
LogPluginManager: Mounting plugin Paper2D
LogPluginManager: Mounting plugin LiveLink
LogPluginManager: Mounting plugin AISupport
LogPluginManager: Mounting plugin EnvironmentQueryEditor
LogPluginManager: Mounting plugin CameraShakePreviewer
LogPluginManager: Mounting plugin GameplayCameras
LogPluginManager: Mounting plugin AnimationSharing
LogPluginManager: Mounting plugin CodeLiteSourceCodeAccess
LogPluginManager: Mounting plugin CLionSourceCodeAccess
LogPluginManager: Mounting plugin GitSourceControl
LogPluginManager: Mounting plugin LightPropagationVolume
LogPluginManager: Mounting plugin OodleData
LogPluginManager: Mounting plugin NullSourceCodeAccess
LogPluginManager: Mounting plugin PlasticSourceControl
LogPluginManager: Mounting plugin PerforceSourceControl
LogPluginManager: Mounting plugin KDevelopSourceCodeAccess
LogPluginManager: Mounting plugin PluginUtils
LogPluginManager: Mounting plugin PropertyAccessNode
LogPluginManager: Mounting plugin PixWinPlugin
LogPluginManager: Mounting plugin RiderSourceCodeAccess
LogPluginManager: Mounting plugin SubversionSourceControl
LogPluginManager: Mounting plugin UObjectPlugin
LogPluginManager: Mounting plugin VisualStudioSourceCodeAccess
LogPluginManager: Mounting plugin XCodeSourceCodeAccess
LogPluginManager: Mounting plugin TextureFormatOodle
LogPluginManager: Mounting plugin VisualStudioCodeSourceCodeAccess
LogPluginManager: Mounting plugin OodleNetwork
LogPluginManager: Mounting plugin DatasmithContent
LogPluginManager: Mounting plugin AssetManagerEditor
LogPluginManager: Mounting plugin VariantManagerContent
LogPluginManager: Mounting plugin FacialAnimation
LogPluginManager: Mounting plugin GeometryMode
LogPluginManager: Mounting plugin MobileLauncherProfileWizard
LogPluginManager: Mounting plugin CryptoKeys
LogPluginManager: Mounting plugin SpeedTreeImporter
LogPluginManager: Mounting plugin PluginBrowser
LogPluginManager: Mounting plugin GameplayTagsEditor
LogPluginManager: Mounting plugin AlembicImporter
LogPluginManager: Mounting plugin AutomationUtils
LogPluginManager: Mounting plugin BackChannel
LogPluginManager: Mounting plugin DataValidation
LogPluginManager: Mounting plugin MacGraphicsSwitching
LogPluginManager: Mounting plugin CurveEditorTools
LogPluginManager: Mounting plugin ChaosCloth
LogPluginManager: Mounting plugin MaterialAnalyzer
LogPluginManager: Mounting plugin ChaosClothEditor
LogPluginManager: Mounting plugin ChaosEditor
LogPluginManager: Mounting plugin ChaosNiagara
LogPluginManager: Mounting plugin ChaosSolverPlugin
LogPluginManager: Mounting plugin CharacterAI
LogPluginManager: Mounting plugin GeometryCache
LogPluginManager: Mounting plugin GeometryProcessing
LogPluginManager: Mounting plugin GeometryCollectionPlugin
LogPluginManager: Mounting plugin OpenImageDenoise
LogPluginManager: Mounting plugin MotoSynth
LogPluginManager: Mounting plugin PlanarCut
LogPluginManager: Mounting plugin PlatformCrypto
LogPluginManager: Mounting plugin ProxyLODPlugin
LogPluginManager: Mounting plugin PythonScriptPlugin
LogPluginManager: Mounting plugin Niagara
LogPluginManager: Mounting plugin SkeletalReduction
LogPluginManager: Mounting plugin MagicLeap
LogPluginManager: Mounting plugin LuminPlatformFeatures
LogPluginManager: Mounting plugin MagicLeapMedia
LogPluginManager: Mounting plugin MagicLeapLightEstimation
LogPluginManager: Mounting plugin AvfMedia
LogPluginManager: Mounting plugin AndroidMedia
LogPluginManager: Mounting plugin ImgMedia
LogPluginManager: Mounting plugin MediaCompositing
LogPluginManager: Mounting plugin MediaPlayerEditor
LogPluginManager: Mounting plugin WmfMedia
LogPluginManager: Mounting plugin WebMMedia
LogPluginManager: Mounting plugin MagicLeapPassableWorld
LogPluginManager: Mounting plugin MLSDK
LogPluginManager: Mounting plugin ActorSequence
LogPluginManager: Mounting plugin LevelSequenceEditor
LogPluginManager: Mounting plugin MatineeToLevelSequence
LogPluginManager: Mounting plugin TemplateSequence
LogPluginManager: Mounting plugin OnlineSubsystem
LogPluginManager: Mounting plugin OnlineSubsystemNull
LogPluginManager: Mounting plugin OnlineSubsystemUtils
LogPluginManager: Mounting plugin AndroidPermission
LogPluginManager: Mounting plugin ActorLayerUtilities
LogPluginManager: Mounting plugin AndroidMoviePlayer
LogPluginManager: Mounting plugin AndroidDeviceProfileSelector
LogPluginManager: Mounting plugin AppleImageUtils
LogPluginManager: Mounting plugin ArchVisCharacter
LogPluginManager: Mounting plugin AudioCapture
LogPluginManager: Mounting plugin CableComponent
LogPluginManager: Mounting plugin AppleMoviePlayer
LogPluginManager: Mounting plugin AudioSynesthesia
LogPluginManager: Mounting plugin ChunkDownloader
LogPluginManager: Mounting plugin CustomMeshComponent
LogPluginManager: Mounting plugin ExampleDeviceProfileSelector
LogPluginManager: Mounting plugin EditableMesh
LogPluginManager: Mounting plugin AssetTags
LogPluginManager: Mounting plugin GoogleCloudMessaging
LogPluginManager: Mounting plugin GooglePAD
LogPluginManager: Mounting plugin IOSDeviceProfileSelector
LogPluginManager: Mounting plugin LinuxDeviceProfileSelector
LogPluginManager: Mounting plugin LocationServicesBPLibrary
LogPluginManager: Mounting plugin MobilePatchingUtils
LogPluginManager: Mounting plugin LauncherChunkInstaller
LogPluginManager: Mounting plugin OpenXREyeTracker
LogPluginManager: Mounting plugin OpenXRHandTracking
LogPluginManager: Mounting plugin OpenXR
LogPluginManager: Mounting plugin PhysXVehicles
LogPluginManager: Mounting plugin PostSplashScreen
LogPluginManager: Mounting plugin ProceduralMeshComponent
LogPluginManager: Mounting plugin RuntimePhysXCooking
LogPluginManager: Mounting plugin SignificanceManager
LogPluginManager: Mounting plugin SoundFields
LogPluginManager: Mounting plugin PropertyAccessEditor
LogPluginManager: Mounting plugin Synthesis
LogPluginManager: Mounting plugin WebMMoviePlayer
LogPluginManager: Mounting plugin WindowsMoviePlayer
LogPluginManager: Mounting plugin ScreenshotTools
LogPluginManager: Mounting plugin TcpMessaging
LogPluginManager: Mounting plugin Takes
LogPluginManager: Mounting plugin UdpMessaging
LogPluginManager: Mounting plugin ContentBrowserClassDataSource
LogPluginManager: Mounting plugin ContentBrowserAssetDataSource
LogPluginManager: Mounting plugin ContentBrowserFileDataSource
LogPluginManager: Mounting plugin OnlineSubsystemGooglePlay
LogPluginManager: Mounting plugin OnlineSubsystemIOS
LogPluginManager: Mounting plugin OculusVR
LogPluginManager: Mounting plugin SteamVR
PixWinPlugin: PIX capture plugin failed to initialize! Check that the process is launched from PIX.
LogInit: Using libcurl 7.55.1-DEV
LogInit:  - built for x86_64-pc-win32
LogInit:  - supports SSL with OpenSSL/1.1.1
LogInit:  - supports HTTP deflate (compression) using libz 1.2.8
LogInit:  - other features:
LogInit:      CURL_VERSION_SSL
LogInit:      CURL_VERSION_LIBZ
LogInit:      CURL_VERSION_IPV6
LogInit:      CURL_VERSION_ASYNCHDNS
LogInit:      CURL_VERSION_LARGEFILE
LogInit:      CURL_VERSION_IDN
LogInit:  CurlRequestOptions (configurable via config and command line):
LogInit:  - bVerifyPeer = true  - Libcurl will verify peer certificate
LogInit:  - bUseHttpProxy = false  - Libcurl will NOT use HTTP proxy
LogInit:  - bDontReuseConnections = false  - Libcurl will reuse connections
LogInit:  - MaxHostConnections = 16  - Libcurl will limit the number of connections to a host
LogInit:  - LocalHostAddr = Default
LogInit:  - BufferSize = 65536
LogOnline: OSS: Creating online subsystem instance for: NULL
LogInit: WinSock: version 1.1 (2.2), MaxSocks=32767, MaxUdp=65467
LogOnline: OSS: TryLoadSubsystemAndSetDefault: Loaded subsystem for module [NULL]
LogOculusPluginWrapper: OculusPlugin initialized successfully
LogHMD: Failed initializing OVRPlugin 1.59.0
LogInit: Build: ++UE4+Release-4.27-CL-18319896
LogInit: Engine Version: 4.27.2-18319896+++UE4+Release-4.27
LogInit: Compatible Engine Version: 4.27.0-17155196+++UE4+Release-4.27
LogInit: Net CL: 17155196
LogInit: OS: Windows 10 (Release 2009) (), CPU: Intel(R) Core(TM) i7-10870H CPU @ 2.20GHz, GPU: Intel(R) UHD Graphics
LogInit: Compiled (64-bit): Nov 30 2021 07:12:08
LogInit: Compiled with Visual C++: 19.24.28315.00
LogInit: Build Configuration: Development
LogInit: Branch Name: ++UE4+Release-4.27
LogInit: Command Line:  /Game/Maps/Maptest -game -PIEVIACONSOLE -Multiprocess GameUserSettingsINI=C:/Users/louis/Documents/GitHub/SpaceFormsPt2/Saved/Config/Windows/PIEGameUserSettings0.ini -MultiprocessSaveConfig -forcepassthrough -messaging -SessionName="Play in Standalone Game" -windowed -WinX=1 -WinY=31 SAVEWINPOS=1 -ResX=1910 -ResY=986
LogInit: Base Directory: C:/Program Files/Epic Games/UE_4.27/Engine/Binaries/Win64/
LogInit: Allocator: TBB
LogInit: Installed Engine Build: 1
LogDevObjectVersion: Number of dev versions registered: 29
LogDevObjectVersion:   Dev-Blueprints (B0D832E4-1F89-4F0D-ACCF-7EB736FD4AA2): 10
LogDevObjectVersion:   Dev-Build (E1C64328-A22C-4D53-A36C-8E866417BD8C): 0
LogDevObjectVersion:   Dev-Core (375EC13C-06E4-48FB-B500-84F0262A717E): 4
LogDevObjectVersion:   Dev-Editor (E4B068ED-F494-42E9-A231-DA0B2E46BB41): 40
LogDevObjectVersion:   Dev-Framework (CFFC743F-43B0-4480-9391-14DF171D2073): 37
LogDevObjectVersion:   Dev-Mobile (B02B49B5-BB20-44E9-A304-32B752E40360): 3
LogDevObjectVersion:   Dev-Networking (A4E4105C-59A1-49B5-A7C5-40C4547EDFEE): 0
LogDevObjectVersion:   Dev-Online (39C831C9-5AE6-47DC-9A44-9C173E1C8E7C): 0
LogDevObjectVersion:   Dev-Physics (78F01B33-EBEA-4F98-B9B4-84EACCB95AA2): 14
LogDevObjectVersion:   Dev-Platform (6631380F-2D4D-43E0-8009-CF276956A95A): 0
LogDevObjectVersion:   Dev-Rendering (12F88B9F-8875-4AFC-A67C-D90C383ABD29): 45
LogDevObjectVersion:   Dev-Sequencer (7B5AE74C-D270-4C10-A958-57980B212A5A): 13
LogDevObjectVersion:   Dev-VR (D7296918-1DD6-4BDD-9DE2-64A83CC13884): 3
LogDevObjectVersion:   Dev-LoadTimes (C2A15278-BFE7-4AFE-6C17-90FF531DF755): 1
LogDevObjectVersion:   Private-Geometry (6EACA3D4-40EC-4CC1-B786-8BED09428FC5): 3
LogDevObjectVersion:   Dev-AnimPhys (29E575DD-E0A3-4627-9D10-D276232CDCEA): 17
LogDevObjectVersion:   Dev-Anim (AF43A65D-7FD3-4947-9873-3E8ED9C1BB05): 15
LogDevObjectVersion:   Dev-ReflectionCapture (6B266CEC-1EC7-4B8F-A30B-E4D90942FC07): 1
LogDevObjectVersion:   Dev-Automation (0DF73D61-A23F-47EA-B727-89E90C41499A): 1
LogDevObjectVersion:   FortniteMain (601D1886-AC64-4F84-AA16-D3DE0DEAC7D6): 47
LogDevObjectVersion:   FortniteRelease (E7086368-6B23-4C58-8439-1B7016265E91): 1
LogDevObjectVersion:   Dev-Enterprise (9DFFBCD6-494F-0158-E221-12823C92A888): 10
LogDevObjectVersion:   Dev-Niagara (F2AED0AC-9AFE-416F-8664-AA7FFA26D6FC): 1
LogDevObjectVersion:   Dev-Destruction (174F1F0B-B4C6-45A5-B13F-2EE8D0FB917D): 10
LogDevObjectVersion:   Dev-Physics-Ext (35F94A83-E258-406C-A318-09F59610247C): 41
LogDevObjectVersion:   Dev-PhysicsMaterial-Chaos (B68FC16E-8B1B-42E2-B453-215C058844FE): 1
LogDevObjectVersion:   Dev-CineCamera (B2E18506-4273-CFC2-A54E-F4BB758BBA07): 1
LogDevObjectVersion:   Dev-VirtualProduction (64F58936-FD1B-42BA-BA96-7289D5D0FA4E): 1
LogDevObjectVersion:   Dev-MediaFramework (6F0ED827-A609-4895-9C91-998D90180EA4): 2
LogInit: Presizing for max 25165824 objects, including 0 objects not considered by GC, pre-allocating 0 bytes for permanent pool.
LogConfig: Applying CVar settings from Section [/Script/Engine.StreamingSettings] File [C:/Users/louis/Documents/GitHub/SpaceFormsPt2/Saved/Config/Windows/Engine.ini]
LogConfig: Setting CVar [[s.MinBulkDataSizeForAsyncLoading:131072]]
LogConfig: Setting CVar [[s.AsyncLoadingThreadEnabled:0]]
LogConfig: Setting CVar [[s.EventDrivenLoaderEnabled:1]]
LogConfig: Setting CVar [[s.WarnIfTimeLimitExceeded:0]]
LogConfig: Setting CVar [[s.TimeLimitExceededMultiplier:1.5]]
LogConfig: Setting CVar [[s.TimeLimitExceededMinTime:0.005]]
LogConfig: Setting CVar [[s.UseBackgroundLevelStreaming:1]]
LogConfig: Setting CVar [[s.PriorityAsyncLoadingExtraTime:15.0]]
LogConfig: Setting CVar [[s.LevelStreamingActorsUpdateTimeLimit:5.0]]
LogConfig: Setting CVar [[s.PriorityLevelStreamingActorsUpdateExtraTime:5.0]]
LogConfig: Setting CVar [[s.LevelStreamingComponentsRegistrationGranularity:10]]
LogConfig: Setting CVar [[s.UnregisterComponentsTimeLimit:1.0]]
LogConfig: Setting CVar [[s.LevelStreamingComponentsUnregistrationGranularity:5]]
LogConfig: Setting CVar [[s.FlushStreamingOnExit:1]]
LogInit: Object subsystem initialized
LogConfig: Setting CVar [[con.DebugEarlyDefault:1]]
LogConfig: Setting CVar [[r.setres:1280x720]]
[2023.03.09-09.07.59:289][  0]LogConfig: Setting CVar [[con.DebugEarlyDefault:1]]
[2023.03.09-09.07.59:289][  0]LogConfig: Setting CVar [[r.setres:1280x720]]
[2023.03.09-09.07.59:289][  0]LogConfig: Applying CVar settings from Section [/Script/Engine.RendererSettings] File [C:/Users/louis/Documents/GitHub/SpaceFormsPt2/Saved/Config/Windows/Engine.ini]
[2023.03.09-09.07.59:289][  0]LogConfig: Setting CVar [[r.GPUCrashDebugging:0]]
[2023.03.09-09.07.59:290][  0]LogConfig: Setting CVar [[r.DefaultFeature.AutoExposure:0]]
[2023.03.09-09.07.59:290][  0]LogConfig: Applying CVar settings from Section [/Script/Engine.RendererOverrideSettings] File [C:/Users/louis/Documents/GitHub/SpaceFormsPt2/Saved/Config/Windows/Engine.ini]
[2023.03.09-09.07.59:290][  0]LogConfig: Applying CVar settings from Section [/Script/Engine.StreamingSettings] File [C:/Users/louis/Documents/GitHub/SpaceFormsPt2/Saved/Config/Windows/Engine.ini]
[2023.03.09-09.07.59:290][  0]LogConfig: Setting CVar [[s.MinBulkDataSizeForAsyncLoading:131072]]
[2023.03.09-09.07.59:290][  0]LogConfig: Setting CVar [[s.AsyncLoadingThreadEnabled:0]]
[2023.03.09-09.07.59:290][  0]LogConfig: Setting CVar [[s.EventDrivenLoaderEnabled:1]]
[2023.03.09-09.07.59:290][  0]LogConfig: Setting CVar [[s.WarnIfTimeLimitExceeded:0]]
[2023.03.09-09.07.59:290][  0]LogConfig: Setting CVar [[s.TimeLimitExceededMultiplier:1.5]]
[2023.03.09-09.07.59:290][  0]LogConfig: Setting CVar [[s.TimeLimitExceededMinTime:0.005]]
[2023.03.09-09.07.59:290][  0]LogConfig: Setting CVar [[s.UseBackgroundLevelStreaming:1]]
[2023.03.09-09.07.59:290][  0]LogConfig: Setting CVar [[s.PriorityAsyncLoadingExtraTime:15.0]]
[2023.03.09-09.07.59:290][  0]LogConfig: Setting CVar [[s.LevelStreamingActorsUpdateTimeLimit:5.0]]
[2023.03.09-09.07.59:290][  0]LogConfig: Setting CVar [[s.PriorityLevelStreamingActorsUpdateExtraTime:5.0]]
[2023.03.09-09.07.59:290][  0]LogConfig: Setting CVar [[s.LevelStreamingComponentsRegistrationGranularity:10]]
[2023.03.09-09.07.59:290][  0]LogConfig: Setting CVar [[s.UnregisterComponentsTimeLimit:1.0]]
[2023.03.09-09.07.59:290][  0]LogConfig: Setting CVar [[s.LevelStreamingComponentsUnregistrationGranularity:5]]
[2023.03.09-09.07.59:290][  0]LogConfig: Setting CVar [[s.FlushStreamingOnExit:1]]
[2023.03.09-09.07.59:290][  0]LogConfig: Applying CVar settings from Section [/Script/Engine.GarbageCollectionSettings] File [C:/Users/louis/Documents/GitHub/SpaceFormsPt2/Saved/Config/Windows/Engine.ini]
[2023.03.09-09.07.59:290][  0]LogConfig: Setting CVar [[gc.MaxObjectsNotConsideredByGC:1]]
[2023.03.09-09.07.59:290][  0]LogConfig: Setting CVar [[gc.SizeOfPermanentObjectPool:0]]
[2023.03.09-09.07.59:290][  0]LogConfig: Setting CVar [[gc.FlushStreamingOnGC:0]]
[2023.03.09-09.07.59:290][  0]LogConfig: Setting CVar [[gc.NumRetriesBeforeForcingGC:10]]
[2023.03.09-09.07.59:290][  0]LogConfig: Setting CVar [[gc.AllowParallelGC:1]]
[2023.03.09-09.07.59:290][  0]LogConfig: Setting CVar [[gc.TimeBetweenPurgingPendingKillObjects:61.1]]
[2023.03.09-09.07.59:290][  0]LogConfig: Setting CVar [[gc.MaxObjectsInEditor:25165824]]
[2023.03.09-09.07.59:290][  0]LogConfig: Setting CVar [[gc.IncrementalBeginDestroyEnabled:1]]
[2023.03.09-09.07.59:290][  0]LogConfig: Setting CVar [[gc.CreateGCClusters:1]]
[2023.03.09-09.07.59:290][  0]LogConfig: Setting CVar [[gc.MinGCClusterSize:5]]
[2023.03.09-09.07.59:290][  0]LogConfig: Setting CVar [[gc.ActorClusteringEnabled:0]]
[2023.03.09-09.07.59:290][  0]LogConfig: Setting CVar [[gc.BlueprintClusteringEnabled:0]]
[2023.03.09-09.07.59:290][  0]LogConfig: Setting CVar [[gc.UseDisregardForGCOnDedicatedServers:0]]
[2023.03.09-09.07.59:290][  0]LogConfig: Setting CVar [[gc.MultithreadedDestructionEnabled:1]]
[2023.03.09-09.07.59:290][  0]LogConfig: Applying CVar settings from Section [/Script/Engine.NetworkSettings] File [C:/Users/louis/Documents/GitHub/SpaceFormsPt2/Saved/Config/Windows/Engine.ini]
[2023.03.09-09.07.59:290][  0]LogConfig: Applying CVar settings from Section [/Script/UnrealEd.CookerSettings] File [C:/Users/louis/Documents/GitHub/SpaceFormsPt2/Saved/Config/Windows/Engine.ini]
[2023.03.09-09.07.59:312][  0]LogConfig: Applying CVar settings from Section [ViewDistanceQuality@3] File [C:/Users/louis/Documents/GitHub/SpaceFormsPt2/Saved/Config/Windows/Scalability.ini]
[2023.03.09-09.07.59:312][  0]LogConfig: Setting CVar [[r.SkeletalMeshLODBias:0]]
[2023.03.09-09.07.59:312][  0]LogConfig: Setting CVar [[r.ViewDistanceScale:1.0]]
[2023.03.09-09.07.59:312][  0]LogConfig: Applying CVar settings from Section [AntiAliasingQuality@3] File [C:/Users/louis/Documents/GitHub/SpaceFormsPt2/Saved/Config/Windows/Scalability.ini]
[2023.03.09-09.07.59:312][  0]LogConfig: Setting CVar [[r.PostProcessAAQuality:4]]
[2023.03.09-09.07.59:312][  0]LogConfig: Applying CVar settings from Section [ShadowQuality@3] File [C:/Users/louis/Documents/GitHub/SpaceFormsPt2/Saved/Config/Windows/Scalability.ini]
[2023.03.09-09.07.59:312][  0]LogConfig: Setting CVar [[r.LightFunctionQuality:1]]
[2023.03.09-09.07.59:312][  0]LogConfig: Setting CVar [[r.ShadowQuality:5]]
[2023.03.09-09.07.59:312][  0]LogConfig: Setting CVar [[r.Shadow.CSM.MaxCascades:10]]
[2023.03.09-09.07.59:312][  0]LogConfig: Setting CVar [[r.Shadow.MaxResolution:2048]]
[2023.03.09-09.07.59:312][  0]LogConfig: Setting CVar [[r.Shadow.MaxCSMResolution:2048]]
[2023.03.09-09.07.59:312][  0]LogConfig: Setting CVar [[r.Shadow.RadiusThreshold:0.01]]
[2023.03.09-09.07.59:312][  0]LogConfig: Setting CVar [[r.Shadow.DistanceScale:1.0]]
[2023.03.09-09.07.59:312][  0]LogConfig: Setting CVar [[r.Shadow.CSM.TransitionScale:1.0]]
[2023.03.09-09.07.59:312][  0]LogConfig: Setting CVar [[r.Shadow.PreShadowResolutionFactor:1.0]]
[2023.03.09-09.07.59:312][  0]LogConfig: Setting CVar [[r.DistanceFieldShadowing:1]]
[2023.03.09-09.07.59:312][  0]LogConfig: Setting CVar [[r.DistanceFieldAO:1]]
[2023.03.09-09.07.59:312][  0]LogConfig: Setting CVar [[r.AOQuality:2]]
[2023.03.09-09.07.59:312][  0]LogConfig: Setting CVar [[r.VolumetricFog:1]]
[2023.03.09-09.07.59:312][  0]LogConfig: Setting CVar [[r.VolumetricFog.GridPixelSize:8]]
[2023.03.09-09.07.59:312][  0]LogConfig: Setting CVar [[r.VolumetricFog.GridSizeZ:128]]
[2023.03.09-09.07.59:312][  0]LogConfig: Setting CVar [[r.VolumetricFog.HistoryMissSupersampleCount:4]]
[2023.03.09-09.07.59:312][  0]LogConfig: Setting CVar [[r.LightMaxDrawDistanceScale:1]]
[2023.03.09-09.07.59:312][  0]LogConfig: Setting CVar [[r.CapsuleShadows:1]]
[2023.03.09-09.07.59:312][  0]LogConfig: Applying CVar settings from Section [PostProcessQuality@3] File [C:/Users/louis/Documents/GitHub/SpaceFormsPt2/Saved/Config/Windows/Scalability.ini]
[2023.03.09-09.07.59:312][  0]LogConfig: Setting CVar [[r.MotionBlurQuality:4]]
[2023.03.09-09.07.59:312][  0]LogConfig: Setting CVar [[r.AmbientOcclusionMipLevelFactor:0.4]]
[2023.03.09-09.07.59:312][  0]LogConfig: Setting CVar [[r.AmbientOcclusionMaxQuality:100]]
[2023.03.09-09.07.59:312][  0]LogConfig: Setting CVar [[r.AmbientOcclusionLevels:-1]]
[2023.03.09-09.07.59:312][  0]LogConfig: Setting CVar [[r.AmbientOcclusionRadiusScale:1.0]]
[2023.03.09-09.07.59:312][  0]LogConfig: Setting CVar [[r.DepthOfFieldQuality:2]]
[2023.03.09-09.07.59:312][  0]LogConfig: Setting CVar [[r.RenderTargetPoolMin:400]]
[2023.03.09-09.07.59:312][  0]LogConfig: Setting CVar [[r.LensFlareQuality:2]]
[2023.03.09-09.07.59:312][  0]LogConfig: Setting CVar [[r.SceneColorFringeQuality:1]]
[2023.03.09-09.07.59:313][  0]LogConfig: Setting CVar [[r.EyeAdaptationQuality:2]]
[2023.03.09-09.07.59:313][  0]LogConfig: Setting CVar [[r.BloomQuality:5]]
[2023.03.09-09.07.59:313][  0]LogConfig: Setting CVar [[r.FastBlurThreshold:100]]
[2023.03.09-09.07.59:313][  0]LogConfig: Setting CVar [[r.Upscale.Quality:3]]
[2023.03.09-09.07.59:313][  0]LogConfig: Setting CVar [[r.Tonemapper.GrainQuantization:1]]
[2023.03.09-09.07.59:313][  0]LogConfig: Setting CVar [[r.LightShaftQuality:1]]
[2023.03.09-09.07.59:313][  0]LogConfig: Setting CVar [[r.Filter.SizeScale:1]]
[2023.03.09-09.07.59:313][  0]LogConfig: Setting CVar [[r.Tonemapper.Quality:5]]
[2023.03.09-09.07.59:313][  0]LogConfig: Setting CVar [[r.DOF.Gather.AccumulatorQuality:1        ; higher gathering accumulator quality]]
[2023.03.09-09.07.59:313][  0]LogConfig: Setting CVar [[r.DOF.Gather.PostfilterMethod:1          ; Median3x3 postfilering method]]
[2023.03.09-09.07.59:313][  0]LogConfig: Setting CVar [[r.DOF.Gather.EnableBokehSettings:0       ; no bokeh simulation when gathering]]
[2023.03.09-09.07.59:313][  0]LogConfig: Setting CVar [[r.DOF.Gather.RingCount:4                 ; medium number of samples when gathering]]
[2023.03.09-09.07.59:313][  0]LogConfig: Setting CVar [[r.DOF.Scatter.ForegroundCompositing:1    ; additive foreground scattering]]
[2023.03.09-09.07.59:313][  0]LogConfig: Setting CVar [[r.DOF.Scatter.BackgroundCompositing:2    ; additive background scattering]]
[2023.03.09-09.07.59:314][  0]LogConfig: Setting CVar [[r.DOF.Scatter.EnableBokehSettings:1      ; bokeh simulation when scattering]]
[2023.03.09-09.07.59:314][  0]LogConfig: Setting CVar [[r.DOF.Scatter.MaxSpriteRatio:0.1         ; only a maximum of 10% of scattered bokeh]]
[2023.03.09-09.07.59:314][  0]LogConfig: Setting CVar [[r.DOF.Recombine.Quality:1                ; cheap slight out of focus]]
[2023.03.09-09.07.59:314][  0]LogConfig: Setting CVar [[r.DOF.Recombine.EnableBokehSettings:0    ; no bokeh simulation on slight out of focus]]
[2023.03.09-09.07.59:314][  0]LogConfig: Setting CVar [[r.DOF.TemporalAAQuality:1                ; more stable temporal accumulation]]
[2023.03.09-09.07.59:314][  0]LogConfig: Setting CVar [[r.DOF.Kernel.MaxForegroundRadius:0.025]]
[2023.03.09-09.07.59:314][  0]LogConfig: Setting CVar [[r.DOF.Kernel.MaxBackgroundRadius:0.025]]
[2023.03.09-09.07.59:314][  0]LogConfig: Applying CVar settings from Section [TextureQuality@3] File [C:/Users/louis/Documents/GitHub/SpaceFormsPt2/Saved/Config/Windows/Scalability.ini]
[2023.03.09-09.07.59:314][  0]LogConfig: Setting CVar [[r.Streaming.MipBias:0]]
[2023.03.09-09.07.59:314][  0]LogConfig: Setting CVar [[r.Streaming.AmortizeCPUToGPUCopy:0]]
[2023.03.09-09.07.59:314][  0]LogConfig: Setting CVar [[r.Streaming.MaxNumTexturesToStreamPerFrame:0]]
[2023.03.09-09.07.59:314][  0]LogConfig: Setting CVar [[r.Streaming.Boost:1]]
[2023.03.09-09.07.59:314][  0]LogConfig: Setting CVar [[r.MaxAnisotropy:8]]
[2023.03.09-09.07.59:314][  0]LogConfig: Setting CVar [[r.VT.MaxAnisotropy:8]]
[2023.03.09-09.07.59:314][  0]LogConfig: Setting CVar [[r.Streaming.LimitPoolSizeToVRAM:0]]
[2023.03.09-09.07.59:314][  0]LogConfig: Setting CVar [[r.Streaming.PoolSize:1000]]
[2023.03.09-09.07.59:314][  0]LogConfig: Setting CVar [[r.Streaming.MaxEffectiveScreenSize:0]]
[2023.03.09-09.07.59:314][  0]LogConfig: Applying CVar settings from Section [EffectsQuality@3] File [C:/Users/louis/Documents/GitHub/SpaceFormsPt2/Saved/Config/Windows/Scalability.ini]
[2023.03.09-09.07.59:314][  0]LogConfig: Setting CVar [[r.TranslucencyLightingVolumeDim:64]]
[2023.03.09-09.07.59:314][  0]LogConfig: Setting CVar [[r.RefractionQuality:2]]
[2023.03.09-09.07.59:314][  0]LogConfig: Setting CVar [[r.SSR.Quality:3]]
[2023.03.09-09.07.59:314][  0]LogConfig: Setting CVar [[r.SSR.HalfResSceneColor:0]]
[2023.03.09-09.07.59:314][  0]LogConfig: Setting CVar [[r.SceneColorFormat:4]]
[2023.03.09-09.07.59:314][  0]LogConfig: Setting CVar [[r.DetailMode:2]]
[2023.03.09-09.07.59:314][  0]LogConfig: Setting CVar [[r.TranslucencyVolumeBlur:1]]
[2023.03.09-09.07.59:314][  0]LogConfig: Setting CVar [[r.MaterialQualityLevel:1 ; High quality]]
[2023.03.09-09.07.59:314][  0]LogConfig: Setting CVar [[r.AnisotropicMaterials:1]]
[2023.03.09-09.07.59:314][  0]LogConfig: Setting CVar [[r.SSS.Scale:1]]
[2023.03.09-09.07.59:314][  0]LogConfig: Setting CVar [[r.SSS.SampleSet:2]]
[2023.03.09-09.07.59:314][  0]LogConfig: Setting CVar [[r.SSS.Quality:1]]
[2023.03.09-09.07.59:314][  0]LogConfig: Setting CVar [[r.SSS.HalfRes:0]]
[2023.03.09-09.07.59:314][  0]LogConfig: Setting CVar [[r.SSGI.Quality:3]]
[2023.03.09-09.07.59:314][  0]LogConfig: Setting CVar [[r.EmitterSpawnRateScale:1.0]]
[2023.03.09-09.07.59:314][  0]LogConfig: Setting CVar [[r.ParticleLightQuality:2]]
[2023.03.09-09.07.59:314][  0]LogConfig: Setting CVar [[r.SkyAtmosphere.AerialPerspectiveLUT.FastApplyOnOpaque:1 ; Always have FastSkyLUT 1 in this case to avoid wrong sky]]
[2023.03.09-09.07.59:314][  0]LogConfig: Setting CVar [[r.SkyAtmosphere.AerialPerspectiveLUT.SampleCountMaxPerSlice:4]]
[2023.03.09-09.07.59:314][  0]LogConfig: Setting CVar [[r.SkyAtmosphere.AerialPerspectiveLUT.DepthResolution:16.0]]
[2023.03.09-09.07.59:314][  0]LogConfig: Setting CVar [[r.SkyAtmosphere.FastSkyLUT:1]]
[2023.03.09-09.07.59:314][  0]LogConfig: Setting CVar [[r.SkyAtmosphere.FastSkyLUT.SampleCountMin:4.0]]
[2023.03.09-09.07.59:314][  0]LogConfig: Setting CVar [[r.SkyAtmosphere.FastSkyLUT.SampleCountMax:128.0]]
[2023.03.09-09.07.59:314][  0]LogConfig: Setting CVar [[r.SkyAtmosphere.SampleCountMin:4.0]]
[2023.03.09-09.07.59:314][  0]LogConfig: Setting CVar [[r.SkyAtmosphere.SampleCountMax:128.0]]
[2023.03.09-09.07.59:314][  0]LogConfig: Setting CVar [[r.SkyAtmosphere.TransmittanceLUT.UseSmallFormat:0]]
[2023.03.09-09.07.59:314][  0]LogConfig: Setting CVar [[r.SkyAtmosphere.TransmittanceLUT.SampleCount:10.0]]
[2023.03.09-09.07.59:314][  0]LogConfig: Setting CVar [[r.SkyAtmosphere.MultiScatteringLUT.SampleCount:15.0]]
[2023.03.09-09.07.59:314][  0]LogConfig: Setting CVar [[r.SkyLight.RealTimeReflectionCapture:1]]
[2023.03.09-09.07.59:314][  0]LogConfig: Applying CVar settings from Section [FoliageQuality@3] File [C:/Users/louis/Documents/GitHub/SpaceFormsPt2/Saved/Config/Windows/Scalability.ini]
[2023.03.09-09.07.59:314][  0]LogConfig: Setting CVar [[foliage.DensityScale:1.0]]
[2023.03.09-09.07.59:315][  0]LogConfig: Setting CVar [[grass.DensityScale:1.0]]
[2023.03.09-09.07.59:315][  0]LogConfig: Applying CVar settings from Section [ShadingQuality@3] File [C:/Users/louis/Documents/GitHub/SpaceFormsPt2/Saved/Config/Windows/Scalability.ini]
[2023.03.09-09.07.59:315][  0]LogConfig: Setting CVar [[r.HairStrands.SkyLighting.IntegrationType:2]]
[2023.03.09-09.07.59:315][  0]LogConfig: Setting CVar [[r.HairStrands.SkyAO.SampleCount:4]]
[2023.03.09-09.07.59:315][  0]LogConfig: Setting CVar [[r.HairStrands.Visibility.MSAA.SamplePerPixel:4]]
[2023.03.09-09.07.59:315][  0]LogInit: Selected Device Profile: [Windows]
[2023.03.09-09.07.59:315][  0]LogInit: Applying CVar settings loaded from the selected device profile: [Windows]
[2023.03.09-09.07.59:315][  0]LogHAL: Display: Platform has ~ 16 GB [16943685632 / 17179869184 / 16], which maps to Larger [LargestMinGB=32, LargerMinGB=12, DefaultMinGB=8, SmallerMinGB=6, SmallestMinGB=0)
[2023.03.09-09.07.59:315][  0]LogInit: Going up to parent DeviceProfile []
[2023.03.09-09.07.59:315][  0]LogConfig: Applying CVar settings from Section [ViewDistanceQuality@3] File [C:/Users/louis/Documents/GitHub/SpaceFormsPt2/Saved/Config/Windows/Scalability.ini]
[2023.03.09-09.07.59:315][  0]LogConfig: Setting CVar [[r.SkeletalMeshLODBias:0]]
[2023.03.09-09.07.59:315][  0]LogConfig: Setting CVar [[r.ViewDistanceScale:1.0]]
[2023.03.09-09.07.59:315][  0]LogConfig: Applying CVar settings from Section [AntiAliasingQuality@3] File [C:/Users/louis/Documents/GitHub/SpaceFormsPt2/Saved/Config/Windows/Scalability.ini]
[2023.03.09-09.07.59:315][  0]LogConfig: Setting CVar [[r.PostProcessAAQuality:4]]
[2023.03.09-09.07.59:315][  0]LogConfig: Applying CVar settings from Section [ShadowQuality@3] File [C:/Users/louis/Documents/GitHub/SpaceFormsPt2/Saved/Config/Windows/Scalability.ini]
[2023.03.09-09.07.59:315][  0]LogConfig: Setting CVar [[r.LightFunctionQuality:1]]
[2023.03.09-09.07.59:315][  0]LogConfig: Setting CVar [[r.ShadowQuality:5]]
[2023.03.09-09.07.59:315][  0]LogConfig: Setting CVar [[r.Shadow.CSM.MaxCascades:10]]
[2023.03.09-09.07.59:315][  0]LogConfig: Setting CVar [[r.Shadow.MaxResolution:2048]]
[2023.03.09-09.07.59:315][  0]LogConfig: Setting CVar [[r.Shadow.MaxCSMResolution:2048]]
[2023.03.09-09.07.59:315][  0]LogConfig: Setting CVar [[r.Shadow.RadiusThreshold:0.01]]
[2023.03.09-09.07.59:315][  0]LogConfig: Setting CVar [[r.Shadow.DistanceScale:1.0]]
[2023.03.09-09.07.59:315][  0]LogConfig: Setting CVar [[r.Shadow.CSM.TransitionScale:1.0]]
[2023.03.09-09.07.59:315][  0]LogConfig: Setting CVar [[r.Shadow.PreShadowResolutionFactor:1.0]]
[2023.03.09-09.07.59:315][  0]LogConfig: Setting CVar [[r.DistanceFieldShadowing:1]]
[2023.03.09-09.07.59:315][  0]LogConfig: Setting CVar [[r.DistanceFieldAO:1]]
[2023.03.09-09.07.59:315][  0]LogConfig: Setting CVar [[r.AOQuality:2]]
[2023.03.09-09.07.59:315][  0]LogConfig: Setting CVar [[r.VolumetricFog:1]]
[2023.03.09-09.07.59:315][  0]LogConfig: Setting CVar [[r.VolumetricFog.GridPixelSize:8]]
[2023.03.09-09.07.59:315][  0]LogConfig: Setting CVar [[r.VolumetricFog.GridSizeZ:128]]
[2023.03.09-09.07.59:315][  0]LogConfig: Setting CVar [[r.VolumetricFog.HistoryMissSupersampleCount:4]]
[2023.03.09-09.07.59:315][  0]LogConfig: Setting CVar [[r.LightMaxDrawDistanceScale:1]]
[2023.03.09-09.07.59:315][  0]LogConfig: Setting CVar [[r.CapsuleShadows:1]]
[2023.03.09-09.07.59:315][  0]LogConfig: Applying CVar settings from Section [PostProcessQuality@3] File [C:/Users/louis/Documents/GitHub/SpaceFormsPt2/Saved/Config/Windows/Scalability.ini]
[2023.03.09-09.07.59:315][  0]LogConfig: Setting CVar [[r.MotionBlurQuality:4]]
[2023.03.09-09.07.59:315][  0]LogConfig: Setting CVar [[r.AmbientOcclusionMipLevelFactor:0.4]]
[2023.03.09-09.07.59:315][  0]LogConfig: Setting CVar [[r.AmbientOcclusionMaxQuality:100]]
[2023.03.09-09.07.59:315][  0]LogConfig: Setting CVar [[r.AmbientOcclusionLevels:-1]]
[2023.03.09-09.07.59:315][  0]LogConfig: Setting CVar [[r.AmbientOcclusionRadiusScale:1.0]]
[2023.03.09-09.07.59:315][  0]LogConfig: Setting CVar [[r.DepthOfFieldQuality:2]]
[2023.03.09-09.07.59:315][  0]LogConfig: Setting CVar [[r.RenderTargetPoolMin:400]]
[2023.03.09-09.07.59:315][  0]LogConfig: Setting CVar [[r.LensFlareQuality:2]]
[2023.03.09-09.07.59:315][  0]LogConfig: Setting CVar [[r.SceneColorFringeQuality:1]]
[2023.03.09-09.07.59:315][  0]LogConfig: Setting CVar [[r.EyeAdaptationQuality:2]]
[2023.03.09-09.07.59:316][  0]LogConfig: Setting CVar [[r.BloomQuality:5]]
[2023.03.09-09.07.59:316][  0]LogConfig: Setting CVar [[r.FastBlurThreshold:100]]
[2023.03.09-09.07.59:316][  0]LogConfig: Setting CVar [[r.Upscale.Quality:3]]
[2023.03.09-09.07.59:316][  0]LogConfig: Setting CVar [[r.Tonemapper.GrainQuantization:1]]
[2023.03.09-09.07.59:316][  0]LogConfig: Setting CVar [[r.LightShaftQuality:1]]
[2023.03.09-09.07.59:316][  0]LogConfig: Setting CVar [[r.Filter.SizeScale:1]]
[2023.03.09-09.07.59:316][  0]LogConfig: Setting CVar [[r.Tonemapper.Quality:5]]
[2023.03.09-09.07.59:316][  0]LogConfig: Setting CVar [[r.DOF.Gather.AccumulatorQuality:1        ; higher gathering accumulator quality]]
[2023.03.09-09.07.59:316][  0]LogConfig: Setting CVar [[r.DOF.Gather.PostfilterMethod:1          ; Median3x3 postfilering method]]
[2023.03.09-09.07.59:316][  0]LogConfig: Setting CVar [[r.DOF.Gather.EnableBokehSettings:0       ; no bokeh simulation when gathering]]
[2023.03.09-09.07.59:316][  0]LogConfig: Setting CVar [[r.DOF.Gather.RingCount:4                 ; medium number of samples when gathering]]
[2023.03.09-09.07.59:316][  0]LogConfig: Setting CVar [[r.DOF.Scatter.ForegroundCompositing:1    ; additive foreground scattering]]
[2023.03.09-09.07.59:316][  0]LogConfig: Setting CVar [[r.DOF.Scatter.BackgroundCompositing:2    ; additive background scattering]]
[2023.03.09-09.07.59:316][  0]LogConfig: Setting CVar [[r.DOF.Scatter.EnableBokehSettings:1      ; bokeh simulation when scattering]]
[2023.03.09-09.07.59:316][  0]LogConfig: Setting CVar [[r.DOF.Scatter.MaxSpriteRatio:0.1         ; only a maximum of 10% of scattered bokeh]]
[2023.03.09-09.07.59:316][  0]LogConfig: Setting CVar [[r.DOF.Recombine.Quality:1                ; cheap slight out of focus]]
[2023.03.09-09.07.59:316][  0]LogConfig: Setting CVar [[r.DOF.Recombine.EnableBokehSettings:0    ; no bokeh simulation on slight out of focus]]
[2023.03.09-09.07.59:316][  0]LogConfig: Setting CVar [[r.DOF.TemporalAAQuality:1                ; more stable temporal accumulation]]
[2023.03.09-09.07.59:316][  0]LogConfig: Setting CVar [[r.DOF.Kernel.MaxForegroundRadius:0.025]]
[2023.03.09-09.07.59:316][  0]LogConfig: Setting CVar [[r.DOF.Kernel.MaxBackgroundRadius:0.025]]
[2023.03.09-09.07.59:316][  0]LogConfig: Applying CVar settings from Section [TextureQuality@3] File [C:/Users/louis/Documents/GitHub/SpaceFormsPt2/Saved/Config/Windows/Scalability.ini]
[2023.03.09-09.07.59:316][  0]LogConfig: Setting CVar [[r.Streaming.MipBias:0]]
[2023.03.09-09.07.59:316][  0]LogConfig: Setting CVar [[r.Streaming.AmortizeCPUToGPUCopy:0]]
[2023.03.09-09.07.59:316][  0]LogConfig: Setting CVar [[r.Streaming.MaxNumTexturesToStreamPerFrame:0]]
[2023.03.09-09.07.59:316][  0]LogConfig: Setting CVar [[r.Streaming.Boost:1]]
[2023.03.09-09.07.59:316][  0]LogConfig: Setting CVar [[r.MaxAnisotropy:8]]
[2023.03.09-09.07.59:316][  0]LogConfig: Setting CVar [[r.VT.MaxAnisotropy:8]]
[2023.03.09-09.07.59:316][  0]LogConfig: Setting CVar [[r.Streaming.LimitPoolSizeToVRAM:0]]
[2023.03.09-09.07.59:316][  0]LogConfig: Setting CVar [[r.Streaming.PoolSize:1000]]
[2023.03.09-09.07.59:316][  0]LogConfig: Setting CVar [[r.Streaming.MaxEffectiveScreenSize:0]]
[2023.03.09-09.07.59:316][  0]LogConfig: Applying CVar settings from Section [EffectsQuality@3] File [C:/Users/louis/Documents/GitHub/SpaceFormsPt2/Saved/Config/Windows/Scalability.ini]
[2023.03.09-09.07.59:316][  0]LogConfig: Setting CVar [[r.TranslucencyLightingVolumeDim:64]]
[2023.03.09-09.07.59:316][  0]LogConfig: Setting CVar [[r.RefractionQuality:2]]
[2023.03.09-09.07.59:316][  0]LogConfig: Setting CVar [[r.SSR.Quality:3]]
[2023.03.09-09.07.59:316][  0]LogConfig: Setting CVar [[r.SSR.HalfResSceneColor:0]]
[2023.03.09-09.07.59:316][  0]LogConfig: Setting CVar [[r.SceneColorFormat:4]]
[2023.03.09-09.07.59:316][  0]LogConfig: Setting CVar [[r.DetailMode:2]]
[2023.03.09-09.07.59:316][  0]LogConfig: Setting CVar [[r.TranslucencyVolumeBlur:1]]
[2023.03.09-09.07.59:316][  0]LogConfig: Setting CVar [[r.MaterialQualityLevel:1 ; High quality]]
[2023.03.09-09.07.59:316][  0]LogConfig: Setting CVar [[r.AnisotropicMaterials:1]]
[2023.03.09-09.07.59:316][  0]LogConfig: Setting CVar [[r.SSS.Scale:1]]
[2023.03.09-09.07.59:316][  0]LogConfig: Setting CVar [[r.SSS.SampleSet:2]]
[2023.03.09-09.07.59:316][  0]LogConfig: Setting CVar [[r.SSS.Quality:1]]
[2023.03.09-09.07.59:316][  0]LogConfig: Setting CVar [[r.SSS.HalfRes:0]]
[2023.03.09-09.07.59:316][  0]LogConfig: Setting CVar [[r.SSGI.Quality:3]]
[2023.03.09-09.07.59:316][  0]LogConfig: Setting CVar [[r.EmitterSpawnRateScale:1.0]]
[2023.03.09-09.07.59:316][  0]LogConfig: Setting CVar [[r.ParticleLightQuality:2]]
[2023.03.09-09.07.59:317][  0]LogConfig: Setting CVar [[r.SkyAtmosphere.AerialPerspectiveLUT.FastApplyOnOpaque:1 ; Always have FastSkyLUT 1 in this case to avoid wrong sky]]
[2023.03.09-09.07.59:317][  0]LogConfig: Setting CVar [[r.SkyAtmosphere.AerialPerspectiveLUT.SampleCountMaxPerSlice:4]]
[2023.03.09-09.07.59:317][  0]LogConfig: Setting CVar [[r.SkyAtmosphere.AerialPerspectiveLUT.DepthResolution:16.0]]
[2023.03.09-09.07.59:317][  0]LogConfig: Setting CVar [[r.SkyAtmosphere.FastSkyLUT:1]]
[2023.03.09-09.07.59:317][  0]LogConfig: Setting CVar [[r.SkyAtmosphere.FastSkyLUT.SampleCountMin:4.0]]
[2023.03.09-09.07.59:317][  0]LogConfig: Setting CVar [[r.SkyAtmosphere.FastSkyLUT.SampleCountMax:128.0]]
[2023.03.09-09.07.59:317][  0]LogConfig: Setting CVar [[r.SkyAtmosphere.SampleCountMin:4.0]]
[2023.03.09-09.07.59:317][  0]LogConfig: Setting CVar [[r.SkyAtmosphere.SampleCountMax:128.0]]
[2023.03.09-09.07.59:317][  0]LogConfig: Setting CVar [[r.SkyAtmosphere.TransmittanceLUT.UseSmallFormat:0]]
[2023.03.09-09.07.59:317][  0]LogConfig: Setting CVar [[r.SkyAtmosphere.TransmittanceLUT.SampleCount:10.0]]
[2023.03.09-09.07.59:317][  0]LogConfig: Setting CVar [[r.SkyAtmosphere.MultiScatteringLUT.SampleCount:15.0]]
[2023.03.09-09.07.59:317][  0]LogConfig: Setting CVar [[r.SkyLight.RealTimeReflectionCapture:1]]
[2023.03.09-09.07.59:317][  0]LogConfig: Applying CVar settings from Section [FoliageQuality@3] File [C:/Users/louis/Documents/GitHub/SpaceFormsPt2/Saved/Config/Windows/Scalability.ini]
[2023.03.09-09.07.59:317][  0]LogConfig: Setting CVar [[foliage.DensityScale:1.0]]
[2023.03.09-09.07.59:317][  0]LogConfig: Setting CVar [[grass.DensityScale:1.0]]
[2023.03.09-09.07.59:317][  0]LogConfig: Applying CVar settings from Section [ShadingQuality@3] File [C:/Users/louis/Documents/GitHub/SpaceFormsPt2/Saved/Config/Windows/Scalability.ini]
[2023.03.09-09.07.59:317][  0]LogConfig: Setting CVar [[r.HairStrands.SkyLighting.IntegrationType:2]]
[2023.03.09-09.07.59:317][  0]LogConfig: Setting CVar [[r.HairStrands.SkyAO.SampleCount:4]]
[2023.03.09-09.07.59:317][  0]LogConfig: Setting CVar [[r.HairStrands.Visibility.MSAA.SamplePerPixel:4]]
[2023.03.09-09.07.59:317][  0]LogConfig: Applying CVar settings from Section [Startup] File [../../../Engine/Config/ConsoleVariables.ini]
[2023.03.09-09.07.59:318][  0]LogConfig: Setting CVar [[net.UseAdaptiveNetUpdateFrequency:0]]
[2023.03.09-09.07.59:318][  0]LogConfig: Setting CVar [[p.chaos.AllowCreatePhysxBodies:1]]
[2023.03.09-09.07.59:318][  0]LogConfig: Setting CVar [[fx.SkipVectorVMBackendOptimizations:1]]
[2023.03.09-09.07.59:318][  0]LogConfig: Applying CVar settings from Section [ConsoleVariables] File [C:/Users/louis/Documents/GitHub/SpaceFormsPt2/Saved/Config/Windows/Engine.ini]
[2023.03.09-09.07.59:318][  0]LogConfig: Applying CVar settings from Section [ConsoleVariables] File [C:/Users/louis/Documents/GitHub/SpaceFormsPt2/Saved/Config/Windows/Editor.ini]
[2023.03.09-09.07.59:318][  0]LogInit: Computer: NORTHAR-PC
[2023.03.09-09.07.59:318][  0]LogInit: User: louis
[2023.03.09-09.07.59:318][  0]LogInit: CPU Page size=4096, Cores=8
[2023.03.09-09.07.59:318][  0]LogInit: High frequency timer resolution =10.000000 MHz
[2023.03.09-09.07.59:318][  0]LogMemory: Memory total: Physical=15.8GB (16GB approx)
[2023.03.09-09.07.59:318][  0]LogMemory: Platform Memory Stats for Windows
[2023.03.09-09.07.59:318][  0]LogMemory: Process Physical Memory: 147.16 MB used, 147.16 MB peak
[2023.03.09-09.07.59:318][  0]LogMemory: Process Virtual Memory: 120.92 MB used, 120.92 MB peak
[2023.03.09-09.07.59:318][  0]LogMemory: Physical Memory: 9877.25 MB used,  6281.50 MB free, 16158.76 MB total
[2023.03.09-09.07.59:318][  0]LogMemory: Virtual Memory: 134199808.00 MB used,  17921.59 MB free, 134217728.00 MB total
[2023.03.09-09.07.59:780][  0]LogWindows: WindowsPlatformFeatures enabled
[2023.03.09-09.07.59:854][  0]LogInit: Physics initialised using underlying interface: PhysX
[2023.03.09-09.07.59:855][  0]LogInit: Using OS detected language (fr-FR).
[2023.03.09-09.07.59:855][  0]LogInit: Using OS detected locale (fr-FR).
[2023.03.09-09.07.59:862][  0]LogTextLocalizationManager: No specific localization for 'fr-FR' exists, so the 'fr' localization will be used.
[2023.03.09-09.07.59:866][  0]LogTextLocalizationResource: LocRes '../../../Engine/Content/Localization/Editor/fr/Editor.locres' could not be opened for reading!
[2023.03.09-09.07.59:866][  0]LogTextLocalizationResource: LocRes '../../../Engine/Content/Localization/EditorTutorials/fr/EditorTutorials.locres' could not be opened for reading!
[2023.03.09-09.07.59:866][  0]LogTextLocalizationResource: LocRes '../../../Engine/Content/Localization/Keywords/fr/Keywords.locres' could not be opened for reading!
[2023.03.09-09.07.59:866][  0]LogTextLocalizationResource: LocRes '../../../Engine/Content/Localization/Category/fr/Category.locres' could not be opened for reading!
[2023.03.09-09.07.59:866][  0]LogTextLocalizationResource: LocRes '../../../Engine/Content/Localization/ToolTips/fr/ToolTips.locres' could not be opened for reading!
[2023.03.09-09.07.59:866][  0]LogTextLocalizationResource: LocRes '../../../Engine/Content/Localization/PropertyNames/fr/PropertyNames.locres' could not be opened for reading!
[2023.03.09-09.07.59:867][  0]LogTextLocalizationResource: LocRes '../../../Engine/Content/Localization/Engine/fr/Engine.locres' could not be opened for reading!
[2023.03.09-09.07.59:905][  0]LogWindowsTextInputMethodSystem: Display: IME system deactivated.
[2023.03.09-09.07.59:959][  0]LogSlate: New Slate User Created.  User Index 0, Is Virtual User: 0
[2023.03.09-09.07.59:959][  0]LogSlate: Slate User Registered.  User Index 0, Is Virtual User: 0
[2023.03.09-09.07.59:991][  0]LogD3D11RHI: Loaded GFSDK_Aftermath_Lib.x64.dll
[2023.03.09-09.08.00:084][  0]LogHMD: Failed to initialize OpenVR with code 110
[2023.03.09-09.08.00:084][  0]LogD3D11RHI: D3D11 min allowed feature level: 11_0
[2023.03.09-09.08.00:084][  0]LogD3D11RHI: D3D11 max allowed feature level: 11_0
[2023.03.09-09.08.00:084][  0]LogD3D11RHI: D3D11 adapters:
[2023.03.09-09.08.00:235][  0]LogD3D11RHI:    0. 'NVIDIA GeForce RTX 3060 Laptop GPU' (Feature Level 11_0)
[2023.03.09-09.08.00:235][  0]LogD3D11RHI:       6023/0/8079 MB DedicatedVideo/DedicatedSystem/SharedSystem, Outputs:1, VendorId:0x10de
[2023.03.09-09.08.00:307][  0]LogD3D11RHI:    1. 'Intel(R) UHD Graphics' (Feature Level 11_0)
[2023.03.09-09.08.00:307][  0]LogD3D11RHI:       128/0/8079 MB DedicatedVideo/DedicatedSystem/SharedSystem, Outputs:0, VendorId:0x8086
[2023.03.09-09.08.00:310][  0]LogD3D11RHI:    2. 'Microsoft Basic Render Driver' (Feature Level 11_0)
[2023.03.09-09.08.00:311][  0]LogD3D11RHI:       0/0/8079 MB DedicatedVideo/DedicatedSystem/SharedSystem, Outputs:0, VendorId:0x1414
[2023.03.09-09.08.00:311][  0]LogD3D11RHI: Chosen D3D11 Adapter:
[2023.03.09-09.08.00:311][  0]LogD3D11RHI:     Description : NVIDIA GeForce RTX 3060 Laptop GPU
[2023.03.09-09.08.00:311][  0]LogD3D11RHI:     VendorId    : 10de
[2023.03.09-09.08.00:311][  0]LogD3D11RHI:     DeviceId    : 2520
[2023.03.09-09.08.00:311][  0]LogD3D11RHI:     SubSysId    : a641028
[2023.03.09-09.08.00:311][  0]LogD3D11RHI:     Revision    : 00a1
[2023.03.09-09.08.00:311][  0]LogD3D11RHI:     DedicatedVideoMemory : 6315573248 bytes
[2023.03.09-09.08.00:311][  0]LogD3D11RHI:     DedicatedSystemMemory : 0 bytes
[2023.03.09-09.08.00:311][  0]LogD3D11RHI:     SharedSystemMemory : 8471842816 bytes
[2023.03.09-09.08.00:311][  0]LogD3D11RHI:     AdapterLuid : 0 103429
[2023.03.09-09.08.00:320][  0]LogD3D11RHI: Creating new Direct3DDevice
[2023.03.09-09.08.00:320][  0]LogD3D11RHI:     GPU DeviceId: 0x2520 (for the marketing name, search the web for "GPU Device Id")
[2023.03.09-09.08.00:320][  0]LogWindows: EnumDisplayDevices:
[2023.03.09-09.08.00:320][  0]LogWindows:    0. 'Intel(R) UHD Graphics' (P:1 D:1)
[2023.03.09-09.08.00:320][  0]LogWindows:    1. 'Intel(R) UHD Graphics' (P:0 D:0)
[2023.03.09-09.08.00:320][  0]LogWindows:    2. 'Intel(R) UHD Graphics' (P:0 D:0)
[2023.03.09-09.08.00:321][  0]LogWindows:    3. 'NVIDIA GeForce RTX 3060 Laptop GPU' (P:0 D:0)
[2023.03.09-09.08.00:321][  0]LogWindows:    4. 'NVIDIA GeForce RTX 3060 Laptop GPU' (P:0 D:0)
[2023.03.09-09.08.00:321][  0]LogWindows:    5. 'NVIDIA GeForce RTX 3060 Laptop GPU' (P:0 D:0)
[2023.03.09-09.08.00:321][  0]LogWindows:    6. 'NVIDIA GeForce RTX 3060 Laptop GPU' (P:0 D:0)
[2023.03.09-09.08.00:322][  0]LogWindows: DebugString: PrimaryIsNotTheChoosenAdapter PrimaryIsNotTheChoosenAdapter PrimaryIsNotTheChoosenAdapter FoundDriverCount:4 
[2023.03.09-09.08.00:322][  0]LogD3D11RHI:     Adapter Name: NVIDIA GeForce RTX 3060 Laptop GPU
[2023.03.09-09.08.00:322][  0]LogD3D11RHI:   Driver Version: 512.72 (internal:30.0.15.1272, unified:512.72)
[2023.03.09-09.08.00:322][  0]LogD3D11RHI:      Driver Date: 5-2-2022
[2023.03.09-09.08.00:322][  0]LogRHI: Texture pool is 4216 MB (70% of 6023 MB)
[2023.03.09-09.08.00:322][  0]LogD3D11RHI: Creating D3DDevice using adapter:
[2023.03.09-09.08.00:322][  0]LogD3D11RHI:     Description : NVIDIA GeForce RTX 3060 Laptop GPU
[2023.03.09-09.08.00:322][  0]LogD3D11RHI:     VendorId    : 10de
[2023.03.09-09.08.00:322][  0]LogD3D11RHI:     DeviceId    : 2520
[2023.03.09-09.08.00:322][  0]LogD3D11RHI:     SubSysId    : a641028
[2023.03.09-09.08.00:322][  0]LogD3D11RHI:     Revision    : 00a1
[2023.03.09-09.08.00:322][  0]LogD3D11RHI:     DedicatedVideoMemory : 6315573248 bytes
[2023.03.09-09.08.00:322][  0]LogD3D11RHI:     DedicatedSystemMemory : 0 bytes
[2023.03.09-09.08.00:322][  0]LogD3D11RHI:     SharedSystemMemory : 8471842816 bytes
[2023.03.09-09.08.00:322][  0]LogD3D11RHI:     AdapterLuid : 0 103429
[2023.03.09-09.08.00:389][  0]LogD3D11RHI: RHI has support for 64 bit atomics
[2023.03.09-09.08.00:389][  0]LogD3D11RHI: Async texture creation enabled
[2023.03.09-09.08.00:389][  0]LogD3D11RHI: Array index from any shader is supported
[2023.03.09-09.08.00:425][  0]LogD3D11RHI: GPU Timing Frequency: 1000.000000 (Debug: 2 2)
[2023.03.09-09.08.00:482][  0]LogRHI: GeForceNow SDK initialized: 1
[2023.03.09-09.08.01:044][  0]LogTargetPlatformManager: Display: Loaded TargetPlatform 'WindowsNoEditor'
[2023.03.09-09.08.01:052][  0]LogTargetPlatformManager: Display: Loaded TargetPlatform 'Windows'
[2023.03.09-09.08.01:058][  0]LogTargetPlatformManager: Display: Loaded TargetPlatform 'WindowsClient'
[2023.03.09-09.08.01:066][  0]LogTargetPlatformManager: Display: Loaded TargetPlatform 'WindowsServer'
[2023.03.09-09.08.01:066][  0]LogTargetPlatformManager: Display: Building Assets For Windows
[2023.03.09-09.08.01:080][  0]LogAudioDebug: Display: Lib vorbis DLL was dynamically loaded.
[2023.03.09-09.08.01:130][  0]LogTextureFormatOodle: Display: Oodle Texture 2.9.0 init RDO Off
[2023.03.09-09.08.01:178][  0]LogRendererCore: Ray tracing is disabled. Reason: r.RayTracing=0.
[2023.03.09-09.08.01:179][  0]LogShaderCompilers: Guid format shader working directory is -15 characters bigger than the processId version (../../../../../../Users/louis/Documents/GitHub/SpaceFormsPt2/Intermediate/Shaders/WorkingDirectory/22984/).
[2023.03.09-09.08.01:179][  0]LogShaderCompilers: Cleaned the shader compiler working directory 'C:/Users/louis/AppData/Local/Temp/UnrealShaderWorkingDir/3E5E021E4FF5DF1E9EEEFD877FFCA235/'.
[2023.03.09-09.08.01:179][  0]LogXGEController: Cannot use XGE Controller as Incredibuild is not installed on this machine.
[2023.03.09-09.08.01:179][  0]LogShaderCompilers: Cannot use XGE Shader Compiler as Incredibuild is not installed on this machine.
[2023.03.09-09.08.01:179][  0]LogShaderCompilers: Display: Using Local Shader Compiler.
[2023.03.09-09.08.02:208][  0]LogDerivedDataCache: Display: Max Cache Size: 512 MB
[2023.03.09-09.08.02:456][  0]LogDerivedDataCache: Loaded boot cache 0.25s 94MB C:/Users/louis/AppData/Local/UnrealEngine/4.27/DerivedDataCache/Boot.ddc.
[2023.03.09-09.08.02:457][  0]LogDerivedDataCache: Display: Loaded Boot cache: C:/Users/louis/AppData/Local/UnrealEngine/4.27/DerivedDataCache/Boot.ddc
[2023.03.09-09.08.02:457][  0]LogDerivedDataCache: FDerivedDataBackendGraph:  Pak pak cache file ../../../../../../Users/louis/Documents/GitHub/SpaceFormsPt2/DerivedDataCache/DDC.ddp not found, will not use a pak cache.
[2023.03.09-09.08.02:457][  0]LogDerivedDataCache: Unable to find inner node Pak for hierarchical cache Hierarchy.
[2023.03.09-09.08.02:457][  0]LogDerivedDataCache: FDerivedDataBackendGraph:  CompressedPak pak cache file ../../../../../../Users/louis/Documents/GitHub/SpaceFormsPt2/DerivedDataCache/Compressed.ddp not found, will not use a pak cache.
[2023.03.09-09.08.02:457][  0]LogDerivedDataCache: Unable to find inner node CompressedPak for hierarchical cache Hierarchy.
[2023.03.09-09.08.02:478][  0]LogDerivedDataCache: Display: Pak cache opened for reading ../../../Engine/DerivedDataCache/Compressed.ddp.
[2023.03.09-09.08.02:478][  0]LogDerivedDataCache: FDerivedDataBackendGraph:  EnterprisePak pak cache file ../../../Enterprise/DerivedDataCache/Compressed.ddp not found, will not use a pak cache.
[2023.03.09-09.08.02:479][  0]LogDerivedDataCache: Unable to find inner node EnterprisePak for hierarchical cache Hierarchy.
[2023.03.09-09.08.02:498][  0]LogDerivedDataCache: Speed tests for C:/Users/louis/AppData/Local/UnrealEngine/Common/DerivedDataCache took 0.02 seconds
[2023.03.09-09.08.02:498][  0]LogDerivedDataCache: Display: Performance to C:/Users/louis/AppData/Local/UnrealEngine/Common/DerivedDataCache: Latency=0.03ms. RandomReadSpeed=132.64MBs, RandomWriteSpeed=75.90MBs. Assigned SpeedClass 'Local'
[2023.03.09-09.08.02:500][  0]LogDerivedDataCache: Using Local data cache path C:/Users/louis/AppData/Local/UnrealEngine/Common/DerivedDataCache: Writable
[2023.03.09-09.08.02:500][  0]LogDerivedDataCache: Shared data cache path not found in *engine.ini, will not use an Shared cache.
[2023.03.09-09.08.02:500][  0]LogDerivedDataCache: Unable to find inner node Shared for hierarchical cache Hierarchy.
[2023.03.09-09.08.02:560][  0]LogSlate: Using FreeType 2.10.0
[2023.03.09-09.08.02:561][  0]LogSlate: SlateFontServices - WITH_FREETYPE: 1, WITH_HARFBUZZ: 1
[2023.03.09-09.08.02:814][  0]LogInit: Using OS detected language (fr-FR).
[2023.03.09-09.08.02:814][  0]LogInit: Using OS detected locale (fr-FR).
[2023.03.09-09.08.02:814][  0]LogTextLocalizationManager: No localization for 'fr-FR' exists, so 'en' will be used for the language.
[2023.03.09-09.08.02:814][  0]LogTextLocalizationManager: No localization for 'fr-FR' exists, so 'en' will be used for the locale.
[2023.03.09-09.08.02:814][  0]LogSlate: FontCache flush requested. Reason: Culture for localization was changed
[2023.03.09-09.08.02:814][  0]LogSlate: FontCache flush requested. Reason: Culture for localization was changed
[2023.03.09-09.08.02:818][  0]LogAssetRegistry: FAssetRegistry took 0.0027 seconds to start up
[2023.03.09-09.08.03:077][  0]LogTextLocalizationManager: Compacting localization data took   0.01ms
[2023.03.09-09.08.03:077][  0]LogPackageLocalizationCache: Processed 27 localized package path(s) for 1 prioritized culture(s) in 0.001155 seconds
[2023.03.09-09.08.03:151][  0]LogInit: Selected Device Profile: [Windows]
[2023.03.09-09.08.03:151][  0]LogInit: Active device profile: [00000217E6BEDB00][00000217DEDB5140 49] Windows
[2023.03.09-09.08.03:151][  0]LogInit: Profiles: [00000217E6BEDB00][00000217DEDB5140 49] Windows, [00000217E6BC3200][00000217DEDBD2C0 49] WindowsNoEditor, [00000217E6BEF900][00000217DEDC1440 49] WindowsServer, [00000217E6BC0A00][00000217DEDB9580 49] WindowsClient, [00000217E6BECB00][00000217DEDC56C0 49] IOS, [00000217E6BC2A00][00000217DEDC9800 49] iPadAir, [00000217E6BEF300][00000217DEDCD940 49] iPadAir2, [00000217E6B61300][00000217DEDD9C00 49] IPadPro, [00000217E6B61400][00000217DEDD40C0 49] iPadAir3, [00000217E6BC1B00][00000217DEDDC240 49] iPadAir4, [00000217E6B63A00][00000217DEDE03C0 49] iPadMini2, [00000217E6BC2500][00000217DEDE4540 49] iPadMini3, [00000217E6B63F00][00000217DEDE86C0 49] iPadMini4, [00000217E6BC1D00][00000217E63EA840 49] iPadMini5, [00000217E6B89000][00000217E63F2B00 49] iPhone6, [00000217E6B89100][00000217E63EEB40 49] iPodTouch6, [00000217E6BEF500][00000217E63FAE00 49] iPhone7, [00000217E6BEF400][00000217E63F6E40 49] iPodTouch7, [00000217E6B88100][00000217E63FEFC0 49] iPhone5S, [00000217E6B60700][00000217E6403140 49] iPhone6Plus, [00000217E6B8AF00][00000217E64072C0 49] iPhone6S, [00000217E6B61700][00000217E640B440 49] iPhone6SPlus, [00000217E6B88A00][00000217E640F5C0 49] iPhone7Plus, [00000217E6B63E00][00000217DEDD1700 49] iPhoneSE, [00000217E6BEC200][00000217E6413840 49] iPhone8, [00000217E6B60600][00000217E6417980 49] iPhone8Plus, [00000217E6BEE400][00000217E641BAC0 49] iPhoneX, [00000217E6B62F00][00000217E64220C0 49] iPhoneXS, [00000217E6BEDE00][00000217E6426240 49] iPhoneXSMax, [00000217E6B63400][00000217E642A3C0 49] iPhoneXR, [00000217E6BEEC00][00000217E642E540 49] iPhone11, [00000217E6B62200][00000217E64326C0 49] iPhone11Pro, [00000217E6BED800][00000217E6436840 49] iPhone11ProMax, [00000217E6B62600][00000217E643A9C0 49] iPhoneSE2, [00000217E6BECF00][00000217E643EB40 49] iPhone12Mini, [00000217E6B62700][00000217E6442CC0 49] iPhone12, [00000217E6BED700][00000217E6446E40 49] iPhone12Pro, [00000217E6B62900][00000217E644AFC0 49] iPhone12ProMax, [00000217E6BED100][00000217E644F140 49] iPadPro105, [00000217E6B61E00][00000217E64532C0 49] iPadPro129, [00000217E6BEF000][00000217E6457440 49] iPadPro97, [00000217E6B61100][00000217E645B5C0 49] iPadPro2_129, [00000217E6BED000][00000217E645F740 49] iPad5, [00000217E6B60300][00000217E64638C0 49] iPad6, [00000217E6BEFF00][00000217E641FA00 49] iPad7, [00000217E6B62A00][00000217E6467B40 49] iPad8, [00000217E6BEFC00][00000217E646A100 49] iPadPro11, [00000217E6B61900][00000217E6472280 49] iPadPro2_11, [00000217E6BEDC00][00000217E6476400 49] iPadPro3_129, [00000217E6B60C00][00000217E647A580 49] iPadPro4_129, [00000217E6BEFE00][00000217E647E700 49] AppleTV, [00000217E6B62B00][00000217E6482880 49] AppleTV4K, [00000217E6BECD00][00000217E6486A00 49] TVOS, [00000217E6B62100][00000217E648AB80 49] Mac, [00000217E6BEC300][00000217E648ED00 49] MacClient, [00000217E6B63C00][00000217E6492E80 49] MacNoEditor, [00000217E6BECA00][00000217E6497000 49] MacServer, [00000217E6B60A00][00000217E649B180 49] Linux, [00000217E6BEE800][00000217E60A1300 49] LinuxAArch64, [00000217E6B61F00][00000217E60A5480 49] LinuxNoEditor, [00000217E6BEE700][00000217E60A9600 49] LinuxAArch64NoEditor, [00000217E6B61000][00000217E60AD780 49] LinuxClient, [00000217E6BEE900][00000217E60B1900 49] LinuxAArch64Client, [00000217E6B61A00][00000217E60B5A80 49] LinuxServer, [00000217E6BEC100][00000217E646FBC0 49] LinuxAArch64Server, [00000217E6B63000][00000217E60B8180 49] Android, [00000217E6BEE600][00000217E60BC2C0 49] Android_Low, [00000217E6B60E00][00000217E60C4440 49] Android_Mid, [00000217E6BEE300][00000217E60C85C0 49] Android_High, [00000217E6B61200][00000217E60CC740 49] Android_Default, [00000217E6BEE100][00000217E60D08C0 49] Android_Adreno4xx, [00000217E6C34600][00000217E60D4A40 49] Android_Adreno5xx_Low, [00000217E6BEEF00][00000217E60D8BC0 49] Android_Adreno5xx, [00000217E6BC1600][00000217E60DCD40 49] Android_Adreno6xx, [00000217E6B8B900][00000217E60E0EC0 49] Android_Adreno6xx_Vulkan, [00000217E6BC1200][00000217E60E5040 49] Android_Mali_T6xx, [00000217E6B8AE00][00000217E60E91C0 49] Android_Mali_T7xx, [00000217E6BC2100][00000217DEC51340 49] Android_Mali_T8xx, [00000217E6B89200][00000217DEC554C0 49] Android_Mali_G71, [00000217E6BC0500][00000217DEC59640 49] Android_Mali_G72, [00000217E6B89900][00000217DEC5D7C0 49] Android_Mali_G72_Vulkan, [00000217E6BC1100][00000217DEC61940 49] Android_Mali_G76, [00000217E6B8A900][00000217DEC65AC0 49] Android_Mali_G76_Vulkan, [00000217E6BC2F00][00000217DEC680C0 49] Android_Mali_G77, [00000217E6B89400][00000217E60C0200 49] Android_Mali_G77_Vulkan, [00000217E6BC0200][00000217DEC6C340 49] Android_Mali_G78, [00000217E6B8A200][00000217DEC70480 49] Android_Mali_G78_Vulkan, [00000217E6BC1800][00000217DEC745C0 49] Android_Mali_G710, [00000217E6B8A100][00000217DEC7C740 49] Android_Mali_G710_Vulkan, [00000217E6BC0800][00000217DEC808C0 49] Android_Vulkan_SM5, [00000217E6B8A400][00000217DEC84A40 49] Android_PowerVR_G6xxx, [00000217E6BC3100][00000217DEC88BC0 49] Android_PowerVR_GT7xxx, [00000217E6B89300][00000217DEC8CD40 49] Android_PowerVR_GE8xxx, [00000217E6BC3400][00000217DEC90EC0 49] Android_PowerVR_GM9xxx, [00000217E6B8B500][00000217DEC95040 49] Android_PowerVR_GM9xxx_Vulkan, [00000217E6BC3700][00000217DEC991C0 49] Android_TegraK1, [00000217E6B89700][00000217DEC9D340 49] Android_Unknown_Vulkan, [00000217E6BC0700][00000217DECA14C0 49] Lumin, [00000217E6B8BE00][00000217DECA5640 49] Lumin_Desktop, [00000217E6BC0900][00000217DECA97C0 49] HoloLens, 
[2023.03.09-09.08.03:209][  0]LogMeshReduction: Using QuadricMeshReduction for automatic static mesh reduction
[2023.03.09-09.08.03:209][  0]LogMeshReduction: Using SimplygonMeshReduction for automatic skeletal mesh reduction
[2023.03.09-09.08.03:209][  0]LogMeshReduction: Using ProxyLODMeshReduction for automatic mesh merging
[2023.03.09-09.08.03:209][  0]LogMeshReduction: No distributed automatic mesh merging module available
[2023.03.09-09.08.03:209][  0]LogMeshMerging: No distributed automatic mesh merging module available
[2023.03.09-09.08.03:332][  0]LogNetVersion: PlatformerPt2 1.0.0, NetCL: 17155196, EngineNetVer: 17, GameNetVer: 0 (Checksum: 2060859677)
[2023.03.09-09.08.03:626][  0]LogTexture: Default maximum texture size for cubemaps generated from long-lat sources has been changed from 512 to unlimited. In order to preserve old behaiour for '/Engine/MapTemplates/Sky/DaylightAmbientCubemap.DaylightAmbientCubemap', its maximum texture size has been explicitly set to 512.
[2023.03.09-09.08.03:766][  0]LogHMD: PokeAHoleMaterial loaded successfully
[2023.03.09-09.08.03:924][  0]LogMoviePlayer: Initializing movie player
[2023.03.09-09.08.04:065][  0]LogPython: Using Python 3.7.7
[2023.03.09-09.08.04:718][  0]LogNiagaraDebuggerClient: Niagara Debugger Client Initialized | Session: 6FFD3B7B451A4D37CEFA13A154964DC5 | Instance: 0279A3AF4BF3F8ACF99A6EB016867CC0 (NORTHAR-PC-22984).
[2023.03.09-09.08.04:761][  0]LogCollectionManager: Loaded 0 collections in 0.002384 seconds
[2023.03.09-09.08.04:767][  0]LogFileCache: Scanning file cache for directory 'C:/Users/louis/Documents/GitHub/SpaceFormsPt2/Saved/Collections/' took 0.00s
[2023.03.09-09.08.04:767][  0]LogFileCache: Scanning file cache for directory 'C:/Users/louis/Documents/GitHub/SpaceFormsPt2/Content/Developers/louis/Collections/' took 0.00s
[2023.03.09-09.08.04:767][  0]LogFileCache: Scanning file cache for directory 'C:/Users/louis/Documents/GitHub/SpaceFormsPt2/Content/Collections/' took 0.00s
[2023.03.09-09.08.04:767][  0]LogCollectionManager: Fixed up redirectors for 0 collections in 0.000003 seconds (updated 0 objects)
[2023.03.09-09.08.05:006][  0]LogTcpMessaging: Initializing TcpMessaging bridge
[2023.03.09-09.08.05:012][  0]LogUdpMessaging: Initializing bridge on interface 0.0.0.0:0 to multicast group 230.0.0.1:6666.
[2023.03.09-09.08.05:104][  0]SourceControl: Source control is disabled
[2023.03.09-09.08.05:104][  0]SourceControl: Source control is disabled
[2023.03.09-09.08.05:109][  0]SourceControl: Source control is disabled
[2023.03.09-09.08.05:126][  0]LogUProjectInfo: Found projects:
[2023.03.09-09.08.05:266][  0]LogOpenImageDenoise: OIDN starting up
[2023.03.09-09.08.05:320][  0]LogAndroidPermission: UAndroidPermissionCallbackProxy::GetInstance
[2023.03.09-09.08.05:370][  0]LogAudioCaptureCore: Display: No Audio Capture implementations found. Audio input will be silent.
[2023.03.09-09.08.05:370][  0]LogAudioCaptureCore: Display: No Audio Capture implementations found. Audio input will be silent.
[2023.03.09-09.08.05:479][  0]LogOcInput: OculusInput pre-init called
[2023.03.09-09.08.05:490][  0]LogUObjectArray: 22121 objects as part of root set at end of initial load.
[2023.03.09-09.08.05:490][  0]LogUObjectAllocator: 5975632 out of 0 bytes used by permanent object pool.
[2023.03.09-09.08.05:490][  0]LogUObjectArray: CloseDisregardForGC: 0/0 objects in disregard for GC pool
[2023.03.09-09.08.05:569][  0]LogEngine: Initializing Engine...
[2023.03.09-09.08.05:571][  0]LogHMD: Failed to enumerate extensions. Please check that you have a valid OpenXR runtime installed.
[2023.03.09-09.08.05:572][  0]LogHMD: Failed to initialize OpenVR with code 110
[2023.03.09-09.08.05:572][  0]LogMagicLeap: Warning: VR disabled because ZI is not enabled.  To enable, in the editor, Edit -> Project Settings -> Plugins -> Magic Leap Plugin -> Enable Zero Iteration
[2023.03.09-09.08.05:574][  0]LogStats: UGameplayTagsManager::InitializeManager -  0.000 s
[2023.03.09-09.08.05:840][  0]LogInit: Initializing FReadOnlyCVARCache
[2023.03.09-09.08.05:840][  0]LogAudio: Display: Initializing Audio Device Manager...
[2023.03.09-09.08.05:849][  0]LogAudio: Display: Loading Default Audio Settings Objects...
[2023.03.09-09.08.05:850][  0]LogAudio: Display: No default SoundConcurrencyObject specified (or failed to load).
[2023.03.09-09.08.05:851][  0]LogAudio: Display: Audio Device Manager Initialized
[2023.03.09-09.08.05:851][  0]LogAudio: Display: Creating Audio Device:                 Id: 1, Scope: Shared, Realtime: True
[2023.03.09-09.08.05:851][  0]LogAudioMixer: Display: Audio Mixer Platform Settings:
[2023.03.09-09.08.05:851][  0]LogAudioMixer: Display: 	Sample Rate:						  48000
[2023.03.09-09.08.05:851][  0]LogAudioMixer: Display: 	Callback Buffer Frame Size Requested: 1024
[2023.03.09-09.08.05:851][  0]LogAudioMixer: Display: 	Callback Buffer Frame Size To Use:	  1024
[2023.03.09-09.08.05:851][  0]LogAudioMixer: Display: 	Number of buffers to queue:			  2
[2023.03.09-09.08.05:851][  0]LogAudioMixer: Display: 	Max Channels (voices):				  32
[2023.03.09-09.08.05:851][  0]LogAudioMixer: Display: 	Number of Async Source Workers:		  0
[2023.03.09-09.08.05:851][  0]LogAudio: Display: AudioDevice MaxSources: 32
[2023.03.09-09.08.05:852][  0]LogAudio: Display: Audio Spatialization Plugin: None (built-in).
[2023.03.09-09.08.05:852][  0]LogAudio: Display: Audio Reverb Plugin: None (built-in).
[2023.03.09-09.08.05:852][  0]LogAudio: Display: Audio Occlusion Plugin: None (built-in).
[2023.03.09-09.08.05:852][  0]LogAudioMixer: Display: Initializing audio mixer.
[2023.03.09-09.08.06:037][  0]LogAudioMixer: Display: 0: FrontLeft
[2023.03.09-09.08.06:037][  0]LogAudioMixer: Display: 1: FrontRight
[2023.03.09-09.08.06:037][  0]LogAudioMixer: Display: 2: FrontCenter
[2023.03.09-09.08.06:037][  0]LogAudioMixer: Display: 3: LowFrequency
[2023.03.09-09.08.06:037][  0]LogAudioMixer: Display: 4: BackLeft
[2023.03.09-09.08.06:037][  0]LogAudioMixer: Display: 5: BackRight
[2023.03.09-09.08.06:037][  0]LogAudioMixer: Display: 6: SideLeft
[2023.03.09-09.08.06:037][  0]LogAudioMixer: Display: 7: SideRight
[2023.03.09-09.08.06:431][  0]LogAudioMixer: Display: Using Audio Device Enceintes (Realtek(R) Audio)
[2023.03.09-09.08.06:441][  0]LogAudioMixer: Display: Initializing Sound Submixes...
[2023.03.09-09.08.06:443][  0]LogAudioMixer: Display: Creating Master Submix 'MasterSubmixDefault'
[2023.03.09-09.08.06:443][  0]LogAudioMixer: Display: Creating Master Submix 'MasterReverbSubmixDefault'
[2023.03.09-09.08.06:444][  0]LogAudioMixer: Display: Creating Master Submix 'MasterEQSubmixDefault'
[2023.03.09-09.08.06:444][  0]LogAudioMixer: FMixerPlatformXAudio2::StartAudioStream() called
[2023.03.09-09.08.06:444][  0]LogAudioMixer: Display: Output buffers initialized: Frames=1024, Channels=8, Samples=8192
[2023.03.09-09.08.06:446][  0]LogAudioMixer: Display: Starting AudioMixerPlatformInterface::RunInternal()
[2023.03.09-09.08.06:446][  0]LogAudioMixer: Display: FMixerPlatformXAudio2::SubmitBuffer() called for the first time
[2023.03.09-09.08.06:446][  0]LogInit: FAudioDevice initialized.
[2023.03.09-09.08.06:450][  0]LogNetVersion: Set ProjectVersion to 1.0.0.0. Version Checksum will be recalculated on next use.
[2023.03.09-09.08.06:451][  0]LogInit: Texture streaming: Enabled
[2023.03.09-09.08.06:576][  0]LogAudio: Display: Audio Device (ID: 1) registered with world 'Untitled'.
[2023.03.09-09.08.06:577][  0]LogSlate: Updating window title bar state: overlay mode, drag disabled, window buttons hidden, title bar hidden
[2023.03.09-09.08.06:578][  0]LogInit: Display: Game Engine Initialized.
[2023.03.09-09.08.06:578][  0]LogNiagaraEditor: GEditor isn't valid! Particle reset commands will not work for Niagara components!
[2023.03.09-09.08.06:784][  0]LogInit: Display: Starting Game.
[2023.03.09-09.08.06:784][  0]LogNet: Browse: /Game/Maps/Maptest?Name=Player
[2023.03.09-09.08.06:784][  0]LogLoad: LoadMap: /Game/Maps/Maptest?Name=Player
[2023.03.09-09.08.06:784][  0]LogWorld: BeginTearingDown for /Temp/Untitled_0
[2023.03.09-09.08.06:786][  0]LogWorld: UWorld::CleanupWorld for Untitled, bSessionEnded=true, bCleanupResources=true
[2023.03.09-09.08.06:787][  0]LogSlate: InvalidateAllWidgets triggered.  All widgets were invalidated
[2023.03.09-09.08.06:795][  0]LogAudio: Display: Audio Device unregistered from world 'None'.
[2023.03.09-09.08.06:799][  0]LogUObjectHash: Compacting FUObjectHashTables data took   1.45ms
[2023.03.09-09.08.07:033][  0]LogAudio: Display: Audio Device (ID: 1) registered with world 'Maptest'.
[2023.03.09-09.08.07:044][  0]LogAIModule: Creating AISystem for world Maptest
[2023.03.09-09.08.07:050][  0]LogLoad: Game class is 'BP_GameModelBase_C'
[2023.03.09-09.08.07:059][  0]LogWorld: Bringing World /Game/Maps/Maptest.Maptest up for play (max tick rate 0) at 2023.03.09-10.08.07
[2023.03.09-09.08.07:060][  0]LogWorld: Bringing up level for play took: 0.009083
[2023.03.09-09.08.07:064][  0]LogLoad: Took 0.280852 seconds to LoadMap(/Game/Maps/Maptest)
[2023.03.09-09.08.07:147][  0]LogSlate: Took 0.000294 seconds to synchronously load lazily loaded font '../../../Engine/Content/Slate/Fonts/Roboto-Regular.ttf' (155K)
[2023.03.09-09.08.07:226][  0]LogRenderer: Reallocating scene render targets to support 1280x720 Format 10 NumSamples 1 (Frame:1).
[2023.03.09-09.08.07:226][  0]LogInit: Display: Engine is initialized. Leaving FEngineLoop::Init()
[2023.03.09-09.08.07:226][  0]LogLoad: (Engine Initialization) Total time: 10.53 seconds
[2023.03.09-09.08.07:226][  0]LogLoad: (Engine Initialization) Total Blueprint compile time: 0.00 seconds
[2023.03.09-09.08.07:234][  0]LogContentStreaming: Texture pool size now 1000 MB
[2023.03.09-09.08.07:238][  0]LogSlate: InvalidateAllWidgets triggered.  All widgets were invalidated
[2023.03.09-09.08.07:430][  1]LogSlate: Took 0.000336 seconds to synchronously load lazily loaded font '../../../Engine/Content/Slate/Fonts/Roboto-Regular.ttf' (155K)
[2023.03.09-09.09.05:341][737]LogSlate: Window 'PlatformerPt2 (64-bit Development PCD3D_SM5) ' being destroyed
[2023.03.09-09.09.05:342][737]LogWindowsTextInputMethodSystem: Display: IME system deactivated.
[2023.03.09-09.09.05:367][737]LogSlate: Updating window title bar state: overlay mode, drag disabled, window buttons hidden, title bar hidden
[2023.03.09-09.09.05:367][737]LogEngine: All Windows Closed
[2023.03.09-09.09.05:367][737]LogWindows: FPlatformMisc::RequestExit(0)
[2023.03.09-09.09.05:367][737]LogWindows: FPlatformMisc::RequestExitWithStatus(0, 0)
[2023.03.09-09.09.05:367][737]LogCore: Engine exit requested (reason: Win RequestExit)
[2023.03.09-09.09.05:368][738]LogCore: Engine exit requested (reason: EngineExit() was called; note: exit was already requested)
[2023.03.09-09.09.05:369][738]LogInit: Display: PreExit Game.
[2023.03.09-09.09.05:396][738]LogWorld: BeginTearingDown for /Game/Maps/Maptest
[2023.03.09-09.09.05:397][738]LogWorld: UWorld::CleanupWorld for Maptest, bSessionEnded=true, bCleanupResources=true
[2023.03.09-09.09.05:398][738]LogSlate: InvalidateAllWidgets triggered.  All widgets were invalidated
[2023.03.09-09.09.05:611][738]LogAudio: Display: Beginning Audio Device Manager Shutdown (Module: AudioMixerXAudio2)...
[2023.03.09-09.09.05:611][738]LogAudio: Display: Destroying 1 Remaining Audio Device(s)...
[2023.03.09-09.09.05:611][738]LogAudio: Display: Audio Device unregistered from world 'Maptest'.
[2023.03.09-09.09.05:616][738]LogAudioMixer: FMixerPlatformXAudio2::StopAudioStream() called
[2023.03.09-09.09.05:618][738]LogAudioMixer: FMixerPlatformXAudio2::StopAudioStream() called
[2023.03.09-09.09.05:629][738]LogAudio: Display: Audio Device Manager Shutdown
[2023.03.09-09.09.05:634][738]LogExit: Preparing to exit.
[2023.03.09-09.09.06:057][738]LogSlate: Updating window title bar state: overlay mode, drag disabled, window buttons hidden, title bar hidden
[2023.03.09-09.09.06:064][738]LogUObjectHash: Compacting FUObjectHashTables data took   2.87ms
[2023.03.09-09.09.06:099][738]LogMoviePlayer: Shutting down movie player
[2023.03.09-09.09.06:250][738]LogDemo: Cleaned up 0 splitscreen connections with owner deletion
[2023.03.09-09.09.06:252][738]LogExit: Game engine shut down
[2023.03.09-09.09.06:314][738]LogExit: Object subsystem successfully closed.
[2023.03.09-09.09.06:340][738]LogShaderCompilers: Display: === FShaderJobCache stats ===
[2023.03.09-09.09.06:340][738]LogShaderCompilers: Display: Total job queries 0, among them cache hits 0 (0.00%)
[2023.03.09-09.09.06:340][738]LogShaderCompilers: Display: Tracking 0 distinct input hashes that result in 0 distinct outputs (0.00%)
[2023.03.09-09.09.06:340][738]LogShaderCompilers: Display: RAM used: 0.00 MB (0.00 GB) of 819.20 MB (0.80 GB) budget. Usage: 0.00%
[2023.03.09-09.09.06:340][738]LogShaderCompilers: Display: ================================================
[2023.03.09-09.09.06:353][738]LogShaderCompilers: Display: Shaders left to compile 0
[2023.03.09-09.09.06:394][738]LogModuleManager: Shutting down and abandoning module SequenceRecorderSections (558)
[2023.03.09-09.09.06:394][738]LogModuleManager: Shutting down and abandoning module SequenceRecorder (556)
[2023.03.09-09.09.06:394][738]LogModuleManager: Shutting down and abandoning module AutomationController (554)
[2023.03.09-09.09.06:394][738]LogModuleManager: Shutting down and abandoning module AutomationWorker (552)
[2023.03.09-09.09.06:394][738]LogModuleManager: Shutting down and abandoning module Voice (550)
[2023.03.09-09.09.06:394][738]LogModuleManager: Shutting down and abandoning module AIModule (548)
[2023.03.09-09.09.06:394][738]LogModuleManager: Shutting down and abandoning module GameplayDebugger (547)
[2023.03.09-09.09.06:394][738]LogModuleManager: Shutting down and abandoning module AITestSuite (545)
[2023.03.09-09.09.06:394][738]LogModuleManager: Shutting down and abandoning module NavigationSystem (543)
[2023.03.09-09.09.06:394][738]LogModuleManager: Shutting down and abandoning module SteamVREditor (540)
[2023.03.09-09.09.06:394][738]LogModuleManager: Shutting down and abandoning module ToolMenus (539)
[2023.03.09-09.09.06:394][738]LogModuleManager: Shutting down and abandoning module OculusMR (536)
[2023.03.09-09.09.06:395][738]LogModuleManager: Shutting down and abandoning module TakeRecorderSources (534)
[2023.03.09-09.09.06:395][738]LogModuleManager: Shutting down and abandoning module TakeRecorder (533)
[2023.03.09-09.09.06:395][738]LogModuleManager: Shutting down and abandoning module TakeTrackRecorders (530)
[2023.03.09-09.09.06:395][738]LogModuleManager: Shutting down and abandoning module TakesCore (528)
[2023.03.09-09.09.06:395][738]LogModuleManager: Shutting down and abandoning module OpenXRInput (526)
[2023.03.09-09.09.06:395][738]LogModuleManager: Shutting down and abandoning module WebMMediaFactory (524)
[2023.03.09-09.09.06:395][738]LogModuleManager: Shutting down and abandoning module WebMMedia (522)
[2023.03.09-09.09.06:395][738]LogModuleManager: Shutting down and abandoning module WmfMediaFactory (520)
[2023.03.09-09.09.06:395][738]LogModuleManager: Shutting down and abandoning module OpenExrWrapper (518)
[2023.03.09-09.09.06:395][738]LogModuleManager: Shutting down and abandoning module ImgMediaFactory (516)
[2023.03.09-09.09.06:395][738]LogModuleManager: Shutting down and abandoning module AvfMediaFactory (514)
[2023.03.09-09.09.06:395][738]LogModuleManager: Shutting down and abandoning module MagicLeapMediaCodecFactory (512)
[2023.03.09-09.09.06:395][738]LogModuleManager: Shutting down and abandoning module MagicLeapMediaFactory (510)
[2023.03.09-09.09.06:395][738]LogModuleManager: Shutting down and abandoning module PlanarCut (508)
[2023.03.09-09.09.06:395][738]LogModuleManager: Shutting down and abandoning module CharacterAI (506)
[2023.03.09-09.09.06:395][738]LogModuleManager: Shutting down and abandoning module SessionServices (504)
[2023.03.09-09.09.06:395][738]LogModuleManager: Shutting down and abandoning module MovieSceneCapture (502)
[2023.03.09-09.09.06:395][738]LogModuleManager: Shutting down and abandoning module LiveCoding (500)
[2023.03.09-09.09.06:395][738]LogModuleManager: Shutting down and abandoning module LevelSequence (498)
[2023.03.09-09.09.06:396][738]LogModuleManager: Shutting down and abandoning module MovieSceneTracks (496)
[2023.03.09-09.09.06:396][738]LogModuleManager: Shutting down and abandoning module MovieScene (494)
[2023.03.09-09.09.06:396][738]LogModuleManager: Shutting down and abandoning module StreamingPauseRendering (492)
[2023.03.09-09.09.06:396][738]LogModuleManager: Shutting down and abandoning module PortalServices (490)
[2023.03.09-09.09.06:396][738]LogModuleManager: Shutting down and abandoning module PortalRpc (488)
[2023.03.09-09.09.06:396][738]LogModuleManager: Shutting down and abandoning module MessagingRpc (486)
[2023.03.09-09.09.06:396][738]LogModuleManager: Shutting down and abandoning module AudioMixerXAudio2 (484)
[2023.03.09-09.09.06:396][738]LogModuleManager: Shutting down and abandoning module AudioMixerCore (483)
[2023.03.09-09.09.06:396][738]LogModuleManager: Shutting down and abandoning module ImageWriteQueue (480)
[2023.03.09-09.09.06:404][738]LogModuleManager: Shutting down and abandoning module ProfilerService (478)
[2023.03.09-09.09.06:656][738]LogModuleManager: Shutting down and abandoning module TaskGraph (476)
[2023.03.09-09.09.06:656][738]LogModuleManager: Shutting down and abandoning module OculusInput (474)
[2023.03.09-09.09.06:656][738]LogModuleManager: Shutting down and abandoning module TakeMovieScene (472)
[2023.03.09-09.09.06:656][738]LogModuleManager: Shutting down and abandoning module Synthesis (470)
[2023.03.09-09.09.06:656][738]LogModuleManager: Shutting down and abandoning module ProceduralMeshComponent (468)
[2023.03.09-09.09.06:656][738]LogModuleManager: Shutting down and abandoning module MobilePatchingUtils (466)
[2023.03.09-09.09.06:656][738]LogModuleManager: Shutting down and abandoning module GooglePAD (464)
[2023.03.09-09.09.06:656][738]LogModuleManager: Shutting down and abandoning module AssetTags (462)
[2023.03.09-09.09.06:656][738]LogModuleManager: Shutting down and abandoning module EditableMesh (460)
[2023.03.09-09.09.06:656][738]LogModuleManager: Shutting down and abandoning module CustomMeshComponent (458)
[2023.03.09-09.09.06:657][738]LogModuleManager: Shutting down and abandoning module CableComponent (456)
[2023.03.09-09.09.06:657][738]LogModuleManager: Shutting down and abandoning module AudioCapture (454)
[2023.03.09-09.09.06:657][738]LogModuleManager: Shutting down and abandoning module AudioCaptureRtAudio (453)
[2023.03.09-09.09.06:657][738]LogModuleManager: Shutting down and abandoning module ArchVisCharacter (450)
[2023.03.09-09.09.06:657][738]LogModuleManager: Shutting down and abandoning module AppleImageUtilsBlueprintSupport (448)
[2023.03.09-09.09.06:657][738]LogModuleManager: Shutting down and abandoning module AppleImageUtils (446)
[2023.03.09-09.09.06:657][738]LogModuleManager: Shutting down and abandoning module ActorLayerUtilities (444)
[2023.03.09-09.09.06:657][738]LogModuleManager: Shutting down and abandoning module AndroidPermission (442)
[2023.03.09-09.09.06:657][738]LogModuleManager: Shutting down and abandoning module TemplateSequence (440)
[2023.03.09-09.09.06:657][738]LogModuleManager: Shutting down and abandoning module MagicLeapSharedWorld (438)
[2023.03.09-09.09.06:658][738]LogModuleManager: Shutting down and abandoning module MediaCompositing (436)
[2023.03.09-09.09.06:658][738]LogModuleManager: Shutting down and abandoning module ImgMedia (434)
[2023.03.09-09.09.06:658][738]LogModuleManager: Shutting down and abandoning module MagicLeapLightEstimation (432)
[2023.03.09-09.09.06:658][738]LogModuleManager: Shutting down and abandoning module MagicLeapHelperVulkan (430)
[2023.03.09-09.09.06:658][738]LogModuleManager: Shutting down and abandoning module MagicLeapHelperOpenGL (428)
[2023.03.09-09.09.06:658][738]LogModuleManager: Shutting down and abandoning module MagicLeapAudio (426)
[2023.03.09-09.09.06:658][738]LogModuleManager: Shutting down and abandoning module MotoSynth (424)
[2023.03.09-09.09.06:658][738]LogModuleManager: Shutting down and abandoning module OpenImageDenoise (422)
[2023.03.09-09.09.06:658][738]LogOpenImageDenoise: OIDN shutting down
[2023.03.09-09.09.06:658][738]LogModuleManager: Shutting down and abandoning module GeometryCollectionTracks (420)
[2023.03.09-09.09.06:658][738]LogModuleManager: Shutting down and abandoning module GeometryCollectionSequencer (419)
[2023.03.09-09.09.06:658][738]LogModuleManager: Shutting down and abandoning module MeshConversion (416)
[2023.03.09-09.09.06:658][738]LogModuleManager: Shutting down and abandoning module DynamicMesh (414)
[2023.03.09-09.09.06:658][738]LogModuleManager: Shutting down and abandoning module GeometryAlgorithms (412)
[2023.03.09-09.09.06:658][738]LogModuleManager: Shutting down and abandoning module GeometricObjects (410)
[2023.03.09-09.09.06:658][738]LogModuleManager: Shutting down and abandoning module GeometryCacheTracks (408)
[2023.03.09-09.09.06:658][738]LogModuleManager: Shutting down and abandoning module GeometryCacheSequencer (407)
[2023.03.09-09.09.06:659][738]LogModuleManager: Shutting down and abandoning module GeometryCache (404)
[2023.03.09-09.09.06:659][738]LogModuleManager: Shutting down and abandoning module GeometryCacheEd (403)
[2023.03.09-09.09.06:659][738]LogModuleManager: Shutting down and abandoning module ChaosNiagara (400)
[2023.03.09-09.09.06:659][738]LogModuleManager: Shutting down and abandoning module FieldSystemEngine (399)
[2023.03.09-09.09.06:659][738]LogModuleManager: Shutting down and abandoning module BackChannel (396)
[2023.03.09-09.09.06:659][738]LogModuleManager: Shutting down and abandoning module AutomationUtils (394)
[2023.03.09-09.09.06:659][738]LogModuleManager: Shutting down and abandoning module OodleNetworkHandlerComponent (392)
[2023.03.09-09.09.06:659][738]LogModuleManager: Shutting down and abandoning module VisualStudioCodeSourceCodeAccess (390)
[2023.03.09-09.09.06:659][738]LogModuleManager: Shutting down and abandoning module VisualStudioSourceCodeAccess (388)
[2023.03.09-09.09.06:659][738]LogModuleManager: Shutting down and abandoning module HotReload (387)
[2023.03.09-09.09.06:660][738]LogModuleManager: Shutting down and abandoning module UObjectPlugin (384)
[2023.03.09-09.09.06:660][738]LogModuleManager: Shutting down and abandoning module SubversionSourceControl (382)
[2023.03.09-09.09.06:660][738]LogModuleManager: Shutting down and abandoning module PerforceSourceControl (380)
[2023.03.09-09.09.06:660][738]LogModuleManager: Shutting down and abandoning module SourceControl (379)
[2023.03.09-09.09.06:660][738]LogModuleManager: Shutting down and abandoning module CLionSourceCodeAccess (376)
[2023.03.09-09.09.06:660][738]LogModuleManager: Shutting down and abandoning module LiveLinkSequencer (374)
[2023.03.09-09.09.06:660][738]LogModuleManager: Shutting down and abandoning module LiveLinkMovieScene (372)
[2023.03.09-09.09.06:660][738]LogModuleManager: Shutting down and abandoning module LiveLinkGraphNode (370)
[2023.03.09-09.09.06:660][738]LogModuleManager: Shutting down and abandoning module LiveLinkComponents (368)
[2023.03.09-09.09.06:660][738]LogModuleManager: Shutting down and abandoning module LiveLink (366)
[2023.03.09-09.09.07:062][738]LogModuleManager: Shutting down and abandoning module UdpMessaging (364)
[2023.03.09-09.09.07:162][738]LogModuleManager: Shutting down and abandoning module TcpMessaging (362)
[2023.03.09-09.09.07:264][738]LogModuleManager: Shutting down and abandoning module PropertyAccessEditor (360)
[2023.03.09-09.09.07:264][738]LogModuleManager: Shutting down and abandoning module SoundFields (358)
[2023.03.09-09.09.07:264][738]LogModuleManager: Shutting down and abandoning module SignificanceManager (356)
[2023.03.09-09.09.07:264][738]LogModuleManager: Shutting down and abandoning module RuntimePhysXCooking (354)
[2023.03.09-09.09.07:264][738]LogModuleManager: Shutting down and abandoning module PhysXVehiclesEditor (352)
[2023.03.09-09.09.07:264][738]LogModuleManager: Shutting down and abandoning module LocationServicesBPLibrary (348)
[2023.03.09-09.09.07:264][738]LogModuleManager: Shutting down and abandoning module AudioSynesthesia (346)
[2023.03.09-09.09.07:264][738]LogModuleManager: Shutting down and abandoning module AudioSynesthesiaCore (344)
[2023.03.09-09.09.07:264][738]LogModuleManager: Shutting down and abandoning module ActorSequence (342)
[2023.03.09-09.09.07:264][738]LogModuleManager: Shutting down and abandoning module MagicLeapARPin (340)
[2023.03.09-09.09.07:264][738]LogModuleManager: Shutting down and abandoning module ImgMediaEngine (338)
[2023.03.09-09.09.07:264][738]LogModuleManager: Shutting down and abandoning module MagicLeapHandMeshing (336)
[2023.03.09-09.09.07:265][738]LogModuleManager: Shutting down and abandoning module MagicLeapSecureStorage (334)
[2023.03.09-09.09.07:265][738]LogModuleManager: Shutting down and abandoning module MagicLeapPrivileges (332)
[2023.03.09-09.09.07:265][738]LogModuleManager: Shutting down and abandoning module MagicLeapPlanes (330)
[2023.03.09-09.09.07:265][738]LogMagicLeapPlanes: Planes tracker already destroyed.
[2023.03.09-09.09.07:265][738]LogModuleManager: Shutting down and abandoning module MagicLeapImageTracker (328)
[2023.03.09-09.09.07:265][738]LogModuleManager: Shutting down and abandoning module MagicLeapIdentity (326)
[2023.03.09-09.09.07:265][738]LogModuleManager: Shutting down and abandoning module MagicLeapHandTracking (324)
[2023.03.09-09.09.07:265][738]LogModuleManager: Shutting down and abandoning module MagicLeapEyeTracker (322)
[2023.03.09-09.09.07:265][738]LogModuleManager: Shutting down and abandoning module MagicLeapController (320)
[2023.03.09-09.09.07:265][738]LogModuleManager: Shutting down and abandoning module MagicLeapARPinImpl (318)
[2023.03.09-09.09.07:265][738]LogModuleManager: Shutting down and abandoning module MagicLeapAR (316)
[2023.03.09-09.09.07:265][738]LogModuleManager: Shutting down and abandoning module NiagaraAnimNotifies (314)
[2023.03.09-09.09.07:265][738]LogModuleManager: Shutting down and abandoning module Niagara (312)
[2023.03.09-09.09.07:265][738]LogModuleManager: Shutting down and abandoning module SignalProcessing (311)
[2023.03.09-09.09.07:266][738]LogModuleManager: Shutting down and abandoning module NiagaraEditor (309)
[2023.03.09-09.09.07:266][738]LogModuleManager: Shutting down and abandoning module ContentBrowser (308)
[2023.03.09-09.09.07:266][738]LogModuleManager: Shutting down and abandoning module CollectionManager (307)
[2023.03.09-09.09.07:267][738]LogModuleManager: Shutting down and abandoning module DirectoryWatcher (306)
[2023.03.09-09.09.07:267][738]LogModuleManager: Shutting down and abandoning module ContentBrowserData (303)
[2023.03.09-09.09.07:268][738]LogModuleManager: Shutting down and abandoning module NiagaraCore (298)
[2023.03.09-09.09.07:268][738]LogModuleManager: Shutting down and abandoning module PythonScriptPlugin (296)
[2023.03.09-09.09.07:268][738]LogModuleManager: Shutting down and abandoning module GameplayTagsEditor (294)
[2023.03.09-09.09.07:268][738]LogModuleManager: Shutting down and abandoning module FacialAnimation (292)
[2023.03.09-09.09.07:268][738]LogModuleManager: Shutting down and abandoning module AssetManagerEditor (290)
[2023.03.09-09.09.07:268][738]LogModuleManager: Shutting down and abandoning module TreeMap (289)
[2023.03.09-09.09.07:268][738]LogModuleManager: Shutting down and abandoning module PropertyAccessNode (286)
[2023.03.09-09.09.07:268][738]LogModuleManager: Shutting down and abandoning module LightPropagationVolumeRuntime (284)
[2023.03.09-09.09.07:268][738]LogModuleManager: Shutting down and abandoning module AnimationSharing (282)
[2023.03.09-09.09.07:268][738]LogModuleManager: Shutting down and abandoning module GameplayCameras (280)
[2023.03.09-09.09.07:268][738]LogModuleManager: Shutting down and abandoning module EnvironmentQueryEditor (278)
[2023.03.09-09.09.07:269][738]LogModuleManager: Shutting down and abandoning module Paper2D (276)
[2023.03.09-09.09.07:269][738]LogModuleManager: Shutting down and abandoning module WindowsMoviePlayer (274)
[2023.03.09-09.09.07:269][738]LogModuleManager: Shutting down and abandoning module WebMMoviePlayer (272)
[2023.03.09-09.09.07:269][738]LogModuleManager: Shutting down and abandoning module NetworkReplayStreaming (270)
[2023.03.09-09.09.07:269][738]LogModuleManager: Shutting down and abandoning module PacketHandler (268)
[2023.03.09-09.09.07:269][738]LogModuleManager: Shutting down and abandoning module ClothingSystemEditor (266)
[2023.03.09-09.09.07:270][738]LogModuleManager: Shutting down and abandoning module ClothingSystemRuntimeNv (264)
[2023.03.09-09.09.07:270][738]LogModuleManager: Shutting down and abandoning module MediaAssets (262)
[2023.03.09-09.09.07:270][738]LogModuleManager: Shutting down and abandoning module Overlay (260)
[2023.03.09-09.09.07:270][738]LogModuleManager: Shutting down and abandoning module OverlayEditor (259)
[2023.03.09-09.09.07:270][738]LogModuleManager: Shutting down and abandoning module VREditor (256)
[2023.03.09-09.09.07:270][738]LogModuleManager: Shutting down and abandoning module StringTableEditor (254)
[2023.03.09-09.09.07:270][738]LogModuleManager: Shutting down and abandoning module GameplayTasksEditor (252)
[2023.03.09-09.09.07:270][738]LogModuleManager: Shutting down and abandoning module BehaviorTreeEditor (250)
[2023.03.09-09.09.07:270][738]LogModuleManager: Shutting down and abandoning module FunctionalTesting (248)
[2023.03.09-09.09.07:270][738]LogModuleManager: Shutting down and abandoning module CollisionAnalyzer (246)
[2023.03.09-09.09.07:270][738]LogModuleManager: Shutting down and abandoning module WorkspaceMenuStructure (245)
[2023.03.09-09.09.07:270][738]LogModuleManager: Shutting down and abandoning module UMG (242)
[2023.03.09-09.09.07:270][738]LogModuleManager: Shutting down and abandoning module UMGEditor (241)
[2023.03.09-09.09.07:271][738]LogModuleManager: Shutting down and abandoning module Sequencer (240)
[2023.03.09-09.09.07:271][738]LogModuleManager: Shutting down and abandoning module MessageLog (237)
[2023.03.09-09.09.07:271][738]LogModuleManager: Shutting down and abandoning module SlateReflector (232)
[2023.03.09-09.09.07:271][738]LogModuleManager: Shutting down and abandoning module Slate (230)
[2023.03.09-09.09.07:271][738]LogModuleManager: Shutting down and abandoning module SlateCore (228)
[2023.03.09-09.09.07:274][738]LogModuleManager: Shutting down and abandoning module LandscapeEditorUtilities (226)
[2023.03.09-09.09.07:274][738]LogModuleManager: Shutting down and abandoning module UnrealEd (224)
[2023.03.09-09.09.07:274][738]LogModuleManager: Shutting down and abandoning module MRMesh (222)
[2023.03.09-09.09.07:274][738]LogModuleManager: Shutting down and abandoning module Messaging (220)
[2023.03.09-09.09.07:274][738]LogModuleManager: Shutting down and abandoning module SourceCodeAccess (218)
[2023.03.09-09.09.07:275][738]LogModuleManager: Shutting down and abandoning module HeadMountedDisplay (216)
[2023.03.09-09.09.07:275][738]LogModuleManager: Shutting down and abandoning module XAudio2 (214)
[2023.03.09-09.09.07:275][738]LogModuleManager: Shutting down and abandoning module Networking (212)
[2023.03.09-09.09.07:275][738]LogModuleManager: Shutting down and abandoning module Core (210)
[2023.03.09-09.09.07:275][738]LogModuleManager: Shutting down and abandoning module MaterialEditor (208)
[2023.03.09-09.09.07:275][738]LogModuleManager: Shutting down and abandoning module MovieSceneTools (206)
[2023.03.09-09.09.07:275][738]LogModuleManager: Shutting down and abandoning module EditorStyle (205)
[2023.03.09-09.09.07:277][738]LogModuleManager: Shutting down and abandoning module KismetCompiler (202)
[2023.03.09-09.09.07:278][738]LogModuleManager: Shutting down and abandoning module MeshBuilder (200)
[2023.03.09-09.09.07:278][738]LogModuleManager: Shutting down and abandoning module MeshUtilities (198)
[2023.03.09-09.09.07:278][738]LogModuleManager: Shutting down and abandoning module MeshMergeUtilities (197)
[2023.03.09-09.09.07:278][738]LogModuleManager: Shutting down and abandoning module MeshReductionInterface (196)
[2023.03.09-09.09.07:278][738]LogModuleManager: Shutting down and abandoning module MeshBoneReduction (195)
[2023.03.09-09.09.07:278][738]LogModuleManager: Shutting down and abandoning module SkeletalMeshReduction (193)
[2023.03.09-09.09.07:278][738]LogModuleManager: Shutting down and abandoning module ProxyLODMeshReduction (191)
[2023.03.09-09.09.07:278][738]LogModuleManager: Shutting down and abandoning module QuadricMeshReduction (189)
[2023.03.09-09.09.07:278][738]LogModuleManager: Shutting down and abandoning module MaterialBaking (185)
[2023.03.09-09.09.07:278][738]LogModuleManager: Shutting down and abandoning module NullInstallBundleManager (180)
[2023.03.09-09.09.07:278][738]LogModuleManager: Shutting down and abandoning module PIEPreviewDeviceProfileSelector (178)
[2023.03.09-09.09.07:278][738]LogModuleManager: Shutting down and abandoning module DerivedDataCache (176)
[2023.03.09-09.09.07:278][738]LogModuleManager: Shutting down and abandoning module TargetPlatform (174)
[2023.03.09-09.09.07:278][738]LogModuleManager: Shutting down and abandoning module VulkanShaderFormat (173)
[2023.03.09-09.09.07:279][738]LogModuleManager: Shutting down and abandoning module ShaderFormatVectorVM (171)
[2023.03.09-09.09.07:279][738]LogModuleManager: Shutting down and abandoning module ShaderFormatOpenGL (169)
[2023.03.09-09.09.07:279][738]LogModuleManager: Shutting down and abandoning module ShaderFormatD3D (167)
[2023.03.09-09.09.07:279][738]LogModuleManager: Shutting down and abandoning module MetalShaderFormat (165)
[2023.03.09-09.09.07:279][738]LogModuleManager: Shutting down and abandoning module TextureFormatOodle (163)
[2023.03.09-09.09.07:279][738]LogModuleManager: Shutting down and abandoning module TextureFormatUncompressed (161)
[2023.03.09-09.09.07:279][738]LogModuleManager: Shutting down and abandoning module TextureFormatPVR (159)
[2023.03.09-09.09.07:279][738]LogModuleManager: Shutting down and abandoning module TextureFormatETC2 (157)
[2023.03.09-09.09.07:279][738]LogModuleManager: Shutting down and abandoning module TextureFormatDXT (155)
[2023.03.09-09.09.07:279][738]LogModuleManager: Shutting down and abandoning module TextureFormatIntelISPCTexComp (153)
[2023.03.09-09.09.07:280][738]LogModuleManager: Shutting down and abandoning module TextureFormatASTC (151)
[2023.03.09-09.09.07:280][738]LogModuleManager: Shutting down and abandoning module ImageWrapper (150)
[2023.03.09-09.09.07:280][738]LogModuleManager: Shutting down and abandoning module AudioFormatOpus (147)
[2023.03.09-09.09.07:280][738]LogModuleManager: Shutting down and abandoning module AudioFormatOgg (145)
[2023.03.09-09.09.07:280][738]LogModuleManager: Shutting down and abandoning module AudioFormatADPCM (143)
[2023.03.09-09.09.07:280][738]LogModuleManager: Shutting down and abandoning module WindowsServerTargetPlatform (141)
[2023.03.09-09.09.07:280][738]LogModuleManager: Shutting down and abandoning module WindowsClientTargetPlatform (139)
[2023.03.09-09.09.07:280][738]LogModuleManager: Shutting down and abandoning module WindowsTargetPlatform (137)
[2023.03.09-09.09.07:280][738]LogModuleManager: Shutting down and abandoning module WindowsNoEditorTargetPlatform (135)
[2023.03.09-09.09.07:280][738]LogModuleManager: Shutting down and abandoning module D3D11RHI (132)
[2023.03.09-09.09.07:280][738]LogModuleManager: Shutting down and abandoning module InputCore (130)
[2023.03.09-09.09.07:280][738]LogModuleManager: Shutting down and abandoning module Settings (128)
[2023.03.09-09.09.07:280][738]LogModuleManager: Shutting down and abandoning module PhysXCooking (126)
[2023.03.09-09.09.07:280][738]LogModuleManager: Shutting down and abandoning module Chaos (124)
[2023.03.09-09.09.07:280][738]LogModuleManager: Shutting down and abandoning module WindowsPlatformFeatures (122)
[2023.03.09-09.09.07:280][738]LogModuleManager: Shutting down and abandoning module GameplayMediaEncoder (121)
[2023.03.09-09.09.07:281][738]LogModuleManager: Shutting down and abandoning module AVEncoder (120)
[2023.03.09-09.09.07:281][738]LogModuleManager: Shutting down and abandoning module SteamVRInputDevice (116)
[2023.03.09-09.09.07:281][738]LogModuleManager: Shutting down and abandoning module SteamVRInput (114)
[2023.03.09-09.09.07:281][738]LogModuleManager: Shutting down and abandoning module SteamVR (112)
[2023.03.09-09.09.07:281][738]LogHMD: Freeing OpenVRDLLHandle.
[2023.03.09-09.09.07:281][738]LogModuleManager: Shutting down and abandoning module OculusHMD (110)
[2023.03.09-09.09.07:281][738]LogModuleManager: Shutting down and abandoning module OpenXRAR (108)
[2023.03.09-09.09.07:281][738]LogModuleManager: Shutting down and abandoning module AugmentedReality (107)
[2023.03.09-09.09.07:281][738]LogModuleManager: Shutting down and abandoning module OpenXRHandTracking (104)
[2023.03.09-09.09.07:281][738]LogSlate: Slate User Destroyed.  User Index 0, Is Virtual User: 0
[2023.03.09-09.09.07:281][738]LogModuleManager: Shutting down and abandoning module OpenXRHMD (103)
[2023.03.09-09.09.07:282][738]LogModuleManager: Shutting down and abandoning module OpenXREyeTracker (100)
[2023.03.09-09.09.07:282][738]LogModuleManager: Shutting down and abandoning module LauncherChunkInstaller (98)
[2023.03.09-09.09.07:282][738]LogModuleManager: Shutting down and abandoning module ExampleDeviceProfileSelector (96)
[2023.03.09-09.09.07:282][738]LogModuleManager: Shutting down and abandoning module ChunkDownloader (94)
[2023.03.09-09.09.07:282][738]LogModuleManager: Shutting down and abandoning module OnlineBlueprintSupport (92)
[2023.03.09-09.09.07:282][738]LogModuleManager: Shutting down and abandoning module OnlineSubsystem (88)
[2023.03.09-09.09.07:285][738]LogModuleManager: Shutting down and abandoning module XMPP (83)
[2023.03.09-09.09.07:285][738]LogModuleManager: Shutting down and abandoning module WebSockets (82)
[2023.03.09-09.09.07:301][738]LogModuleManager: Shutting down and abandoning module HTTP (79)
[2023.03.09-09.09.07:302][738]LogHttp: Display: cleaning up 0 outstanding Http requests.
[2023.03.09-09.09.07:333][738]LogModuleManager: Shutting down and abandoning module SSL (78)
[2023.03.09-09.09.07:337][738]LogModuleManager: Shutting down and abandoning module MLSDK (74)
[2023.03.09-09.09.07:337][738]LogModuleManager: Shutting down and abandoning module WmfMedia (72)
[2023.03.09-09.09.07:341][738]LogModuleManager: Shutting down and abandoning module Media (71)
[2023.03.09-09.09.07:342][738]LogModuleManager: Shutting down and abandoning module MediaInfo (70)
[2023.03.09-09.09.07:342][738]LogModuleManager: Shutting down and abandoning module ExrReaderGpu (66)
[2023.03.09-09.09.07:342][738]LogModuleManager: Shutting down and abandoning module MagicLeap (64)
[2023.03.09-09.09.07:343][738]LogModuleManager: Shutting down and abandoning module NiagaraVertexFactories (62)
[2023.03.09-09.09.07:343][738]LogModuleManager: Shutting down and abandoning module NiagaraShader (60)
[2023.03.09-09.09.07:343][738]LogModuleManager: Shutting down and abandoning module ChaosCloth (58)
[2023.03.09-09.09.07:343][738]LogModuleManager: Shutting down and abandoning module VariantManagerContent (56)
[2023.03.09-09.09.07:343][738]LogModuleManager: Shutting down and abandoning module DatasmithContent (54)
[2023.03.09-09.09.07:344][738]LogModuleManager: Shutting down and abandoning module PixWinPlugin (52)
[2023.03.09-09.09.07:344][738]LogModuleManager: Shutting down and abandoning module AISupportModule (50)
[2023.03.09-09.09.07:344][738]LogModuleManager: Shutting down and abandoning module DesktopPlatform (48)
[2023.03.09-09.09.07:344][738]LogModuleManager: Shutting down and abandoning module PythonScriptPluginPreload (46)
[2023.03.09-09.09.07:344][738]LogModuleManager: Shutting down and abandoning module PlatformCryptoOpenSSL (44)
[2023.03.09-09.09.07:344][738]LogModuleManager: Shutting down and abandoning module PlatformCryptoTypes (42)
[2023.03.09-09.09.07:344][738]LogModuleManager: Shutting down and abandoning module PlatformCrypto (40)
[2023.03.09-09.09.07:344][738]LogModuleManager: Shutting down and abandoning module OodleDataCompressionFormat (38)
[2023.03.09-09.09.07:344][738]LogModuleManager: Shutting down and abandoning module XGEController (36)
[2023.03.09-09.09.07:344][738]LogModuleManager: Shutting down and abandoning module AnimationModifiers (34)
[2023.03.09-09.09.07:344][738]LogModuleManager: Shutting down and abandoning module AudioEditor (32)
[2023.03.09-09.09.07:345][738]LogModuleManager: Shutting down and abandoning module PropertyEditor (31)
[2023.03.09-09.09.07:345][738]LogModuleManager: Shutting down and abandoning module TextureCompressor (28)
[2023.03.09-09.09.07:345][738]LogModuleManager: Shutting down and abandoning module RenderCore (26)
[2023.03.09-09.09.07:345][738]LogModuleManager: Shutting down and abandoning module Landscape (24)
[2023.03.09-09.09.07:345][738]LogModuleManager: Shutting down and abandoning module SlateRHIRenderer (22)
[2023.03.09-09.09.07:345][738]LogModuleManager: Shutting down and abandoning module AnimGraphRuntime (20)
[2023.03.09-09.09.07:345][738]LogModuleManager: Shutting down and abandoning module Renderer (18)
[2023.03.09-09.09.07:346][738]LogModuleManager: Shutting down and abandoning module Engine (16)
[2023.03.09-09.09.07:346][738]LogModuleManager: Shutting down and abandoning module CoreUObject (14)
[2023.03.09-09.09.07:346][738]LogModuleManager: Shutting down and abandoning module NetworkFile (12)
[2023.03.09-09.09.07:346][738]LogModuleManager: Shutting down and abandoning module CookedIterativeFile (10)
[2023.03.09-09.09.07:346][738]LogModuleManager: Shutting down and abandoning module StreamingFile (8)
[2023.03.09-09.09.07:346][738]LogModuleManager: Shutting down and abandoning module SandboxFile (6)
[2023.03.09-09.09.07:346][738]LogModuleManager: Shutting down and abandoning module PakFile (4)
[2023.03.09-09.09.07:346][738]LogModuleManager: Shutting down and abandoning module RSA (3)
[2023.03.09-09.09.07:745][738]LogContentStreaming: Display: There are 1 unreleased StreamingManagers
[2023.03.09-09.09.07:782][738]LogD3D11RHI: Shutdown
[2023.03.09-09.09.07:782][738]LogD3D11RHI: CleanupD3DDevice
[2023.03.09-09.09.07:784][738]LogExit: Exiting.
[2023.03.09-09.09.07:791][738]Log file closed, 03/09/23 10:09:07
