Log file open, 03/09/23 14:36:34
LogWindows: Failed to load 'aqProf.dll' (GetLastError=126)
LogWindows: File 'aqProf.dll' does not exist
LogWindows: Failed to load 'VtuneApi.dll' (GetLastError=126)
LogWindows: File 'VtuneApi.dll' does not exist
LogWindows: Failed to load 'VtuneApi32e.dll' (GetLastError=126)
LogWindows: File 'VtuneApi32e.dll' does not exist
LogConsoleResponse: Display: Failed to find resolution value strings in scalability ini. Falling back to default.
LogConsoleResponse: Display: Failed to find resolution value strings in scalability ini. Falling back to default.
LogInit: Display: Running engine for game: PlatformerPt2
LogPlatformFile: Not using cached read wrapper
LogTaskGraph: Started task graph with 5 named threads and 71 total threads with 3 sets of task threads.
LogStats: Stats thread started at 0.201222
LogICUInternationalization: ICU TimeZone Detection - Raw Offset: +1:00, Platform Override: ''
LogInit: Display: Loading text-based GConfig....
LogPluginManager: Mounting plugin MeshPainting
LogPluginManager: Mounting plugin XGEController
LogPluginManager: Mounting plugin Paper2D
LogPluginManager: Mounting plugin LightPropagationVolume
LogPluginManager: Mounting plugin LiveLink
LogPluginManager: Mounting plugin GameplayCameras
LogPluginManager: Mounting plugin CameraShakePreviewer
LogPluginManager: Mounting plugin OodleData
LogPluginManager: Mounting plugin OodleNetwork
LogPluginManager: Mounting plugin AssetManagerEditor
LogPluginManager: Mounting plugin AnimationSharing
LogPluginManager: Mounting plugin CLionSourceCodeAccess
LogPluginManager: Mounting plugin CodeLiteSourceCodeAccess
LogPluginManager: Mounting plugin GitSourceControl
LogPluginManager: Mounting plugin NullSourceCodeAccess
LogPluginManager: Mounting plugin CurveEditorTools
LogPluginManager: Mounting plugin KDevelopSourceCodeAccess
LogPluginManager: Mounting plugin CryptoKeys
LogPluginManager: Mounting plugin PerforceSourceControl
LogPluginManager: Mounting plugin PixWinPlugin
LogPluginManager: Mounting plugin DataValidation
LogPluginManager: Mounting plugin PlasticSourceControl
LogPluginManager: Mounting plugin FacialAnimation
LogPluginManager: Mounting plugin GeometryMode
LogPluginManager: Mounting plugin MacGraphicsSwitching
LogPluginManager: Mounting plugin GameplayTagsEditor
LogPluginManager: Mounting plugin MobileLauncherProfileWizard
LogPluginManager: Mounting plugin MaterialAnalyzer
LogPluginManager: Mounting plugin SpeedTreeImporter
LogPluginManager: Mounting plugin PluginBrowser
LogPluginManager: Mounting plugin PluginUtils
LogPluginManager: Mounting plugin PropertyAccessNode
LogPluginManager: Mounting plugin SubversionSourceControl
LogPluginManager: Mounting plugin RiderSourceCodeAccess
LogPluginManager: Mounting plugin TextureFormatOodle
LogPluginManager: Mounting plugin UObjectPlugin
LogPluginManager: Mounting plugin VisualStudioSourceCodeAccess
LogPluginManager: Mounting plugin XCodeSourceCodeAccess
LogPluginManager: Mounting plugin VisualStudioCodeSourceCodeAccess
LogPluginManager: Mounting plugin DatasmithContent
LogPluginManager: Mounting plugin AlembicImporter
LogPluginManager: Mounting plugin VariantManagerContent
LogPluginManager: Mounting plugin AutomationUtils
LogPluginManager: Mounting plugin BackChannel
LogPluginManager: Mounting plugin ChaosCloth
LogPluginManager: Mounting plugin ChaosClothEditor
LogPluginManager: Mounting plugin ChaosEditor
LogPluginManager: Mounting plugin ChaosNiagara
LogPluginManager: Mounting plugin ChaosSolverPlugin
LogPluginManager: Mounting plugin CharacterAI
LogPluginManager: Mounting plugin GeometryCache
LogPluginManager: Mounting plugin Niagara
LogPluginManager: Mounting plugin GeometryCollectionPlugin
LogPluginManager: Mounting plugin GeometryProcessing
LogPluginManager: Mounting plugin OpenImageDenoise
LogPluginManager: Mounting plugin MotoSynth
LogPluginManager: Mounting plugin PlanarCut
LogPluginManager: Mounting plugin PlatformCrypto
LogPluginManager: Mounting plugin ProxyLODPlugin
LogPluginManager: Mounting plugin LuminPlatformFeatures
LogPluginManager: Mounting plugin PythonScriptPlugin
LogPluginManager: Mounting plugin MagicLeap
LogPluginManager: Mounting plugin SkeletalReduction
LogPluginManager: Mounting plugin MagicLeapLightEstimation
LogPluginManager: Mounting plugin MagicLeapMedia
LogPluginManager: Mounting plugin MagicLeapPassableWorld
LogPluginManager: Mounting plugin MLSDK
LogPluginManager: Mounting plugin AndroidMedia
LogPluginManager: Mounting plugin AvfMedia
LogPluginManager: Mounting plugin TcpMessaging
LogPluginManager: Mounting plugin UdpMessaging
LogPluginManager: Mounting plugin ActorSequence
LogPluginManager: Mounting plugin ImgMedia
LogPluginManager: Mounting plugin MediaPlayerEditor
LogPluginManager: Mounting plugin MediaCompositing
LogPluginManager: Mounting plugin LevelSequenceEditor
LogPluginManager: Mounting plugin WmfMedia
LogPluginManager: Mounting plugin WebMMedia
LogPluginManager: Mounting plugin MatineeToLevelSequence
LogPluginManager: Mounting plugin TemplateSequence
LogPluginManager: Mounting plugin LauncherChunkInstaller
LogPluginManager: Mounting plugin ActorLayerUtilities
LogPluginManager: Mounting plugin OnlineSubsystem
LogPluginManager: Mounting plugin AndroidDeviceProfileSelector
LogPluginManager: Mounting plugin AndroidMoviePlayer
LogPluginManager: Mounting plugin OnlineSubsystemNull
LogPluginManager: Mounting plugin AndroidPermission
LogPluginManager: Mounting plugin OnlineSubsystemUtils
LogPluginManager: Mounting plugin AppleImageUtils
LogPluginManager: Mounting plugin AppleMoviePlayer
LogPluginManager: Mounting plugin ArchVisCharacter
LogPluginManager: Mounting plugin AssetTags
LogPluginManager: Mounting plugin AudioCapture
LogPluginManager: Mounting plugin CableComponent
LogPluginManager: Mounting plugin AudioSynesthesia
LogPluginManager: Mounting plugin ChunkDownloader
LogPluginManager: Mounting plugin EditableMesh
LogPluginManager: Mounting plugin CustomMeshComponent
LogPluginManager: Mounting plugin ExampleDeviceProfileSelector
LogPluginManager: Mounting plugin GoogleCloudMessaging
LogPluginManager: Mounting plugin GooglePAD
LogPluginManager: Mounting plugin IOSDeviceProfileSelector
LogPluginManager: Mounting plugin LinuxDeviceProfileSelector
LogPluginManager: Mounting plugin LocationServicesBPLibrary
LogPluginManager: Mounting plugin MobilePatchingUtils
LogPluginManager: Mounting plugin OpenXR
LogPluginManager: Mounting plugin OpenXREyeTracker
LogPluginManager: Mounting plugin OpenXRHandTracking
LogPluginManager: Mounting plugin ScreenshotTools
LogPluginManager: Mounting plugin PhysXVehicles
LogPluginManager: Mounting plugin PostSplashScreen
LogPluginManager: Mounting plugin Takes
LogPluginManager: Mounting plugin PropertyAccessEditor
LogPluginManager: Mounting plugin ProceduralMeshComponent
LogPluginManager: Mounting plugin RuntimePhysXCooking
LogPluginManager: Mounting plugin SignificanceManager
LogPluginManager: Mounting plugin AISupport
LogPluginManager: Mounting plugin SoundFields
LogPluginManager: Mounting plugin EnvironmentQueryEditor
LogPluginManager: Mounting plugin Synthesis
LogPluginManager: Mounting plugin WebMMoviePlayer
LogPluginManager: Mounting plugin WindowsMoviePlayer
LogPluginManager: Mounting plugin ContentBrowserAssetDataSource
LogPluginManager: Mounting plugin ContentBrowserClassDataSource
LogPluginManager: Mounting plugin ContentBrowserFileDataSource
LogPluginManager: Mounting plugin OnlineSubsystemGooglePlay
LogPluginManager: Mounting plugin OnlineSubsystemIOS
LogPluginManager: Mounting plugin OculusVR
LogPluginManager: Mounting plugin SteamVR
PixWinPlugin: PIX capture plugin failed to initialize! Check that the process is launched from PIX.
LogInit: Using libcurl 7.55.1-DEV
LogInit:  - built for x86_64-pc-win32
LogInit:  - supports SSL with OpenSSL/1.1.1
LogInit:  - supports HTTP deflate (compression) using libz 1.2.8
LogInit:  - other features:
LogInit:      CURL_VERSION_SSL
LogInit:      CURL_VERSION_LIBZ
LogInit:      CURL_VERSION_IPV6
LogInit:      CURL_VERSION_ASYNCHDNS
LogInit:      CURL_VERSION_LARGEFILE
LogInit:      CURL_VERSION_IDN
LogInit:  CurlRequestOptions (configurable via config and command line):
LogInit:  - bVerifyPeer = true  - Libcurl will verify peer certificate
LogInit:  - bUseHttpProxy = false  - Libcurl will NOT use HTTP proxy
LogInit:  - bDontReuseConnections = false  - Libcurl will reuse connections
LogInit:  - MaxHostConnections = 16  - Libcurl will limit the number of connections to a host
LogInit:  - LocalHostAddr = Default
LogInit:  - BufferSize = 65536
LogOnline: OSS: Creating online subsystem instance for: NULL
LogInit: WinSock: version 1.1 (2.2), MaxSocks=32767, MaxUdp=65467
LogOnline: OSS: TryLoadSubsystemAndSetDefault: Loaded subsystem for module [NULL]
LogOculusPluginWrapper: OculusPlugin initialized successfully
LogHMD: Failed initializing OVRPlugin 1.59.0
LogInit: Build: ++UE4+Release-4.27-CL-18319896
LogInit: Engine Version: 4.27.2-18319896+++UE4+Release-4.27
LogInit: Compatible Engine Version: 4.27.0-17155196+++UE4+Release-4.27
LogInit: Net CL: 17155196
LogInit: OS: Windows 10 (Release 2009) (), CPU: AMD Ryzen 9 5900X 12-Core Processor            , GPU: NVIDIA GeForce RTX 3080 Ti
LogInit: Compiled (64-bit): Nov 30 2021 07:12:08
LogInit: Compiled with Visual C++: 19.24.28315.00
LogInit: Build Configuration: Development
LogInit: Branch Name: ++UE4+Release-4.27
LogInit: Command Line:  /Game/Maps/Maptest -game -PIEVIACONSOLE -Multiprocess GameUserSettingsINI=D:/PROGRAMMING/unreal/2022-2023-project-4-game-design-Team-7/Saved/Config/Windows/PIEGameUserSettings0.ini -MultiprocessSaveConfig -forcepassthrough -messaging -SessionName="Play in Standalone Game" -windowed -WinX=1 -WinY=25 SAVEWINPOS=1 -ResX=1910 -ResY=986
LogInit: Base Directory: G:/Epic Games/UE_4.27/Engine/Binaries/Win64/
LogInit: Allocator: TBB
LogInit: Installed Engine Build: 1
LogDevObjectVersion: Number of dev versions registered: 29
LogDevObjectVersion:   Dev-Blueprints (B0D832E4-1F89-4F0D-ACCF-7EB736FD4AA2): 10
LogDevObjectVersion:   Dev-Build (E1C64328-A22C-4D53-A36C-8E866417BD8C): 0
LogDevObjectVersion:   Dev-Core (375EC13C-06E4-48FB-B500-84F0262A717E): 4
LogDevObjectVersion:   Dev-Editor (E4B068ED-F494-42E9-A231-DA0B2E46BB41): 40
LogDevObjectVersion:   Dev-Framework (CFFC743F-43B0-4480-9391-14DF171D2073): 37
LogDevObjectVersion:   Dev-Mobile (B02B49B5-BB20-44E9-A304-32B752E40360): 3
LogDevObjectVersion:   Dev-Networking (A4E4105C-59A1-49B5-A7C5-40C4547EDFEE): 0
LogDevObjectVersion:   Dev-Online (39C831C9-5AE6-47DC-9A44-9C173E1C8E7C): 0
LogDevObjectVersion:   Dev-Physics (78F01B33-EBEA-4F98-B9B4-84EACCB95AA2): 14
LogDevObjectVersion:   Dev-Platform (6631380F-2D4D-43E0-8009-CF276956A95A): 0
LogDevObjectVersion:   Dev-Rendering (12F88B9F-8875-4AFC-A67C-D90C383ABD29): 45
LogDevObjectVersion:   Dev-Sequencer (7B5AE74C-D270-4C10-A958-57980B212A5A): 13
LogDevObjectVersion:   Dev-VR (D7296918-1DD6-4BDD-9DE2-64A83CC13884): 3
LogDevObjectVersion:   Dev-LoadTimes (C2A15278-BFE7-4AFE-6C17-90FF531DF755): 1
LogDevObjectVersion:   Private-Geometry (6EACA3D4-40EC-4CC1-B786-8BED09428FC5): 3
LogDevObjectVersion:   Dev-AnimPhys (29E575DD-E0A3-4627-9D10-D276232CDCEA): 17
LogDevObjectVersion:   Dev-Anim (AF43A65D-7FD3-4947-9873-3E8ED9C1BB05): 15
LogDevObjectVersion:   Dev-ReflectionCapture (6B266CEC-1EC7-4B8F-A30B-E4D90942FC07): 1
LogDevObjectVersion:   Dev-Automation (0DF73D61-A23F-47EA-B727-89E90C41499A): 1
LogDevObjectVersion:   FortniteMain (601D1886-AC64-4F84-AA16-D3DE0DEAC7D6): 47
LogDevObjectVersion:   FortniteRelease (E7086368-6B23-4C58-8439-1B7016265E91): 1
LogDevObjectVersion:   Dev-Enterprise (9DFFBCD6-494F-0158-E221-12823C92A888): 10
LogDevObjectVersion:   Dev-Niagara (F2AED0AC-9AFE-416F-8664-AA7FFA26D6FC): 1
LogDevObjectVersion:   Dev-Destruction (174F1F0B-B4C6-45A5-B13F-2EE8D0FB917D): 10
LogDevObjectVersion:   Dev-Physics-Ext (35F94A83-E258-406C-A318-09F59610247C): 41
LogDevObjectVersion:   Dev-PhysicsMaterial-Chaos (B68FC16E-8B1B-42E2-B453-215C058844FE): 1
LogDevObjectVersion:   Dev-CineCamera (B2E18506-4273-CFC2-A54E-F4BB758BBA07): 1
LogDevObjectVersion:   Dev-VirtualProduction (64F58936-FD1B-42BA-BA96-7289D5D0FA4E): 1
LogDevObjectVersion:   Dev-MediaFramework (6F0ED827-A609-4895-9C91-998D90180EA4): 2
LogInit: Presizing for max 25165824 objects, including 0 objects not considered by GC, pre-allocating 0 bytes for permanent pool.
LogConfig: Applying CVar settings from Section [/Script/Engine.StreamingSettings] File [D:/PROGRAMMING/unreal/2022-2023-project-4-game-design-Team-7/Saved/Config/Windows/Engine.ini]
LogConfig: Setting CVar [[s.MinBulkDataSizeForAsyncLoading:131072]]
LogConfig: Setting CVar [[s.AsyncLoadingThreadEnabled:0]]
LogConfig: Setting CVar [[s.EventDrivenLoaderEnabled:1]]
LogConfig: Setting CVar [[s.WarnIfTimeLimitExceeded:0]]
LogConfig: Setting CVar [[s.TimeLimitExceededMultiplier:1.5]]
LogConfig: Setting CVar [[s.TimeLimitExceededMinTime:0.005]]
LogConfig: Setting CVar [[s.UseBackgroundLevelStreaming:1]]
LogConfig: Setting CVar [[s.PriorityAsyncLoadingExtraTime:15.0]]
LogConfig: Setting CVar [[s.LevelStreamingActorsUpdateTimeLimit:5.0]]
LogConfig: Setting CVar [[s.PriorityLevelStreamingActorsUpdateExtraTime:5.0]]
LogConfig: Setting CVar [[s.LevelStreamingComponentsRegistrationGranularity:10]]
LogConfig: Setting CVar [[s.UnregisterComponentsTimeLimit:1.0]]
LogConfig: Setting CVar [[s.LevelStreamingComponentsUnregistrationGranularity:5]]
LogConfig: Setting CVar [[s.FlushStreamingOnExit:1]]
LogInit: Object subsystem initialized
LogConfig: Setting CVar [[con.DebugEarlyDefault:1]]
LogConfig: Setting CVar [[r.setres:1280x720]]
[2023.03.09-13.36.35:507][  0]LogConfig: Setting CVar [[con.DebugEarlyDefault:1]]
[2023.03.09-13.36.35:507][  0]LogConfig: Setting CVar [[r.setres:1280x720]]
[2023.03.09-13.36.35:507][  0]LogConfig: Applying CVar settings from Section [/Script/Engine.RendererSettings] File [D:/PROGRAMMING/unreal/2022-2023-project-4-game-design-Team-7/Saved/Config/Windows/Engine.ini]
[2023.03.09-13.36.35:507][  0]LogConfig: Setting CVar [[r.GPUCrashDebugging:0]]
[2023.03.09-13.36.35:507][  0]LogConfig: Setting CVar [[r.DefaultFeature.AutoExposure:0]]
[2023.03.09-13.36.35:507][  0]LogConfig: Applying CVar settings from Section [/Script/Engine.RendererOverrideSettings] File [D:/PROGRAMMING/unreal/2022-2023-project-4-game-design-Team-7/Saved/Config/Windows/Engine.ini]
[2023.03.09-13.36.35:507][  0]LogConfig: Applying CVar settings from Section [/Script/Engine.StreamingSettings] File [D:/PROGRAMMING/unreal/2022-2023-project-4-game-design-Team-7/Saved/Config/Windows/Engine.ini]
[2023.03.09-13.36.35:507][  0]LogConfig: Setting CVar [[s.MinBulkDataSizeForAsyncLoading:131072]]
[2023.03.09-13.36.35:507][  0]LogConfig: Setting CVar [[s.AsyncLoadingThreadEnabled:0]]
[2023.03.09-13.36.35:507][  0]LogConfig: Setting CVar [[s.EventDrivenLoaderEnabled:1]]
[2023.03.09-13.36.35:507][  0]LogConfig: Setting CVar [[s.WarnIfTimeLimitExceeded:0]]
[2023.03.09-13.36.35:507][  0]LogConfig: Setting CVar [[s.TimeLimitExceededMultiplier:1.5]]
[2023.03.09-13.36.35:507][  0]LogConfig: Setting CVar [[s.TimeLimitExceededMinTime:0.005]]
[2023.03.09-13.36.35:507][  0]LogConfig: Setting CVar [[s.UseBackgroundLevelStreaming:1]]
[2023.03.09-13.36.35:507][  0]LogConfig: Setting CVar [[s.PriorityAsyncLoadingExtraTime:15.0]]
[2023.03.09-13.36.35:507][  0]LogConfig: Setting CVar [[s.LevelStreamingActorsUpdateTimeLimit:5.0]]
[2023.03.09-13.36.35:507][  0]LogConfig: Setting CVar [[s.PriorityLevelStreamingActorsUpdateExtraTime:5.0]]
[2023.03.09-13.36.35:507][  0]LogConfig: Setting CVar [[s.LevelStreamingComponentsRegistrationGranularity:10]]
[2023.03.09-13.36.35:507][  0]LogConfig: Setting CVar [[s.UnregisterComponentsTimeLimit:1.0]]
[2023.03.09-13.36.35:507][  0]LogConfig: Setting CVar [[s.LevelStreamingComponentsUnregistrationGranularity:5]]
[2023.03.09-13.36.35:507][  0]LogConfig: Setting CVar [[s.FlushStreamingOnExit:1]]
[2023.03.09-13.36.35:507][  0]LogConfig: Applying CVar settings from Section [/Script/Engine.GarbageCollectionSettings] File [D:/PROGRAMMING/unreal/2022-2023-project-4-game-design-Team-7/Saved/Config/Windows/Engine.ini]
[2023.03.09-13.36.35:507][  0]LogConfig: Setting CVar [[gc.MaxObjectsNotConsideredByGC:1]]
[2023.03.09-13.36.35:507][  0]LogConfig: Setting CVar [[gc.SizeOfPermanentObjectPool:0]]
[2023.03.09-13.36.35:507][  0]LogConfig: Setting CVar [[gc.FlushStreamingOnGC:0]]
[2023.03.09-13.36.35:507][  0]LogConfig: Setting CVar [[gc.NumRetriesBeforeForcingGC:10]]
[2023.03.09-13.36.35:507][  0]LogConfig: Setting CVar [[gc.AllowParallelGC:1]]
[2023.03.09-13.36.35:507][  0]LogConfig: Setting CVar [[gc.TimeBetweenPurgingPendingKillObjects:61.1]]
[2023.03.09-13.36.35:507][  0]LogConfig: Setting CVar [[gc.MaxObjectsInEditor:25165824]]
[2023.03.09-13.36.35:507][  0]LogConfig: Setting CVar [[gc.IncrementalBeginDestroyEnabled:1]]
[2023.03.09-13.36.35:507][  0]LogConfig: Setting CVar [[gc.CreateGCClusters:1]]
[2023.03.09-13.36.35:507][  0]LogConfig: Setting CVar [[gc.MinGCClusterSize:5]]
[2023.03.09-13.36.35:507][  0]LogConfig: Setting CVar [[gc.ActorClusteringEnabled:0]]
[2023.03.09-13.36.35:507][  0]LogConfig: Setting CVar [[gc.BlueprintClusteringEnabled:0]]
[2023.03.09-13.36.35:507][  0]LogConfig: Setting CVar [[gc.UseDisregardForGCOnDedicatedServers:0]]
[2023.03.09-13.36.35:507][  0]LogConfig: Setting CVar [[gc.MultithreadedDestructionEnabled:1]]
[2023.03.09-13.36.35:507][  0]LogConfig: Applying CVar settings from Section [/Script/Engine.NetworkSettings] File [D:/PROGRAMMING/unreal/2022-2023-project-4-game-design-Team-7/Saved/Config/Windows/Engine.ini]
[2023.03.09-13.36.35:507][  0]LogConfig: Applying CVar settings from Section [/Script/UnrealEd.CookerSettings] File [D:/PROGRAMMING/unreal/2022-2023-project-4-game-design-Team-7/Saved/Config/Windows/Engine.ini]
[2023.03.09-13.36.35:531][  0]LogConfig: Applying CVar settings from Section [ViewDistanceQuality@3] File [D:/PROGRAMMING/unreal/2022-2023-project-4-game-design-Team-7/Saved/Config/Windows/Scalability.ini]
[2023.03.09-13.36.35:531][  0]LogConfig: Setting CVar [[r.SkeletalMeshLODBias:0]]
[2023.03.09-13.36.35:531][  0]LogConfig: Setting CVar [[r.ViewDistanceScale:1.0]]
[2023.03.09-13.36.35:531][  0]LogConfig: Applying CVar settings from Section [AntiAliasingQuality@3] File [D:/PROGRAMMING/unreal/2022-2023-project-4-game-design-Team-7/Saved/Config/Windows/Scalability.ini]
[2023.03.09-13.36.35:531][  0]LogConfig: Setting CVar [[r.PostProcessAAQuality:4]]
[2023.03.09-13.36.35:531][  0]LogConfig: Applying CVar settings from Section [ShadowQuality@3] File [D:/PROGRAMMING/unreal/2022-2023-project-4-game-design-Team-7/Saved/Config/Windows/Scalability.ini]
[2023.03.09-13.36.35:531][  0]LogConfig: Setting CVar [[r.LightFunctionQuality:1]]
[2023.03.09-13.36.35:531][  0]LogConfig: Setting CVar [[r.ShadowQuality:5]]
[2023.03.09-13.36.35:531][  0]LogConfig: Setting CVar [[r.Shadow.CSM.MaxCascades:10]]
[2023.03.09-13.36.35:531][  0]LogConfig: Setting CVar [[r.Shadow.MaxResolution:2048]]
[2023.03.09-13.36.35:531][  0]LogConfig: Setting CVar [[r.Shadow.MaxCSMResolution:2048]]
[2023.03.09-13.36.35:531][  0]LogConfig: Setting CVar [[r.Shadow.RadiusThreshold:0.01]]
[2023.03.09-13.36.35:531][  0]LogConfig: Setting CVar [[r.Shadow.DistanceScale:1.0]]
[2023.03.09-13.36.35:531][  0]LogConfig: Setting CVar [[r.Shadow.CSM.TransitionScale:1.0]]
[2023.03.09-13.36.35:531][  0]LogConfig: Setting CVar [[r.Shadow.PreShadowResolutionFactor:1.0]]
[2023.03.09-13.36.35:531][  0]LogConfig: Setting CVar [[r.DistanceFieldShadowing:1]]
[2023.03.09-13.36.35:531][  0]LogConfig: Setting CVar [[r.DistanceFieldAO:1]]
[2023.03.09-13.36.35:531][  0]LogConfig: Setting CVar [[r.AOQuality:2]]
[2023.03.09-13.36.35:531][  0]LogConfig: Setting CVar [[r.VolumetricFog:1]]
[2023.03.09-13.36.35:531][  0]LogConfig: Setting CVar [[r.VolumetricFog.GridPixelSize:8]]
[2023.03.09-13.36.35:531][  0]LogConfig: Setting CVar [[r.VolumetricFog.GridSizeZ:128]]
[2023.03.09-13.36.35:531][  0]LogConfig: Setting CVar [[r.VolumetricFog.HistoryMissSupersampleCount:4]]
[2023.03.09-13.36.35:531][  0]LogConfig: Setting CVar [[r.LightMaxDrawDistanceScale:1]]
[2023.03.09-13.36.35:531][  0]LogConfig: Setting CVar [[r.CapsuleShadows:1]]
[2023.03.09-13.36.35:531][  0]LogConfig: Applying CVar settings from Section [PostProcessQuality@3] File [D:/PROGRAMMING/unreal/2022-2023-project-4-game-design-Team-7/Saved/Config/Windows/Scalability.ini]
[2023.03.09-13.36.35:531][  0]LogConfig: Setting CVar [[r.MotionBlurQuality:4]]
[2023.03.09-13.36.35:531][  0]LogConfig: Setting CVar [[r.AmbientOcclusionMipLevelFactor:0.4]]
[2023.03.09-13.36.35:531][  0]LogConfig: Setting CVar [[r.AmbientOcclusionMaxQuality:100]]
[2023.03.09-13.36.35:531][  0]LogConfig: Setting CVar [[r.AmbientOcclusionLevels:-1]]
[2023.03.09-13.36.35:531][  0]LogConfig: Setting CVar [[r.AmbientOcclusionRadiusScale:1.0]]
[2023.03.09-13.36.35:531][  0]LogConfig: Setting CVar [[r.DepthOfFieldQuality:2]]
[2023.03.09-13.36.35:531][  0]LogConfig: Setting CVar [[r.RenderTargetPoolMin:400]]
[2023.03.09-13.36.35:531][  0]LogConfig: Setting CVar [[r.LensFlareQuality:2]]
[2023.03.09-13.36.35:531][  0]LogConfig: Setting CVar [[r.SceneColorFringeQuality:1]]
[2023.03.09-13.36.35:531][  0]LogConfig: Setting CVar [[r.EyeAdaptationQuality:2]]
[2023.03.09-13.36.35:531][  0]LogConfig: Setting CVar [[r.BloomQuality:5]]
[2023.03.09-13.36.35:531][  0]LogConfig: Setting CVar [[r.FastBlurThreshold:100]]
[2023.03.09-13.36.35:531][  0]LogConfig: Setting CVar [[r.Upscale.Quality:3]]
[2023.03.09-13.36.35:531][  0]LogConfig: Setting CVar [[r.Tonemapper.GrainQuantization:1]]
[2023.03.09-13.36.35:531][  0]LogConfig: Setting CVar [[r.LightShaftQuality:1]]
[2023.03.09-13.36.35:531][  0]LogConfig: Setting CVar [[r.Filter.SizeScale:1]]
[2023.03.09-13.36.35:531][  0]LogConfig: Setting CVar [[r.Tonemapper.Quality:5]]
[2023.03.09-13.36.35:531][  0]LogConfig: Setting CVar [[r.DOF.Gather.AccumulatorQuality:1        ; higher gathering accumulator quality]]
[2023.03.09-13.36.35:531][  0]LogConfig: Setting CVar [[r.DOF.Gather.PostfilterMethod:1          ; Median3x3 postfilering method]]
[2023.03.09-13.36.35:531][  0]LogConfig: Setting CVar [[r.DOF.Gather.EnableBokehSettings:0       ; no bokeh simulation when gathering]]
[2023.03.09-13.36.35:531][  0]LogConfig: Setting CVar [[r.DOF.Gather.RingCount:4                 ; medium number of samples when gathering]]
[2023.03.09-13.36.35:531][  0]LogConfig: Setting CVar [[r.DOF.Scatter.ForegroundCompositing:1    ; additive foreground scattering]]
[2023.03.09-13.36.35:531][  0]LogConfig: Setting CVar [[r.DOF.Scatter.BackgroundCompositing:2    ; additive background scattering]]
[2023.03.09-13.36.35:531][  0]LogConfig: Setting CVar [[r.DOF.Scatter.EnableBokehSettings:1      ; bokeh simulation when scattering]]
[2023.03.09-13.36.35:531][  0]LogConfig: Setting CVar [[r.DOF.Scatter.MaxSpriteRatio:0.1         ; only a maximum of 10% of scattered bokeh]]
[2023.03.09-13.36.35:531][  0]LogConfig: Setting CVar [[r.DOF.Recombine.Quality:1                ; cheap slight out of focus]]
[2023.03.09-13.36.35:531][  0]LogConfig: Setting CVar [[r.DOF.Recombine.EnableBokehSettings:0    ; no bokeh simulation on slight out of focus]]
[2023.03.09-13.36.35:531][  0]LogConfig: Setting CVar [[r.DOF.TemporalAAQuality:1                ; more stable temporal accumulation]]
[2023.03.09-13.36.35:531][  0]LogConfig: Setting CVar [[r.DOF.Kernel.MaxForegroundRadius:0.025]]
[2023.03.09-13.36.35:531][  0]LogConfig: Setting CVar [[r.DOF.Kernel.MaxBackgroundRadius:0.025]]
[2023.03.09-13.36.35:531][  0]LogConfig: Applying CVar settings from Section [TextureQuality@3] File [D:/PROGRAMMING/unreal/2022-2023-project-4-game-design-Team-7/Saved/Config/Windows/Scalability.ini]
[2023.03.09-13.36.35:531][  0]LogConfig: Setting CVar [[r.Streaming.MipBias:0]]
[2023.03.09-13.36.35:531][  0]LogConfig: Setting CVar [[r.Streaming.AmortizeCPUToGPUCopy:0]]
[2023.03.09-13.36.35:531][  0]LogConfig: Setting CVar [[r.Streaming.MaxNumTexturesToStreamPerFrame:0]]
[2023.03.09-13.36.35:531][  0]LogConfig: Setting CVar [[r.Streaming.Boost:1]]
[2023.03.09-13.36.35:531][  0]LogConfig: Setting CVar [[r.MaxAnisotropy:8]]
[2023.03.09-13.36.35:531][  0]LogConfig: Setting CVar [[r.VT.MaxAnisotropy:8]]
[2023.03.09-13.36.35:531][  0]LogConfig: Setting CVar [[r.Streaming.LimitPoolSizeToVRAM:0]]
[2023.03.09-13.36.35:531][  0]LogConfig: Setting CVar [[r.Streaming.PoolSize:1000]]
[2023.03.09-13.36.35:531][  0]LogConfig: Setting CVar [[r.Streaming.MaxEffectiveScreenSize:0]]
[2023.03.09-13.36.35:531][  0]LogConfig: Applying CVar settings from Section [EffectsQuality@3] File [D:/PROGRAMMING/unreal/2022-2023-project-4-game-design-Team-7/Saved/Config/Windows/Scalability.ini]
[2023.03.09-13.36.35:531][  0]LogConfig: Setting CVar [[r.TranslucencyLightingVolumeDim:64]]
[2023.03.09-13.36.35:531][  0]LogConfig: Setting CVar [[r.RefractionQuality:2]]
[2023.03.09-13.36.35:531][  0]LogConfig: Setting CVar [[r.SSR.Quality:3]]
[2023.03.09-13.36.35:531][  0]LogConfig: Setting CVar [[r.SSR.HalfResSceneColor:0]]
[2023.03.09-13.36.35:531][  0]LogConfig: Setting CVar [[r.SceneColorFormat:4]]
[2023.03.09-13.36.35:531][  0]LogConfig: Setting CVar [[r.DetailMode:2]]
[2023.03.09-13.36.35:531][  0]LogConfig: Setting CVar [[r.TranslucencyVolumeBlur:1]]
[2023.03.09-13.36.35:531][  0]LogConfig: Setting CVar [[r.MaterialQualityLevel:1 ; High quality]]
[2023.03.09-13.36.35:531][  0]LogConfig: Setting CVar [[r.AnisotropicMaterials:1]]
[2023.03.09-13.36.35:531][  0]LogConfig: Setting CVar [[r.SSS.Scale:1]]
[2023.03.09-13.36.35:531][  0]LogConfig: Setting CVar [[r.SSS.SampleSet:2]]
[2023.03.09-13.36.35:532][  0]LogConfig: Setting CVar [[r.SSS.Quality:1]]
[2023.03.09-13.36.35:532][  0]LogConfig: Setting CVar [[r.SSS.HalfRes:0]]
[2023.03.09-13.36.35:532][  0]LogConfig: Setting CVar [[r.SSGI.Quality:3]]
[2023.03.09-13.36.35:532][  0]LogConfig: Setting CVar [[r.EmitterSpawnRateScale:1.0]]
[2023.03.09-13.36.35:532][  0]LogConfig: Setting CVar [[r.ParticleLightQuality:2]]
[2023.03.09-13.36.35:532][  0]LogConfig: Setting CVar [[r.SkyAtmosphere.AerialPerspectiveLUT.FastApplyOnOpaque:1 ; Always have FastSkyLUT 1 in this case to avoid wrong sky]]
[2023.03.09-13.36.35:532][  0]LogConfig: Setting CVar [[r.SkyAtmosphere.AerialPerspectiveLUT.SampleCountMaxPerSlice:4]]
[2023.03.09-13.36.35:532][  0]LogConfig: Setting CVar [[r.SkyAtmosphere.AerialPerspectiveLUT.DepthResolution:16.0]]
[2023.03.09-13.36.35:532][  0]LogConfig: Setting CVar [[r.SkyAtmosphere.FastSkyLUT:1]]
[2023.03.09-13.36.35:532][  0]LogConfig: Setting CVar [[r.SkyAtmosphere.FastSkyLUT.SampleCountMin:4.0]]
[2023.03.09-13.36.35:532][  0]LogConfig: Setting CVar [[r.SkyAtmosphere.FastSkyLUT.SampleCountMax:128.0]]
[2023.03.09-13.36.35:532][  0]LogConfig: Setting CVar [[r.SkyAtmosphere.SampleCountMin:4.0]]
[2023.03.09-13.36.35:532][  0]LogConfig: Setting CVar [[r.SkyAtmosphere.SampleCountMax:128.0]]
[2023.03.09-13.36.35:532][  0]LogConfig: Setting CVar [[r.SkyAtmosphere.TransmittanceLUT.UseSmallFormat:0]]
[2023.03.09-13.36.35:532][  0]LogConfig: Setting CVar [[r.SkyAtmosphere.TransmittanceLUT.SampleCount:10.0]]
[2023.03.09-13.36.35:532][  0]LogConfig: Setting CVar [[r.SkyAtmosphere.MultiScatteringLUT.SampleCount:15.0]]
[2023.03.09-13.36.35:532][  0]LogConfig: Setting CVar [[r.SkyLight.RealTimeReflectionCapture:1]]
[2023.03.09-13.36.35:532][  0]LogConfig: Applying CVar settings from Section [FoliageQuality@3] File [D:/PROGRAMMING/unreal/2022-2023-project-4-game-design-Team-7/Saved/Config/Windows/Scalability.ini]
[2023.03.09-13.36.35:532][  0]LogConfig: Setting CVar [[foliage.DensityScale:1.0]]
[2023.03.09-13.36.35:532][  0]LogConfig: Setting CVar [[grass.DensityScale:1.0]]
[2023.03.09-13.36.35:532][  0]LogConfig: Applying CVar settings from Section [ShadingQuality@3] File [D:/PROGRAMMING/unreal/2022-2023-project-4-game-design-Team-7/Saved/Config/Windows/Scalability.ini]
[2023.03.09-13.36.35:532][  0]LogConfig: Setting CVar [[r.HairStrands.SkyLighting.IntegrationType:2]]
[2023.03.09-13.36.35:532][  0]LogConfig: Setting CVar [[r.HairStrands.SkyAO.SampleCount:4]]
[2023.03.09-13.36.35:532][  0]LogConfig: Setting CVar [[r.HairStrands.Visibility.MSAA.SamplePerPixel:4]]
[2023.03.09-13.36.35:532][  0]LogInit: Selected Device Profile: [Windows]
[2023.03.09-13.36.35:532][  0]LogInit: Applying CVar settings loaded from the selected device profile: [Windows]
[2023.03.09-13.36.35:532][  0]LogHAL: Display: Platform has ~ 48 GB [51482337280 / 68719476736 / 48], which maps to Largest [LargestMinGB=32, LargerMinGB=12, DefaultMinGB=8, SmallerMinGB=6, SmallestMinGB=0)
[2023.03.09-13.36.35:532][  0]LogInit: Going up to parent DeviceProfile []
[2023.03.09-13.36.35:532][  0]LogConfig: Applying CVar settings from Section [ViewDistanceQuality@3] File [D:/PROGRAMMING/unreal/2022-2023-project-4-game-design-Team-7/Saved/Config/Windows/Scalability.ini]
[2023.03.09-13.36.35:532][  0]LogConfig: Setting CVar [[r.SkeletalMeshLODBias:0]]
[2023.03.09-13.36.35:532][  0]LogConfig: Setting CVar [[r.ViewDistanceScale:1.0]]
[2023.03.09-13.36.35:532][  0]LogConfig: Applying CVar settings from Section [AntiAliasingQuality@3] File [D:/PROGRAMMING/unreal/2022-2023-project-4-game-design-Team-7/Saved/Config/Windows/Scalability.ini]
[2023.03.09-13.36.35:532][  0]LogConfig: Setting CVar [[r.PostProcessAAQuality:4]]
[2023.03.09-13.36.35:532][  0]LogConfig: Applying CVar settings from Section [ShadowQuality@3] File [D:/PROGRAMMING/unreal/2022-2023-project-4-game-design-Team-7/Saved/Config/Windows/Scalability.ini]
[2023.03.09-13.36.35:532][  0]LogConfig: Setting CVar [[r.LightFunctionQuality:1]]
[2023.03.09-13.36.35:532][  0]LogConfig: Setting CVar [[r.ShadowQuality:5]]
[2023.03.09-13.36.35:532][  0]LogConfig: Setting CVar [[r.Shadow.CSM.MaxCascades:10]]
[2023.03.09-13.36.35:532][  0]LogConfig: Setting CVar [[r.Shadow.MaxResolution:2048]]
[2023.03.09-13.36.35:532][  0]LogConfig: Setting CVar [[r.Shadow.MaxCSMResolution:2048]]
[2023.03.09-13.36.35:532][  0]LogConfig: Setting CVar [[r.Shadow.RadiusThreshold:0.01]]
[2023.03.09-13.36.35:532][  0]LogConfig: Setting CVar [[r.Shadow.DistanceScale:1.0]]
[2023.03.09-13.36.35:532][  0]LogConfig: Setting CVar [[r.Shadow.CSM.TransitionScale:1.0]]
[2023.03.09-13.36.35:532][  0]LogConfig: Setting CVar [[r.Shadow.PreShadowResolutionFactor:1.0]]
[2023.03.09-13.36.35:532][  0]LogConfig: Setting CVar [[r.DistanceFieldShadowing:1]]
[2023.03.09-13.36.35:532][  0]LogConfig: Setting CVar [[r.DistanceFieldAO:1]]
[2023.03.09-13.36.35:532][  0]LogConfig: Setting CVar [[r.AOQuality:2]]
[2023.03.09-13.36.35:532][  0]LogConfig: Setting CVar [[r.VolumetricFog:1]]
[2023.03.09-13.36.35:532][  0]LogConfig: Setting CVar [[r.VolumetricFog.GridPixelSize:8]]
[2023.03.09-13.36.35:532][  0]LogConfig: Setting CVar [[r.VolumetricFog.GridSizeZ:128]]
[2023.03.09-13.36.35:532][  0]LogConfig: Setting CVar [[r.VolumetricFog.HistoryMissSupersampleCount:4]]
[2023.03.09-13.36.35:532][  0]LogConfig: Setting CVar [[r.LightMaxDrawDistanceScale:1]]
[2023.03.09-13.36.35:532][  0]LogConfig: Setting CVar [[r.CapsuleShadows:1]]
[2023.03.09-13.36.35:532][  0]LogConfig: Applying CVar settings from Section [PostProcessQuality@3] File [D:/PROGRAMMING/unreal/2022-2023-project-4-game-design-Team-7/Saved/Config/Windows/Scalability.ini]
[2023.03.09-13.36.35:532][  0]LogConfig: Setting CVar [[r.MotionBlurQuality:4]]
[2023.03.09-13.36.35:532][  0]LogConfig: Setting CVar [[r.AmbientOcclusionMipLevelFactor:0.4]]
[2023.03.09-13.36.35:532][  0]LogConfig: Setting CVar [[r.AmbientOcclusionMaxQuality:100]]
[2023.03.09-13.36.35:532][  0]LogConfig: Setting CVar [[r.AmbientOcclusionLevels:-1]]
[2023.03.09-13.36.35:532][  0]LogConfig: Setting CVar [[r.AmbientOcclusionRadiusScale:1.0]]
[2023.03.09-13.36.35:532][  0]LogConfig: Setting CVar [[r.DepthOfFieldQuality:2]]
[2023.03.09-13.36.35:532][  0]LogConfig: Setting CVar [[r.RenderTargetPoolMin:400]]
[2023.03.09-13.36.35:532][  0]LogConfig: Setting CVar [[r.LensFlareQuality:2]]
[2023.03.09-13.36.35:532][  0]LogConfig: Setting CVar [[r.SceneColorFringeQuality:1]]
[2023.03.09-13.36.35:532][  0]LogConfig: Setting CVar [[r.EyeAdaptationQuality:2]]
[2023.03.09-13.36.35:532][  0]LogConfig: Setting CVar [[r.BloomQuality:5]]
[2023.03.09-13.36.35:532][  0]LogConfig: Setting CVar [[r.FastBlurThreshold:100]]
[2023.03.09-13.36.35:532][  0]LogConfig: Setting CVar [[r.Upscale.Quality:3]]
[2023.03.09-13.36.35:532][  0]LogConfig: Setting CVar [[r.Tonemapper.GrainQuantization:1]]
[2023.03.09-13.36.35:532][  0]LogConfig: Setting CVar [[r.LightShaftQuality:1]]
[2023.03.09-13.36.35:532][  0]LogConfig: Setting CVar [[r.Filter.SizeScale:1]]
[2023.03.09-13.36.35:532][  0]LogConfig: Setting CVar [[r.Tonemapper.Quality:5]]
[2023.03.09-13.36.35:532][  0]LogConfig: Setting CVar [[r.DOF.Gather.AccumulatorQuality:1        ; higher gathering accumulator quality]]
[2023.03.09-13.36.35:532][  0]LogConfig: Setting CVar [[r.DOF.Gather.PostfilterMethod:1          ; Median3x3 postfilering method]]
[2023.03.09-13.36.35:532][  0]LogConfig: Setting CVar [[r.DOF.Gather.EnableBokehSettings:0       ; no bokeh simulation when gathering]]
[2023.03.09-13.36.35:532][  0]LogConfig: Setting CVar [[r.DOF.Gather.RingCount:4                 ; medium number of samples when gathering]]
[2023.03.09-13.36.35:532][  0]LogConfig: Setting CVar [[r.DOF.Scatter.ForegroundCompositing:1    ; additive foreground scattering]]
[2023.03.09-13.36.35:532][  0]LogConfig: Setting CVar [[r.DOF.Scatter.BackgroundCompositing:2    ; additive background scattering]]
[2023.03.09-13.36.35:532][  0]LogConfig: Setting CVar [[r.DOF.Scatter.EnableBokehSettings:1      ; bokeh simulation when scattering]]
[2023.03.09-13.36.35:532][  0]LogConfig: Setting CVar [[r.DOF.Scatter.MaxSpriteRatio:0.1         ; only a maximum of 10% of scattered bokeh]]
[2023.03.09-13.36.35:532][  0]LogConfig: Setting CVar [[r.DOF.Recombine.Quality:1                ; cheap slight out of focus]]
[2023.03.09-13.36.35:532][  0]LogConfig: Setting CVar [[r.DOF.Recombine.EnableBokehSettings:0    ; no bokeh simulation on slight out of focus]]
[2023.03.09-13.36.35:532][  0]LogConfig: Setting CVar [[r.DOF.TemporalAAQuality:1                ; more stable temporal accumulation]]
[2023.03.09-13.36.35:532][  0]LogConfig: Setting CVar [[r.DOF.Kernel.MaxForegroundRadius:0.025]]
[2023.03.09-13.36.35:532][  0]LogConfig: Setting CVar [[r.DOF.Kernel.MaxBackgroundRadius:0.025]]
[2023.03.09-13.36.35:532][  0]LogConfig: Applying CVar settings from Section [TextureQuality@3] File [D:/PROGRAMMING/unreal/2022-2023-project-4-game-design-Team-7/Saved/Config/Windows/Scalability.ini]
[2023.03.09-13.36.35:532][  0]LogConfig: Setting CVar [[r.Streaming.MipBias:0]]
[2023.03.09-13.36.35:532][  0]LogConfig: Setting CVar [[r.Streaming.AmortizeCPUToGPUCopy:0]]
[2023.03.09-13.36.35:532][  0]LogConfig: Setting CVar [[r.Streaming.MaxNumTexturesToStreamPerFrame:0]]
[2023.03.09-13.36.35:532][  0]LogConfig: Setting CVar [[r.Streaming.Boost:1]]
[2023.03.09-13.36.35:532][  0]LogConfig: Setting CVar [[r.MaxAnisotropy:8]]
[2023.03.09-13.36.35:532][  0]LogConfig: Setting CVar [[r.VT.MaxAnisotropy:8]]
[2023.03.09-13.36.35:532][  0]LogConfig: Setting CVar [[r.Streaming.LimitPoolSizeToVRAM:0]]
[2023.03.09-13.36.35:532][  0]LogConfig: Setting CVar [[r.Streaming.PoolSize:1000]]
[2023.03.09-13.36.35:532][  0]LogConfig: Setting CVar [[r.Streaming.MaxEffectiveScreenSize:0]]
[2023.03.09-13.36.35:532][  0]LogConfig: Applying CVar settings from Section [EffectsQuality@3] File [D:/PROGRAMMING/unreal/2022-2023-project-4-game-design-Team-7/Saved/Config/Windows/Scalability.ini]
[2023.03.09-13.36.35:532][  0]LogConfig: Setting CVar [[r.TranslucencyLightingVolumeDim:64]]
[2023.03.09-13.36.35:532][  0]LogConfig: Setting CVar [[r.RefractionQuality:2]]
[2023.03.09-13.36.35:532][  0]LogConfig: Setting CVar [[r.SSR.Quality:3]]
[2023.03.09-13.36.35:532][  0]LogConfig: Setting CVar [[r.SSR.HalfResSceneColor:0]]
[2023.03.09-13.36.35:532][  0]LogConfig: Setting CVar [[r.SceneColorFormat:4]]
[2023.03.09-13.36.35:532][  0]LogConfig: Setting CVar [[r.DetailMode:2]]
[2023.03.09-13.36.35:532][  0]LogConfig: Setting CVar [[r.TranslucencyVolumeBlur:1]]
[2023.03.09-13.36.35:532][  0]LogConfig: Setting CVar [[r.MaterialQualityLevel:1 ; High quality]]
[2023.03.09-13.36.35:532][  0]LogConfig: Setting CVar [[r.AnisotropicMaterials:1]]
[2023.03.09-13.36.35:532][  0]LogConfig: Setting CVar [[r.SSS.Scale:1]]
[2023.03.09-13.36.35:532][  0]LogConfig: Setting CVar [[r.SSS.SampleSet:2]]
[2023.03.09-13.36.35:532][  0]LogConfig: Setting CVar [[r.SSS.Quality:1]]
[2023.03.09-13.36.35:532][  0]LogConfig: Setting CVar [[r.SSS.HalfRes:0]]
[2023.03.09-13.36.35:532][  0]LogConfig: Setting CVar [[r.SSGI.Quality:3]]
[2023.03.09-13.36.35:532][  0]LogConfig: Setting CVar [[r.EmitterSpawnRateScale:1.0]]
[2023.03.09-13.36.35:532][  0]LogConfig: Setting CVar [[r.ParticleLightQuality:2]]
[2023.03.09-13.36.35:532][  0]LogConfig: Setting CVar [[r.SkyAtmosphere.AerialPerspectiveLUT.FastApplyOnOpaque:1 ; Always have FastSkyLUT 1 in this case to avoid wrong sky]]
[2023.03.09-13.36.35:532][  0]LogConfig: Setting CVar [[r.SkyAtmosphere.AerialPerspectiveLUT.SampleCountMaxPerSlice:4]]
[2023.03.09-13.36.35:532][  0]LogConfig: Setting CVar [[r.SkyAtmosphere.AerialPerspectiveLUT.DepthResolution:16.0]]
[2023.03.09-13.36.35:532][  0]LogConfig: Setting CVar [[r.SkyAtmosphere.FastSkyLUT:1]]
[2023.03.09-13.36.35:532][  0]LogConfig: Setting CVar [[r.SkyAtmosphere.FastSkyLUT.SampleCountMin:4.0]]
[2023.03.09-13.36.35:532][  0]LogConfig: Setting CVar [[r.SkyAtmosphere.FastSkyLUT.SampleCountMax:128.0]]
[2023.03.09-13.36.35:532][  0]LogConfig: Setting CVar [[r.SkyAtmosphere.SampleCountMin:4.0]]
[2023.03.09-13.36.35:532][  0]LogConfig: Setting CVar [[r.SkyAtmosphere.SampleCountMax:128.0]]
[2023.03.09-13.36.35:532][  0]LogConfig: Setting CVar [[r.SkyAtmosphere.TransmittanceLUT.UseSmallFormat:0]]
[2023.03.09-13.36.35:532][  0]LogConfig: Setting CVar [[r.SkyAtmosphere.TransmittanceLUT.SampleCount:10.0]]
[2023.03.09-13.36.35:532][  0]LogConfig: Setting CVar [[r.SkyAtmosphere.MultiScatteringLUT.SampleCount:15.0]]
[2023.03.09-13.36.35:532][  0]LogConfig: Setting CVar [[r.SkyLight.RealTimeReflectionCapture:1]]
[2023.03.09-13.36.35:532][  0]LogConfig: Applying CVar settings from Section [FoliageQuality@3] File [D:/PROGRAMMING/unreal/2022-2023-project-4-game-design-Team-7/Saved/Config/Windows/Scalability.ini]
[2023.03.09-13.36.35:532][  0]LogConfig: Setting CVar [[foliage.DensityScale:1.0]]
[2023.03.09-13.36.35:532][  0]LogConfig: Setting CVar [[grass.DensityScale:1.0]]
[2023.03.09-13.36.35:532][  0]LogConfig: Applying CVar settings from Section [ShadingQuality@3] File [D:/PROGRAMMING/unreal/2022-2023-project-4-game-design-Team-7/Saved/Config/Windows/Scalability.ini]
[2023.03.09-13.36.35:532][  0]LogConfig: Setting CVar [[r.HairStrands.SkyLighting.IntegrationType:2]]
[2023.03.09-13.36.35:532][  0]LogConfig: Setting CVar [[r.HairStrands.SkyAO.SampleCount:4]]
[2023.03.09-13.36.35:532][  0]LogConfig: Setting CVar [[r.HairStrands.Visibility.MSAA.SamplePerPixel:4]]
[2023.03.09-13.36.35:532][  0]LogConfig: Applying CVar settings from Section [Startup] File [../../../Engine/Config/ConsoleVariables.ini]
[2023.03.09-13.36.35:532][  0]LogConfig: Setting CVar [[net.UseAdaptiveNetUpdateFrequency:0]]
[2023.03.09-13.36.35:532][  0]LogConfig: Setting CVar [[p.chaos.AllowCreatePhysxBodies:1]]
[2023.03.09-13.36.35:532][  0]LogConfig: Setting CVar [[fx.SkipVectorVMBackendOptimizations:1]]
[2023.03.09-13.36.35:532][  0]LogConfig: Applying CVar settings from Section [ConsoleVariables] File [D:/PROGRAMMING/unreal/2022-2023-project-4-game-design-Team-7/Saved/Config/Windows/Engine.ini]
[2023.03.09-13.36.35:532][  0]LogConfig: Applying CVar settings from Section [ConsoleVariables] File [D:/PROGRAMMING/unreal/2022-2023-project-4-game-design-Team-7/Saved/Config/Windows/Editor.ini]
[2023.03.09-13.36.35:533][  0]LogInit: Computer: DESKTOP-9EI3E66
[2023.03.09-13.36.35:533][  0]LogInit: User: Admin
[2023.03.09-13.36.35:533][  0]LogInit: CPU Page size=4096, Cores=12
[2023.03.09-13.36.35:533][  0]LogInit: High frequency timer resolution =10.000000 MHz
[2023.03.09-13.36.35:533][  0]LogMemory: Memory total: Physical=47.9GB (48GB approx)
[2023.03.09-13.36.35:533][  0]LogMemory: Platform Memory Stats for Windows
[2023.03.09-13.36.35:533][  0]LogMemory: Process Physical Memory: 158.18 MB used, 161.10 MB peak
[2023.03.09-13.36.35:533][  0]LogMemory: Process Virtual Memory: 146.66 MB used, 146.66 MB peak
[2023.03.09-13.36.35:533][  0]LogMemory: Physical Memory: 22242.58 MB used,  26854.80 MB free, 49097.38 MB total
[2023.03.09-13.36.35:533][  0]LogMemory: Virtual Memory: 134203400.00 MB used,  14327.05 MB free, 134217728.00 MB total
[2023.03.09-13.36.35:538][  0]LogWindows: WindowsPlatformFeatures enabled
[2023.03.09-13.36.35:573][  0]LogInit: Physics initialised using underlying interface: PhysX
[2023.03.09-13.36.35:573][  0]LogInit: Using OS detected language (en-US).
[2023.03.09-13.36.35:573][  0]LogInit: Using OS detected locale (en-US).
[2023.03.09-13.36.35:576][  0]LogTextLocalizationManager: No specific localization for 'en-US' exists, so the 'en' localization will be used.
[2023.03.09-13.36.35:726][  0]LogWindowsTextInputMethodSystem: Display: IME system deactivated.
[2023.03.09-13.36.35:762][  0]LogSlate: New Slate User Created.  User Index 0, Is Virtual User: 0
[2023.03.09-13.36.35:762][  0]LogSlate: Slate User Registered.  User Index 0, Is Virtual User: 0
[2023.03.09-13.36.35:791][  0]LogD3D11RHI: Loaded GFSDK_Aftermath_Lib.x64.dll
[2023.03.09-13.36.35:845][  0]LogHMD: Failed to initialize OpenVR with code 126
[2023.03.09-13.36.35:845][  0]LogD3D11RHI: D3D11 min allowed feature level: 11_0
[2023.03.09-13.36.35:845][  0]LogD3D11RHI: D3D11 max allowed feature level: 11_0
[2023.03.09-13.36.35:845][  0]LogD3D11RHI: D3D11 adapters:
[2023.03.09-13.36.35:937][  0]LogD3D11RHI:    0. 'NVIDIA GeForce RTX 3080 Ti' (Feature Level 11_0)
[2023.03.09-13.36.35:937][  0]LogD3D11RHI:       12100/0/24548 MB DedicatedVideo/DedicatedSystem/SharedSystem, Outputs:2, VendorId:0x10de
[2023.03.09-13.36.35:939][  0]LogD3D11RHI:    1. 'Microsoft Basic Render Driver' (Feature Level 11_0)
[2023.03.09-13.36.35:939][  0]LogD3D11RHI:       0/0/24548 MB DedicatedVideo/DedicatedSystem/SharedSystem, Outputs:0, VendorId:0x1414
[2023.03.09-13.36.35:939][  0]LogD3D11RHI: Chosen D3D11 Adapter:
[2023.03.09-13.36.35:939][  0]LogD3D11RHI:     Description : NVIDIA GeForce RTX 3080 Ti
[2023.03.09-13.36.35:939][  0]LogD3D11RHI:     VendorId    : 10de
[2023.03.09-13.36.35:939][  0]LogD3D11RHI:     DeviceId    : 2208
[2023.03.09-13.36.35:939][  0]LogD3D11RHI:     SubSysId    : 153510de
[2023.03.09-13.36.35:939][  0]LogD3D11RHI:     Revision    : 00a1
[2023.03.09-13.36.35:939][  0]LogD3D11RHI:     DedicatedVideoMemory : 12687769600 bytes
[2023.03.09-13.36.35:939][  0]LogD3D11RHI:     DedicatedSystemMemory : 0 bytes
[2023.03.09-13.36.35:939][  0]LogD3D11RHI:     SharedSystemMemory : 25741168640 bytes
[2023.03.09-13.36.35:939][  0]LogD3D11RHI:     AdapterLuid : 0 78639
[2023.03.09-13.36.35:953][  0]LogD3D11RHI: Creating new Direct3DDevice
[2023.03.09-13.36.35:953][  0]LogD3D11RHI:     GPU DeviceId: 0x2208 (for the marketing name, search the web for "GPU Device Id")
[2023.03.09-13.36.35:953][  0]LogWindows: EnumDisplayDevices:
[2023.03.09-13.36.35:954][  0]LogWindows:    0. 'NVIDIA GeForce RTX 3080 Ti' (P:1 D:1)
[2023.03.09-13.36.35:954][  0]LogWindows:    1. 'NVIDIA GeForce RTX 3080 Ti' (P:0 D:1)
[2023.03.09-13.36.35:954][  0]LogWindows:    2. 'NVIDIA GeForce RTX 3080 Ti' (P:0 D:0)
[2023.03.09-13.36.35:954][  0]LogWindows:    3. 'NVIDIA GeForce RTX 3080 Ti' (P:0 D:0)
[2023.03.09-13.36.35:954][  0]LogWindows: DebugString: FoundDriverCount:4 
[2023.03.09-13.36.35:954][  0]LogD3D11RHI:     Adapter Name: NVIDIA GeForce RTX 3080 Ti
[2023.03.09-13.36.35:954][  0]LogD3D11RHI:   Driver Version: 528.49 (internal:31.0.15.2849, unified:528.49)
[2023.03.09-13.36.35:954][  0]LogD3D11RHI:      Driver Date: 2-2-2023
[2023.03.09-13.36.35:954][  0]LogRHI: Texture pool is 8470 MB (70% of 12100 MB)
[2023.03.09-13.36.35:954][  0]LogD3D11RHI: Creating D3DDevice using adapter:
[2023.03.09-13.36.35:954][  0]LogD3D11RHI:     Description : NVIDIA GeForce RTX 3080 Ti
[2023.03.09-13.36.35:954][  0]LogD3D11RHI:     VendorId    : 10de
[2023.03.09-13.36.35:954][  0]LogD3D11RHI:     DeviceId    : 2208
[2023.03.09-13.36.35:954][  0]LogD3D11RHI:     SubSysId    : 153510de
[2023.03.09-13.36.35:954][  0]LogD3D11RHI:     Revision    : 00a1
[2023.03.09-13.36.35:954][  0]LogD3D11RHI:     DedicatedVideoMemory : 12687769600 bytes
[2023.03.09-13.36.35:954][  0]LogD3D11RHI:     DedicatedSystemMemory : 0 bytes
[2023.03.09-13.36.35:954][  0]LogD3D11RHI:     SharedSystemMemory : 25741168640 bytes
[2023.03.09-13.36.35:954][  0]LogD3D11RHI:     AdapterLuid : 0 78639
[2023.03.09-13.36.36:012][  0]LogD3D11RHI: RHI has support for 64 bit atomics
[2023.03.09-13.36.36:012][  0]LogD3D11RHI: Async texture creation enabled
[2023.03.09-13.36.36:012][  0]LogD3D11RHI: Array index from any shader is supported
[2023.03.09-13.36.36:031][  0]LogD3D11RHI: GPU Timing Frequency: 1000.000000 (Debug: 2 1)
[2023.03.09-13.36.36:046][  0]LogRHI: GeForceNow SDK initialized: 1
[2023.03.09-13.36.36:292][  0]LogTargetPlatformManager: Display: Loaded TargetPlatform 'WindowsNoEditor'
[2023.03.09-13.36.36:296][  0]LogTargetPlatformManager: Display: Loaded TargetPlatform 'Windows'
[2023.03.09-13.36.36:300][  0]LogTargetPlatformManager: Display: Loaded TargetPlatform 'WindowsClient'
[2023.03.09-13.36.36:303][  0]LogTargetPlatformManager: Display: Loaded TargetPlatform 'WindowsServer'
[2023.03.09-13.36.36:303][  0]LogTargetPlatformManager: Display: Building Assets For Windows
[2023.03.09-13.36.36:310][  0]LogAudioDebug: Display: Lib vorbis DLL was dynamically loaded.
[2023.03.09-13.36.36:336][  0]LogTextureFormatOodle: Display: Oodle Texture 2.9.0 init RDO Off
[2023.03.09-13.36.36:362][  0]LogRendererCore: Ray tracing is disabled. Reason: r.RayTracing=0.
[2023.03.09-13.36.36:363][  0]LogShaderCompilers: Guid format shader working directory is -15 characters bigger than the processId version (D:/PROGRAMMING/unreal/2022-2023-project-4-game-design-Team-7/Intermediate/Shaders/WorkingDirectory/16288/).
[2023.03.09-13.36.36:363][  0]LogShaderCompilers: Cleaned the shader compiler working directory 'C:/Users/Admin/AppData/Local/Temp/UnrealShaderWorkingDir/0F6858BA4E50B4A04B651FB20601D4A6/'.
[2023.03.09-13.36.36:363][  0]LogXGEController: Cannot use XGE Controller as Incredibuild is not installed on this machine.
[2023.03.09-13.36.36:363][  0]LogShaderCompilers: Cannot use XGE Shader Compiler as Incredibuild is not installed on this machine.
[2023.03.09-13.36.36:363][  0]LogShaderCompilers: Display: Using Local Shader Compiler.
[2023.03.09-13.36.36:937][  0]LogDerivedDataCache: Display: Max Cache Size: 512 MB
[2023.03.09-13.36.36:987][  0]LogDerivedDataCache: Loaded boot cache 0.05s 94MB C:/Users/Admin/AppData/Local/UnrealEngine/4.27/DerivedDataCache/Boot.ddc.
[2023.03.09-13.36.36:988][  0]LogDerivedDataCache: Display: Loaded Boot cache: C:/Users/Admin/AppData/Local/UnrealEngine/4.27/DerivedDataCache/Boot.ddc
[2023.03.09-13.36.36:988][  0]LogDerivedDataCache: FDerivedDataBackendGraph:  Pak pak cache file D:/PROGRAMMING/unreal/2022-2023-project-4-game-design-Team-7/DerivedDataCache/DDC.ddp not found, will not use a pak cache.
[2023.03.09-13.36.36:988][  0]LogDerivedDataCache: Unable to find inner node Pak for hierarchical cache Hierarchy.
[2023.03.09-13.36.36:988][  0]LogDerivedDataCache: FDerivedDataBackendGraph:  CompressedPak pak cache file D:/PROGRAMMING/unreal/2022-2023-project-4-game-design-Team-7/DerivedDataCache/Compressed.ddp not found, will not use a pak cache.
[2023.03.09-13.36.36:988][  0]LogDerivedDataCache: Unable to find inner node CompressedPak for hierarchical cache Hierarchy.
[2023.03.09-13.36.37:003][  0]LogDerivedDataCache: Display: Pak cache opened for reading ../../../Engine/DerivedDataCache/Compressed.ddp.
[2023.03.09-13.36.37:003][  0]LogDerivedDataCache: FDerivedDataBackendGraph:  EnterprisePak pak cache file ../../../Enterprise/DerivedDataCache/Compressed.ddp not found, will not use a pak cache.
[2023.03.09-13.36.37:003][  0]LogDerivedDataCache: Unable to find inner node EnterprisePak for hierarchical cache Hierarchy.
[2023.03.09-13.36.37:009][  0]LogDerivedDataCache: Speed tests for C:/Users/Admin/AppData/Local/UnrealEngine/Common/DerivedDataCache took 0.01 seconds
[2023.03.09-13.36.37:009][  0]LogDerivedDataCache: Display: Performance to C:/Users/Admin/AppData/Local/UnrealEngine/Common/DerivedDataCache: Latency=0.03ms. RandomReadSpeed=1353.45MBs, RandomWriteSpeed=163.05MBs. Assigned SpeedClass 'Local'
[2023.03.09-13.36.37:010][  0]LogDerivedDataCache: Using Local data cache path C:/Users/Admin/AppData/Local/UnrealEngine/Common/DerivedDataCache: Writable
[2023.03.09-13.36.37:010][  0]LogDerivedDataCache: Shared data cache path not found in *engine.ini, will not use an Shared cache.
[2023.03.09-13.36.37:010][  0]LogDerivedDataCache: Unable to find inner node Shared for hierarchical cache Hierarchy.
[2023.03.09-13.36.37:036][  0]LogSlate: Using FreeType 2.10.0
[2023.03.09-13.36.37:037][  0]LogSlate: SlateFontServices - WITH_FREETYPE: 1, WITH_HARFBUZZ: 1
[2023.03.09-13.36.37:092][  0]LogInit: Using OS detected language (en-US).
[2023.03.09-13.36.37:092][  0]LogInit: Using OS detected locale (en-US).
[2023.03.09-13.36.37:092][  0]LogTextLocalizationManager: No localization for 'en-US' exists, so 'en' will be used for the language.
[2023.03.09-13.36.37:092][  0]LogTextLocalizationManager: No localization for 'en-US' exists, so 'en' will be used for the locale.
[2023.03.09-13.36.37:092][  0]LogSlate: FontCache flush requested. Reason: Culture for localization was changed
[2023.03.09-13.36.37:092][  0]LogSlate: FontCache flush requested. Reason: Culture for localization was changed
[2023.03.09-13.36.37:095][  0]LogTextLocalizationManager: Compacting localization data took   0.00ms
[2023.03.09-13.36.37:095][  0]LogAssetRegistry: FAssetRegistry took 0.0014 seconds to start up
[2023.03.09-13.36.37:235][  0]LogPackageLocalizationCache: Processed 27 localized package path(s) for 1 prioritized culture(s) in 0.001233 seconds
[2023.03.09-13.36.37:284][  0]LogInit: Selected Device Profile: [Windows]
[2023.03.09-13.36.37:284][  0]LogInit: Active device profile: [000002273736B800][000002272F95F180 49] Windows
[2023.03.09-13.36.37:284][  0]LogInit: Profiles: [000002273736B800][000002272F95F180 49] Windows, [0000022737330A00][000002272F1F5300 49] WindowsNoEditor, [0000022737368A00][000002272F1F9480 49] WindowsServer, [0000022737332E00][000002272F1F15C0 49] WindowsClient, [000002273736AD00][000002272F1FD700 49] IOS, [0000022737331500][000002272EDA9840 49] iPadAir, [0000022737369300][000002272EDB19C0 49] iPadAir2, [00000227372CFB00][000002272EDB8100 49] IPadPro, [00000227372CFC00][000002272EDB4140 49] iPadAir3, [000002273736A600][000002272EDBC2C0 49] iPadAir4, [00000227372CCF00][000002272EDC0440 49] iPadMini2, [000002273736B500][000002272EDC45C0 49] iPadMini3, [00000227372CE800][000002272EDC8740 49] iPadMini4, [0000022737368E00][000002272EDCC8C0 49] iPadMini5, [000002273731B400][000002272EDD4B80 49] iPhone6, [000002273731B500][000002272EDD0BC0 49] iPodTouch6, [00000227372CC100][000002272EDDCE80 49] iPhone7, [00000227372CD000][000002272EDD8EC0 49] iPodTouch7, [0000022737318E00][000002272EDE1040 49] iPhone5S, [00000227372CE900][000002272EDE51C0 49] iPhone6Plus, [000002273731A900][000002272F4D9340 49] iPhone6S, [00000227372CF900][000002272F4DD4C0 49] iPhone6SPlus, [000002273731BD00][000002272F4E1640 49] iPhone7Plus, [00000227372CD600][000002272EDAD780 49] iPhoneSE, [0000022737318500][000002272F4E58C0 49] iPhone8, [00000227372CE500][000002272F4E9A00 49] iPhone8Plus, [0000022737319900][000002272F4EDB40 49] iPhoneX, [00000227372CF700][000002272F4F4140 49] iPhoneXS, [000002273731B300][000002272F4F82C0 49] iPhoneXSMax, [00000227372CCD00][000002272F4FC440 49] iPhoneXR, [000002273731B600][000002272F5005C0 49] iPhone11, [00000227372CC400][000002272F504740 49] iPhone11Pro, [0000022737318B00][000002272F5088C0 49] iPhone11ProMax, [00000227372CCE00][000002272F50CA40 49] iPhoneSE2, [0000022737319E00][000002272F510BC0 49] iPhone12Mini, [00000227372CD500][000002272F514D40 49] iPhone12, [000002273731AD00][000002272F518EC0 49] iPhone12Pro, [00000227372CDE00][000002272F51D040 49] iPhone12ProMax, [000002273731BE00][000002272F5211C0 49] iPadPro105, [00000227372CFF00][0000022734CF9340 49] iPadPro129, [000002273731AC00][0000022734CFD4C0 49] iPadPro97, [00000227372CEA00][0000022734D01640 49] iPadPro2_129, [000002273731A200][0000022734D057C0 49] iPad5, [00000227372CDC00][000002272F4F1900 49] iPad6, [0000022737319600][0000022734D09A40 49] iPad7, [00000227372CEB00][0000022734D0DB80 49] iPad8, [000002273731B700][0000022734D10140 49] iPadPro11, [00000227372CC900][0000022734D182C0 49] iPadPro2_11, [0000022737319800][0000022734D1C440 49] iPadPro3_129, [00000227372CC200][0000022734D205C0 49] iPadPro4_129, [0000022737319000][0000022734D24740 49] AppleTV, [00000227372CD700][0000022734D288C0 49] AppleTV4K, [000002273731AA00][0000022734D2CA40 49] TVOS, [00000227372CEF00][0000022734D30BC0 49] Mac, [000002273731A300][0000022734D34D40 49] MacClient, [00000227372CD800][0000022734D38EC0 49] MacNoEditor, [0000022737318100][0000022734D3D040 49] MacServer, [00000227372CF100][0000022734D411C0 49] Linux, [0000022737332500][0000022734D45340 49] LinuxAArch64, [00000227373B1100][0000022734D494C0 49] LinuxNoEditor, [0000022737330700][0000022734D4D640 49] LinuxAArch64NoEditor, [00000227373B1400][0000022734D517C0 49] LinuxClient, [0000022737330E00][0000022734D55940 49] LinuxAArch64Client, [00000227373B0A00][0000022734D59AC0 49] LinuxServer, [0000022737332C00][0000022734D15C00 49] LinuxAArch64Server, [00000227373B2000][0000022734D5C1C0 49] Android, [0000022737330B00][0000022738180300 49] Android_Low, [00000227373B1700][0000022738188480 49] Android_Mid, [0000022737331F00][000002273818C600 49] Android_High, [00000227373B1D00][0000022738190780 49] Android_Default, [0000022737333A00][0000022738194900 49] Android_Adreno4xx, [00000227373B1F00][0000022738198A80 49] Android_Adreno5xx_Low, [0000022737333400][000002273819CC00 49] Android_Adreno5xx, [00000227373B0200][00000227381A0D80 49] Android_Adreno6xx, [0000022737333C00][00000227381A4F00 49] Android_Adreno6xx_Vulkan, [00000227373B1E00][00000227381A9080 49] Android_Mali_T6xx, [0000022737331100][00000227381AD200 49] Android_Mali_T7xx, [00000227373B2D00][00000227381B1380 49] Android_Mali_T8xx, [0000022737331000][00000227381B5500 49] Android_Mali_G71, [00000227373B1000][00000227381B9680 49] Android_Mali_G72, [0000022737330600][00000227381BD800 49] Android_Mali_G72_Vulkan, [00000227373B1600][00000227381C1980 49] Android_Mali_G76, [00000227372CF400][00000227381C5B00 49] Android_Mali_G76_Vulkan, [0000022737318700][00000227381C8100 49] Android_Mali_G77, [00000227372CD400][0000022738184240 49] Android_Mali_G77_Vulkan, [00000227373B0900][00000227381CC380 49] Android_Mali_G78, [00000227372CE700][00000227381D04C0 49] Android_Mali_G78_Vulkan, [00000227373B0300][00000227381D8640 49] Android_Mali_G710, [00000227372CC500][00000227381DC7C0 49] Android_Mali_G710_Vulkan, [00000227373B0F00][00000227381E0940 49] Android_Vulkan_SM5, [00000227372CDA00][00000227381E4AC0 49] Android_PowerVR_G6xxx, [00000227373B1900][00000227381E8C40 49] Android_PowerVR_GT7xxx, [00000227372CEC00][00000227381ECDC0 49] Android_PowerVR_GE8xxx, [00000227373B2700][00000227381F0F40 49] Android_PowerVR_GM9xxx, [00000227372CDF00][00000227381F50C0 49] Android_PowerVR_GM9xxx_Vulkan, [00000227373B2300][00000227381F9240 49] Android_TegraK1, [00000227372CD300][00000227381FD3C0 49] Android_Unknown_Vulkan, [00000227373B0700][0000022738201540 49] Lumin, [00000227372CE600][00000227382056C0 49] Lumin_Desktop, [00000227373B1B00][0000022738209840 49] HoloLens, 
[2023.03.09-13.36.37:321][  0]LogMeshReduction: Using QuadricMeshReduction for automatic static mesh reduction
[2023.03.09-13.36.37:321][  0]LogMeshReduction: Using SimplygonMeshReduction for automatic skeletal mesh reduction
[2023.03.09-13.36.37:321][  0]LogMeshReduction: Using ProxyLODMeshReduction for automatic mesh merging
[2023.03.09-13.36.37:321][  0]LogMeshReduction: No distributed automatic mesh merging module available
[2023.03.09-13.36.37:321][  0]LogMeshMerging: No distributed automatic mesh merging module available
[2023.03.09-13.36.37:412][  0]LogNetVersion: PlatformerPt2 1.0.0, NetCL: 17155196, EngineNetVer: 17, GameNetVer: 0 (Checksum: 2060859677)
[2023.03.09-13.36.37:600][  0]LogTexture: Default maximum texture size for cubemaps generated from long-lat sources has been changed from 512 to unlimited. In order to preserve old behaiour for '/Engine/MapTemplates/Sky/DaylightAmbientCubemap.DaylightAmbientCubemap', its maximum texture size has been explicitly set to 512.
[2023.03.09-13.36.37:645][  0]LogHMD: PokeAHoleMaterial loaded successfully
[2023.03.09-13.36.37:733][  0]LogMoviePlayer: Initializing movie player
[2023.03.09-13.36.37:824][  0]LogNiagaraDebuggerClient: Niagara Debugger Client Initialized | Session: 16ACBBE94DD742B1C8F25F9F61772F1F | Instance: EA0267244583A0366DCEDDB35BF5C3CA (DESKTOP-9EI3E66-16288).
[2023.03.09-13.36.37:843][  0]LogCollectionManager: Loaded 0 collections in 0.000810 seconds
[2023.03.09-13.36.37:845][  0]LogFileCache: Scanning file cache for directory 'D:/PROGRAMMING/unreal/2022-2023-project-4-game-design-Team-7/Saved/Collections/' took 0.00s
[2023.03.09-13.36.37:845][  0]LogFileCache: Scanning file cache for directory 'D:/PROGRAMMING/unreal/2022-2023-project-4-game-design-Team-7/Content/Developers/Admin/Collections/' took 0.00s
[2023.03.09-13.36.37:845][  0]LogFileCache: Scanning file cache for directory 'D:/PROGRAMMING/unreal/2022-2023-project-4-game-design-Team-7/Content/Collections/' took 0.00s
[2023.03.09-13.36.37:845][  0]LogCollectionManager: Fixed up redirectors for 0 collections in 0.000002 seconds (updated 0 objects)
[2023.03.09-13.36.37:860][  0]LogPython: Using Python 3.7.7
[2023.03.09-13.36.38:258][  0]LogTcpMessaging: Initializing TcpMessaging bridge
[2023.03.09-13.36.38:262][  0]LogUdpMessaging: Initializing bridge on interface 0.0.0.0:0 to multicast group 230.0.0.1:6666.
[2023.03.09-13.36.38:337][  0]SourceControl: Source control is disabled
[2023.03.09-13.36.38:337][  0]SourceControl: Source control is disabled
[2023.03.09-13.36.38:340][  0]SourceControl: Source control is disabled
[2023.03.09-13.36.38:347][  0]LogUProjectInfo: Found projects:
[2023.03.09-13.36.38:406][  0]LogOpenImageDenoise: OIDN starting up
[2023.03.09-13.36.38:437][  0]LogAndroidPermission: UAndroidPermissionCallbackProxy::GetInstance
[2023.03.09-13.36.38:454][  0]LogAudioCaptureCore: Display: No Audio Capture implementations found. Audio input will be silent.
[2023.03.09-13.36.38:454][  0]LogAudioCaptureCore: Display: No Audio Capture implementations found. Audio input will be silent.
[2023.03.09-13.36.38:509][  0]LogOcInput: OculusInput pre-init called
[2023.03.09-13.36.38:516][  0]LogUObjectArray: 22121 objects as part of root set at end of initial load.
[2023.03.09-13.36.38:516][  0]LogUObjectAllocator: 5975632 out of 0 bytes used by permanent object pool.
[2023.03.09-13.36.38:516][  0]LogUObjectArray: CloseDisregardForGC: 0/0 objects in disregard for GC pool
[2023.03.09-13.36.38:558][  0]LogEngine: Initializing Engine...
[2023.03.09-13.36.38:630][  0]LogHMD: Failed to initialize OpenVR with code 108
[2023.03.09-13.36.38:673][  0]LogHMD: Optional extension XR_VARJO_quad_views is not available
[2023.03.09-13.36.38:674][  0]LogHMD: Warning: Required extension XR_EXT_eye_gaze_interaction is not available
[2023.03.09-13.36.38:674][  0]LogHMD: Could not enable all required OpenXR extensions for OpenXREyeTracker on current system. This plugin will be loaded but ignored, but will be enabled on a target platform that supports the required extension.
[2023.03.09-13.36.38:674][  0]LogHMD: Failed to get an OpenXR system, result is XR_ERROR_FORM_FACTOR_UNAVAILABLE. Please check that your runtime supports VR headsets.
[2023.03.09-13.36.38:674][  0]LogMagicLeap: Warning: VR disabled because ZI is not enabled.  To enable, in the editor, Edit -> Project Settings -> Plugins -> Magic Leap Plugin -> Enable Zero Iteration
[2023.03.09-13.36.38:676][  0]LogStats: UGameplayTagsManager::InitializeManager -  0.000 s
[2023.03.09-13.36.38:754][  0]LogInit: Initializing FReadOnlyCVARCache
[2023.03.09-13.36.38:754][  0]LogAudio: Display: Initializing Audio Device Manager...
[2023.03.09-13.36.38:758][  0]LogAudio: Display: Loading Default Audio Settings Objects...
[2023.03.09-13.36.38:758][  0]LogAudio: Display: No default SoundConcurrencyObject specified (or failed to load).
[2023.03.09-13.36.38:758][  0]LogAudio: Display: Audio Device Manager Initialized
[2023.03.09-13.36.38:758][  0]LogAudio: Display: Creating Audio Device:                 Id: 1, Scope: Shared, Realtime: True
[2023.03.09-13.36.38:758][  0]LogAudioMixer: Display: Audio Mixer Platform Settings:
[2023.03.09-13.36.38:758][  0]LogAudioMixer: Display: 	Sample Rate:						  48000
[2023.03.09-13.36.38:758][  0]LogAudioMixer: Display: 	Callback Buffer Frame Size Requested: 1024
[2023.03.09-13.36.38:758][  0]LogAudioMixer: Display: 	Callback Buffer Frame Size To Use:	  1024
[2023.03.09-13.36.38:758][  0]LogAudioMixer: Display: 	Number of buffers to queue:			  2
[2023.03.09-13.36.38:758][  0]LogAudioMixer: Display: 	Max Channels (voices):				  32
[2023.03.09-13.36.38:758][  0]LogAudioMixer: Display: 	Number of Async Source Workers:		  0
[2023.03.09-13.36.38:758][  0]LogAudio: Display: AudioDevice MaxSources: 32
[2023.03.09-13.36.38:759][  0]LogAudio: Display: Audio Spatialization Plugin: None (built-in).
[2023.03.09-13.36.38:759][  0]LogAudio: Display: Audio Reverb Plugin: None (built-in).
[2023.03.09-13.36.38:759][  0]LogAudio: Display: Audio Occlusion Plugin: None (built-in).
[2023.03.09-13.36.38:759][  0]LogAudioMixer: Display: Initializing audio mixer.
[2023.03.09-13.36.38:776][  0]LogAudioMixer: Display: 0: FrontLeft
[2023.03.09-13.36.38:776][  0]LogAudioMixer: Display: 1: FrontRight
[2023.03.09-13.36.38:791][  0]LogAudioMixer: Display: Using Audio Device C49J89x (NVIDIA High Definition Audio)
[2023.03.09-13.36.38:796][  0]LogAudioMixer: Display: Initializing Sound Submixes...
[2023.03.09-13.36.38:797][  0]LogAudioMixer: Display: Creating Master Submix 'MasterSubmixDefault'
[2023.03.09-13.36.38:798][  0]LogAudioMixer: Display: Creating Master Submix 'MasterReverbSubmixDefault'
[2023.03.09-13.36.38:799][  0]LogAudioMixer: Display: Creating Master Submix 'MasterEQSubmixDefault'
[2023.03.09-13.36.38:799][  0]LogAudioMixer: FMixerPlatformXAudio2::StartAudioStream() called
[2023.03.09-13.36.38:799][  0]LogAudioMixer: Display: Output buffers initialized: Frames=1024, Channels=2, Samples=2048
[2023.03.09-13.36.38:800][  0]LogAudioMixer: Display: Starting AudioMixerPlatformInterface::RunInternal()
[2023.03.09-13.36.38:800][  0]LogAudioMixer: Display: FMixerPlatformXAudio2::SubmitBuffer() called for the first time
[2023.03.09-13.36.38:800][  0]LogInit: FAudioDevice initialized.
[2023.03.09-13.36.38:801][  0]LogNetVersion: Set ProjectVersion to 1.0.0.0. Version Checksum will be recalculated on next use.
[2023.03.09-13.36.38:801][  0]LogInit: Texture streaming: Enabled
[2023.03.09-13.36.38:855][  0]LogAudio: Display: Audio Device (ID: 1) registered with world 'Untitled'.
[2023.03.09-13.36.38:855][  0]LogSlate: Updating window title bar state: overlay mode, drag disabled, window buttons hidden, title bar hidden
[2023.03.09-13.36.38:855][  0]LogInit: Display: Game Engine Initialized.
[2023.03.09-13.36.38:855][  0]LogNiagaraEditor: GEditor isn't valid! Particle reset commands will not work for Niagara components!
[2023.03.09-13.36.38:946][  0]LogInit: Display: Starting Game.
[2023.03.09-13.36.38:946][  0]LogNet: Browse: /Game/Maps/Maptest?Name=Player
[2023.03.09-13.36.38:946][  0]LogLoad: LoadMap: /Game/Maps/Maptest?Name=Player
[2023.03.09-13.36.38:946][  0]LogWorld: BeginTearingDown for /Temp/Untitled_0
[2023.03.09-13.36.38:947][  0]LogWorld: UWorld::CleanupWorld for Untitled, bSessionEnded=true, bCleanupResources=true
[2023.03.09-13.36.38:947][  0]LogSlate: InvalidateAllWidgets triggered.  All widgets were invalidated
[2023.03.09-13.36.38:954][  0]LogAudio: Display: Audio Device unregistered from world 'None'.
[2023.03.09-13.36.38:956][  0]LogUObjectHash: Compacting FUObjectHashTables data took   0.58ms
[2023.03.09-13.36.39:041][  0]LogAudio: Display: Audio Device (ID: 1) registered with world 'Maptest'.
[2023.03.09-13.36.39:047][  0]LogAIModule: Creating AISystem for world Maptest
[2023.03.09-13.36.39:049][  0]LogLoad: Game class is 'BP_GameModelBase_C'
[2023.03.09-13.36.39:054][  0]LogWorld: Bringing World /Game/Maps/Maptest.Maptest up for play (max tick rate 0) at 2023.03.09-14.36.39
[2023.03.09-13.36.39:055][  0]LogWorld: Bringing up level for play took: 0.004991
[2023.03.09-13.36.39:057][  0]LogLoad: Took 0.111042 seconds to LoadMap(/Game/Maps/Maptest)
[2023.03.09-13.36.39:155][  0]LogSlate: Took 0.000235 seconds to synchronously load lazily loaded font '../../../Engine/Content/Slate/Fonts/Roboto-Regular.ttf' (155K)
[2023.03.09-13.36.39:205][  0]LogRenderer: Reallocating scene render targets to support 1912x988 Format 10 NumSamples 1 (Frame:1).
[2023.03.09-13.36.39:205][  0]LogInit: Display: Engine is initialized. Leaving FEngineLoop::Init()
[2023.03.09-13.36.39:205][  0]LogLoad: (Engine Initialization) Total time: 5.34 seconds
[2023.03.09-13.36.39:205][  0]LogLoad: (Engine Initialization) Total Blueprint compile time: 0.00 seconds
[2023.03.09-13.36.39:207][  0]LogContentStreaming: Texture pool size now 1000 MB
[2023.03.09-13.36.39:209][  0]LogSlate: InvalidateAllWidgets triggered.  All widgets were invalidated
[2023.03.09-13.36.39:223][  1]LogSlate: Took 0.000155 seconds to synchronously load lazily loaded font '../../../Engine/Content/Slate/Fonts/Roboto-Regular.ttf' (155K)
[2023.03.09-13.36.47:247][789]LogSlate: Window 'PlatformerPt2 (64-bit Development PCD3D_SM5) ' being destroyed
[2023.03.09-13.36.47:247][789]LogWindowsTextInputMethodSystem: Display: IME system deactivated.
[2023.03.09-13.36.47:251][789]LogSlate: Updating window title bar state: overlay mode, drag disabled, window buttons hidden, title bar hidden
[2023.03.09-13.36.47:251][789]LogEngine: All Windows Closed
[2023.03.09-13.36.47:251][789]LogWindows: FPlatformMisc::RequestExit(0)
[2023.03.09-13.36.47:251][789]LogWindows: FPlatformMisc::RequestExitWithStatus(0, 0)
[2023.03.09-13.36.47:251][789]LogCore: Engine exit requested (reason: Win RequestExit)
[2023.03.09-13.36.47:251][790]LogCore: Engine exit requested (reason: EngineExit() was called; note: exit was already requested)
[2023.03.09-13.36.47:251][790]LogInit: Display: PreExit Game.
[2023.03.09-13.36.47:252][790]LogWorld: BeginTearingDown for /Game/Maps/Maptest
[2023.03.09-13.36.47:252][790]LogWorld: UWorld::CleanupWorld for Maptest, bSessionEnded=true, bCleanupResources=true
[2023.03.09-13.36.47:252][790]LogSlate: InvalidateAllWidgets triggered.  All widgets were invalidated
[2023.03.09-13.36.47:679][790]LogAudio: Display: Beginning Audio Device Manager Shutdown (Module: AudioMixerXAudio2)...
[2023.03.09-13.36.47:679][790]LogAudio: Display: Destroying 1 Remaining Audio Device(s)...
[2023.03.09-13.36.47:679][790]LogAudio: Display: Audio Device unregistered from world 'Maptest'.
[2023.03.09-13.36.47:710][790]LogAudioMixer: FMixerPlatformXAudio2::StopAudioStream() called
[2023.03.09-13.36.47:711][790]LogAudioMixer: FMixerPlatformXAudio2::StopAudioStream() called
[2023.03.09-13.36.47:713][790]LogAudio: Display: Audio Device Manager Shutdown
[2023.03.09-13.36.47:714][790]LogExit: Preparing to exit.
[2023.03.09-13.36.48:273][790]LogSlate: Updating window title bar state: overlay mode, drag disabled, window buttons hidden, title bar hidden
[2023.03.09-13.36.48:274][790]LogUObjectHash: Compacting FUObjectHashTables data took   0.59ms
[2023.03.09-13.36.48:294][790]LogMoviePlayer: Shutting down movie player
[2023.03.09-13.36.48:384][790]LogDemo: Cleaned up 0 splitscreen connections with owner deletion
[2023.03.09-13.36.48:385][790]LogExit: Game engine shut down
[2023.03.09-13.36.48:417][790]LogExit: Object subsystem successfully closed.
[2023.03.09-13.36.48:434][790]LogShaderCompilers: Display: === FShaderJobCache stats ===
[2023.03.09-13.36.48:434][790]LogShaderCompilers: Display: Total job queries 0, among them cache hits 0 (0.00%)
[2023.03.09-13.36.48:434][790]LogShaderCompilers: Display: Tracking 0 distinct input hashes that result in 0 distinct outputs (0.00%)
[2023.03.09-13.36.48:434][790]LogShaderCompilers: Display: RAM used: 0.00 MB (0.00 GB) of 2457.60 MB (2.40 GB) budget. Usage: 0.00%
[2023.03.09-13.36.48:434][790]LogShaderCompilers: Display: ================================================
[2023.03.09-13.36.48:441][790]LogShaderCompilers: Display: Shaders left to compile 0
[2023.03.09-13.36.48:450][790]LogModuleManager: Shutting down and abandoning module SequenceRecorderSections (558)
[2023.03.09-13.36.48:450][790]LogModuleManager: Shutting down and abandoning module SequenceRecorder (556)
[2023.03.09-13.36.48:450][790]LogModuleManager: Shutting down and abandoning module AutomationController (554)
[2023.03.09-13.36.48:450][790]LogModuleManager: Shutting down and abandoning module AutomationWorker (552)
[2023.03.09-13.36.48:450][790]LogModuleManager: Shutting down and abandoning module Voice (550)
[2023.03.09-13.36.48:450][790]LogModuleManager: Shutting down and abandoning module AIModule (548)
[2023.03.09-13.36.48:450][790]LogModuleManager: Shutting down and abandoning module GameplayDebugger (547)
[2023.03.09-13.36.48:450][790]LogModuleManager: Shutting down and abandoning module AITestSuite (545)
[2023.03.09-13.36.48:450][790]LogModuleManager: Shutting down and abandoning module NavigationSystem (543)
[2023.03.09-13.36.48:450][790]LogModuleManager: Shutting down and abandoning module SteamVREditor (540)
[2023.03.09-13.36.48:450][790]LogModuleManager: Shutting down and abandoning module ToolMenus (539)
[2023.03.09-13.36.48:450][790]LogModuleManager: Shutting down and abandoning module OculusMR (536)
[2023.03.09-13.36.48:450][790]LogModuleManager: Shutting down and abandoning module TakeRecorderSources (534)
[2023.03.09-13.36.48:450][790]LogModuleManager: Shutting down and abandoning module TakeRecorder (533)
[2023.03.09-13.36.48:450][790]LogModuleManager: Shutting down and abandoning module TakeTrackRecorders (530)
[2023.03.09-13.36.48:450][790]LogModuleManager: Shutting down and abandoning module TakesCore (528)
[2023.03.09-13.36.48:450][790]LogModuleManager: Shutting down and abandoning module OpenXRInput (526)
[2023.03.09-13.36.48:450][790]LogModuleManager: Shutting down and abandoning module WebMMediaFactory (524)
[2023.03.09-13.36.48:450][790]LogModuleManager: Shutting down and abandoning module WebMMedia (522)
[2023.03.09-13.36.48:450][790]LogModuleManager: Shutting down and abandoning module WmfMediaFactory (520)
[2023.03.09-13.36.48:450][790]LogModuleManager: Shutting down and abandoning module OpenExrWrapper (518)
[2023.03.09-13.36.48:450][790]LogModuleManager: Shutting down and abandoning module ImgMediaFactory (516)
[2023.03.09-13.36.48:450][790]LogModuleManager: Shutting down and abandoning module AvfMediaFactory (514)
[2023.03.09-13.36.48:450][790]LogModuleManager: Shutting down and abandoning module MagicLeapMediaCodecFactory (512)
[2023.03.09-13.36.48:450][790]LogModuleManager: Shutting down and abandoning module MagicLeapMediaFactory (510)
[2023.03.09-13.36.48:450][790]LogModuleManager: Shutting down and abandoning module PlanarCut (508)
[2023.03.09-13.36.48:450][790]LogModuleManager: Shutting down and abandoning module CharacterAI (506)
[2023.03.09-13.36.48:450][790]LogModuleManager: Shutting down and abandoning module SessionServices (504)
[2023.03.09-13.36.48:450][790]LogModuleManager: Shutting down and abandoning module MovieSceneCapture (502)
[2023.03.09-13.36.48:450][790]LogModuleManager: Shutting down and abandoning module LiveCoding (500)
[2023.03.09-13.36.48:450][790]LogModuleManager: Shutting down and abandoning module LevelSequence (498)
[2023.03.09-13.36.48:450][790]LogModuleManager: Shutting down and abandoning module MovieSceneTracks (496)
[2023.03.09-13.36.48:450][790]LogModuleManager: Shutting down and abandoning module MovieScene (494)
[2023.03.09-13.36.48:450][790]LogModuleManager: Shutting down and abandoning module StreamingPauseRendering (492)
[2023.03.09-13.36.48:450][790]LogModuleManager: Shutting down and abandoning module PortalServices (490)
[2023.03.09-13.36.48:450][790]LogModuleManager: Shutting down and abandoning module PortalRpc (488)
[2023.03.09-13.36.48:450][790]LogModuleManager: Shutting down and abandoning module MessagingRpc (486)
[2023.03.09-13.36.48:450][790]LogModuleManager: Shutting down and abandoning module AudioMixerXAudio2 (484)
[2023.03.09-13.36.48:450][790]LogModuleManager: Shutting down and abandoning module AudioMixerCore (483)
[2023.03.09-13.36.48:450][790]LogModuleManager: Shutting down and abandoning module ImageWriteQueue (480)
[2023.03.09-13.36.48:454][790]LogModuleManager: Shutting down and abandoning module ProfilerService (478)
[2023.03.09-13.36.48:546][790]LogModuleManager: Shutting down and abandoning module TaskGraph (476)
[2023.03.09-13.36.48:546][790]LogModuleManager: Shutting down and abandoning module OculusInput (474)
[2023.03.09-13.36.48:546][790]LogModuleManager: Shutting down and abandoning module Synthesis (472)
[2023.03.09-13.36.48:546][790]LogModuleManager: Shutting down and abandoning module ProceduralMeshComponent (470)
[2023.03.09-13.36.48:546][790]LogModuleManager: Shutting down and abandoning module TakeMovieScene (468)
[2023.03.09-13.36.48:546][790]LogModuleManager: Shutting down and abandoning module MobilePatchingUtils (466)
[2023.03.09-13.36.48:546][790]LogModuleManager: Shutting down and abandoning module GooglePAD (464)
[2023.03.09-13.36.48:546][790]LogModuleManager: Shutting down and abandoning module CustomMeshComponent (462)
[2023.03.09-13.36.48:546][790]LogModuleManager: Shutting down and abandoning module EditableMesh (460)
[2023.03.09-13.36.48:546][790]LogModuleManager: Shutting down and abandoning module CableComponent (458)
[2023.03.09-13.36.48:546][790]LogModuleManager: Shutting down and abandoning module AudioCapture (456)
[2023.03.09-13.36.48:546][790]LogModuleManager: Shutting down and abandoning module AudioCaptureRtAudio (455)
[2023.03.09-13.36.48:546][790]LogModuleManager: Shutting down and abandoning module AssetTags (452)
[2023.03.09-13.36.48:546][790]LogModuleManager: Shutting down and abandoning module ArchVisCharacter (450)
[2023.03.09-13.36.48:546][790]LogModuleManager: Shutting down and abandoning module AppleImageUtilsBlueprintSupport (448)
[2023.03.09-13.36.48:546][790]LogModuleManager: Shutting down and abandoning module AppleImageUtils (446)
[2023.03.09-13.36.48:546][790]LogModuleManager: Shutting down and abandoning module AndroidPermission (444)
[2023.03.09-13.36.48:546][790]LogModuleManager: Shutting down and abandoning module ActorLayerUtilities (442)
[2023.03.09-13.36.48:546][790]LogModuleManager: Shutting down and abandoning module TemplateSequence (440)
[2023.03.09-13.36.48:546][790]LogModuleManager: Shutting down and abandoning module MediaCompositing (438)
[2023.03.09-13.36.48:546][790]LogModuleManager: Shutting down and abandoning module ImgMedia (436)
[2023.03.09-13.36.48:546][790]LogModuleManager: Shutting down and abandoning module MagicLeapSharedWorld (434)
[2023.03.09-13.36.48:546][790]LogModuleManager: Shutting down and abandoning module MagicLeapLightEstimation (432)
[2023.03.09-13.36.48:546][790]LogModuleManager: Shutting down and abandoning module MagicLeapHelperVulkan (430)
[2023.03.09-13.36.48:546][790]LogModuleManager: Shutting down and abandoning module MagicLeapHelperOpenGL (428)
[2023.03.09-13.36.48:546][790]LogModuleManager: Shutting down and abandoning module MagicLeapAudio (426)
[2023.03.09-13.36.48:546][790]LogModuleManager: Shutting down and abandoning module MotoSynth (424)
[2023.03.09-13.36.48:546][790]LogModuleManager: Shutting down and abandoning module OpenImageDenoise (422)
[2023.03.09-13.36.48:546][790]LogOpenImageDenoise: OIDN shutting down
[2023.03.09-13.36.48:546][790]LogModuleManager: Shutting down and abandoning module MeshConversion (420)
[2023.03.09-13.36.48:546][790]LogModuleManager: Shutting down and abandoning module DynamicMesh (418)
[2023.03.09-13.36.48:546][790]LogModuleManager: Shutting down and abandoning module GeometryAlgorithms (416)
[2023.03.09-13.36.48:546][790]LogModuleManager: Shutting down and abandoning module GeometricObjects (414)
[2023.03.09-13.36.48:546][790]LogModuleManager: Shutting down and abandoning module GeometryCollectionTracks (412)
[2023.03.09-13.36.48:546][790]LogModuleManager: Shutting down and abandoning module GeometryCollectionSequencer (411)
[2023.03.09-13.36.48:546][790]LogModuleManager: Shutting down and abandoning module GeometryCacheTracks (408)
[2023.03.09-13.36.48:546][790]LogModuleManager: Shutting down and abandoning module GeometryCacheSequencer (407)
[2023.03.09-13.36.48:546][790]LogModuleManager: Shutting down and abandoning module GeometryCache (404)
[2023.03.09-13.36.48:546][790]LogModuleManager: Shutting down and abandoning module GeometryCacheEd (403)
[2023.03.09-13.36.48:546][790]LogModuleManager: Shutting down and abandoning module ChaosNiagara (400)
[2023.03.09-13.36.48:547][790]LogModuleManager: Shutting down and abandoning module FieldSystemEngine (399)
[2023.03.09-13.36.48:547][790]LogModuleManager: Shutting down and abandoning module BackChannel (396)
[2023.03.09-13.36.48:547][790]LogModuleManager: Shutting down and abandoning module AutomationUtils (394)
[2023.03.09-13.36.48:547][790]LogModuleManager: Shutting down and abandoning module VisualStudioCodeSourceCodeAccess (392)
[2023.03.09-13.36.48:547][790]LogModuleManager: Shutting down and abandoning module VisualStudioSourceCodeAccess (390)
[2023.03.09-13.36.48:547][790]LogModuleManager: Shutting down and abandoning module HotReload (389)
[2023.03.09-13.36.48:547][790]LogModuleManager: Shutting down and abandoning module UObjectPlugin (386)
[2023.03.09-13.36.48:547][790]LogModuleManager: Shutting down and abandoning module SubversionSourceControl (384)
[2023.03.09-13.36.48:547][790]LogModuleManager: Shutting down and abandoning module PerforceSourceControl (382)
[2023.03.09-13.36.48:547][790]LogModuleManager: Shutting down and abandoning module SourceControl (381)
[2023.03.09-13.36.48:547][790]LogModuleManager: Shutting down and abandoning module CLionSourceCodeAccess (378)
[2023.03.09-13.36.48:547][790]LogModuleManager: Shutting down and abandoning module OodleNetworkHandlerComponent (376)
[2023.03.09-13.36.48:547][790]LogModuleManager: Shutting down and abandoning module LiveLinkSequencer (374)
[2023.03.09-13.36.48:547][790]LogModuleManager: Shutting down and abandoning module LiveLinkMovieScene (372)
[2023.03.09-13.36.48:547][790]LogModuleManager: Shutting down and abandoning module LiveLinkGraphNode (370)
[2023.03.09-13.36.48:547][790]LogModuleManager: Shutting down and abandoning module LiveLinkComponents (368)
[2023.03.09-13.36.48:547][790]LogModuleManager: Shutting down and abandoning module LiveLink (366)
[2023.03.09-13.36.49:302][790]LogModuleManager: Shutting down and abandoning module EnvironmentQueryEditor (364)
[2023.03.09-13.36.49:302][790]LogModuleManager: Shutting down and abandoning module SoundFields (362)
[2023.03.09-13.36.49:303][790]LogModuleManager: Shutting down and abandoning module SignificanceManager (360)
[2023.03.09-13.36.49:303][790]LogModuleManager: Shutting down and abandoning module RuntimePhysXCooking (358)
[2023.03.09-13.36.49:303][790]LogModuleManager: Shutting down and abandoning module PropertyAccessEditor (356)
[2023.03.09-13.36.49:303][790]LogModuleManager: Shutting down and abandoning module PhysXVehiclesEditor (354)
[2023.03.09-13.36.49:303][790]LogModuleManager: Shutting down and abandoning module LocationServicesBPLibrary (350)
[2023.03.09-13.36.49:303][790]LogModuleManager: Shutting down and abandoning module AudioSynesthesia (348)
[2023.03.09-13.36.49:303][790]LogModuleManager: Shutting down and abandoning module AudioSynesthesiaCore (346)
[2023.03.09-13.36.49:303][790]LogModuleManager: Shutting down and abandoning module ImgMediaEngine (344)
[2023.03.09-13.36.49:303][790]LogModuleManager: Shutting down and abandoning module ActorSequence (342)
[2023.03.09-13.36.49:303][790]LogModuleManager: Shutting down and abandoning module UdpMessaging (340)
[2023.03.09-13.36.49:403][790]LogModuleManager: Shutting down and abandoning module TcpMessaging (338)
[2023.03.09-13.36.49:503][790]LogModuleManager: Shutting down and abandoning module MagicLeapARPin (336)
[2023.03.09-13.36.49:503][790]LogModuleManager: Shutting down and abandoning module MagicLeapHandMeshing (334)
[2023.03.09-13.36.49:503][790]LogModuleManager: Shutting down and abandoning module MagicLeapSecureStorage (332)
[2023.03.09-13.36.49:503][790]LogModuleManager: Shutting down and abandoning module MagicLeapPrivileges (330)
[2023.03.09-13.36.49:503][790]LogModuleManager: Shutting down and abandoning module MagicLeapPlanes (328)
[2023.03.09-13.36.49:503][790]LogMagicLeapPlanes: Planes tracker already destroyed.
[2023.03.09-13.36.49:503][790]LogModuleManager: Shutting down and abandoning module MagicLeapImageTracker (326)
[2023.03.09-13.36.49:503][790]LogModuleManager: Shutting down and abandoning module MagicLeapIdentity (324)
[2023.03.09-13.36.49:503][790]LogModuleManager: Shutting down and abandoning module MagicLeapHandTracking (322)
[2023.03.09-13.36.49:503][790]LogModuleManager: Shutting down and abandoning module MagicLeapEyeTracker (320)
[2023.03.09-13.36.49:503][790]LogModuleManager: Shutting down and abandoning module MagicLeapController (318)
[2023.03.09-13.36.49:503][790]LogModuleManager: Shutting down and abandoning module MagicLeapARPinImpl (316)
[2023.03.09-13.36.49:503][790]LogModuleManager: Shutting down and abandoning module MagicLeapAR (314)
[2023.03.09-13.36.49:503][790]LogModuleManager: Shutting down and abandoning module PythonScriptPlugin (312)
[2023.03.09-13.36.49:503][790]LogModuleManager: Shutting down and abandoning module NiagaraAnimNotifies (310)
[2023.03.09-13.36.49:503][790]LogModuleManager: Shutting down and abandoning module Niagara (308)
[2023.03.09-13.36.49:503][790]LogModuleManager: Shutting down and abandoning module SignalProcessing (307)
[2023.03.09-13.36.49:503][790]LogModuleManager: Shutting down and abandoning module NiagaraEditor (305)
[2023.03.09-13.36.49:503][790]LogModuleManager: Shutting down and abandoning module ContentBrowser (304)
[2023.03.09-13.36.49:503][790]LogModuleManager: Shutting down and abandoning module CollectionManager (303)
[2023.03.09-13.36.49:503][790]LogModuleManager: Shutting down and abandoning module DirectoryWatcher (302)
[2023.03.09-13.36.49:503][790]LogModuleManager: Shutting down and abandoning module ContentBrowserData (299)
[2023.03.09-13.36.49:503][790]LogModuleManager: Shutting down and abandoning module NiagaraCore (294)
[2023.03.09-13.36.49:503][790]LogModuleManager: Shutting down and abandoning module PropertyAccessNode (292)
[2023.03.09-13.36.49:503][790]LogModuleManager: Shutting down and abandoning module GameplayTagsEditor (290)
[2023.03.09-13.36.49:503][790]LogModuleManager: Shutting down and abandoning module FacialAnimation (288)
[2023.03.09-13.36.49:503][790]LogModuleManager: Shutting down and abandoning module AnimationSharing (286)
[2023.03.09-13.36.49:503][790]LogModuleManager: Shutting down and abandoning module AssetManagerEditor (284)
[2023.03.09-13.36.49:503][790]LogModuleManager: Shutting down and abandoning module TreeMap (283)
[2023.03.09-13.36.49:503][790]LogModuleManager: Shutting down and abandoning module GameplayCameras (280)
[2023.03.09-13.36.49:503][790]LogModuleManager: Shutting down and abandoning module LightPropagationVolumeRuntime (278)
[2023.03.09-13.36.49:503][790]LogModuleManager: Shutting down and abandoning module Paper2D (276)
[2023.03.09-13.36.49:503][790]LogModuleManager: Shutting down and abandoning module WindowsMoviePlayer (274)
[2023.03.09-13.36.49:504][790]LogModuleManager: Shutting down and abandoning module WebMMoviePlayer (272)
[2023.03.09-13.36.49:504][790]LogModuleManager: Shutting down and abandoning module NetworkReplayStreaming (270)
[2023.03.09-13.36.49:504][790]LogModuleManager: Shutting down and abandoning module PacketHandler (268)
[2023.03.09-13.36.49:504][790]LogModuleManager: Shutting down and abandoning module ClothingSystemEditor (266)
[2023.03.09-13.36.49:504][790]LogModuleManager: Shutting down and abandoning module ClothingSystemRuntimeNv (264)
[2023.03.09-13.36.49:504][790]LogModuleManager: Shutting down and abandoning module MediaAssets (262)
[2023.03.09-13.36.49:504][790]LogModuleManager: Shutting down and abandoning module Overlay (260)
[2023.03.09-13.36.49:504][790]LogModuleManager: Shutting down and abandoning module OverlayEditor (259)
[2023.03.09-13.36.49:504][790]LogModuleManager: Shutting down and abandoning module VREditor (256)
[2023.03.09-13.36.49:504][790]LogModuleManager: Shutting down and abandoning module StringTableEditor (254)
[2023.03.09-13.36.49:504][790]LogModuleManager: Shutting down and abandoning module GameplayTasksEditor (252)
[2023.03.09-13.36.49:504][790]LogModuleManager: Shutting down and abandoning module BehaviorTreeEditor (250)
[2023.03.09-13.36.49:504][790]LogModuleManager: Shutting down and abandoning module FunctionalTesting (248)
[2023.03.09-13.36.49:504][790]LogModuleManager: Shutting down and abandoning module CollisionAnalyzer (246)
[2023.03.09-13.36.49:504][790]LogModuleManager: Shutting down and abandoning module WorkspaceMenuStructure (245)
[2023.03.09-13.36.49:504][790]LogModuleManager: Shutting down and abandoning module UMG (242)
[2023.03.09-13.36.49:504][790]LogModuleManager: Shutting down and abandoning module UMGEditor (241)
[2023.03.09-13.36.49:504][790]LogModuleManager: Shutting down and abandoning module Sequencer (240)
[2023.03.09-13.36.49:504][790]LogModuleManager: Shutting down and abandoning module MessageLog (237)
[2023.03.09-13.36.49:504][790]LogModuleManager: Shutting down and abandoning module SlateReflector (232)
[2023.03.09-13.36.49:504][790]LogModuleManager: Shutting down and abandoning module Slate (230)
[2023.03.09-13.36.49:504][790]LogModuleManager: Shutting down and abandoning module SlateCore (228)
[2023.03.09-13.36.49:505][790]LogModuleManager: Shutting down and abandoning module LandscapeEditorUtilities (226)
[2023.03.09-13.36.49:505][790]LogModuleManager: Shutting down and abandoning module UnrealEd (224)
[2023.03.09-13.36.49:505][790]LogModuleManager: Shutting down and abandoning module MRMesh (222)
[2023.03.09-13.36.49:505][790]LogModuleManager: Shutting down and abandoning module Messaging (220)
[2023.03.09-13.36.49:505][790]LogModuleManager: Shutting down and abandoning module SourceCodeAccess (218)
[2023.03.09-13.36.49:505][790]LogModuleManager: Shutting down and abandoning module HeadMountedDisplay (216)
[2023.03.09-13.36.49:505][790]LogModuleManager: Shutting down and abandoning module XAudio2 (214)
[2023.03.09-13.36.49:505][790]LogModuleManager: Shutting down and abandoning module Networking (212)
[2023.03.09-13.36.49:505][790]LogModuleManager: Shutting down and abandoning module Core (210)
[2023.03.09-13.36.49:505][790]LogModuleManager: Shutting down and abandoning module MaterialEditor (208)
[2023.03.09-13.36.49:505][790]LogModuleManager: Shutting down and abandoning module MovieSceneTools (206)
[2023.03.09-13.36.49:505][790]LogModuleManager: Shutting down and abandoning module EditorStyle (205)
[2023.03.09-13.36.49:505][790]LogModuleManager: Shutting down and abandoning module KismetCompiler (202)
[2023.03.09-13.36.49:506][790]LogModuleManager: Shutting down and abandoning module MeshBuilder (200)
[2023.03.09-13.36.49:506][790]LogModuleManager: Shutting down and abandoning module MeshUtilities (198)
[2023.03.09-13.36.49:506][790]LogModuleManager: Shutting down and abandoning module MeshMergeUtilities (197)
[2023.03.09-13.36.49:506][790]LogModuleManager: Shutting down and abandoning module MeshReductionInterface (196)
[2023.03.09-13.36.49:506][790]LogModuleManager: Shutting down and abandoning module MeshBoneReduction (195)
[2023.03.09-13.36.49:506][790]LogModuleManager: Shutting down and abandoning module SkeletalMeshReduction (193)
[2023.03.09-13.36.49:506][790]LogModuleManager: Shutting down and abandoning module ProxyLODMeshReduction (191)
[2023.03.09-13.36.49:506][790]LogModuleManager: Shutting down and abandoning module QuadricMeshReduction (189)
[2023.03.09-13.36.49:506][790]LogModuleManager: Shutting down and abandoning module MaterialBaking (185)
[2023.03.09-13.36.49:506][790]LogModuleManager: Shutting down and abandoning module NullInstallBundleManager (180)
[2023.03.09-13.36.49:506][790]LogModuleManager: Shutting down and abandoning module PIEPreviewDeviceProfileSelector (178)
[2023.03.09-13.36.49:506][790]LogModuleManager: Shutting down and abandoning module DerivedDataCache (176)
[2023.03.09-13.36.49:506][790]LogModuleManager: Shutting down and abandoning module TargetPlatform (174)
[2023.03.09-13.36.49:506][790]LogModuleManager: Shutting down and abandoning module VulkanShaderFormat (173)
[2023.03.09-13.36.49:506][790]LogModuleManager: Shutting down and abandoning module ShaderFormatVectorVM (171)
[2023.03.09-13.36.49:506][790]LogModuleManager: Shutting down and abandoning module ShaderFormatOpenGL (169)
[2023.03.09-13.36.49:506][790]LogModuleManager: Shutting down and abandoning module ShaderFormatD3D (167)
[2023.03.09-13.36.49:506][790]LogModuleManager: Shutting down and abandoning module MetalShaderFormat (165)
[2023.03.09-13.36.49:506][790]LogModuleManager: Shutting down and abandoning module TextureFormatOodle (163)
[2023.03.09-13.36.49:506][790]LogModuleManager: Shutting down and abandoning module TextureFormatUncompressed (161)
[2023.03.09-13.36.49:506][790]LogModuleManager: Shutting down and abandoning module TextureFormatPVR (159)
[2023.03.09-13.36.49:506][790]LogModuleManager: Shutting down and abandoning module TextureFormatETC2 (157)
[2023.03.09-13.36.49:506][790]LogModuleManager: Shutting down and abandoning module TextureFormatDXT (155)
[2023.03.09-13.36.49:506][790]LogModuleManager: Shutting down and abandoning module TextureFormatIntelISPCTexComp (153)
[2023.03.09-13.36.49:506][790]LogModuleManager: Shutting down and abandoning module TextureFormatASTC (151)
[2023.03.09-13.36.49:506][790]LogModuleManager: Shutting down and abandoning module ImageWrapper (150)
[2023.03.09-13.36.49:506][790]LogModuleManager: Shutting down and abandoning module AudioFormatOpus (147)
[2023.03.09-13.36.49:506][790]LogModuleManager: Shutting down and abandoning module AudioFormatOgg (145)
[2023.03.09-13.36.49:506][790]LogModuleManager: Shutting down and abandoning module AudioFormatADPCM (143)
[2023.03.09-13.36.49:506][790]LogModuleManager: Shutting down and abandoning module WindowsServerTargetPlatform (141)
[2023.03.09-13.36.49:506][790]LogModuleManager: Shutting down and abandoning module WindowsClientTargetPlatform (139)
[2023.03.09-13.36.49:506][790]LogModuleManager: Shutting down and abandoning module WindowsTargetPlatform (137)
[2023.03.09-13.36.49:506][790]LogModuleManager: Shutting down and abandoning module WindowsNoEditorTargetPlatform (135)
[2023.03.09-13.36.49:506][790]LogModuleManager: Shutting down and abandoning module D3D11RHI (132)
[2023.03.09-13.36.49:506][790]LogModuleManager: Shutting down and abandoning module InputCore (130)
[2023.03.09-13.36.49:506][790]LogModuleManager: Shutting down and abandoning module Settings (128)
[2023.03.09-13.36.49:506][790]LogModuleManager: Shutting down and abandoning module PhysXCooking (126)
[2023.03.09-13.36.49:506][790]LogModuleManager: Shutting down and abandoning module Chaos (124)
[2023.03.09-13.36.49:506][790]LogModuleManager: Shutting down and abandoning module WindowsPlatformFeatures (122)
[2023.03.09-13.36.49:506][790]LogModuleManager: Shutting down and abandoning module GameplayMediaEncoder (121)
[2023.03.09-13.36.49:506][790]LogModuleManager: Shutting down and abandoning module AVEncoder (120)
[2023.03.09-13.36.49:506][790]LogModuleManager: Shutting down and abandoning module SteamVRInputDevice (116)
[2023.03.09-13.36.49:506][790]LogModuleManager: Shutting down and abandoning module SteamVRInput (114)
[2023.03.09-13.36.49:506][790]LogModuleManager: Shutting down and abandoning module SteamVR (112)
[2023.03.09-13.36.49:506][790]LogHMD: Freeing OpenVRDLLHandle.
[2023.03.09-13.36.49:506][790]LogModuleManager: Shutting down and abandoning module OculusHMD (110)
[2023.03.09-13.36.49:506][790]LogModuleManager: Shutting down and abandoning module AISupportModule (108)
[2023.03.09-13.36.49:506][790]LogModuleManager: Shutting down and abandoning module OpenXRHandTracking (106)
[2023.03.09-13.36.49:506][790]LogSlate: Slate User Destroyed.  User Index 0, Is Virtual User: 0
[2023.03.09-13.36.49:506][790]LogModuleManager: Shutting down and abandoning module OpenXREyeTracker (104)
[2023.03.09-13.36.49:506][790]LogModuleManager: Shutting down and abandoning module OpenXRAR (102)
[2023.03.09-13.36.49:506][790]LogModuleManager: Shutting down and abandoning module AugmentedReality (101)
[2023.03.09-13.36.49:506][790]LogModuleManager: Shutting down and abandoning module OpenXRHMD (98)
[2023.03.09-13.36.49:509][790]LogModuleManager: Shutting down and abandoning module ExampleDeviceProfileSelector (96)
[2023.03.09-13.36.49:509][790]LogModuleManager: Shutting down and abandoning module ChunkDownloader (94)
[2023.03.09-13.36.49:509][790]LogModuleManager: Shutting down and abandoning module OnlineBlueprintSupport (92)
[2023.03.09-13.36.49:509][790]LogModuleManager: Shutting down and abandoning module OnlineSubsystem (88)
[2023.03.09-13.36.49:510][790]LogModuleManager: Shutting down and abandoning module XMPP (83)
[2023.03.09-13.36.49:510][790]LogModuleManager: Shutting down and abandoning module WebSockets (82)
[2023.03.09-13.36.49:512][790]LogModuleManager: Shutting down and abandoning module HTTP (79)
[2023.03.09-13.36.49:512][790]LogHttp: Display: cleaning up 0 outstanding Http requests.
[2023.03.09-13.36.49:545][790]LogModuleManager: Shutting down and abandoning module SSL (78)
[2023.03.09-13.36.49:546][790]LogModuleManager: Shutting down and abandoning module LauncherChunkInstaller (74)
[2023.03.09-13.36.49:546][790]LogModuleManager: Shutting down and abandoning module WmfMedia (72)
[2023.03.09-13.36.49:547][790]LogModuleManager: Shutting down and abandoning module Media (71)
[2023.03.09-13.36.49:547][790]LogModuleManager: Shutting down and abandoning module MediaInfo (70)
[2023.03.09-13.36.49:547][790]LogModuleManager: Shutting down and abandoning module ExrReaderGpu (66)
[2023.03.09-13.36.49:547][790]LogModuleManager: Shutting down and abandoning module MLSDK (64)
[2023.03.09-13.36.49:547][790]LogModuleManager: Shutting down and abandoning module MagicLeap (62)
[2023.03.09-13.36.49:547][790]LogModuleManager: Shutting down and abandoning module NiagaraVertexFactories (60)
[2023.03.09-13.36.49:547][790]LogModuleManager: Shutting down and abandoning module NiagaraShader (58)
[2023.03.09-13.36.49:547][790]LogModuleManager: Shutting down and abandoning module ChaosCloth (56)
[2023.03.09-13.36.49:547][790]LogModuleManager: Shutting down and abandoning module VariantManagerContent (54)
[2023.03.09-13.36.49:547][790]LogModuleManager: Shutting down and abandoning module DatasmithContent (52)
[2023.03.09-13.36.49:547][790]LogModuleManager: Shutting down and abandoning module PixWinPlugin (50)
[2023.03.09-13.36.49:547][790]LogModuleManager: Shutting down and abandoning module DesktopPlatform (48)
[2023.03.09-13.36.49:547][790]LogModuleManager: Shutting down and abandoning module PythonScriptPluginPreload (46)
[2023.03.09-13.36.49:547][790]LogModuleManager: Shutting down and abandoning module PlatformCryptoOpenSSL (44)
[2023.03.09-13.36.49:547][790]LogModuleManager: Shutting down and abandoning module PlatformCryptoTypes (42)
[2023.03.09-13.36.49:547][790]LogModuleManager: Shutting down and abandoning module PlatformCrypto (40)
[2023.03.09-13.36.49:547][790]LogModuleManager: Shutting down and abandoning module OodleDataCompressionFormat (38)
[2023.03.09-13.36.49:548][790]LogModuleManager: Shutting down and abandoning module XGEController (36)
[2023.03.09-13.36.49:548][790]LogModuleManager: Shutting down and abandoning module AnimationModifiers (34)
[2023.03.09-13.36.49:548][790]LogModuleManager: Shutting down and abandoning module AudioEditor (32)
[2023.03.09-13.36.49:548][790]LogModuleManager: Shutting down and abandoning module PropertyEditor (31)
[2023.03.09-13.36.49:548][790]LogModuleManager: Shutting down and abandoning module TextureCompressor (28)
[2023.03.09-13.36.49:548][790]LogModuleManager: Shutting down and abandoning module RenderCore (26)
[2023.03.09-13.36.49:548][790]LogModuleManager: Shutting down and abandoning module Landscape (24)
[2023.03.09-13.36.49:548][790]LogModuleManager: Shutting down and abandoning module SlateRHIRenderer (22)
[2023.03.09-13.36.49:548][790]LogModuleManager: Shutting down and abandoning module AnimGraphRuntime (20)
[2023.03.09-13.36.49:548][790]LogModuleManager: Shutting down and abandoning module Renderer (18)
[2023.03.09-13.36.49:548][790]LogModuleManager: Shutting down and abandoning module Engine (16)
[2023.03.09-13.36.49:548][790]LogModuleManager: Shutting down and abandoning module CoreUObject (14)
[2023.03.09-13.36.49:548][790]LogModuleManager: Shutting down and abandoning module NetworkFile (12)
[2023.03.09-13.36.49:548][790]LogModuleManager: Shutting down and abandoning module CookedIterativeFile (10)
[2023.03.09-13.36.49:548][790]LogModuleManager: Shutting down and abandoning module StreamingFile (8)
[2023.03.09-13.36.49:548][790]LogModuleManager: Shutting down and abandoning module SandboxFile (6)
[2023.03.09-13.36.49:548][790]LogModuleManager: Shutting down and abandoning module PakFile (4)
[2023.03.09-13.36.49:548][790]LogModuleManager: Shutting down and abandoning module RSA (3)
[2023.03.09-13.36.49:798][790]LogContentStreaming: Display: There are 1 unreleased StreamingManagers
[2023.03.09-13.36.49:814][790]LogD3D11RHI: Shutdown
[2023.03.09-13.36.49:814][790]LogD3D11RHI: CleanupD3DDevice
[2023.03.09-13.36.49:815][790]LogExit: Exiting.
[2023.03.09-13.36.49:857][790]Log file closed, 03/09/23 14:36:49
