Log file open, 03/09/23 13:20:19
LogWindows: Failed to load 'aqProf.dll' (GetLastError=126)
LogWindows: File 'aqProf.dll' does not exist
LogWindows: Failed to load 'VtuneApi.dll' (GetLastError=126)
LogWindows: File 'VtuneApi.dll' does not exist
LogWindows: Failed to load 'VtuneApi32e.dll' (GetLastError=126)
LogWindows: File 'VtuneApi32e.dll' does not exist
LogConsoleResponse: Display: Failed to find resolution value strings in scalability ini. Falling back to default.
LogConsoleResponse: Display: Failed to find resolution value strings in scalability ini. Falling back to default.
LogInit: Display: Running engine for game: PlatformerPt2
LogPlatformFile: Not using cached read wrapper
LogTaskGraph: Started task graph with 5 named threads and 47 total threads with 3 sets of task threads.
LogStats: Stats thread started at 0.294979
LogICUInternationalization: ICU TimeZone Detection - Raw Offset: +1:00, Platform Override: ''
LogInit: Display: Loading text-based GConfig....
LogPluginManager: Mounting plugin MeshPainting
LogPluginManager: Mounting plugin XGEController
LogPluginManager: Mounting plugin LiveLink
LogPluginManager: Mounting plugin Paper2D
LogPluginManager: Mounting plugin AISupport
LogPluginManager: Mounting plugin EnvironmentQueryEditor
LogPluginManager: Mounting plugin CameraShakePreviewer
LogPluginManager: Mounting plugin GameplayCameras
LogPluginManager: Mounting plugin LightPropagationVolume
LogPluginManager: Mounting plugin OodleData
LogPluginManager: Mounting plugin AssetManagerEditor
LogPluginManager: Mounting plugin OodleNetwork
LogPluginManager: Mounting plugin CurveEditorTools
LogPluginManager: Mounting plugin DataValidation
LogPluginManager: Mounting plugin GameplayTagsEditor
LogPluginManager: Mounting plugin PluginBrowser
LogPluginManager: Mounting plugin GeometryMode
LogPluginManager: Mounting plugin SpeedTreeImporter
LogPluginManager: Mounting plugin MobileLauncherProfileWizard
LogPluginManager: Mounting plugin FacialAnimation
LogPluginManager: Mounting plugin MacGraphicsSwitching
LogPluginManager: Mounting plugin MaterialAnalyzer
LogPluginManager: Mounting plugin Niagara
LogPluginManager: Mounting plugin DatasmithContent
LogPluginManager: Mounting plugin VariantManagerContent
LogPluginManager: Mounting plugin CryptoKeys
LogPluginManager: Mounting plugin AlembicImporter
LogPluginManager: Mounting plugin AutomationUtils
LogPluginManager: Mounting plugin ChaosCloth
LogPluginManager: Mounting plugin ChaosClothEditor
LogPluginManager: Mounting plugin ChaosEditor
LogPluginManager: Mounting plugin BackChannel
LogPluginManager: Mounting plugin ChaosNiagara
LogPluginManager: Mounting plugin ChaosSolverPlugin
LogPluginManager: Mounting plugin CharacterAI
LogPluginManager: Mounting plugin GeometryCache
LogPluginManager: Mounting plugin GeometryCollectionPlugin
LogPluginManager: Mounting plugin GeometryProcessing
LogPluginManager: Mounting plugin OpenImageDenoise
LogPluginManager: Mounting plugin MotoSynth
LogPluginManager: Mounting plugin PlanarCut
LogPluginManager: Mounting plugin PlatformCrypto
LogPluginManager: Mounting plugin ProxyLODPlugin
LogPluginManager: Mounting plugin PythonScriptPlugin
LogPluginManager: Mounting plugin AnimationSharing
LogPluginManager: Mounting plugin CLionSourceCodeAccess
LogPluginManager: Mounting plugin CodeLiteSourceCodeAccess
LogPluginManager: Mounting plugin GitSourceControl
LogPluginManager: Mounting plugin KDevelopSourceCodeAccess
LogPluginManager: Mounting plugin PerforceSourceControl
LogPluginManager: Mounting plugin PixWinPlugin
LogPluginManager: Mounting plugin PlasticSourceControl
LogPluginManager: Mounting plugin PluginUtils
LogPluginManager: Mounting plugin NullSourceCodeAccess
LogPluginManager: Mounting plugin RiderSourceCodeAccess
LogPluginManager: Mounting plugin SubversionSourceControl
LogPluginManager: Mounting plugin PropertyAccessNode
LogPluginManager: Mounting plugin TextureFormatOodle
LogPluginManager: Mounting plugin SkeletalReduction
LogPluginManager: Mounting plugin XCodeSourceCodeAccess
LogPluginManager: Mounting plugin VisualStudioSourceCodeAccess
LogPluginManager: Mounting plugin VisualStudioCodeSourceCodeAccess
LogPluginManager: Mounting plugin UObjectPlugin
LogPluginManager: Mounting plugin AndroidMedia
LogPluginManager: Mounting plugin AvfMedia
LogPluginManager: Mounting plugin ImgMedia
LogPluginManager: Mounting plugin MediaCompositing
LogPluginManager: Mounting plugin MediaPlayerEditor
LogPluginManager: Mounting plugin WmfMedia
LogPluginManager: Mounting plugin WebMMedia
LogPluginManager: Mounting plugin LuminPlatformFeatures
LogPluginManager: Mounting plugin MagicLeap
LogPluginManager: Mounting plugin MagicLeapLightEstimation
LogPluginManager: Mounting plugin MLSDK
LogPluginManager: Mounting plugin TcpMessaging
LogPluginManager: Mounting plugin UdpMessaging
LogPluginManager: Mounting plugin MagicLeapPassableWorld
LogPluginManager: Mounting plugin MagicLeapMedia
LogPluginManager: Mounting plugin OnlineSubsystem
LogPluginManager: Mounting plugin OnlineSubsystemUtils
LogPluginManager: Mounting plugin OnlineSubsystemNull
LogPluginManager: Mounting plugin LevelSequenceEditor
LogPluginManager: Mounting plugin MatineeToLevelSequence
LogPluginManager: Mounting plugin LauncherChunkInstaller
LogPluginManager: Mounting plugin TemplateSequence
LogPluginManager: Mounting plugin ActorSequence
LogPluginManager: Mounting plugin ActorLayerUtilities
LogPluginManager: Mounting plugin AndroidPermission
LogPluginManager: Mounting plugin AndroidMoviePlayer
LogPluginManager: Mounting plugin AppleImageUtils
LogPluginManager: Mounting plugin AppleMoviePlayer
LogPluginManager: Mounting plugin AndroidDeviceProfileSelector
LogPluginManager: Mounting plugin AssetTags
LogPluginManager: Mounting plugin ArchVisCharacter
LogPluginManager: Mounting plugin AudioCapture
LogPluginManager: Mounting plugin AudioSynesthesia
LogPluginManager: Mounting plugin ChunkDownloader
LogPluginManager: Mounting plugin CableComponent
LogPluginManager: Mounting plugin CustomMeshComponent
LogPluginManager: Mounting plugin EditableMesh
LogPluginManager: Mounting plugin ExampleDeviceProfileSelector
LogPluginManager: Mounting plugin GoogleCloudMessaging
LogPluginManager: Mounting plugin GooglePAD
LogPluginManager: Mounting plugin IOSDeviceProfileSelector
LogPluginManager: Mounting plugin LinuxDeviceProfileSelector
LogPluginManager: Mounting plugin LocationServicesBPLibrary
LogPluginManager: Mounting plugin MobilePatchingUtils
LogPluginManager: Mounting plugin OpenXR
LogPluginManager: Mounting plugin OpenXREyeTracker
LogPluginManager: Mounting plugin ScreenshotTools
LogPluginManager: Mounting plugin OpenXRHandTracking
LogPluginManager: Mounting plugin PhysXVehicles
LogPluginManager: Mounting plugin PostSplashScreen
LogPluginManager: Mounting plugin ProceduralMeshComponent
LogPluginManager: Mounting plugin PropertyAccessEditor
LogPluginManager: Mounting plugin SignificanceManager
LogPluginManager: Mounting plugin RuntimePhysXCooking
LogPluginManager: Mounting plugin SoundFields
LogPluginManager: Mounting plugin Synthesis
LogPluginManager: Mounting plugin WebMMoviePlayer
LogPluginManager: Mounting plugin WindowsMoviePlayer
LogPluginManager: Mounting plugin Takes
LogPluginManager: Mounting plugin ContentBrowserClassDataSource
LogPluginManager: Mounting plugin ContentBrowserFileDataSource
LogPluginManager: Mounting plugin ContentBrowserAssetDataSource
LogPluginManager: Mounting plugin OnlineSubsystemGooglePlay
LogPluginManager: Mounting plugin OnlineSubsystemIOS
LogPluginManager: Mounting plugin OculusVR
LogPluginManager: Mounting plugin SteamVR
PixWinPlugin: PIX capture plugin failed to initialize! Check that the process is launched from PIX.
LogInit: Using libcurl 7.55.1-DEV
LogInit:  - built for x86_64-pc-win32
LogInit:  - supports SSL with OpenSSL/1.1.1
LogInit:  - supports HTTP deflate (compression) using libz 1.2.8
LogInit:  - other features:
LogInit:      CURL_VERSION_SSL
LogInit:      CURL_VERSION_LIBZ
LogInit:      CURL_VERSION_IPV6
LogInit:      CURL_VERSION_ASYNCHDNS
LogInit:      CURL_VERSION_LARGEFILE
LogInit:      CURL_VERSION_IDN
LogInit:  CurlRequestOptions (configurable via config and command line):
LogInit:  - bVerifyPeer = true  - Libcurl will verify peer certificate
LogInit:  - bUseHttpProxy = false  - Libcurl will NOT use HTTP proxy
LogInit:  - bDontReuseConnections = false  - Libcurl will reuse connections
LogInit:  - MaxHostConnections = 16  - Libcurl will limit the number of connections to a host
LogInit:  - LocalHostAddr = Default
LogInit:  - BufferSize = 65536
LogOnline: OSS: Creating online subsystem instance for: NULL
LogInit: WinSock: version 1.1 (2.2), MaxSocks=32767, MaxUdp=65467
LogOnline: OSS: TryLoadSubsystemAndSetDefault: Loaded subsystem for module [NULL]
LogOculusPluginWrapper: OculusPlugin initialized successfully
LogHMD: Failed initializing OVRPlugin 1.59.0
LogInit: Build: ++UE4+Release-4.27-CL-18319896
LogInit: Engine Version: 4.27.2-18319896+++UE4+Release-4.27
LogInit: Compatible Engine Version: 4.27.0-17155196+++UE4+Release-4.27
LogInit: Net CL: 17155196
LogInit: OS: Windows 10 (Release 2009) (), CPU: Intel(R) Core(TM) i7-10870H CPU @ 2.20GHz, GPU: Intel(R) UHD Graphics
LogInit: Compiled (64-bit): Nov 30 2021 07:12:08
LogInit: Compiled with Visual C++: 19.24.28315.00
LogInit: Build Configuration: Development
LogInit: Branch Name: ++UE4+Release-4.27
LogInit: Command Line:  /Game/Maps/Maptest -game -PIEVIACONSOLE -Multiprocess GameUserSettingsINI=C:/Users/louis/Documents/GitHub/SpaceFormsPt2/Saved/Config/Windows/PIEGameUserSettings0.ini -MultiprocessSaveConfig -forcepassthrough -messaging -SessionName="Play in Standalone Game" -windowed -WinX=1 -WinY=31 SAVEWINPOS=1 -ResX=1910 -ResY=986
LogInit: Base Directory: C:/Program Files/Epic Games/UE_4.27/Engine/Binaries/Win64/
LogInit: Allocator: TBB
LogInit: Installed Engine Build: 1
LogDevObjectVersion: Number of dev versions registered: 29
LogDevObjectVersion:   Dev-Blueprints (B0D832E4-1F89-4F0D-ACCF-7EB736FD4AA2): 10
LogDevObjectVersion:   Dev-Build (E1C64328-A22C-4D53-A36C-8E866417BD8C): 0
LogDevObjectVersion:   Dev-Core (375EC13C-06E4-48FB-B500-84F0262A717E): 4
LogDevObjectVersion:   Dev-Editor (E4B068ED-F494-42E9-A231-DA0B2E46BB41): 40
LogDevObjectVersion:   Dev-Framework (CFFC743F-43B0-4480-9391-14DF171D2073): 37
LogDevObjectVersion:   Dev-Mobile (B02B49B5-BB20-44E9-A304-32B752E40360): 3
LogDevObjectVersion:   Dev-Networking (A4E4105C-59A1-49B5-A7C5-40C4547EDFEE): 0
LogDevObjectVersion:   Dev-Online (39C831C9-5AE6-47DC-9A44-9C173E1C8E7C): 0
LogDevObjectVersion:   Dev-Physics (78F01B33-EBEA-4F98-B9B4-84EACCB95AA2): 14
LogDevObjectVersion:   Dev-Platform (6631380F-2D4D-43E0-8009-CF276956A95A): 0
LogDevObjectVersion:   Dev-Rendering (12F88B9F-8875-4AFC-A67C-D90C383ABD29): 45
LogDevObjectVersion:   Dev-Sequencer (7B5AE74C-D270-4C10-A958-57980B212A5A): 13
LogDevObjectVersion:   Dev-VR (D7296918-1DD6-4BDD-9DE2-64A83CC13884): 3
LogDevObjectVersion:   Dev-LoadTimes (C2A15278-BFE7-4AFE-6C17-90FF531DF755): 1
LogDevObjectVersion:   Private-Geometry (6EACA3D4-40EC-4CC1-B786-8BED09428FC5): 3
LogDevObjectVersion:   Dev-AnimPhys (29E575DD-E0A3-4627-9D10-D276232CDCEA): 17
LogDevObjectVersion:   Dev-Anim (AF43A65D-7FD3-4947-9873-3E8ED9C1BB05): 15
LogDevObjectVersion:   Dev-ReflectionCapture (6B266CEC-1EC7-4B8F-A30B-E4D90942FC07): 1
LogDevObjectVersion:   Dev-Automation (0DF73D61-A23F-47EA-B727-89E90C41499A): 1
LogDevObjectVersion:   FortniteMain (601D1886-AC64-4F84-AA16-D3DE0DEAC7D6): 47
LogDevObjectVersion:   FortniteRelease (E7086368-6B23-4C58-8439-1B7016265E91): 1
LogDevObjectVersion:   Dev-Enterprise (9DFFBCD6-494F-0158-E221-12823C92A888): 10
LogDevObjectVersion:   Dev-Niagara (F2AED0AC-9AFE-416F-8664-AA7FFA26D6FC): 1
LogDevObjectVersion:   Dev-Destruction (174F1F0B-B4C6-45A5-B13F-2EE8D0FB917D): 10
LogDevObjectVersion:   Dev-Physics-Ext (35F94A83-E258-406C-A318-09F59610247C): 41
LogDevObjectVersion:   Dev-PhysicsMaterial-Chaos (B68FC16E-8B1B-42E2-B453-215C058844FE): 1
LogDevObjectVersion:   Dev-CineCamera (B2E18506-4273-CFC2-A54E-F4BB758BBA07): 1
LogDevObjectVersion:   Dev-VirtualProduction (64F58936-FD1B-42BA-BA96-7289D5D0FA4E): 1
LogDevObjectVersion:   Dev-MediaFramework (6F0ED827-A609-4895-9C91-998D90180EA4): 2
LogInit: Presizing for max 25165824 objects, including 0 objects not considered by GC, pre-allocating 0 bytes for permanent pool.
LogConfig: Applying CVar settings from Section [/Script/Engine.StreamingSettings] File [C:/Users/louis/Documents/GitHub/SpaceFormsPt2/Saved/Config/Windows/Engine.ini]
LogConfig: Setting CVar [[s.MinBulkDataSizeForAsyncLoading:131072]]
LogConfig: Setting CVar [[s.AsyncLoadingThreadEnabled:0]]
LogConfig: Setting CVar [[s.EventDrivenLoaderEnabled:1]]
LogConfig: Setting CVar [[s.WarnIfTimeLimitExceeded:0]]
LogConfig: Setting CVar [[s.TimeLimitExceededMultiplier:1.5]]
LogConfig: Setting CVar [[s.TimeLimitExceededMinTime:0.005]]
LogConfig: Setting CVar [[s.UseBackgroundLevelStreaming:1]]
LogConfig: Setting CVar [[s.PriorityAsyncLoadingExtraTime:15.0]]
LogConfig: Setting CVar [[s.LevelStreamingActorsUpdateTimeLimit:5.0]]
LogConfig: Setting CVar [[s.PriorityLevelStreamingActorsUpdateExtraTime:5.0]]
LogConfig: Setting CVar [[s.LevelStreamingComponentsRegistrationGranularity:10]]
LogConfig: Setting CVar [[s.UnregisterComponentsTimeLimit:1.0]]
LogConfig: Setting CVar [[s.LevelStreamingComponentsUnregistrationGranularity:5]]
LogConfig: Setting CVar [[s.FlushStreamingOnExit:1]]
LogInit: Object subsystem initialized
LogConfig: Setting CVar [[con.DebugEarlyDefault:1]]
LogConfig: Setting CVar [[r.setres:1280x720]]
[2023.03.09-12.20.19:825][  0]LogConfig: Setting CVar [[con.DebugEarlyDefault:1]]
[2023.03.09-12.20.19:825][  0]LogConfig: Setting CVar [[r.setres:1280x720]]
[2023.03.09-12.20.19:825][  0]LogConfig: Applying CVar settings from Section [/Script/Engine.RendererSettings] File [C:/Users/louis/Documents/GitHub/SpaceFormsPt2/Saved/Config/Windows/Engine.ini]
[2023.03.09-12.20.19:825][  0]LogConfig: Setting CVar [[r.GPUCrashDebugging:0]]
[2023.03.09-12.20.19:825][  0]LogConfig: Setting CVar [[r.DefaultFeature.AutoExposure:0]]
[2023.03.09-12.20.19:825][  0]LogConfig: Applying CVar settings from Section [/Script/Engine.RendererOverrideSettings] File [C:/Users/louis/Documents/GitHub/SpaceFormsPt2/Saved/Config/Windows/Engine.ini]
[2023.03.09-12.20.19:825][  0]LogConfig: Applying CVar settings from Section [/Script/Engine.StreamingSettings] File [C:/Users/louis/Documents/GitHub/SpaceFormsPt2/Saved/Config/Windows/Engine.ini]
[2023.03.09-12.20.19:825][  0]LogConfig: Setting CVar [[s.MinBulkDataSizeForAsyncLoading:131072]]
[2023.03.09-12.20.19:825][  0]LogConfig: Setting CVar [[s.AsyncLoadingThreadEnabled:0]]
[2023.03.09-12.20.19:825][  0]LogConfig: Setting CVar [[s.EventDrivenLoaderEnabled:1]]
[2023.03.09-12.20.19:825][  0]LogConfig: Setting CVar [[s.WarnIfTimeLimitExceeded:0]]
[2023.03.09-12.20.19:825][  0]LogConfig: Setting CVar [[s.TimeLimitExceededMultiplier:1.5]]
[2023.03.09-12.20.19:825][  0]LogConfig: Setting CVar [[s.TimeLimitExceededMinTime:0.005]]
[2023.03.09-12.20.19:825][  0]LogConfig: Setting CVar [[s.UseBackgroundLevelStreaming:1]]
[2023.03.09-12.20.19:825][  0]LogConfig: Setting CVar [[s.PriorityAsyncLoadingExtraTime:15.0]]
[2023.03.09-12.20.19:825][  0]LogConfig: Setting CVar [[s.LevelStreamingActorsUpdateTimeLimit:5.0]]
[2023.03.09-12.20.19:825][  0]LogConfig: Setting CVar [[s.PriorityLevelStreamingActorsUpdateExtraTime:5.0]]
[2023.03.09-12.20.19:825][  0]LogConfig: Setting CVar [[s.LevelStreamingComponentsRegistrationGranularity:10]]
[2023.03.09-12.20.19:825][  0]LogConfig: Setting CVar [[s.UnregisterComponentsTimeLimit:1.0]]
[2023.03.09-12.20.19:825][  0]LogConfig: Setting CVar [[s.LevelStreamingComponentsUnregistrationGranularity:5]]
[2023.03.09-12.20.19:825][  0]LogConfig: Setting CVar [[s.FlushStreamingOnExit:1]]
[2023.03.09-12.20.19:825][  0]LogConfig: Applying CVar settings from Section [/Script/Engine.GarbageCollectionSettings] File [C:/Users/louis/Documents/GitHub/SpaceFormsPt2/Saved/Config/Windows/Engine.ini]
[2023.03.09-12.20.19:825][  0]LogConfig: Setting CVar [[gc.MaxObjectsNotConsideredByGC:1]]
[2023.03.09-12.20.19:825][  0]LogConfig: Setting CVar [[gc.SizeOfPermanentObjectPool:0]]
[2023.03.09-12.20.19:825][  0]LogConfig: Setting CVar [[gc.FlushStreamingOnGC:0]]
[2023.03.09-12.20.19:825][  0]LogConfig: Setting CVar [[gc.NumRetriesBeforeForcingGC:10]]
[2023.03.09-12.20.19:825][  0]LogConfig: Setting CVar [[gc.AllowParallelGC:1]]
[2023.03.09-12.20.19:825][  0]LogConfig: Setting CVar [[gc.TimeBetweenPurgingPendingKillObjects:61.1]]
[2023.03.09-12.20.19:825][  0]LogConfig: Setting CVar [[gc.MaxObjectsInEditor:25165824]]
[2023.03.09-12.20.19:825][  0]LogConfig: Setting CVar [[gc.IncrementalBeginDestroyEnabled:1]]
[2023.03.09-12.20.19:825][  0]LogConfig: Setting CVar [[gc.CreateGCClusters:1]]
[2023.03.09-12.20.19:825][  0]LogConfig: Setting CVar [[gc.MinGCClusterSize:5]]
[2023.03.09-12.20.19:825][  0]LogConfig: Setting CVar [[gc.ActorClusteringEnabled:0]]
[2023.03.09-12.20.19:825][  0]LogConfig: Setting CVar [[gc.BlueprintClusteringEnabled:0]]
[2023.03.09-12.20.19:825][  0]LogConfig: Setting CVar [[gc.UseDisregardForGCOnDedicatedServers:0]]
[2023.03.09-12.20.19:825][  0]LogConfig: Setting CVar [[gc.MultithreadedDestructionEnabled:1]]
[2023.03.09-12.20.19:825][  0]LogConfig: Applying CVar settings from Section [/Script/Engine.NetworkSettings] File [C:/Users/louis/Documents/GitHub/SpaceFormsPt2/Saved/Config/Windows/Engine.ini]
[2023.03.09-12.20.19:825][  0]LogConfig: Applying CVar settings from Section [/Script/UnrealEd.CookerSettings] File [C:/Users/louis/Documents/GitHub/SpaceFormsPt2/Saved/Config/Windows/Engine.ini]
[2023.03.09-12.20.19:838][  0]LogConfig: Applying CVar settings from Section [ViewDistanceQuality@3] File [C:/Users/louis/Documents/GitHub/SpaceFormsPt2/Saved/Config/Windows/Scalability.ini]
[2023.03.09-12.20.19:839][  0]LogConfig: Setting CVar [[r.SkeletalMeshLODBias:0]]
[2023.03.09-12.20.19:839][  0]LogConfig: Setting CVar [[r.ViewDistanceScale:1.0]]
[2023.03.09-12.20.19:839][  0]LogConfig: Applying CVar settings from Section [AntiAliasingQuality@3] File [C:/Users/louis/Documents/GitHub/SpaceFormsPt2/Saved/Config/Windows/Scalability.ini]
[2023.03.09-12.20.19:839][  0]LogConfig: Setting CVar [[r.PostProcessAAQuality:4]]
[2023.03.09-12.20.19:839][  0]LogConfig: Applying CVar settings from Section [ShadowQuality@3] File [C:/Users/louis/Documents/GitHub/SpaceFormsPt2/Saved/Config/Windows/Scalability.ini]
[2023.03.09-12.20.19:839][  0]LogConfig: Setting CVar [[r.LightFunctionQuality:1]]
[2023.03.09-12.20.19:839][  0]LogConfig: Setting CVar [[r.ShadowQuality:5]]
[2023.03.09-12.20.19:839][  0]LogConfig: Setting CVar [[r.Shadow.CSM.MaxCascades:10]]
[2023.03.09-12.20.19:839][  0]LogConfig: Setting CVar [[r.Shadow.MaxResolution:2048]]
[2023.03.09-12.20.19:839][  0]LogConfig: Setting CVar [[r.Shadow.MaxCSMResolution:2048]]
[2023.03.09-12.20.19:839][  0]LogConfig: Setting CVar [[r.Shadow.RadiusThreshold:0.01]]
[2023.03.09-12.20.19:839][  0]LogConfig: Setting CVar [[r.Shadow.DistanceScale:1.0]]
[2023.03.09-12.20.19:839][  0]LogConfig: Setting CVar [[r.Shadow.CSM.TransitionScale:1.0]]
[2023.03.09-12.20.19:839][  0]LogConfig: Setting CVar [[r.Shadow.PreShadowResolutionFactor:1.0]]
[2023.03.09-12.20.19:839][  0]LogConfig: Setting CVar [[r.DistanceFieldShadowing:1]]
[2023.03.09-12.20.19:839][  0]LogConfig: Setting CVar [[r.DistanceFieldAO:1]]
[2023.03.09-12.20.19:839][  0]LogConfig: Setting CVar [[r.AOQuality:2]]
[2023.03.09-12.20.19:839][  0]LogConfig: Setting CVar [[r.VolumetricFog:1]]
[2023.03.09-12.20.19:839][  0]LogConfig: Setting CVar [[r.VolumetricFog.GridPixelSize:8]]
[2023.03.09-12.20.19:839][  0]LogConfig: Setting CVar [[r.VolumetricFog.GridSizeZ:128]]
[2023.03.09-12.20.19:839][  0]LogConfig: Setting CVar [[r.VolumetricFog.HistoryMissSupersampleCount:4]]
[2023.03.09-12.20.19:839][  0]LogConfig: Setting CVar [[r.LightMaxDrawDistanceScale:1]]
[2023.03.09-12.20.19:839][  0]LogConfig: Setting CVar [[r.CapsuleShadows:1]]
[2023.03.09-12.20.19:839][  0]LogConfig: Applying CVar settings from Section [PostProcessQuality@3] File [C:/Users/louis/Documents/GitHub/SpaceFormsPt2/Saved/Config/Windows/Scalability.ini]
[2023.03.09-12.20.19:839][  0]LogConfig: Setting CVar [[r.MotionBlurQuality:4]]
[2023.03.09-12.20.19:839][  0]LogConfig: Setting CVar [[r.AmbientOcclusionMipLevelFactor:0.4]]
[2023.03.09-12.20.19:839][  0]LogConfig: Setting CVar [[r.AmbientOcclusionMaxQuality:100]]
[2023.03.09-12.20.19:839][  0]LogConfig: Setting CVar [[r.AmbientOcclusionLevels:-1]]
[2023.03.09-12.20.19:839][  0]LogConfig: Setting CVar [[r.AmbientOcclusionRadiusScale:1.0]]
[2023.03.09-12.20.19:839][  0]LogConfig: Setting CVar [[r.DepthOfFieldQuality:2]]
[2023.03.09-12.20.19:839][  0]LogConfig: Setting CVar [[r.RenderTargetPoolMin:400]]
[2023.03.09-12.20.19:839][  0]LogConfig: Setting CVar [[r.LensFlareQuality:2]]
[2023.03.09-12.20.19:839][  0]LogConfig: Setting CVar [[r.SceneColorFringeQuality:1]]
[2023.03.09-12.20.19:839][  0]LogConfig: Setting CVar [[r.EyeAdaptationQuality:2]]
[2023.03.09-12.20.19:839][  0]LogConfig: Setting CVar [[r.BloomQuality:5]]
[2023.03.09-12.20.19:839][  0]LogConfig: Setting CVar [[r.FastBlurThreshold:100]]
[2023.03.09-12.20.19:839][  0]LogConfig: Setting CVar [[r.Upscale.Quality:3]]
[2023.03.09-12.20.19:839][  0]LogConfig: Setting CVar [[r.Tonemapper.GrainQuantization:1]]
[2023.03.09-12.20.19:839][  0]LogConfig: Setting CVar [[r.LightShaftQuality:1]]
[2023.03.09-12.20.19:839][  0]LogConfig: Setting CVar [[r.Filter.SizeScale:1]]
[2023.03.09-12.20.19:839][  0]LogConfig: Setting CVar [[r.Tonemapper.Quality:5]]
[2023.03.09-12.20.19:839][  0]LogConfig: Setting CVar [[r.DOF.Gather.AccumulatorQuality:1        ; higher gathering accumulator quality]]
[2023.03.09-12.20.19:839][  0]LogConfig: Setting CVar [[r.DOF.Gather.PostfilterMethod:1          ; Median3x3 postfilering method]]
[2023.03.09-12.20.19:839][  0]LogConfig: Setting CVar [[r.DOF.Gather.EnableBokehSettings:0       ; no bokeh simulation when gathering]]
[2023.03.09-12.20.19:839][  0]LogConfig: Setting CVar [[r.DOF.Gather.RingCount:4                 ; medium number of samples when gathering]]
[2023.03.09-12.20.19:839][  0]LogConfig: Setting CVar [[r.DOF.Scatter.ForegroundCompositing:1    ; additive foreground scattering]]
[2023.03.09-12.20.19:839][  0]LogConfig: Setting CVar [[r.DOF.Scatter.BackgroundCompositing:2    ; additive background scattering]]
[2023.03.09-12.20.19:839][  0]LogConfig: Setting CVar [[r.DOF.Scatter.EnableBokehSettings:1      ; bokeh simulation when scattering]]
[2023.03.09-12.20.19:839][  0]LogConfig: Setting CVar [[r.DOF.Scatter.MaxSpriteRatio:0.1         ; only a maximum of 10% of scattered bokeh]]
[2023.03.09-12.20.19:839][  0]LogConfig: Setting CVar [[r.DOF.Recombine.Quality:1                ; cheap slight out of focus]]
[2023.03.09-12.20.19:839][  0]LogConfig: Setting CVar [[r.DOF.Recombine.EnableBokehSettings:0    ; no bokeh simulation on slight out of focus]]
[2023.03.09-12.20.19:839][  0]LogConfig: Setting CVar [[r.DOF.TemporalAAQuality:1                ; more stable temporal accumulation]]
[2023.03.09-12.20.19:839][  0]LogConfig: Setting CVar [[r.DOF.Kernel.MaxForegroundRadius:0.025]]
[2023.03.09-12.20.19:839][  0]LogConfig: Setting CVar [[r.DOF.Kernel.MaxBackgroundRadius:0.025]]
[2023.03.09-12.20.19:839][  0]LogConfig: Applying CVar settings from Section [TextureQuality@3] File [C:/Users/louis/Documents/GitHub/SpaceFormsPt2/Saved/Config/Windows/Scalability.ini]
[2023.03.09-12.20.19:839][  0]LogConfig: Setting CVar [[r.Streaming.MipBias:0]]
[2023.03.09-12.20.19:839][  0]LogConfig: Setting CVar [[r.Streaming.AmortizeCPUToGPUCopy:0]]
[2023.03.09-12.20.19:840][  0]LogConfig: Setting CVar [[r.Streaming.MaxNumTexturesToStreamPerFrame:0]]
[2023.03.09-12.20.19:840][  0]LogConfig: Setting CVar [[r.Streaming.Boost:1]]
[2023.03.09-12.20.19:840][  0]LogConfig: Setting CVar [[r.MaxAnisotropy:8]]
[2023.03.09-12.20.19:840][  0]LogConfig: Setting CVar [[r.VT.MaxAnisotropy:8]]
[2023.03.09-12.20.19:840][  0]LogConfig: Setting CVar [[r.Streaming.LimitPoolSizeToVRAM:0]]
[2023.03.09-12.20.19:840][  0]LogConfig: Setting CVar [[r.Streaming.PoolSize:1000]]
[2023.03.09-12.20.19:840][  0]LogConfig: Setting CVar [[r.Streaming.MaxEffectiveScreenSize:0]]
[2023.03.09-12.20.19:840][  0]LogConfig: Applying CVar settings from Section [EffectsQuality@3] File [C:/Users/louis/Documents/GitHub/SpaceFormsPt2/Saved/Config/Windows/Scalability.ini]
[2023.03.09-12.20.19:840][  0]LogConfig: Setting CVar [[r.TranslucencyLightingVolumeDim:64]]
[2023.03.09-12.20.19:840][  0]LogConfig: Setting CVar [[r.RefractionQuality:2]]
[2023.03.09-12.20.19:840][  0]LogConfig: Setting CVar [[r.SSR.Quality:3]]
[2023.03.09-12.20.19:840][  0]LogConfig: Setting CVar [[r.SSR.HalfResSceneColor:0]]
[2023.03.09-12.20.19:840][  0]LogConfig: Setting CVar [[r.SceneColorFormat:4]]
[2023.03.09-12.20.19:840][  0]LogConfig: Setting CVar [[r.DetailMode:2]]
[2023.03.09-12.20.19:840][  0]LogConfig: Setting CVar [[r.TranslucencyVolumeBlur:1]]
[2023.03.09-12.20.19:840][  0]LogConfig: Setting CVar [[r.MaterialQualityLevel:1 ; High quality]]
[2023.03.09-12.20.19:840][  0]LogConfig: Setting CVar [[r.AnisotropicMaterials:1]]
[2023.03.09-12.20.19:840][  0]LogConfig: Setting CVar [[r.SSS.Scale:1]]
[2023.03.09-12.20.19:840][  0]LogConfig: Setting CVar [[r.SSS.SampleSet:2]]
[2023.03.09-12.20.19:840][  0]LogConfig: Setting CVar [[r.SSS.Quality:1]]
[2023.03.09-12.20.19:840][  0]LogConfig: Setting CVar [[r.SSS.HalfRes:0]]
[2023.03.09-12.20.19:840][  0]LogConfig: Setting CVar [[r.SSGI.Quality:3]]
[2023.03.09-12.20.19:840][  0]LogConfig: Setting CVar [[r.EmitterSpawnRateScale:1.0]]
[2023.03.09-12.20.19:840][  0]LogConfig: Setting CVar [[r.ParticleLightQuality:2]]
[2023.03.09-12.20.19:840][  0]LogConfig: Setting CVar [[r.SkyAtmosphere.AerialPerspectiveLUT.FastApplyOnOpaque:1 ; Always have FastSkyLUT 1 in this case to avoid wrong sky]]
[2023.03.09-12.20.19:840][  0]LogConfig: Setting CVar [[r.SkyAtmosphere.AerialPerspectiveLUT.SampleCountMaxPerSlice:4]]
[2023.03.09-12.20.19:840][  0]LogConfig: Setting CVar [[r.SkyAtmosphere.AerialPerspectiveLUT.DepthResolution:16.0]]
[2023.03.09-12.20.19:840][  0]LogConfig: Setting CVar [[r.SkyAtmosphere.FastSkyLUT:1]]
[2023.03.09-12.20.19:840][  0]LogConfig: Setting CVar [[r.SkyAtmosphere.FastSkyLUT.SampleCountMin:4.0]]
[2023.03.09-12.20.19:840][  0]LogConfig: Setting CVar [[r.SkyAtmosphere.FastSkyLUT.SampleCountMax:128.0]]
[2023.03.09-12.20.19:840][  0]LogConfig: Setting CVar [[r.SkyAtmosphere.SampleCountMin:4.0]]
[2023.03.09-12.20.19:840][  0]LogConfig: Setting CVar [[r.SkyAtmosphere.SampleCountMax:128.0]]
[2023.03.09-12.20.19:840][  0]LogConfig: Setting CVar [[r.SkyAtmosphere.TransmittanceLUT.UseSmallFormat:0]]
[2023.03.09-12.20.19:840][  0]LogConfig: Setting CVar [[r.SkyAtmosphere.TransmittanceLUT.SampleCount:10.0]]
[2023.03.09-12.20.19:840][  0]LogConfig: Setting CVar [[r.SkyAtmosphere.MultiScatteringLUT.SampleCount:15.0]]
[2023.03.09-12.20.19:840][  0]LogConfig: Setting CVar [[r.SkyLight.RealTimeReflectionCapture:1]]
[2023.03.09-12.20.19:840][  0]LogConfig: Applying CVar settings from Section [FoliageQuality@3] File [C:/Users/louis/Documents/GitHub/SpaceFormsPt2/Saved/Config/Windows/Scalability.ini]
[2023.03.09-12.20.19:840][  0]LogConfig: Setting CVar [[foliage.DensityScale:1.0]]
[2023.03.09-12.20.19:840][  0]LogConfig: Setting CVar [[grass.DensityScale:1.0]]
[2023.03.09-12.20.19:840][  0]LogConfig: Applying CVar settings from Section [ShadingQuality@3] File [C:/Users/louis/Documents/GitHub/SpaceFormsPt2/Saved/Config/Windows/Scalability.ini]
[2023.03.09-12.20.19:840][  0]LogConfig: Setting CVar [[r.HairStrands.SkyLighting.IntegrationType:2]]
[2023.03.09-12.20.19:840][  0]LogConfig: Setting CVar [[r.HairStrands.SkyAO.SampleCount:4]]
[2023.03.09-12.20.19:840][  0]LogConfig: Setting CVar [[r.HairStrands.Visibility.MSAA.SamplePerPixel:4]]
[2023.03.09-12.20.19:840][  0]LogInit: Selected Device Profile: [Windows]
[2023.03.09-12.20.19:840][  0]LogInit: Applying CVar settings loaded from the selected device profile: [Windows]
[2023.03.09-12.20.19:840][  0]LogHAL: Display: Platform has ~ 16 GB [16943685632 / 17179869184 / 16], which maps to Larger [LargestMinGB=32, LargerMinGB=12, DefaultMinGB=8, SmallerMinGB=6, SmallestMinGB=0)
[2023.03.09-12.20.19:840][  0]LogInit: Going up to parent DeviceProfile []
[2023.03.09-12.20.19:840][  0]LogConfig: Applying CVar settings from Section [ViewDistanceQuality@3] File [C:/Users/louis/Documents/GitHub/SpaceFormsPt2/Saved/Config/Windows/Scalability.ini]
[2023.03.09-12.20.19:840][  0]LogConfig: Setting CVar [[r.SkeletalMeshLODBias:0]]
[2023.03.09-12.20.19:840][  0]LogConfig: Setting CVar [[r.ViewDistanceScale:1.0]]
[2023.03.09-12.20.19:840][  0]LogConfig: Applying CVar settings from Section [AntiAliasingQuality@3] File [C:/Users/louis/Documents/GitHub/SpaceFormsPt2/Saved/Config/Windows/Scalability.ini]
[2023.03.09-12.20.19:841][  0]LogConfig: Setting CVar [[r.PostProcessAAQuality:4]]
[2023.03.09-12.20.19:841][  0]LogConfig: Applying CVar settings from Section [ShadowQuality@3] File [C:/Users/louis/Documents/GitHub/SpaceFormsPt2/Saved/Config/Windows/Scalability.ini]
[2023.03.09-12.20.19:841][  0]LogConfig: Setting CVar [[r.LightFunctionQuality:1]]
[2023.03.09-12.20.19:841][  0]LogConfig: Setting CVar [[r.ShadowQuality:5]]
[2023.03.09-12.20.19:841][  0]LogConfig: Setting CVar [[r.Shadow.CSM.MaxCascades:10]]
[2023.03.09-12.20.19:841][  0]LogConfig: Setting CVar [[r.Shadow.MaxResolution:2048]]
[2023.03.09-12.20.19:841][  0]LogConfig: Setting CVar [[r.Shadow.MaxCSMResolution:2048]]
[2023.03.09-12.20.19:841][  0]LogConfig: Setting CVar [[r.Shadow.RadiusThreshold:0.01]]
[2023.03.09-12.20.19:841][  0]LogConfig: Setting CVar [[r.Shadow.DistanceScale:1.0]]
[2023.03.09-12.20.19:841][  0]LogConfig: Setting CVar [[r.Shadow.CSM.TransitionScale:1.0]]
[2023.03.09-12.20.19:841][  0]LogConfig: Setting CVar [[r.Shadow.PreShadowResolutionFactor:1.0]]
[2023.03.09-12.20.19:841][  0]LogConfig: Setting CVar [[r.DistanceFieldShadowing:1]]
[2023.03.09-12.20.19:841][  0]LogConfig: Setting CVar [[r.DistanceFieldAO:1]]
[2023.03.09-12.20.19:841][  0]LogConfig: Setting CVar [[r.AOQuality:2]]
[2023.03.09-12.20.19:841][  0]LogConfig: Setting CVar [[r.VolumetricFog:1]]
[2023.03.09-12.20.19:841][  0]LogConfig: Setting CVar [[r.VolumetricFog.GridPixelSize:8]]
[2023.03.09-12.20.19:841][  0]LogConfig: Setting CVar [[r.VolumetricFog.GridSizeZ:128]]
[2023.03.09-12.20.19:841][  0]LogConfig: Setting CVar [[r.VolumetricFog.HistoryMissSupersampleCount:4]]
[2023.03.09-12.20.19:841][  0]LogConfig: Setting CVar [[r.LightMaxDrawDistanceScale:1]]
[2023.03.09-12.20.19:841][  0]LogConfig: Setting CVar [[r.CapsuleShadows:1]]
[2023.03.09-12.20.19:841][  0]LogConfig: Applying CVar settings from Section [PostProcessQuality@3] File [C:/Users/louis/Documents/GitHub/SpaceFormsPt2/Saved/Config/Windows/Scalability.ini]
[2023.03.09-12.20.19:841][  0]LogConfig: Setting CVar [[r.MotionBlurQuality:4]]
[2023.03.09-12.20.19:841][  0]LogConfig: Setting CVar [[r.AmbientOcclusionMipLevelFactor:0.4]]
[2023.03.09-12.20.19:841][  0]LogConfig: Setting CVar [[r.AmbientOcclusionMaxQuality:100]]
[2023.03.09-12.20.19:841][  0]LogConfig: Setting CVar [[r.AmbientOcclusionLevels:-1]]
[2023.03.09-12.20.19:841][  0]LogConfig: Setting CVar [[r.AmbientOcclusionRadiusScale:1.0]]
[2023.03.09-12.20.19:841][  0]LogConfig: Setting CVar [[r.DepthOfFieldQuality:2]]
[2023.03.09-12.20.19:841][  0]LogConfig: Setting CVar [[r.RenderTargetPoolMin:400]]
[2023.03.09-12.20.19:841][  0]LogConfig: Setting CVar [[r.LensFlareQuality:2]]
[2023.03.09-12.20.19:841][  0]LogConfig: Setting CVar [[r.SceneColorFringeQuality:1]]
[2023.03.09-12.20.19:841][  0]LogConfig: Setting CVar [[r.EyeAdaptationQuality:2]]
[2023.03.09-12.20.19:841][  0]LogConfig: Setting CVar [[r.BloomQuality:5]]
[2023.03.09-12.20.19:841][  0]LogConfig: Setting CVar [[r.FastBlurThreshold:100]]
[2023.03.09-12.20.19:841][  0]LogConfig: Setting CVar [[r.Upscale.Quality:3]]
[2023.03.09-12.20.19:841][  0]LogConfig: Setting CVar [[r.Tonemapper.GrainQuantization:1]]
[2023.03.09-12.20.19:841][  0]LogConfig: Setting CVar [[r.LightShaftQuality:1]]
[2023.03.09-12.20.19:841][  0]LogConfig: Setting CVar [[r.Filter.SizeScale:1]]
[2023.03.09-12.20.19:841][  0]LogConfig: Setting CVar [[r.Tonemapper.Quality:5]]
[2023.03.09-12.20.19:841][  0]LogConfig: Setting CVar [[r.DOF.Gather.AccumulatorQuality:1        ; higher gathering accumulator quality]]
[2023.03.09-12.20.19:841][  0]LogConfig: Setting CVar [[r.DOF.Gather.PostfilterMethod:1          ; Median3x3 postfilering method]]
[2023.03.09-12.20.19:841][  0]LogConfig: Setting CVar [[r.DOF.Gather.EnableBokehSettings:0       ; no bokeh simulation when gathering]]
[2023.03.09-12.20.19:841][  0]LogConfig: Setting CVar [[r.DOF.Gather.RingCount:4                 ; medium number of samples when gathering]]
[2023.03.09-12.20.19:841][  0]LogConfig: Setting CVar [[r.DOF.Scatter.ForegroundCompositing:1    ; additive foreground scattering]]
[2023.03.09-12.20.19:841][  0]LogConfig: Setting CVar [[r.DOF.Scatter.BackgroundCompositing:2    ; additive background scattering]]
[2023.03.09-12.20.19:841][  0]LogConfig: Setting CVar [[r.DOF.Scatter.EnableBokehSettings:1      ; bokeh simulation when scattering]]
[2023.03.09-12.20.19:841][  0]LogConfig: Setting CVar [[r.DOF.Scatter.MaxSpriteRatio:0.1         ; only a maximum of 10% of scattered bokeh]]
[2023.03.09-12.20.19:841][  0]LogConfig: Setting CVar [[r.DOF.Recombine.Quality:1                ; cheap slight out of focus]]
[2023.03.09-12.20.19:841][  0]LogConfig: Setting CVar [[r.DOF.Recombine.EnableBokehSettings:0    ; no bokeh simulation on slight out of focus]]
[2023.03.09-12.20.19:841][  0]LogConfig: Setting CVar [[r.DOF.TemporalAAQuality:1                ; more stable temporal accumulation]]
[2023.03.09-12.20.19:841][  0]LogConfig: Setting CVar [[r.DOF.Kernel.MaxForegroundRadius:0.025]]
[2023.03.09-12.20.19:841][  0]LogConfig: Setting CVar [[r.DOF.Kernel.MaxBackgroundRadius:0.025]]
[2023.03.09-12.20.19:841][  0]LogConfig: Applying CVar settings from Section [TextureQuality@3] File [C:/Users/louis/Documents/GitHub/SpaceFormsPt2/Saved/Config/Windows/Scalability.ini]
[2023.03.09-12.20.19:841][  0]LogConfig: Setting CVar [[r.Streaming.MipBias:0]]
[2023.03.09-12.20.19:841][  0]LogConfig: Setting CVar [[r.Streaming.AmortizeCPUToGPUCopy:0]]
[2023.03.09-12.20.19:841][  0]LogConfig: Setting CVar [[r.Streaming.MaxNumTexturesToStreamPerFrame:0]]
[2023.03.09-12.20.19:841][  0]LogConfig: Setting CVar [[r.Streaming.Boost:1]]
[2023.03.09-12.20.19:841][  0]LogConfig: Setting CVar [[r.MaxAnisotropy:8]]
[2023.03.09-12.20.19:841][  0]LogConfig: Setting CVar [[r.VT.MaxAnisotropy:8]]
[2023.03.09-12.20.19:841][  0]LogConfig: Setting CVar [[r.Streaming.LimitPoolSizeToVRAM:0]]
[2023.03.09-12.20.19:841][  0]LogConfig: Setting CVar [[r.Streaming.PoolSize:1000]]
[2023.03.09-12.20.19:841][  0]LogConfig: Setting CVar [[r.Streaming.MaxEffectiveScreenSize:0]]
[2023.03.09-12.20.19:841][  0]LogConfig: Applying CVar settings from Section [EffectsQuality@3] File [C:/Users/louis/Documents/GitHub/SpaceFormsPt2/Saved/Config/Windows/Scalability.ini]
[2023.03.09-12.20.19:841][  0]LogConfig: Setting CVar [[r.TranslucencyLightingVolumeDim:64]]
[2023.03.09-12.20.19:841][  0]LogConfig: Setting CVar [[r.RefractionQuality:2]]
[2023.03.09-12.20.19:841][  0]LogConfig: Setting CVar [[r.SSR.Quality:3]]
[2023.03.09-12.20.19:841][  0]LogConfig: Setting CVar [[r.SSR.HalfResSceneColor:0]]
[2023.03.09-12.20.19:841][  0]LogConfig: Setting CVar [[r.SceneColorFormat:4]]
[2023.03.09-12.20.19:841][  0]LogConfig: Setting CVar [[r.DetailMode:2]]
[2023.03.09-12.20.19:841][  0]LogConfig: Setting CVar [[r.TranslucencyVolumeBlur:1]]
[2023.03.09-12.20.19:841][  0]LogConfig: Setting CVar [[r.MaterialQualityLevel:1 ; High quality]]
[2023.03.09-12.20.19:841][  0]LogConfig: Setting CVar [[r.AnisotropicMaterials:1]]
[2023.03.09-12.20.19:842][  0]LogConfig: Setting CVar [[r.SSS.Scale:1]]
[2023.03.09-12.20.19:842][  0]LogConfig: Setting CVar [[r.SSS.SampleSet:2]]
[2023.03.09-12.20.19:842][  0]LogConfig: Setting CVar [[r.SSS.Quality:1]]
[2023.03.09-12.20.19:842][  0]LogConfig: Setting CVar [[r.SSS.HalfRes:0]]
[2023.03.09-12.20.19:842][  0]LogConfig: Setting CVar [[r.SSGI.Quality:3]]
[2023.03.09-12.20.19:842][  0]LogConfig: Setting CVar [[r.EmitterSpawnRateScale:1.0]]
[2023.03.09-12.20.19:842][  0]LogConfig: Setting CVar [[r.ParticleLightQuality:2]]
[2023.03.09-12.20.19:842][  0]LogConfig: Setting CVar [[r.SkyAtmosphere.AerialPerspectiveLUT.FastApplyOnOpaque:1 ; Always have FastSkyLUT 1 in this case to avoid wrong sky]]
[2023.03.09-12.20.19:842][  0]LogConfig: Setting CVar [[r.SkyAtmosphere.AerialPerspectiveLUT.SampleCountMaxPerSlice:4]]
[2023.03.09-12.20.19:842][  0]LogConfig: Setting CVar [[r.SkyAtmosphere.AerialPerspectiveLUT.DepthResolution:16.0]]
[2023.03.09-12.20.19:842][  0]LogConfig: Setting CVar [[r.SkyAtmosphere.FastSkyLUT:1]]
[2023.03.09-12.20.19:842][  0]LogConfig: Setting CVar [[r.SkyAtmosphere.FastSkyLUT.SampleCountMin:4.0]]
[2023.03.09-12.20.19:842][  0]LogConfig: Setting CVar [[r.SkyAtmosphere.FastSkyLUT.SampleCountMax:128.0]]
[2023.03.09-12.20.19:842][  0]LogConfig: Setting CVar [[r.SkyAtmosphere.SampleCountMin:4.0]]
[2023.03.09-12.20.19:842][  0]LogConfig: Setting CVar [[r.SkyAtmosphere.SampleCountMax:128.0]]
[2023.03.09-12.20.19:842][  0]LogConfig: Setting CVar [[r.SkyAtmosphere.TransmittanceLUT.UseSmallFormat:0]]
[2023.03.09-12.20.19:842][  0]LogConfig: Setting CVar [[r.SkyAtmosphere.TransmittanceLUT.SampleCount:10.0]]
[2023.03.09-12.20.19:842][  0]LogConfig: Setting CVar [[r.SkyAtmosphere.MultiScatteringLUT.SampleCount:15.0]]
[2023.03.09-12.20.19:842][  0]LogConfig: Setting CVar [[r.SkyLight.RealTimeReflectionCapture:1]]
[2023.03.09-12.20.19:842][  0]LogConfig: Applying CVar settings from Section [FoliageQuality@3] File [C:/Users/louis/Documents/GitHub/SpaceFormsPt2/Saved/Config/Windows/Scalability.ini]
[2023.03.09-12.20.19:842][  0]LogConfig: Setting CVar [[foliage.DensityScale:1.0]]
[2023.03.09-12.20.19:842][  0]LogConfig: Setting CVar [[grass.DensityScale:1.0]]
[2023.03.09-12.20.19:842][  0]LogConfig: Applying CVar settings from Section [ShadingQuality@3] File [C:/Users/louis/Documents/GitHub/SpaceFormsPt2/Saved/Config/Windows/Scalability.ini]
[2023.03.09-12.20.19:842][  0]LogConfig: Setting CVar [[r.HairStrands.SkyLighting.IntegrationType:2]]
[2023.03.09-12.20.19:842][  0]LogConfig: Setting CVar [[r.HairStrands.SkyAO.SampleCount:4]]
[2023.03.09-12.20.19:842][  0]LogConfig: Setting CVar [[r.HairStrands.Visibility.MSAA.SamplePerPixel:4]]
[2023.03.09-12.20.19:842][  0]LogConfig: Applying CVar settings from Section [Startup] File [../../../Engine/Config/ConsoleVariables.ini]
[2023.03.09-12.20.19:843][  0]LogConfig: Setting CVar [[net.UseAdaptiveNetUpdateFrequency:0]]
[2023.03.09-12.20.19:843][  0]LogConfig: Setting CVar [[p.chaos.AllowCreatePhysxBodies:1]]
[2023.03.09-12.20.19:843][  0]LogConfig: Setting CVar [[fx.SkipVectorVMBackendOptimizations:1]]
[2023.03.09-12.20.19:843][  0]LogConfig: Applying CVar settings from Section [ConsoleVariables] File [C:/Users/louis/Documents/GitHub/SpaceFormsPt2/Saved/Config/Windows/Engine.ini]
[2023.03.09-12.20.19:843][  0]LogConfig: Applying CVar settings from Section [ConsoleVariables] File [C:/Users/louis/Documents/GitHub/SpaceFormsPt2/Saved/Config/Windows/Editor.ini]
[2023.03.09-12.20.19:843][  0]LogInit: Computer: NORTHAR-PC
[2023.03.09-12.20.19:843][  0]LogInit: User: louis
[2023.03.09-12.20.19:843][  0]LogInit: CPU Page size=4096, Cores=8
[2023.03.09-12.20.19:843][  0]LogInit: High frequency timer resolution =10.000000 MHz
[2023.03.09-12.20.19:843][  0]LogMemory: Memory total: Physical=15.8GB (16GB approx)
[2023.03.09-12.20.19:843][  0]LogMemory: Platform Memory Stats for Windows
[2023.03.09-12.20.19:843][  0]LogMemory: Process Physical Memory: 147.43 MB used, 147.43 MB peak
[2023.03.09-12.20.19:843][  0]LogMemory: Process Virtual Memory: 129.31 MB used, 129.31 MB peak
[2023.03.09-12.20.19:843][  0]LogMemory: Physical Memory: 9741.94 MB used,  6416.82 MB free, 16158.76 MB total
[2023.03.09-12.20.19:843][  0]LogMemory: Virtual Memory: 134195280.00 MB used,  22448.20 MB free, 134217728.00 MB total
[2023.03.09-12.20.20:206][  0]LogWindows: WindowsPlatformFeatures enabled
[2023.03.09-12.20.20:261][  0]LogInit: Physics initialised using underlying interface: PhysX
[2023.03.09-12.20.20:261][  0]LogInit: Using OS detected language (fr-FR).
[2023.03.09-12.20.20:261][  0]LogInit: Using OS detected locale (fr-FR).
[2023.03.09-12.20.20:267][  0]LogTextLocalizationManager: No specific localization for 'fr-FR' exists, so the 'fr' localization will be used.
[2023.03.09-12.20.20:272][  0]LogTextLocalizationResource: LocRes '../../../Engine/Content/Localization/Editor/fr/Editor.locres' could not be opened for reading!
[2023.03.09-12.20.20:272][  0]LogTextLocalizationResource: LocRes '../../../Engine/Content/Localization/EditorTutorials/fr/EditorTutorials.locres' could not be opened for reading!
[2023.03.09-12.20.20:272][  0]LogTextLocalizationResource: LocRes '../../../Engine/Content/Localization/Keywords/fr/Keywords.locres' could not be opened for reading!
[2023.03.09-12.20.20:272][  0]LogTextLocalizationResource: LocRes '../../../Engine/Content/Localization/Category/fr/Category.locres' could not be opened for reading!
[2023.03.09-12.20.20:272][  0]LogTextLocalizationResource: LocRes '../../../Engine/Content/Localization/ToolTips/fr/ToolTips.locres' could not be opened for reading!
[2023.03.09-12.20.20:272][  0]LogTextLocalizationResource: LocRes '../../../Engine/Content/Localization/PropertyNames/fr/PropertyNames.locres' could not be opened for reading!
[2023.03.09-12.20.20:272][  0]LogTextLocalizationResource: LocRes '../../../Engine/Content/Localization/Engine/fr/Engine.locres' could not be opened for reading!
[2023.03.09-12.20.20:290][  0]LogWindowsTextInputMethodSystem: Display: IME system deactivated.
[2023.03.09-12.20.20:324][  0]LogSlate: New Slate User Created.  User Index 0, Is Virtual User: 0
[2023.03.09-12.20.20:324][  0]LogSlate: Slate User Registered.  User Index 0, Is Virtual User: 0
[2023.03.09-12.20.20:344][  0]LogD3D11RHI: Loaded GFSDK_Aftermath_Lib.x64.dll
[2023.03.09-12.20.20:419][  0]LogHMD: Failed to initialize OpenVR with code 110
[2023.03.09-12.20.20:419][  0]LogD3D11RHI: D3D11 min allowed feature level: 11_0
[2023.03.09-12.20.20:419][  0]LogD3D11RHI: D3D11 max allowed feature level: 11_0
[2023.03.09-12.20.20:419][  0]LogD3D11RHI: D3D11 adapters:
[2023.03.09-12.20.20:533][  0]LogD3D11RHI:    0. 'NVIDIA GeForce RTX 3060 Laptop GPU' (Feature Level 11_0)
[2023.03.09-12.20.20:533][  0]LogD3D11RHI:       6023/0/8079 MB DedicatedVideo/DedicatedSystem/SharedSystem, Outputs:1, VendorId:0x10de
[2023.03.09-12.20.20:582][  0]LogD3D11RHI:    1. 'Intel(R) UHD Graphics' (Feature Level 11_0)
[2023.03.09-12.20.20:582][  0]LogD3D11RHI:       128/0/8079 MB DedicatedVideo/DedicatedSystem/SharedSystem, Outputs:0, VendorId:0x8086
[2023.03.09-12.20.20:584][  0]LogD3D11RHI:    2. 'Microsoft Basic Render Driver' (Feature Level 11_0)
[2023.03.09-12.20.20:585][  0]LogD3D11RHI:       0/0/8079 MB DedicatedVideo/DedicatedSystem/SharedSystem, Outputs:0, VendorId:0x1414
[2023.03.09-12.20.20:585][  0]LogD3D11RHI: Chosen D3D11 Adapter:
[2023.03.09-12.20.20:585][  0]LogD3D11RHI:     Description : NVIDIA GeForce RTX 3060 Laptop GPU
[2023.03.09-12.20.20:585][  0]LogD3D11RHI:     VendorId    : 10de
[2023.03.09-12.20.20:585][  0]LogD3D11RHI:     DeviceId    : 2520
[2023.03.09-12.20.20:585][  0]LogD3D11RHI:     SubSysId    : a641028
[2023.03.09-12.20.20:585][  0]LogD3D11RHI:     Revision    : 00a1
[2023.03.09-12.20.20:585][  0]LogD3D11RHI:     DedicatedVideoMemory : 6315573248 bytes
[2023.03.09-12.20.20:585][  0]LogD3D11RHI:     DedicatedSystemMemory : 0 bytes
[2023.03.09-12.20.20:585][  0]LogD3D11RHI:     SharedSystemMemory : 8471842816 bytes
[2023.03.09-12.20.20:585][  0]LogD3D11RHI:     AdapterLuid : 0 103429
[2023.03.09-12.20.20:593][  0]LogD3D11RHI: Creating new Direct3DDevice
[2023.03.09-12.20.20:593][  0]LogD3D11RHI:     GPU DeviceId: 0x2520 (for the marketing name, search the web for "GPU Device Id")
[2023.03.09-12.20.20:593][  0]LogWindows: EnumDisplayDevices:
[2023.03.09-12.20.20:593][  0]LogWindows:    0. 'Intel(R) UHD Graphics' (P:1 D:1)
[2023.03.09-12.20.20:594][  0]LogWindows:    1. 'Intel(R) UHD Graphics' (P:0 D:0)
[2023.03.09-12.20.20:594][  0]LogWindows:    2. 'Intel(R) UHD Graphics' (P:0 D:0)
[2023.03.09-12.20.20:594][  0]LogWindows:    3. 'NVIDIA GeForce RTX 3060 Laptop GPU' (P:0 D:0)
[2023.03.09-12.20.20:594][  0]LogWindows:    4. 'NVIDIA GeForce RTX 3060 Laptop GPU' (P:0 D:0)
[2023.03.09-12.20.20:594][  0]LogWindows:    5. 'NVIDIA GeForce RTX 3060 Laptop GPU' (P:0 D:0)
[2023.03.09-12.20.20:595][  0]LogWindows:    6. 'NVIDIA GeForce RTX 3060 Laptop GPU' (P:0 D:0)
[2023.03.09-12.20.20:595][  0]LogWindows: DebugString: PrimaryIsNotTheChoosenAdapter PrimaryIsNotTheChoosenAdapter PrimaryIsNotTheChoosenAdapter FoundDriverCount:4 
[2023.03.09-12.20.20:595][  0]LogD3D11RHI:     Adapter Name: NVIDIA GeForce RTX 3060 Laptop GPU
[2023.03.09-12.20.20:595][  0]LogD3D11RHI:   Driver Version: 512.72 (internal:30.0.15.1272, unified:512.72)
[2023.03.09-12.20.20:595][  0]LogD3D11RHI:      Driver Date: 5-2-2022
[2023.03.09-12.20.20:595][  0]LogRHI: Texture pool is 4216 MB (70% of 6023 MB)
[2023.03.09-12.20.20:595][  0]LogD3D11RHI: Creating D3DDevice using adapter:
[2023.03.09-12.20.20:595][  0]LogD3D11RHI:     Description : NVIDIA GeForce RTX 3060 Laptop GPU
[2023.03.09-12.20.20:595][  0]LogD3D11RHI:     VendorId    : 10de
[2023.03.09-12.20.20:595][  0]LogD3D11RHI:     DeviceId    : 2520
[2023.03.09-12.20.20:595][  0]LogD3D11RHI:     SubSysId    : a641028
[2023.03.09-12.20.20:595][  0]LogD3D11RHI:     Revision    : 00a1
[2023.03.09-12.20.20:595][  0]LogD3D11RHI:     DedicatedVideoMemory : 6315573248 bytes
[2023.03.09-12.20.20:595][  0]LogD3D11RHI:     DedicatedSystemMemory : 0 bytes
[2023.03.09-12.20.20:595][  0]LogD3D11RHI:     SharedSystemMemory : 8471842816 bytes
[2023.03.09-12.20.20:595][  0]LogD3D11RHI:     AdapterLuid : 0 103429
[2023.03.09-12.20.20:656][  0]LogD3D11RHI: RHI has support for 64 bit atomics
[2023.03.09-12.20.20:656][  0]LogD3D11RHI: Async texture creation enabled
[2023.03.09-12.20.20:656][  0]LogD3D11RHI: Array index from any shader is supported
[2023.03.09-12.20.20:671][  0]LogD3D11RHI: GPU Timing Frequency: 1000.000000 (Debug: 2 1)
[2023.03.09-12.20.20:715][  0]LogRHI: GeForceNow SDK initialized: 1
[2023.03.09-12.20.21:036][  0]LogTargetPlatformManager: Display: Loaded TargetPlatform 'WindowsNoEditor'
[2023.03.09-12.20.21:041][  0]LogTargetPlatformManager: Display: Loaded TargetPlatform 'Windows'
[2023.03.09-12.20.21:046][  0]LogTargetPlatformManager: Display: Loaded TargetPlatform 'WindowsClient'
[2023.03.09-12.20.21:053][  0]LogTargetPlatformManager: Display: Loaded TargetPlatform 'WindowsServer'
[2023.03.09-12.20.21:053][  0]LogTargetPlatformManager: Display: Building Assets For Windows
[2023.03.09-12.20.21:062][  0]LogAudioDebug: Display: Lib vorbis DLL was dynamically loaded.
[2023.03.09-12.20.21:103][  0]LogTextureFormatOodle: Display: Oodle Texture 2.9.0 init RDO Off
[2023.03.09-12.20.21:144][  0]LogRendererCore: Ray tracing is disabled. Reason: r.RayTracing=0.
[2023.03.09-12.20.21:144][  0]LogShaderCompilers: Guid format shader working directory is -15 characters bigger than the processId version (../../../../../../Users/louis/Documents/GitHub/SpaceFormsPt2/Intermediate/Shaders/WorkingDirectory/12708/).
[2023.03.09-12.20.21:144][  0]LogShaderCompilers: Cleaned the shader compiler working directory 'C:/Users/louis/AppData/Local/Temp/UnrealShaderWorkingDir/79318F434D62E8F27BAB7CAA28E1FF34/'.
[2023.03.09-12.20.21:144][  0]LogXGEController: Cannot use XGE Controller as Incredibuild is not installed on this machine.
[2023.03.09-12.20.21:144][  0]LogShaderCompilers: Cannot use XGE Shader Compiler as Incredibuild is not installed on this machine.
[2023.03.09-12.20.21:144][  0]LogShaderCompilers: Display: Using Local Shader Compiler.
[2023.03.09-12.20.21:933][  0]LogDerivedDataCache: Display: Max Cache Size: 512 MB
[2023.03.09-12.20.21:994][  0]LogDerivedDataCache: Loaded boot cache 0.06s 94MB C:/Users/louis/AppData/Local/UnrealEngine/4.27/DerivedDataCache/Boot.ddc.
[2023.03.09-12.20.21:994][  0]LogDerivedDataCache: Display: Loaded Boot cache: C:/Users/louis/AppData/Local/UnrealEngine/4.27/DerivedDataCache/Boot.ddc
[2023.03.09-12.20.21:994][  0]LogDerivedDataCache: FDerivedDataBackendGraph:  Pak pak cache file ../../../../../../Users/louis/Documents/GitHub/SpaceFormsPt2/DerivedDataCache/DDC.ddp not found, will not use a pak cache.
[2023.03.09-12.20.21:994][  0]LogDerivedDataCache: Unable to find inner node Pak for hierarchical cache Hierarchy.
[2023.03.09-12.20.21:994][  0]LogDerivedDataCache: FDerivedDataBackendGraph:  CompressedPak pak cache file ../../../../../../Users/louis/Documents/GitHub/SpaceFormsPt2/DerivedDataCache/Compressed.ddp not found, will not use a pak cache.
[2023.03.09-12.20.21:994][  0]LogDerivedDataCache: Unable to find inner node CompressedPak for hierarchical cache Hierarchy.
[2023.03.09-12.20.22:010][  0]LogDerivedDataCache: Display: Pak cache opened for reading ../../../Engine/DerivedDataCache/Compressed.ddp.
[2023.03.09-12.20.22:010][  0]LogDerivedDataCache: FDerivedDataBackendGraph:  EnterprisePak pak cache file ../../../Enterprise/DerivedDataCache/Compressed.ddp not found, will not use a pak cache.
[2023.03.09-12.20.22:010][  0]LogDerivedDataCache: Unable to find inner node EnterprisePak for hierarchical cache Hierarchy.
[2023.03.09-12.20.22:032][  0]LogDerivedDataCache: Speed tests for C:/Users/louis/AppData/Local/UnrealEngine/Common/DerivedDataCache took 0.02 seconds
[2023.03.09-12.20.22:032][  0]LogDerivedDataCache: Display: Performance to C:/Users/louis/AppData/Local/UnrealEngine/Common/DerivedDataCache: Latency=0.02ms. RandomReadSpeed=183.47MBs, RandomWriteSpeed=57.62MBs. Assigned SpeedClass 'Local'
[2023.03.09-12.20.22:033][  0]LogDerivedDataCache: Using Local data cache path C:/Users/louis/AppData/Local/UnrealEngine/Common/DerivedDataCache: Writable
[2023.03.09-12.20.22:033][  0]LogDerivedDataCache: Shared data cache path not found in *engine.ini, will not use an Shared cache.
[2023.03.09-12.20.22:033][  0]LogDerivedDataCache: Unable to find inner node Shared for hierarchical cache Hierarchy.
[2023.03.09-12.20.22:068][  0]LogSlate: Using FreeType 2.10.0
[2023.03.09-12.20.22:068][  0]LogSlate: SlateFontServices - WITH_FREETYPE: 1, WITH_HARFBUZZ: 1
[2023.03.09-12.20.22:186][  0]LogInit: Using OS detected language (fr-FR).
[2023.03.09-12.20.22:186][  0]LogInit: Using OS detected locale (fr-FR).
[2023.03.09-12.20.22:186][  0]LogTextLocalizationManager: No localization for 'fr-FR' exists, so 'en' will be used for the language.
[2023.03.09-12.20.22:186][  0]LogTextLocalizationManager: No localization for 'fr-FR' exists, so 'en' will be used for the locale.
[2023.03.09-12.20.22:186][  0]LogSlate: FontCache flush requested. Reason: Culture for localization was changed
[2023.03.09-12.20.22:186][  0]LogSlate: FontCache flush requested. Reason: Culture for localization was changed
[2023.03.09-12.20.22:189][  0]LogAssetRegistry: FAssetRegistry took 0.0022 seconds to start up
[2023.03.09-12.20.22:364][  0]LogTextLocalizationManager: Compacting localization data took   0.01ms
[2023.03.09-12.20.22:364][  0]LogPackageLocalizationCache: Processed 27 localized package path(s) for 1 prioritized culture(s) in 0.001176 seconds
[2023.03.09-12.20.22:431][  0]LogInit: Selected Device Profile: [Windows]
[2023.03.09-12.20.22:432][  0]LogInit: Active device profile: [00000225AEABCB00][00000225A93A9380 49] Windows
[2023.03.09-12.20.22:432][  0]LogInit: Profiles: [00000225AEABCB00][00000225A93A9380 49] Windows, [00000225AEA91B00][00000225A93AD4C0 49] WindowsNoEditor, [00000225AEABD900][00000225A83ED600 49] WindowsServer, [00000225AEA92800][00000225A83F1740 49] WindowsClient, [00000225AEABFC00][00000225A83F5880 49] IOS, [00000225AEA93C00][00000225A83FDA00 49] iPadAir, [00000225AEABFE00][00000225A8401B80 49] iPadAir2, [00000225AEA2CE00][00000225A8E302C0 49] IPadPro, [00000225AEA2CF00][00000225A8404300 49] iPadAir3, [00000225AEA93500][00000225A8E34480 49] iPadAir4, [00000225AEA2F800][00000225A8E38600 49] iPadMini2, [00000225AEA92900][00000225A8E3C780 49] iPadMini3, [00000225AEA2FA00][00000225A8E40900 49] iPadMini4, [00000225AEA93100][00000225A8E44A80 49] iPadMini5, [00000225AEA34600][00000225A8E4CD40 49] iPhone6, [00000225AEA34700][00000225A8E48D80 49] iPodTouch6, [00000225AEABE900][00000225A8E55040 49] iPhone7, [00000225AEABE600][00000225A8E51080 49] iPodTouch7, [00000225AEA34100][00000225A8E59200 49] iPhone5S, [00000225AEA2C700][00000225A8E5D380 49] iPhone6Plus, [00000225AEA36500][00000225A8E61500 49] iPhone6S, [00000225AEA2D200][00000225A8E65680 49] iPhone6SPlus, [00000225AEA37B00][00000225A83F97C0 49] iPhone7Plus, [00000225AEA2F700][00000225AD779900 49] iPhoneSE, [00000225AEABEC00][00000225AD77DA40 49] iPhone8, [00000225AEA2C600][00000225AD785BC0 49] iPhone8Plus, [00000225AEABE100][00000225AD7881C0 49] iPhoneX, [00000225AEA2EA00][00000225AD78C340 49] iPhoneXS, [00000225AEABF200][00000225AD7904C0 49] iPhoneXSMax, [00000225AEA2EF00][00000225AD794640 49] iPhoneXR, [00000225AEABFB00][00000225AD7987C0 49] iPhone11, [00000225AEA2DD00][00000225AD79C940 49] iPhone11Pro, [00000225AEABC600][00000225AD7A0AC0 49] iPhone11ProMax, [00000225AEA2E100][00000225AD7A4C40 49] iPhoneSE2, [00000225AEABFA00][00000225AD7A8DC0 49] iPhone12Mini, [00000225AEA2E200][00000225AD7ACF40 49] iPhone12, [00000225AEABC700][00000225AD7B10C0 49] iPhone12Pro, [00000225AEA2E400][00000225AD7B5240 49] iPhone12ProMax, [00000225AEABD200][00000225AD7B93C0 49] iPadPro105, [00000225AEA2D900][00000225AD7BD540 49] iPadPro129, [00000225AEABC400][00000225A7F716C0 49] iPadPro97, [00000225AEA2FC00][00000225A7F75840 49] iPadPro2_129, [00000225AEABF900][00000225AD781980 49] iPad5, [00000225AEA2C300][00000225A7F79AC0 49] iPad6, [00000225AEABDB00][00000225A7F7DC00 49] iPad7, [00000225AEA2E500][00000225A7F801C0 49] iPad8, [00000225AEABDF00][00000225A7F88340 49] iPadPro11, [00000225AEA2D400][00000225A7F8C4C0 49] iPadPro2_11, [00000225AEABFD00][00000225A7F90640 49] iPadPro3_129, [00000225AEA2CC00][00000225A7F947C0 49] iPadPro4_129, [00000225AEABF700][00000225A7F98940 49] AppleTV, [00000225AEA2E600][00000225A7F9CAC0 49] AppleTV4K, [00000225AEABDD00][00000225A7FA0C40 49] TVOS, [00000225AEA2DC00][00000225A7FA4DC0 49] Mac, [00000225AEABE400][00000225A7FA8F40 49] MacClient, [00000225AEA2F500][00000225A7FAD0C0 49] MacNoEditor, [00000225AEABF500][00000225A7FB1240 49] MacServer, [00000225AEA2CA00][00000225A7FB53C0 49] Linux, [00000225AEABEB00][00000225A7FB9540 49] LinuxAArch64, [00000225AEA2DA00][00000225A7FBD6C0 49] LinuxNoEditor, [00000225AEABE500][00000225A7FC1840 49] LinuxAArch64NoEditor, [00000225AEA2FD00][00000225A7FC59C0 49] LinuxClient, [00000225AEABCD00][00000225A7F85B00 49] LinuxAArch64Client, [00000225AEA2D500][00000225A7FC80C0 49] LinuxServer, [00000225AEABF100][00000225A7FCC200 49] LinuxAArch64Server, [00000225AEA2EB00][00000225A7FD0340 49] Android, [00000225AEABEE00][00000225A7FD84C0 49] Android_Low, [00000225AEA2FF00][00000225A7FDC640 49] Android_Mid, [00000225AEABE200][00000225A7FE07C0 49] Android_High, [00000225AEA2FB00][00000225A7FE4940 49] Android_Default, [00000225AEABD300][00000225A7FE8AC0 49] Android_Adreno4xx, [00000225AEA91D00][00000225A7FECC40 49] Android_Adreno5xx_Low, [00000225AEA36400][00000225A7FF0DC0 49] Android_Adreno5xx, [00000225AEA93000][00000225A7FF4F40 49] Android_Adreno6xx, [00000225AEA36000][00000225A7FF90C0 49] Android_Adreno6xx_Vulkan, [00000225AEA90400][00000225A7FFD240 49] Android_Mali_T6xx, [00000225AEA34F00][00000225A80013C0 49] Android_Mali_T7xx, [00000225AEA91800][00000225A8005540 49] Android_Mali_T8xx, [00000225AEA35F00][00000225A80096C0 49] Android_Mali_G71, [00000225AEA92200][00000225A800D840 49] Android_Mali_G72, [00000225AEA36F00][00000225A80119C0 49] Android_Mali_G72_Vulkan, [00000225AEA93800][00000225A8015B40 49] Android_Mali_G76, [00000225AEA36200][00000225A8018140 49] Android_Mali_G76_Vulkan, [00000225AEA91700][00000225A7FD4280 49] Android_Mali_G77, [00000225AEA36C00][00000225A801C3C0 49] Android_Mali_G77_Vulkan, [00000225AEA92E00][00000225A8020500 49] Android_Mali_G78, [00000225AEA35300][00000225A8028680 49] Android_Mali_G78_Vulkan, [00000225AEA90D00][00000225A802C800 49] Android_Mali_G710, [00000225AEA34500][00000225A8030980 49] Android_Mali_G710_Vulkan, [00000225AEA90700][00000225A8034B00 49] Android_Vulkan_SM5, [00000225AEA37F00][00000225A8038C80 49] Android_PowerVR_G6xxx, [00000225AEA91900][00000225A803CE00 49] Android_PowerVR_GT7xxx, [00000225AEA37000][00000225A8040F80 49] Android_PowerVR_GE8xxx, [00000225AEA93200][00000225A8045100 49] Android_PowerVR_GM9xxx, [00000225AEA36800][00000225A8049280 49] Android_PowerVR_GM9xxx_Vulkan, [00000225AEA91000][00000225A804D400 49] Android_TegraK1, [00000225AEA35700][00000225A8051580 49] Android_Unknown_Vulkan, [00000225AEA92D00][00000225A8055700 49] Lumin, [00000225AEA37C00][00000225A8059880 49] Lumin_Desktop, [00000225AEA93D00][00000225A805DA00 49] HoloLens, 
[2023.03.09-12.20.22:481][  0]LogMeshReduction: Using QuadricMeshReduction for automatic static mesh reduction
[2023.03.09-12.20.22:481][  0]LogMeshReduction: Using SimplygonMeshReduction for automatic skeletal mesh reduction
[2023.03.09-12.20.22:481][  0]LogMeshReduction: Using ProxyLODMeshReduction for automatic mesh merging
[2023.03.09-12.20.22:481][  0]LogMeshReduction: No distributed automatic mesh merging module available
[2023.03.09-12.20.22:481][  0]LogMeshMerging: No distributed automatic mesh merging module available
[2023.03.09-12.20.22:592][  0]LogNetVersion: PlatformerPt2 1.0.0, NetCL: 17155196, EngineNetVer: 17, GameNetVer: 0 (Checksum: 2060859677)
[2023.03.09-12.20.22:818][  0]LogTexture: Default maximum texture size for cubemaps generated from long-lat sources has been changed from 512 to unlimited. In order to preserve old behaiour for '/Engine/MapTemplates/Sky/DaylightAmbientCubemap.DaylightAmbientCubemap', its maximum texture size has been explicitly set to 512.
[2023.03.09-12.20.22:868][  0]LogHMD: PokeAHoleMaterial loaded successfully
[2023.03.09-12.20.23:001][  0]LogMoviePlayer: Initializing movie player
[2023.03.09-12.20.23:117][  0]LogNiagaraDebuggerClient: Niagara Debugger Client Initialized | Session: 50B7565E4538D2E54EA5C58DD8D0C3B3 | Instance: D281406C4DAC9C116E31FC93B96B7847 (NORTHAR-PC-12708).
[2023.03.09-12.20.23:139][  0]LogCollectionManager: Loaded 0 collections in 0.000990 seconds
[2023.03.09-12.20.23:141][  0]LogFileCache: Scanning file cache for directory 'C:/Users/louis/Documents/GitHub/SpaceFormsPt2/Saved/Collections/' took 0.00s
[2023.03.09-12.20.23:141][  0]LogFileCache: Scanning file cache for directory 'C:/Users/louis/Documents/GitHub/SpaceFormsPt2/Content/Developers/louis/Collections/' took 0.00s
[2023.03.09-12.20.23:141][  0]LogCollectionManager: Fixed up redirectors for 0 collections in 0.000002 seconds (updated 0 objects)
[2023.03.09-12.20.23:161][  0]LogFileCache: Scanning file cache for directory 'C:/Users/louis/Documents/GitHub/SpaceFormsPt2/Content/Collections/' took 0.00s
[2023.03.09-12.20.23:161][  0]LogPython: Using Python 3.7.7
[2023.03.09-12.20.23:708][  0]LogTcpMessaging: Initializing TcpMessaging bridge
[2023.03.09-12.20.23:713][  0]LogUdpMessaging: Initializing bridge on interface 0.0.0.0:0 to multicast group 230.0.0.1:6666.
[2023.03.09-12.20.23:888][  0]LogOpenImageDenoise: OIDN starting up
[2023.03.09-12.20.23:903][  0]SourceControl: Source control is disabled
[2023.03.09-12.20.23:903][  0]SourceControl: Source control is disabled
[2023.03.09-12.20.23:906][  0]SourceControl: Source control is disabled
[2023.03.09-12.20.23:914][  0]LogUProjectInfo: Found projects:
[2023.03.09-12.20.23:969][  0]LogAndroidPermission: UAndroidPermissionCallbackProxy::GetInstance
[2023.03.09-12.20.23:994][  0]LogAudioCaptureCore: Display: No Audio Capture implementations found. Audio input will be silent.
[2023.03.09-12.20.23:994][  0]LogAudioCaptureCore: Display: No Audio Capture implementations found. Audio input will be silent.
[2023.03.09-12.20.24:066][  0]LogOcInput: OculusInput pre-init called
[2023.03.09-12.20.24:074][  0]LogUObjectArray: 22121 objects as part of root set at end of initial load.
[2023.03.09-12.20.24:075][  0]LogUObjectAllocator: 5975632 out of 0 bytes used by permanent object pool.
[2023.03.09-12.20.24:075][  0]LogUObjectArray: CloseDisregardForGC: 0/0 objects in disregard for GC pool
[2023.03.09-12.20.24:122][  0]LogEngine: Initializing Engine...
[2023.03.09-12.20.24:125][  0]LogHMD: Failed to enumerate extensions. Please check that you have a valid OpenXR runtime installed.
[2023.03.09-12.20.24:125][  0]LogHMD: Failed to initialize OpenVR with code 110
[2023.03.09-12.20.24:125][  0]LogMagicLeap: Warning: VR disabled because ZI is not enabled.  To enable, in the editor, Edit -> Project Settings -> Plugins -> Magic Leap Plugin -> Enable Zero Iteration
[2023.03.09-12.20.24:126][  0]LogStats: UGameplayTagsManager::InitializeManager -  0.000 s
[2023.03.09-12.20.24:216][  0]LogInit: Initializing FReadOnlyCVARCache
[2023.03.09-12.20.24:216][  0]LogAudio: Display: Initializing Audio Device Manager...
[2023.03.09-12.20.24:222][  0]LogAudio: Display: Loading Default Audio Settings Objects...
[2023.03.09-12.20.24:222][  0]LogAudio: Display: No default SoundConcurrencyObject specified (or failed to load).
[2023.03.09-12.20.24:223][  0]LogAudio: Display: Audio Device Manager Initialized
[2023.03.09-12.20.24:223][  0]LogAudio: Display: Creating Audio Device:                 Id: 1, Scope: Shared, Realtime: True
[2023.03.09-12.20.24:223][  0]LogAudioMixer: Display: Audio Mixer Platform Settings:
[2023.03.09-12.20.24:223][  0]LogAudioMixer: Display: 	Sample Rate:						  48000
[2023.03.09-12.20.24:223][  0]LogAudioMixer: Display: 	Callback Buffer Frame Size Requested: 1024
[2023.03.09-12.20.24:223][  0]LogAudioMixer: Display: 	Callback Buffer Frame Size To Use:	  1024
[2023.03.09-12.20.24:223][  0]LogAudioMixer: Display: 	Number of buffers to queue:			  2
[2023.03.09-12.20.24:223][  0]LogAudioMixer: Display: 	Max Channels (voices):				  32
[2023.03.09-12.20.24:223][  0]LogAudioMixer: Display: 	Number of Async Source Workers:		  0
[2023.03.09-12.20.24:223][  0]LogAudio: Display: AudioDevice MaxSources: 32
[2023.03.09-12.20.24:224][  0]LogAudio: Display: Audio Spatialization Plugin: None (built-in).
[2023.03.09-12.20.24:224][  0]LogAudio: Display: Audio Reverb Plugin: None (built-in).
[2023.03.09-12.20.24:224][  0]LogAudio: Display: Audio Occlusion Plugin: None (built-in).
[2023.03.09-12.20.24:224][  0]LogAudioMixer: Display: Initializing audio mixer.
[2023.03.09-12.20.24:345][  0]LogAudioMixer: Display: 0: FrontLeft
[2023.03.09-12.20.24:345][  0]LogAudioMixer: Display: 1: FrontRight
[2023.03.09-12.20.24:345][  0]LogAudioMixer: Display: 2: FrontCenter
[2023.03.09-12.20.24:345][  0]LogAudioMixer: Display: 3: LowFrequency
[2023.03.09-12.20.24:345][  0]LogAudioMixer: Display: 4: BackLeft
[2023.03.09-12.20.24:345][  0]LogAudioMixer: Display: 5: BackRight
[2023.03.09-12.20.24:345][  0]LogAudioMixer: Display: 6: SideLeft
[2023.03.09-12.20.24:345][  0]LogAudioMixer: Display: 7: SideRight
[2023.03.09-12.20.24:598][  0]LogAudioMixer: Display: Using Audio Device Enceintes (Realtek(R) Audio)
[2023.03.09-12.20.24:602][  0]LogAudioMixer: Display: Initializing Sound Submixes...
[2023.03.09-12.20.24:603][  0]LogAudioMixer: Display: Creating Master Submix 'MasterSubmixDefault'
[2023.03.09-12.20.24:603][  0]LogAudioMixer: Display: Creating Master Submix 'MasterReverbSubmixDefault'
[2023.03.09-12.20.24:604][  0]LogAudioMixer: Display: Creating Master Submix 'MasterEQSubmixDefault'
[2023.03.09-12.20.24:604][  0]LogAudioMixer: FMixerPlatformXAudio2::StartAudioStream() called
[2023.03.09-12.20.24:604][  0]LogAudioMixer: Display: Output buffers initialized: Frames=1024, Channels=8, Samples=8192
[2023.03.09-12.20.24:605][  0]LogAudioMixer: Display: Starting AudioMixerPlatformInterface::RunInternal()
[2023.03.09-12.20.24:605][  0]LogAudioMixer: Display: FMixerPlatformXAudio2::SubmitBuffer() called for the first time
[2023.03.09-12.20.24:605][  0]LogInit: FAudioDevice initialized.
[2023.03.09-12.20.24:606][  0]LogNetVersion: Set ProjectVersion to 1.0.0.0. Version Checksum will be recalculated on next use.
[2023.03.09-12.20.24:609][  0]LogInit: Texture streaming: Enabled
[2023.03.09-12.20.24:679][  0]LogAudio: Display: Audio Device (ID: 1) registered with world 'Untitled'.
[2023.03.09-12.20.24:679][  0]LogSlate: Updating window title bar state: overlay mode, drag disabled, window buttons hidden, title bar hidden
[2023.03.09-12.20.24:681][  0]LogInit: Display: Game Engine Initialized.
[2023.03.09-12.20.24:681][  0]LogNiagaraEditor: GEditor isn't valid! Particle reset commands will not work for Niagara components!
[2023.03.09-12.20.24:807][  0]LogInit: Display: Starting Game.
[2023.03.09-12.20.24:808][  0]LogNet: Browse: /Game/Maps/Maptest?Name=Player
[2023.03.09-12.20.24:808][  0]LogLoad: LoadMap: /Game/Maps/Maptest?Name=Player
[2023.03.09-12.20.24:808][  0]LogWorld: BeginTearingDown for /Temp/Untitled_0
[2023.03.09-12.20.24:811][  0]LogWorld: UWorld::CleanupWorld for Untitled, bSessionEnded=true, bCleanupResources=true
[2023.03.09-12.20.24:811][  0]LogSlate: InvalidateAllWidgets triggered.  All widgets were invalidated
[2023.03.09-12.20.24:815][  0]LogAudio: Display: Audio Device unregistered from world 'None'.
[2023.03.09-12.20.24:817][  0]LogUObjectHash: Compacting FUObjectHashTables data took   0.74ms
[2023.03.09-12.20.24:937][  0]LogAudio: Display: Audio Device (ID: 1) registered with world 'Maptest'.
[2023.03.09-12.20.24:946][  0]LogAIModule: Creating AISystem for world Maptest
[2023.03.09-12.20.24:950][  0]LogLoad: Game class is 'BP_GameModelBase_C'
[2023.03.09-12.20.24:957][  0]LogWorld: Bringing World /Game/Maps/Maptest.Maptest up for play (max tick rate 0) at 2023.03.09-13.20.24
[2023.03.09-12.20.24:959][  0]LogWorld: Bringing up level for play took: 0.007837
[2023.03.09-12.20.24:962][  0]LogLoad: Took 0.153528 seconds to LoadMap(/Game/Maps/Maptest)
[2023.03.09-12.20.25:022][  0]LogSlate: Took 0.000149 seconds to synchronously load lazily loaded font '../../../Engine/Content/Slate/Fonts/Roboto-Regular.ttf' (155K)
[2023.03.09-12.20.25:062][  0]LogRenderer: Reallocating scene render targets to support 1280x720 Format 10 NumSamples 1 (Frame:1).
[2023.03.09-12.20.25:062][  0]LogInit: Display: Engine is initialized. Leaving FEngineLoop::Init()
[2023.03.09-12.20.25:062][  0]LogLoad: (Engine Initialization) Total time: 6.78 seconds
[2023.03.09-12.20.25:062][  0]LogLoad: (Engine Initialization) Total Blueprint compile time: 0.00 seconds
[2023.03.09-12.20.25:065][  0]LogContentStreaming: Texture pool size now 1000 MB
[2023.03.09-12.20.25:067][  0]LogSlate: InvalidateAllWidgets triggered.  All widgets were invalidated
[2023.03.09-12.20.25:225][  1]LogSlate: Took 0.000139 seconds to synchronously load lazily loaded font '../../../Engine/Content/Slate/Fonts/Roboto-Regular.ttf' (155K)
